<?xml version="1.0" encoding="UTF-8"?>
<testsuite xmlns:xsi="http://www.w3.org/2001/XMLSchema-instance" xsi:noNamespaceSchemaLocation="https://maven.apache.org/surefire/maven-surefire-plugin/xsd/surefire-test-report-3.0.xsd" version="3.0" name="edu.neu.info5.DemoApplication.DemoApplicationTests" time="2.327" tests="1" errors="0" skipped="0" failures="0">
  <properties>
    <property name="java.specification.version" value="19"/>
    <property name="sun.jnu.encoding" value="UTF-8"/>
    <property name="java.class.path" value="/Users/deepshah/Desktop/Northeastern/Summer 2023/INFO_7255/target/test-classes:/Users/deepshah/Desktop/Northeastern/Summer 2023/INFO_7255/target/classes:/Users/deepshah/.m2/repository/org/springframework/boot/spring-boot-starter-web/3.1.0/spring-boot-starter-web-3.1.0.jar:/Users/deepshah/.m2/repository/org/springframework/boot/spring-boot-starter/3.1.0/spring-boot-starter-3.1.0.jar:/Users/deepshah/.m2/repository/org/springframework/boot/spring-boot/3.1.0/spring-boot-3.1.0.jar:/Users/deepshah/.m2/repository/org/springframework/boot/spring-boot-autoconfigure/3.1.0/spring-boot-autoconfigure-3.1.0.jar:/Users/deepshah/.m2/repository/org/springframework/boot/spring-boot-starter-logging/3.1.0/spring-boot-starter-logging-3.1.0.jar:/Users/deepshah/.m2/repository/ch/qos/logback/logback-classic/1.4.7/logback-classic-1.4.7.jar:/Users/deepshah/.m2/repository/ch/qos/logback/logback-core/1.4.7/logback-core-1.4.7.jar:/Users/deepshah/.m2/repository/org/apache/logging/log4j/log4j-to-slf4j/2.20.0/log4j-to-slf4j-2.20.0.jar:/Users/deepshah/.m2/repository/org/slf4j/jul-to-slf4j/2.0.7/jul-to-slf4j-2.0.7.jar:/Users/deepshah/.m2/repository/jakarta/annotation/jakarta.annotation-api/2.1.1/jakarta.annotation-api-2.1.1.jar:/Users/deepshah/.m2/repository/org/yaml/snakeyaml/1.33/snakeyaml-1.33.jar:/Users/deepshah/.m2/repository/org/springframework/boot/spring-boot-starter-json/3.1.0/spring-boot-starter-json-3.1.0.jar:/Users/deepshah/.m2/repository/com/fasterxml/jackson/datatype/jackson-datatype-jdk8/2.15.0/jackson-datatype-jdk8-2.15.0.jar:/Users/deepshah/.m2/repository/com/fasterxml/jackson/datatype/jackson-datatype-jsr310/2.15.0/jackson-datatype-jsr310-2.15.0.jar:/Users/deepshah/.m2/repository/com/fasterxml/jackson/module/jackson-module-parameter-names/2.15.0/jackson-module-parameter-names-2.15.0.jar:/Users/deepshah/.m2/repository/org/springframework/boot/spring-boot-starter-tomcat/3.1.0/spring-boot-starter-tomcat-3.1.0.jar:/Users/deepshah/.m2/repository/org/apache/tomcat/embed/tomcat-embed-core/10.1.8/tomcat-embed-core-10.1.8.jar:/Users/deepshah/.m2/repository/org/apache/tomcat/embed/tomcat-embed-el/10.1.8/tomcat-embed-el-10.1.8.jar:/Users/deepshah/.m2/repository/org/apache/tomcat/embed/tomcat-embed-websocket/10.1.8/tomcat-embed-websocket-10.1.8.jar:/Users/deepshah/.m2/repository/org/springframework/spring-web/6.0.9/spring-web-6.0.9.jar:/Users/deepshah/.m2/repository/org/springframework/spring-beans/6.0.9/spring-beans-6.0.9.jar:/Users/deepshah/.m2/repository/io/micrometer/micrometer-observation/1.11.0/micrometer-observation-1.11.0.jar:/Users/deepshah/.m2/repository/io/micrometer/micrometer-commons/1.11.0/micrometer-commons-1.11.0.jar:/Users/deepshah/.m2/repository/org/springframework/spring-webmvc/6.0.9/spring-webmvc-6.0.9.jar:/Users/deepshah/.m2/repository/org/springframework/spring-expression/6.0.9/spring-expression-6.0.9.jar:/Users/deepshah/.m2/repository/org/springframework/boot/spring-boot-starter-test/3.1.0/spring-boot-starter-test-3.1.0.jar:/Users/deepshah/.m2/repository/org/springframework/boot/spring-boot-test/3.1.0/spring-boot-test-3.1.0.jar:/Users/deepshah/.m2/repository/org/springframework/boot/spring-boot-test-autoconfigure/3.1.0/spring-boot-test-autoconfigure-3.1.0.jar:/Users/deepshah/.m2/repository/com/jayway/jsonpath/json-path/2.8.0/json-path-2.8.0.jar:/Users/deepshah/.m2/repository/jakarta/xml/bind/jakarta.xml.bind-api/4.0.0/jakarta.xml.bind-api-4.0.0.jar:/Users/deepshah/.m2/repository/jakarta/activation/jakarta.activation-api/2.1.2/jakarta.activation-api-2.1.2.jar:/Users/deepshah/.m2/repository/net/minidev/json-smart/2.4.10/json-smart-2.4.10.jar:/Users/deepshah/.m2/repository/net/minidev/accessors-smart/2.4.9/accessors-smart-2.4.9.jar:/Users/deepshah/.m2/repository/org/ow2/asm/asm/9.3/asm-9.3.jar:/Users/deepshah/.m2/repository/org/assertj/assertj-core/3.24.2/assertj-core-3.24.2.jar:/Users/deepshah/.m2/repository/net/bytebuddy/byte-buddy/1.14.4/byte-buddy-1.14.4.jar:/Users/deepshah/.m2/repository/org/hamcrest/hamcrest/2.2/hamcrest-2.2.jar:/Users/deepshah/.m2/repository/org/junit/jupiter/junit-jupiter/5.9.3/junit-jupiter-5.9.3.jar:/Users/deepshah/.m2/repository/org/junit/jupiter/junit-jupiter-api/5.9.3/junit-jupiter-api-5.9.3.jar:/Users/deepshah/.m2/repository/org/opentest4j/opentest4j/1.2.0/opentest4j-1.2.0.jar:/Users/deepshah/.m2/repository/org/junit/platform/junit-platform-commons/1.9.3/junit-platform-commons-1.9.3.jar:/Users/deepshah/.m2/repository/org/apiguardian/apiguardian-api/1.1.2/apiguardian-api-1.1.2.jar:/Users/deepshah/.m2/repository/org/junit/jupiter/junit-jupiter-params/5.9.3/junit-jupiter-params-5.9.3.jar:/Users/deepshah/.m2/repository/org/junit/jupiter/junit-jupiter-engine/5.9.3/junit-jupiter-engine-5.9.3.jar:/Users/deepshah/.m2/repository/org/junit/platform/junit-platform-engine/1.9.3/junit-platform-engine-1.9.3.jar:/Users/deepshah/.m2/repository/org/mockito/mockito-core/5.3.1/mockito-core-5.3.1.jar:/Users/deepshah/.m2/repository/net/bytebuddy/byte-buddy-agent/1.14.4/byte-buddy-agent-1.14.4.jar:/Users/deepshah/.m2/repository/org/objenesis/objenesis/3.3/objenesis-3.3.jar:/Users/deepshah/.m2/repository/org/mockito/mockito-junit-jupiter/5.3.1/mockito-junit-jupiter-5.3.1.jar:/Users/deepshah/.m2/repository/org/skyscreamer/jsonassert/1.5.1/jsonassert-1.5.1.jar:/Users/deepshah/.m2/repository/com/vaadin/external/google/android-json/0.0.20131108.vaadin1/android-json-0.0.20131108.vaadin1.jar:/Users/deepshah/.m2/repository/org/springframework/spring-core/6.0.9/spring-core-6.0.9.jar:/Users/deepshah/.m2/repository/org/springframework/spring-jcl/6.0.9/spring-jcl-6.0.9.jar:/Users/deepshah/.m2/repository/org/springframework/spring-test/6.0.9/spring-test-6.0.9.jar:/Users/deepshah/.m2/repository/org/xmlunit/xmlunit-core/2.9.1/xmlunit-core-2.9.1.jar:/Users/deepshah/.m2/repository/org/springframework/data/spring-data-redis/3.1.0/spring-data-redis-3.1.0.jar:/Users/deepshah/.m2/repository/org/springframework/data/spring-data-keyvalue/3.1.0/spring-data-keyvalue-3.1.0.jar:/Users/deepshah/.m2/repository/org/springframework/spring-tx/6.0.9/spring-tx-6.0.9.jar:/Users/deepshah/.m2/repository/org/springframework/spring-oxm/6.0.9/spring-oxm-6.0.9.jar:/Users/deepshah/.m2/repository/org/springframework/spring-aop/6.0.9/spring-aop-6.0.9.jar:/Users/deepshah/.m2/repository/org/springframework/spring-context-support/6.0.9/spring-context-support-6.0.9.jar:/Users/deepshah/.m2/repository/org/slf4j/slf4j-api/2.0.7/slf4j-api-2.0.7.jar:/Users/deepshah/.m2/repository/redis/clients/jedis/4.4.1/jedis-4.4.1.jar:/Users/deepshah/.m2/repository/org/apache/commons/commons-pool2/2.11.1/commons-pool2-2.11.1.jar:/Users/deepshah/.m2/repository/org/json/json/20230227/json-20230227.jar:/Users/deepshah/.m2/repository/com/google/code/gson/gson/2.10.1/gson-2.10.1.jar:/Users/deepshah/.m2/repository/org/everit/json/org.everit.json.schema/1.0.0/org.everit.json.schema-1.0.0.jar:/Users/deepshah/.m2/repository/org/everit/osgi/bundles/org.everit.osgi.bundles.org.json/1.0.0-v20140107/org.everit.osgi.bundles.org.json-1.0.0-v20140107.jar:/Users/deepshah/.m2/repository/com/google/api-client/google-api-client/1.30.11/google-api-client-1.30.11.jar:/Users/deepshah/.m2/repository/com/google/oauth-client/google-oauth-client/1.31.1/google-oauth-client-1.31.1.jar:/Users/deepshah/.m2/repository/com/google/http-client/google-http-client/1.37.0/google-http-client-1.37.0.jar:/Users/deepshah/.m2/repository/org/apache/httpcomponents/httpclient/4.5.13/httpclient-4.5.13.jar:/Users/deepshah/.m2/repository/commons-logging/commons-logging/1.2/commons-logging-1.2.jar:/Users/deepshah/.m2/repository/org/apache/httpcomponents/httpcore/4.4.16/httpcore-4.4.16.jar:/Users/deepshah/.m2/repository/io/opencensus/opencensus-api/0.24.0/opencensus-api-0.24.0.jar:/Users/deepshah/.m2/repository/io/grpc/grpc-context/1.22.1/grpc-context-1.22.1.jar:/Users/deepshah/.m2/repository/io/opencensus/opencensus-contrib-http-util/0.24.0/opencensus-contrib-http-util-0.24.0.jar:/Users/deepshah/.m2/repository/com/google/code/findbugs/jsr305/3.0.2/jsr305-3.0.2.jar:/Users/deepshah/.m2/repository/com/google/http-client/google-http-client-jackson2/1.37.0/google-http-client-jackson2-1.37.0.jar:/Users/deepshah/.m2/repository/com/google/guava/guava/29.0-android/guava-29.0-android.jar:/Users/deepshah/.m2/repository/com/google/guava/failureaccess/1.0.1/failureaccess-1.0.1.jar:/Users/deepshah/.m2/repository/com/google/guava/listenablefuture/9999.0-empty-to-avoid-conflict-with-guava/listenablefuture-9999.0-empty-to-avoid-conflict-with-guava.jar:/Users/deepshah/.m2/repository/org/checkerframework/checker-compat-qual/2.5.5/checker-compat-qual-2.5.5.jar:/Users/deepshah/.m2/repository/com/google/errorprone/error_prone_annotations/2.3.4/error_prone_annotations-2.3.4.jar:/Users/deepshah/.m2/repository/com/google/j2objc/j2objc-annotations/1.3/j2objc-annotations-1.3.jar:/Users/deepshah/.m2/repository/com/googlecode/json-simple/json-simple/1.1.1/json-simple-1.1.1.jar:/Users/deepshah/.m2/repository/junit/junit/4.13.2/junit-4.13.2.jar:/Users/deepshah/.m2/repository/org/hamcrest/hamcrest-core/2.2/hamcrest-core-2.2.jar:/Users/deepshah/.m2/repository/org/springframework/data/spring-data-elasticsearch/4.1.3/spring-data-elasticsearch-4.1.3.jar:/Users/deepshah/.m2/repository/org/springframework/spring-context/6.0.9/spring-context-6.0.9.jar:/Users/deepshah/.m2/repository/org/springframework/data/spring-data-commons/3.1.0/spring-data-commons-3.1.0.jar:/Users/deepshah/.m2/repository/org/elasticsearch/client/transport/7.9.3/transport-7.9.3.jar:/Users/deepshah/.m2/repository/org/elasticsearch/elasticsearch/7.9.3/elasticsearch-7.9.3.jar:/Users/deepshah/.m2/repository/org/elasticsearch/elasticsearch-core/7.9.3/elasticsearch-core-7.9.3.jar:/Users/deepshah/.m2/repository/org/elasticsearch/elasticsearch-secure-sm/7.9.3/elasticsearch-secure-sm-7.9.3.jar:/Users/deepshah/.m2/repository/org/elasticsearch/elasticsearch-x-content/7.9.3/elasticsearch-x-content-7.9.3.jar:/Users/deepshah/.m2/repository/com/fasterxml/jackson/dataformat/jackson-dataformat-smile/2.15.0/jackson-dataformat-smile-2.15.0.jar:/Users/deepshah/.m2/repository/com/fasterxml/jackson/dataformat/jackson-dataformat-yaml/2.15.0/jackson-dataformat-yaml-2.15.0.jar:/Users/deepshah/.m2/repository/com/fasterxml/jackson/dataformat/jackson-dataformat-cbor/2.15.0/jackson-dataformat-cbor-2.15.0.jar:/Users/deepshah/.m2/repository/org/elasticsearch/elasticsearch-geo/7.9.3/elasticsearch-geo-7.9.3.jar:/Users/deepshah/.m2/repository/org/apache/lucene/lucene-core/8.6.2/lucene-core-8.6.2.jar:/Users/deepshah/.m2/repository/org/apache/lucene/lucene-analyzers-common/8.6.2/lucene-analyzers-common-8.6.2.jar:/Users/deepshah/.m2/repository/org/apache/lucene/lucene-backward-codecs/8.6.2/lucene-backward-codecs-8.6.2.jar:/Users/deepshah/.m2/repository/org/apache/lucene/lucene-grouping/8.6.2/lucene-grouping-8.6.2.jar:/Users/deepshah/.m2/repository/org/apache/lucene/lucene-highlighter/8.6.2/lucene-highlighter-8.6.2.jar:/Users/deepshah/.m2/repository/org/apache/lucene/lucene-join/8.6.2/lucene-join-8.6.2.jar:/Users/deepshah/.m2/repository/org/apache/lucene/lucene-memory/8.6.2/lucene-memory-8.6.2.jar:/Users/deepshah/.m2/repository/org/apache/lucene/lucene-misc/8.6.2/lucene-misc-8.6.2.jar:/Users/deepshah/.m2/repository/org/apache/lucene/lucene-queries/8.6.2/lucene-queries-8.6.2.jar:/Users/deepshah/.m2/repository/org/apache/lucene/lucene-queryparser/8.6.2/lucene-queryparser-8.6.2.jar:/Users/deepshah/.m2/repository/org/apache/lucene/lucene-sandbox/8.6.2/lucene-sandbox-8.6.2.jar:/Users/deepshah/.m2/repository/org/apache/lucene/lucene-spatial-extras/8.6.2/lucene-spatial-extras-8.6.2.jar:/Users/deepshah/.m2/repository/org/apache/lucene/lucene-spatial3d/8.6.2/lucene-spatial3d-8.6.2.jar:/Users/deepshah/.m2/repository/org/apache/lucene/lucene-suggest/8.6.2/lucene-suggest-8.6.2.jar:/Users/deepshah/.m2/repository/org/elasticsearch/elasticsearch-cli/7.9.3/elasticsearch-cli-7.9.3.jar:/Users/deepshah/.m2/repository/net/sf/jopt-simple/jopt-simple/5.0.2/jopt-simple-5.0.2.jar:/Users/deepshah/.m2/repository/com/carrotsearch/hppc/0.8.1/hppc-0.8.1.jar:/Users/deepshah/.m2/repository/joda-time/joda-time/2.10.4/joda-time-2.10.4.jar:/Users/deepshah/.m2/repository/com/tdunning/t-digest/3.2/t-digest-3.2.jar:/Users/deepshah/.m2/repository/org/hdrhistogram/HdrHistogram/2.1.9/HdrHistogram-2.1.9.jar:/Users/deepshah/.m2/repository/org/apache/logging/log4j/log4j-api/2.20.0/log4j-api-2.20.0.jar:/Users/deepshah/.m2/repository/org/elasticsearch/jna/5.5.0/jna-5.5.0.jar:/Users/deepshah/.m2/repository/org/elasticsearch/plugin/reindex-client/7.9.3/reindex-client-7.9.3.jar:/Users/deepshah/.m2/repository/org/elasticsearch/elasticsearch-ssl-config/7.9.3/elasticsearch-ssl-config-7.9.3.jar:/Users/deepshah/.m2/repository/org/elasticsearch/plugin/lang-mustache-client/7.9.3/lang-mustache-client-7.9.3.jar:/Users/deepshah/.m2/repository/com/github/spullara/mustache/java/compiler/0.9.6/compiler-0.9.6.jar:/Users/deepshah/.m2/repository/org/elasticsearch/plugin/percolator-client/7.9.3/percolator-client-7.9.3.jar:/Users/deepshah/.m2/repository/org/elasticsearch/plugin/parent-join-client/7.9.3/parent-join-client-7.9.3.jar:/Users/deepshah/.m2/repository/org/elasticsearch/plugin/rank-eval-client/7.9.3/rank-eval-client-7.9.3.jar:/Users/deepshah/.m2/repository/org/elasticsearch/plugin/transport-netty4-client/7.9.3/transport-netty4-client-7.9.3.jar:/Users/deepshah/.m2/repository/io/netty/netty-buffer/4.1.92.Final/netty-buffer-4.1.92.Final.jar:/Users/deepshah/.m2/repository/io/netty/netty-codec/4.1.92.Final/netty-codec-4.1.92.Final.jar:/Users/deepshah/.m2/repository/io/netty/netty-codec-http/4.1.92.Final/netty-codec-http-4.1.92.Final.jar:/Users/deepshah/.m2/repository/io/netty/netty-common/4.1.92.Final/netty-common-4.1.92.Final.jar:/Users/deepshah/.m2/repository/io/netty/netty-handler/4.1.92.Final/netty-handler-4.1.92.Final.jar:/Users/deepshah/.m2/repository/io/netty/netty-resolver/4.1.92.Final/netty-resolver-4.1.92.Final.jar:/Users/deepshah/.m2/repository/io/netty/netty-transport/4.1.92.Final/netty-transport-4.1.92.Final.jar:/Users/deepshah/.m2/repository/org/elasticsearch/client/elasticsearch-rest-high-level-client/7.9.3/elasticsearch-rest-high-level-client-7.9.3.jar:/Users/deepshah/.m2/repository/org/elasticsearch/client/elasticsearch-rest-client/8.7.1/elasticsearch-rest-client-8.7.1.jar:/Users/deepshah/.m2/repository/org/apache/httpcomponents/httpasyncclient/4.1.5/httpasyncclient-4.1.5.jar:/Users/deepshah/.m2/repository/org/apache/httpcomponents/httpcore-nio/4.4.16/httpcore-nio-4.4.16.jar:/Users/deepshah/.m2/repository/commons-codec/commons-codec/1.15/commons-codec-1.15.jar:/Users/deepshah/.m2/repository/org/elasticsearch/plugin/mapper-extras-client/7.9.3/mapper-extras-client-7.9.3.jar:/Users/deepshah/.m2/repository/org/elasticsearch/plugin/aggs-matrix-stats-client/7.9.3/aggs-matrix-stats-client-7.9.3.jar:/Users/deepshah/.m2/repository/com/fasterxml/jackson/core/jackson-core/2.15.0/jackson-core-2.15.0.jar:/Users/deepshah/.m2/repository/com/fasterxml/jackson/core/jackson-databind/2.15.0/jackson-databind-2.15.0.jar:/Users/deepshah/.m2/repository/com/fasterxml/jackson/core/jackson-annotations/2.15.0/jackson-annotations-2.15.0.jar:/Users/deepshah/.m2/repository/com/rabbitmq/amqp-client/5.16.0/amqp-client-5.16.0.jar:/Users/deepshah/.m2/repository/org/springframework/boot/spring-boot-starter-amqp/3.1.0/spring-boot-starter-amqp-3.1.0.jar:/Users/deepshah/.m2/repository/org/springframework/spring-messaging/6.0.9/spring-messaging-6.0.9.jar:/Users/deepshah/.m2/repository/org/springframework/amqp/spring-rabbit/3.0.4/spring-rabbit-3.0.4.jar:/Users/deepshah/.m2/repository/org/springframework/amqp/spring-amqp/3.0.4/spring-amqp-3.0.4.jar:/Users/deepshah/.m2/repository/org/springframework/retry/spring-retry/2.0.1/spring-retry-2.0.1.jar:"/>
    <property name="java.vm.vendor" value="Oracle Corporation"/>
    <property name="sun.arch.data.model" value="64"/>
    <property name="java.vendor.url" value="https://java.oracle.com/"/>
    <property name="user.timezone" value="America/New_York"/>
    <property name="os.name" value="Mac OS X"/>
    <property name="java.vm.specification.version" value="19"/>
    <property name="sun.java.launcher" value="SUN_STANDARD"/>
    <property name="user.country" value="US"/>
    <property name="sun.boot.library.path" value="/Library/Java/JavaVirtualMachines/jdk-19.jdk/Contents/Home/lib"/>
    <property name="sun.java.command" value="/Users/deepshah/Desktop/Northeastern/Summer 2023/INFO_7255/target/surefire/surefirebooter-20230804214330848_3.jar /Users/deepshah/Desktop/Northeastern/Summer 2023/INFO_7255/target/surefire 2023-08-04T21-43-30_760-jvmRun1 surefire-20230804214330848_1tmp surefire_0-20230804214330848_2tmp"/>
    <property name="http.nonProxyHosts" value="local|*.local|169.254/16|*.169.254/16"/>
    <property name="jdk.debug" value="release"/>
    <property name="surefire.test.class.path" value="/Users/deepshah/Desktop/Northeastern/Summer 2023/INFO_7255/target/test-classes:/Users/deepshah/Desktop/Northeastern/Summer 2023/INFO_7255/target/classes:/Users/deepshah/.m2/repository/org/springframework/boot/spring-boot-starter-web/3.1.0/spring-boot-starter-web-3.1.0.jar:/Users/deepshah/.m2/repository/org/springframework/boot/spring-boot-starter/3.1.0/spring-boot-starter-3.1.0.jar:/Users/deepshah/.m2/repository/org/springframework/boot/spring-boot/3.1.0/spring-boot-3.1.0.jar:/Users/deepshah/.m2/repository/org/springframework/boot/spring-boot-autoconfigure/3.1.0/spring-boot-autoconfigure-3.1.0.jar:/Users/deepshah/.m2/repository/org/springframework/boot/spring-boot-starter-logging/3.1.0/spring-boot-starter-logging-3.1.0.jar:/Users/deepshah/.m2/repository/ch/qos/logback/logback-classic/1.4.7/logback-classic-1.4.7.jar:/Users/deepshah/.m2/repository/ch/qos/logback/logback-core/1.4.7/logback-core-1.4.7.jar:/Users/deepshah/.m2/repository/org/apache/logging/log4j/log4j-to-slf4j/2.20.0/log4j-to-slf4j-2.20.0.jar:/Users/deepshah/.m2/repository/org/slf4j/jul-to-slf4j/2.0.7/jul-to-slf4j-2.0.7.jar:/Users/deepshah/.m2/repository/jakarta/annotation/jakarta.annotation-api/2.1.1/jakarta.annotation-api-2.1.1.jar:/Users/deepshah/.m2/repository/org/yaml/snakeyaml/1.33/snakeyaml-1.33.jar:/Users/deepshah/.m2/repository/org/springframework/boot/spring-boot-starter-json/3.1.0/spring-boot-starter-json-3.1.0.jar:/Users/deepshah/.m2/repository/com/fasterxml/jackson/datatype/jackson-datatype-jdk8/2.15.0/jackson-datatype-jdk8-2.15.0.jar:/Users/deepshah/.m2/repository/com/fasterxml/jackson/datatype/jackson-datatype-jsr310/2.15.0/jackson-datatype-jsr310-2.15.0.jar:/Users/deepshah/.m2/repository/com/fasterxml/jackson/module/jackson-module-parameter-names/2.15.0/jackson-module-parameter-names-2.15.0.jar:/Users/deepshah/.m2/repository/org/springframework/boot/spring-boot-starter-tomcat/3.1.0/spring-boot-starter-tomcat-3.1.0.jar:/Users/deepshah/.m2/repository/org/apache/tomcat/embed/tomcat-embed-core/10.1.8/tomcat-embed-core-10.1.8.jar:/Users/deepshah/.m2/repository/org/apache/tomcat/embed/tomcat-embed-el/10.1.8/tomcat-embed-el-10.1.8.jar:/Users/deepshah/.m2/repository/org/apache/tomcat/embed/tomcat-embed-websocket/10.1.8/tomcat-embed-websocket-10.1.8.jar:/Users/deepshah/.m2/repository/org/springframework/spring-web/6.0.9/spring-web-6.0.9.jar:/Users/deepshah/.m2/repository/org/springframework/spring-beans/6.0.9/spring-beans-6.0.9.jar:/Users/deepshah/.m2/repository/io/micrometer/micrometer-observation/1.11.0/micrometer-observation-1.11.0.jar:/Users/deepshah/.m2/repository/io/micrometer/micrometer-commons/1.11.0/micrometer-commons-1.11.0.jar:/Users/deepshah/.m2/repository/org/springframework/spring-webmvc/6.0.9/spring-webmvc-6.0.9.jar:/Users/deepshah/.m2/repository/org/springframework/spring-expression/6.0.9/spring-expression-6.0.9.jar:/Users/deepshah/.m2/repository/org/springframework/boot/spring-boot-starter-test/3.1.0/spring-boot-starter-test-3.1.0.jar:/Users/deepshah/.m2/repository/org/springframework/boot/spring-boot-test/3.1.0/spring-boot-test-3.1.0.jar:/Users/deepshah/.m2/repository/org/springframework/boot/spring-boot-test-autoconfigure/3.1.0/spring-boot-test-autoconfigure-3.1.0.jar:/Users/deepshah/.m2/repository/com/jayway/jsonpath/json-path/2.8.0/json-path-2.8.0.jar:/Users/deepshah/.m2/repository/jakarta/xml/bind/jakarta.xml.bind-api/4.0.0/jakarta.xml.bind-api-4.0.0.jar:/Users/deepshah/.m2/repository/jakarta/activation/jakarta.activation-api/2.1.2/jakarta.activation-api-2.1.2.jar:/Users/deepshah/.m2/repository/net/minidev/json-smart/2.4.10/json-smart-2.4.10.jar:/Users/deepshah/.m2/repository/net/minidev/accessors-smart/2.4.9/accessors-smart-2.4.9.jar:/Users/deepshah/.m2/repository/org/ow2/asm/asm/9.3/asm-9.3.jar:/Users/deepshah/.m2/repository/org/assertj/assertj-core/3.24.2/assertj-core-3.24.2.jar:/Users/deepshah/.m2/repository/net/bytebuddy/byte-buddy/1.14.4/byte-buddy-1.14.4.jar:/Users/deepshah/.m2/repository/org/hamcrest/hamcrest/2.2/hamcrest-2.2.jar:/Users/deepshah/.m2/repository/org/junit/jupiter/junit-jupiter/5.9.3/junit-jupiter-5.9.3.jar:/Users/deepshah/.m2/repository/org/junit/jupiter/junit-jupiter-api/5.9.3/junit-jupiter-api-5.9.3.jar:/Users/deepshah/.m2/repository/org/opentest4j/opentest4j/1.2.0/opentest4j-1.2.0.jar:/Users/deepshah/.m2/repository/org/junit/platform/junit-platform-commons/1.9.3/junit-platform-commons-1.9.3.jar:/Users/deepshah/.m2/repository/org/apiguardian/apiguardian-api/1.1.2/apiguardian-api-1.1.2.jar:/Users/deepshah/.m2/repository/org/junit/jupiter/junit-jupiter-params/5.9.3/junit-jupiter-params-5.9.3.jar:/Users/deepshah/.m2/repository/org/junit/jupiter/junit-jupiter-engine/5.9.3/junit-jupiter-engine-5.9.3.jar:/Users/deepshah/.m2/repository/org/junit/platform/junit-platform-engine/1.9.3/junit-platform-engine-1.9.3.jar:/Users/deepshah/.m2/repository/org/mockito/mockito-core/5.3.1/mockito-core-5.3.1.jar:/Users/deepshah/.m2/repository/net/bytebuddy/byte-buddy-agent/1.14.4/byte-buddy-agent-1.14.4.jar:/Users/deepshah/.m2/repository/org/objenesis/objenesis/3.3/objenesis-3.3.jar:/Users/deepshah/.m2/repository/org/mockito/mockito-junit-jupiter/5.3.1/mockito-junit-jupiter-5.3.1.jar:/Users/deepshah/.m2/repository/org/skyscreamer/jsonassert/1.5.1/jsonassert-1.5.1.jar:/Users/deepshah/.m2/repository/com/vaadin/external/google/android-json/0.0.20131108.vaadin1/android-json-0.0.20131108.vaadin1.jar:/Users/deepshah/.m2/repository/org/springframework/spring-core/6.0.9/spring-core-6.0.9.jar:/Users/deepshah/.m2/repository/org/springframework/spring-jcl/6.0.9/spring-jcl-6.0.9.jar:/Users/deepshah/.m2/repository/org/springframework/spring-test/6.0.9/spring-test-6.0.9.jar:/Users/deepshah/.m2/repository/org/xmlunit/xmlunit-core/2.9.1/xmlunit-core-2.9.1.jar:/Users/deepshah/.m2/repository/org/springframework/data/spring-data-redis/3.1.0/spring-data-redis-3.1.0.jar:/Users/deepshah/.m2/repository/org/springframework/data/spring-data-keyvalue/3.1.0/spring-data-keyvalue-3.1.0.jar:/Users/deepshah/.m2/repository/org/springframework/spring-tx/6.0.9/spring-tx-6.0.9.jar:/Users/deepshah/.m2/repository/org/springframework/spring-oxm/6.0.9/spring-oxm-6.0.9.jar:/Users/deepshah/.m2/repository/org/springframework/spring-aop/6.0.9/spring-aop-6.0.9.jar:/Users/deepshah/.m2/repository/org/springframework/spring-context-support/6.0.9/spring-context-support-6.0.9.jar:/Users/deepshah/.m2/repository/org/slf4j/slf4j-api/2.0.7/slf4j-api-2.0.7.jar:/Users/deepshah/.m2/repository/redis/clients/jedis/4.4.1/jedis-4.4.1.jar:/Users/deepshah/.m2/repository/org/apache/commons/commons-pool2/2.11.1/commons-pool2-2.11.1.jar:/Users/deepshah/.m2/repository/org/json/json/20230227/json-20230227.jar:/Users/deepshah/.m2/repository/com/google/code/gson/gson/2.10.1/gson-2.10.1.jar:/Users/deepshah/.m2/repository/org/everit/json/org.everit.json.schema/1.0.0/org.everit.json.schema-1.0.0.jar:/Users/deepshah/.m2/repository/org/everit/osgi/bundles/org.everit.osgi.bundles.org.json/1.0.0-v20140107/org.everit.osgi.bundles.org.json-1.0.0-v20140107.jar:/Users/deepshah/.m2/repository/com/google/api-client/google-api-client/1.30.11/google-api-client-1.30.11.jar:/Users/deepshah/.m2/repository/com/google/oauth-client/google-oauth-client/1.31.1/google-oauth-client-1.31.1.jar:/Users/deepshah/.m2/repository/com/google/http-client/google-http-client/1.37.0/google-http-client-1.37.0.jar:/Users/deepshah/.m2/repository/org/apache/httpcomponents/httpclient/4.5.13/httpclient-4.5.13.jar:/Users/deepshah/.m2/repository/commons-logging/commons-logging/1.2/commons-logging-1.2.jar:/Users/deepshah/.m2/repository/org/apache/httpcomponents/httpcore/4.4.16/httpcore-4.4.16.jar:/Users/deepshah/.m2/repository/io/opencensus/opencensus-api/0.24.0/opencensus-api-0.24.0.jar:/Users/deepshah/.m2/repository/io/grpc/grpc-context/1.22.1/grpc-context-1.22.1.jar:/Users/deepshah/.m2/repository/io/opencensus/opencensus-contrib-http-util/0.24.0/opencensus-contrib-http-util-0.24.0.jar:/Users/deepshah/.m2/repository/com/google/code/findbugs/jsr305/3.0.2/jsr305-3.0.2.jar:/Users/deepshah/.m2/repository/com/google/http-client/google-http-client-jackson2/1.37.0/google-http-client-jackson2-1.37.0.jar:/Users/deepshah/.m2/repository/com/google/guava/guava/29.0-android/guava-29.0-android.jar:/Users/deepshah/.m2/repository/com/google/guava/failureaccess/1.0.1/failureaccess-1.0.1.jar:/Users/deepshah/.m2/repository/com/google/guava/listenablefuture/9999.0-empty-to-avoid-conflict-with-guava/listenablefuture-9999.0-empty-to-avoid-conflict-with-guava.jar:/Users/deepshah/.m2/repository/org/checkerframework/checker-compat-qual/2.5.5/checker-compat-qual-2.5.5.jar:/Users/deepshah/.m2/repository/com/google/errorprone/error_prone_annotations/2.3.4/error_prone_annotations-2.3.4.jar:/Users/deepshah/.m2/repository/com/google/j2objc/j2objc-annotations/1.3/j2objc-annotations-1.3.jar:/Users/deepshah/.m2/repository/com/googlecode/json-simple/json-simple/1.1.1/json-simple-1.1.1.jar:/Users/deepshah/.m2/repository/junit/junit/4.13.2/junit-4.13.2.jar:/Users/deepshah/.m2/repository/org/hamcrest/hamcrest-core/2.2/hamcrest-core-2.2.jar:/Users/deepshah/.m2/repository/org/springframework/data/spring-data-elasticsearch/4.1.3/spring-data-elasticsearch-4.1.3.jar:/Users/deepshah/.m2/repository/org/springframework/spring-context/6.0.9/spring-context-6.0.9.jar:/Users/deepshah/.m2/repository/org/springframework/data/spring-data-commons/3.1.0/spring-data-commons-3.1.0.jar:/Users/deepshah/.m2/repository/org/elasticsearch/client/transport/7.9.3/transport-7.9.3.jar:/Users/deepshah/.m2/repository/org/elasticsearch/elasticsearch/7.9.3/elasticsearch-7.9.3.jar:/Users/deepshah/.m2/repository/org/elasticsearch/elasticsearch-core/7.9.3/elasticsearch-core-7.9.3.jar:/Users/deepshah/.m2/repository/org/elasticsearch/elasticsearch-secure-sm/7.9.3/elasticsearch-secure-sm-7.9.3.jar:/Users/deepshah/.m2/repository/org/elasticsearch/elasticsearch-x-content/7.9.3/elasticsearch-x-content-7.9.3.jar:/Users/deepshah/.m2/repository/com/fasterxml/jackson/dataformat/jackson-dataformat-smile/2.15.0/jackson-dataformat-smile-2.15.0.jar:/Users/deepshah/.m2/repository/com/fasterxml/jackson/dataformat/jackson-dataformat-yaml/2.15.0/jackson-dataformat-yaml-2.15.0.jar:/Users/deepshah/.m2/repository/com/fasterxml/jackson/dataformat/jackson-dataformat-cbor/2.15.0/jackson-dataformat-cbor-2.15.0.jar:/Users/deepshah/.m2/repository/org/elasticsearch/elasticsearch-geo/7.9.3/elasticsearch-geo-7.9.3.jar:/Users/deepshah/.m2/repository/org/apache/lucene/lucene-core/8.6.2/lucene-core-8.6.2.jar:/Users/deepshah/.m2/repository/org/apache/lucene/lucene-analyzers-common/8.6.2/lucene-analyzers-common-8.6.2.jar:/Users/deepshah/.m2/repository/org/apache/lucene/lucene-backward-codecs/8.6.2/lucene-backward-codecs-8.6.2.jar:/Users/deepshah/.m2/repository/org/apache/lucene/lucene-grouping/8.6.2/lucene-grouping-8.6.2.jar:/Users/deepshah/.m2/repository/org/apache/lucene/lucene-highlighter/8.6.2/lucene-highlighter-8.6.2.jar:/Users/deepshah/.m2/repository/org/apache/lucene/lucene-join/8.6.2/lucene-join-8.6.2.jar:/Users/deepshah/.m2/repository/org/apache/lucene/lucene-memory/8.6.2/lucene-memory-8.6.2.jar:/Users/deepshah/.m2/repository/org/apache/lucene/lucene-misc/8.6.2/lucene-misc-8.6.2.jar:/Users/deepshah/.m2/repository/org/apache/lucene/lucene-queries/8.6.2/lucene-queries-8.6.2.jar:/Users/deepshah/.m2/repository/org/apache/lucene/lucene-queryparser/8.6.2/lucene-queryparser-8.6.2.jar:/Users/deepshah/.m2/repository/org/apache/lucene/lucene-sandbox/8.6.2/lucene-sandbox-8.6.2.jar:/Users/deepshah/.m2/repository/org/apache/lucene/lucene-spatial-extras/8.6.2/lucene-spatial-extras-8.6.2.jar:/Users/deepshah/.m2/repository/org/apache/lucene/lucene-spatial3d/8.6.2/lucene-spatial3d-8.6.2.jar:/Users/deepshah/.m2/repository/org/apache/lucene/lucene-suggest/8.6.2/lucene-suggest-8.6.2.jar:/Users/deepshah/.m2/repository/org/elasticsearch/elasticsearch-cli/7.9.3/elasticsearch-cli-7.9.3.jar:/Users/deepshah/.m2/repository/net/sf/jopt-simple/jopt-simple/5.0.2/jopt-simple-5.0.2.jar:/Users/deepshah/.m2/repository/com/carrotsearch/hppc/0.8.1/hppc-0.8.1.jar:/Users/deepshah/.m2/repository/joda-time/joda-time/2.10.4/joda-time-2.10.4.jar:/Users/deepshah/.m2/repository/com/tdunning/t-digest/3.2/t-digest-3.2.jar:/Users/deepshah/.m2/repository/org/hdrhistogram/HdrHistogram/2.1.9/HdrHistogram-2.1.9.jar:/Users/deepshah/.m2/repository/org/apache/logging/log4j/log4j-api/2.20.0/log4j-api-2.20.0.jar:/Users/deepshah/.m2/repository/org/elasticsearch/jna/5.5.0/jna-5.5.0.jar:/Users/deepshah/.m2/repository/org/elasticsearch/plugin/reindex-client/7.9.3/reindex-client-7.9.3.jar:/Users/deepshah/.m2/repository/org/elasticsearch/elasticsearch-ssl-config/7.9.3/elasticsearch-ssl-config-7.9.3.jar:/Users/deepshah/.m2/repository/org/elasticsearch/plugin/lang-mustache-client/7.9.3/lang-mustache-client-7.9.3.jar:/Users/deepshah/.m2/repository/com/github/spullara/mustache/java/compiler/0.9.6/compiler-0.9.6.jar:/Users/deepshah/.m2/repository/org/elasticsearch/plugin/percolator-client/7.9.3/percolator-client-7.9.3.jar:/Users/deepshah/.m2/repository/org/elasticsearch/plugin/parent-join-client/7.9.3/parent-join-client-7.9.3.jar:/Users/deepshah/.m2/repository/org/elasticsearch/plugin/rank-eval-client/7.9.3/rank-eval-client-7.9.3.jar:/Users/deepshah/.m2/repository/org/elasticsearch/plugin/transport-netty4-client/7.9.3/transport-netty4-client-7.9.3.jar:/Users/deepshah/.m2/repository/io/netty/netty-buffer/4.1.92.Final/netty-buffer-4.1.92.Final.jar:/Users/deepshah/.m2/repository/io/netty/netty-codec/4.1.92.Final/netty-codec-4.1.92.Final.jar:/Users/deepshah/.m2/repository/io/netty/netty-codec-http/4.1.92.Final/netty-codec-http-4.1.92.Final.jar:/Users/deepshah/.m2/repository/io/netty/netty-common/4.1.92.Final/netty-common-4.1.92.Final.jar:/Users/deepshah/.m2/repository/io/netty/netty-handler/4.1.92.Final/netty-handler-4.1.92.Final.jar:/Users/deepshah/.m2/repository/io/netty/netty-resolver/4.1.92.Final/netty-resolver-4.1.92.Final.jar:/Users/deepshah/.m2/repository/io/netty/netty-transport/4.1.92.Final/netty-transport-4.1.92.Final.jar:/Users/deepshah/.m2/repository/org/elasticsearch/client/elasticsearch-rest-high-level-client/7.9.3/elasticsearch-rest-high-level-client-7.9.3.jar:/Users/deepshah/.m2/repository/org/elasticsearch/client/elasticsearch-rest-client/8.7.1/elasticsearch-rest-client-8.7.1.jar:/Users/deepshah/.m2/repository/org/apache/httpcomponents/httpasyncclient/4.1.5/httpasyncclient-4.1.5.jar:/Users/deepshah/.m2/repository/org/apache/httpcomponents/httpcore-nio/4.4.16/httpcore-nio-4.4.16.jar:/Users/deepshah/.m2/repository/commons-codec/commons-codec/1.15/commons-codec-1.15.jar:/Users/deepshah/.m2/repository/org/elasticsearch/plugin/mapper-extras-client/7.9.3/mapper-extras-client-7.9.3.jar:/Users/deepshah/.m2/repository/org/elasticsearch/plugin/aggs-matrix-stats-client/7.9.3/aggs-matrix-stats-client-7.9.3.jar:/Users/deepshah/.m2/repository/com/fasterxml/jackson/core/jackson-core/2.15.0/jackson-core-2.15.0.jar:/Users/deepshah/.m2/repository/com/fasterxml/jackson/core/jackson-databind/2.15.0/jackson-databind-2.15.0.jar:/Users/deepshah/.m2/repository/com/fasterxml/jackson/core/jackson-annotations/2.15.0/jackson-annotations-2.15.0.jar:/Users/deepshah/.m2/repository/com/rabbitmq/amqp-client/5.16.0/amqp-client-5.16.0.jar:/Users/deepshah/.m2/repository/org/springframework/boot/spring-boot-starter-amqp/3.1.0/spring-boot-starter-amqp-3.1.0.jar:/Users/deepshah/.m2/repository/org/springframework/spring-messaging/6.0.9/spring-messaging-6.0.9.jar:/Users/deepshah/.m2/repository/org/springframework/amqp/spring-rabbit/3.0.4/spring-rabbit-3.0.4.jar:/Users/deepshah/.m2/repository/org/springframework/amqp/spring-amqp/3.0.4/spring-amqp-3.0.4.jar:/Users/deepshah/.m2/repository/org/springframework/retry/spring-retry/2.0.1/spring-retry-2.0.1.jar:"/>
    <property name="sun.cpu.endian" value="little"/>
    <property name="user.home" value="/Users/deepshah"/>
    <property name="user.language" value="en"/>
    <property name="java.specification.vendor" value="Oracle Corporation"/>
    <property name="java.version.date" value="2022-09-20"/>
    <property name="java.home" value="/Library/Java/JavaVirtualMachines/jdk-19.jdk/Contents/Home"/>
    <property name="file.separator" value="/"/>
    <property name="basedir" value="/Users/deepshah/Desktop/Northeastern/Summer 2023/INFO_7255"/>
    <property name="java.vm.compressedOopsMode" value="Zero based"/>
    <property name="line.separator" value="&#10;"/>
    <property name="java.vm.specification.vendor" value="Oracle Corporation"/>
    <property name="java.specification.name" value="Java Platform API Specification"/>
    <property name="FILE_LOG_CHARSET" value="UTF-8"/>
    <property name="java.awt.headless" value="true"/>
    <property name="apple.awt.application.name" value="ForkedBooter"/>
    <property name="surefire.real.class.path" value="/Users/deepshah/Desktop/Northeastern/Summer 2023/INFO_7255/target/surefire/surefirebooter-20230804214330848_3.jar"/>
    <property name="sun.management.compiler" value="HotSpot 64-Bit Tiered Compilers"/>
    <property name="ftp.nonProxyHosts" value="local|*.local|169.254/16|*.169.254/16"/>
    <property name="java.runtime.version" value="19+36-2238"/>
    <property name="user.name" value="deepshah"/>
    <property name="stdout.encoding" value="UTF-8"/>
    <property name="path.separator" value=":"/>
    <property name="os.version" value="13.4.1"/>
    <property name="java.runtime.name" value="Java(TM) SE Runtime Environment"/>
    <property name="file.encoding" value="UTF-8"/>
    <property name="java.vm.name" value="Java HotSpot(TM) 64-Bit Server VM"/>
    <property name="localRepository" value="/Users/deepshah/.m2/repository"/>
    <property name="java.vendor.url.bug" value="https://bugreport.java.com/bugreport/"/>
    <property name="java.io.tmpdir" value="/var/folders/fv/fmr6s4_x27n1mq1gvtm316sr0000gn/T/"/>
    <property name="idea.version" value="2022.3.1"/>
    <property name="java.version" value="19"/>
    <property name="user.dir" value="/Users/deepshah/Desktop/Northeastern/Summer 2023/INFO_7255"/>
    <property name="os.arch" value="aarch64"/>
    <property name="java.vm.specification.name" value="Java Virtual Machine Specification"/>
    <property name="PID" value="4865"/>
    <property name="CONSOLE_LOG_CHARSET" value="UTF-8"/>
    <property name="native.encoding" value="UTF-8"/>
    <property name="java.library.path" value="/Users/deepshah/Library/Java/Extensions:/Library/Java/Extensions:/Network/Library/Java/Extensions:/System/Library/Java/Extensions:/usr/lib/java:."/>
    <property name="java.vm.info" value="mixed mode, sharing"/>
    <property name="stderr.encoding" value="UTF-8"/>
    <property name="java.vendor" value="Oracle Corporation"/>
    <property name="java.vm.version" value="19+36-2238"/>
    <property name="sun.io.unicode.encoding" value="UnicodeBig"/>
    <property name="socksNonProxyHosts" value="local|*.local|169.254/16|*.169.254/16"/>
    <property name="java.class.version" value="63.0"/>
  </properties>
  <testcase name="contextLoads" classname="edu.neu.info5.DemoApplication.DemoApplicationTests" time="0.627">
    <system-out><![CDATA[21:43:31.299 [main] INFO org.springframework.test.context.support.AnnotationConfigContextLoaderUtils -- Could not detect default configuration classes for test class [edu.neu.info5.DemoApplication.DemoApplicationTests]: DemoApplicationTests does not declare any static, non-private, non-final, nested classes annotated with @Configuration.
21:43:31.347 [main] INFO org.springframework.boot.test.context.SpringBootTestContextBootstrapper -- Found @SpringBootConfiguration edu.neu.info5.DemoApplication.DemoApplication for test class edu.neu.info5.DemoApplication.DemoApplicationTests

  .   ____          _            __ _ _
 /\\ / ___'_ __ _ _(_)_ __  __ _ \ \ \ \
( ( )\___ | '_ | '_| | '_ \/ _` | \ \ \ \
 \\/  ___)| |_)| | | | | || (_| |  ) ) ) )
  '  |____| .__|_| |_|_| |_\__, | / / / /
 =========|_|==============|___/=/_/_/_/
 :: Spring Boot ::                (v3.1.0)

2023-08-04T21:43:31.529-04:00  WARN 4865 --- [           main] ory$DuplicateJsonObjectContextCustomizer : 

Found multiple occurrences of org.json.JSONObject on the class path:

	jar:file:/Users/deepshah/.m2/repository/com/vaadin/external/google/android-json/0.0.20131108.vaadin1/android-json-0.0.20131108.vaadin1.jar!/org/json/JSONObject.class
	jar:file:/Users/deepshah/.m2/repository/org/json/json/20230227/json-20230227.jar!/org/json/JSONObject.class
	jar:file:/Users/deepshah/.m2/repository/org/everit/osgi/bundles/org.everit.osgi.bundles.org.json/1.0.0-v20140107/org.everit.osgi.bundles.org.json-1.0.0-v20140107.jar!/org/json/JSONObject.class

You may wish to exclude one of them to ensure predictable runtime behavior

2023-08-04T21:43:31.539-04:00  INFO 4865 --- [           main] e.n.i.D.DemoApplicationTests             : Starting DemoApplicationTests using Java 19 with PID 4865 (started by deepshah in /Users/deepshah/Desktop/Northeastern/Summer 2023/INFO_7255)
2023-08-04T21:43:31.540-04:00  INFO 4865 --- [           main] e.n.i.D.DemoApplicationTests             : No active profile set, falling back to 1 default profile: "default"
2023-08-04T21:43:31.847-04:00  INFO 4865 --- [           main] .s.d.r.c.RepositoryConfigurationDelegate : Multiple Spring Data modules found, entering strict repository configuration mode
2023-08-04T21:43:31.848-04:00  INFO 4865 --- [           main] .s.d.r.c.RepositoryConfigurationDelegate : Bootstrapping Spring Data Elasticsearch repositories in DEFAULT mode.
2023-08-04T21:43:31.858-04:00  INFO 4865 --- [           main] .s.d.r.c.RepositoryConfigurationDelegate : Finished Spring Data repository scanning in 8 ms. Found 0 Elasticsearch repository interfaces.
2023-08-04T21:43:31.865-04:00  INFO 4865 --- [           main] .s.d.r.c.RepositoryConfigurationDelegate : Multiple Spring Data modules found, entering strict repository configuration mode
2023-08-04T21:43:31.866-04:00  INFO 4865 --- [           main] .s.d.r.c.RepositoryConfigurationDelegate : Bootstrapping Spring Data Redis repositories in DEFAULT mode.
2023-08-04T21:43:31.872-04:00  INFO 4865 --- [           main] .s.d.r.c.RepositoryConfigurationDelegate : Finished Spring Data repository scanning in 1 ms. Found 0 Redis repository interfaces.
2023-08-04T21:43:32.463-04:00  WARN 4865 --- [           main] o.s.data.convert.CustomConversions       : Registering converter from class org.springframework.data.geo.Point to interface java.util.Map as writing converter although it doesn't convert to a store-supported type; You might want to check your annotation setup at the converter implementation
2023-08-04T21:43:32.463-04:00  WARN 4865 --- [           main] o.s.data.convert.CustomConversions       : Registering converter from interface java.util.Map to class org.springframework.data.geo.Point as reading converter although it doesn't convert from a store-supported type; You might want to check your annotation setup at the converter implementation
2023-08-04T21:43:32.463-04:00  WARN 4865 --- [           main] o.s.data.convert.CustomConversions       : Registering converter from class org.springframework.data.elasticsearch.core.geo.GeoPoint to interface java.util.Map as writing converter although it doesn't convert to a store-supported type; You might want to check your annotation setup at the converter implementation
2023-08-04T21:43:32.463-04:00  WARN 4865 --- [           main] o.s.data.convert.CustomConversions       : Registering converter from interface java.util.Map to class org.springframework.data.elasticsearch.core.geo.GeoPoint as reading converter although it doesn't convert from a store-supported type; You might want to check your annotation setup at the converter implementation
2023-08-04T21:43:32.463-04:00  WARN 4865 --- [           main] o.s.data.convert.CustomConversions       : Registering converter from interface org.springframework.data.elasticsearch.core.geo.GeoJson to interface java.util.Map as writing converter although it doesn't convert to a store-supported type; You might want to check your annotation setup at the converter implementation
2023-08-04T21:43:32.463-04:00  WARN 4865 --- [           main] o.s.data.convert.CustomConversions       : Registering converter from interface java.util.Map to interface org.springframework.data.elasticsearch.core.geo.GeoJson as reading converter although it doesn't convert from a store-supported type; You might want to check your annotation setup at the converter implementation
2023-08-04T21:43:32.463-04:00  WARN 4865 --- [           main] o.s.data.convert.CustomConversions       : Registering converter from class org.springframework.data.elasticsearch.core.geo.GeoJsonPoint to interface java.util.Map as writing converter although it doesn't convert to a store-supported type; You might want to check your annotation setup at the converter implementation
2023-08-04T21:43:32.463-04:00  WARN 4865 --- [           main] o.s.data.convert.CustomConversions       : Registering converter from interface java.util.Map to class org.springframework.data.elasticsearch.core.geo.GeoJsonPoint as reading converter although it doesn't convert from a store-supported type; You might want to check your annotation setup at the converter implementation
2023-08-04T21:43:32.463-04:00  WARN 4865 --- [           main] o.s.data.convert.CustomConversions       : Registering converter from class org.springframework.data.elasticsearch.core.geo.GeoJsonMultiPoint to interface java.util.Map as writing converter although it doesn't convert to a store-supported type; You might want to check your annotation setup at the converter implementation
2023-08-04T21:43:32.463-04:00  WARN 4865 --- [           main] o.s.data.convert.CustomConversions       : Registering converter from interface java.util.Map to class org.springframework.data.elasticsearch.core.geo.GeoJsonMultiPoint as reading converter although it doesn't convert from a store-supported type; You might want to check your annotation setup at the converter implementation
2023-08-04T21:43:32.463-04:00  WARN 4865 --- [           main] o.s.data.convert.CustomConversions       : Registering converter from class org.springframework.data.elasticsearch.core.geo.GeoJsonLineString to interface java.util.Map as writing converter although it doesn't convert to a store-supported type; You might want to check your annotation setup at the converter implementation
2023-08-04T21:43:32.463-04:00  WARN 4865 --- [           main] o.s.data.convert.CustomConversions       : Registering converter from interface java.util.Map to class org.springframework.data.elasticsearch.core.geo.GeoJsonLineString as reading converter although it doesn't convert from a store-supported type; You might want to check your annotation setup at the converter implementation
2023-08-04T21:43:32.464-04:00  WARN 4865 --- [           main] o.s.data.convert.CustomConversions       : Registering converter from class org.springframework.data.elasticsearch.core.geo.GeoJsonMultiLineString to interface java.util.Map as writing converter although it doesn't convert to a store-supported type; You might want to check your annotation setup at the converter implementation
2023-08-04T21:43:32.464-04:00  WARN 4865 --- [           main] o.s.data.convert.CustomConversions       : Registering converter from interface java.util.Map to class org.springframework.data.elasticsearch.core.geo.GeoJsonMultiLineString as reading converter although it doesn't convert from a store-supported type; You might want to check your annotation setup at the converter implementation
2023-08-04T21:43:32.464-04:00  WARN 4865 --- [           main] o.s.data.convert.CustomConversions       : Registering converter from class org.springframework.data.elasticsearch.core.geo.GeoJsonPolygon to interface java.util.Map as writing converter although it doesn't convert to a store-supported type; You might want to check your annotation setup at the converter implementation
2023-08-04T21:43:32.464-04:00  WARN 4865 --- [           main] o.s.data.convert.CustomConversions       : Registering converter from interface java.util.Map to class org.springframework.data.elasticsearch.core.geo.GeoJsonPolygon as reading converter although it doesn't convert from a store-supported type; You might want to check your annotation setup at the converter implementation
2023-08-04T21:43:32.464-04:00  WARN 4865 --- [           main] o.s.data.convert.CustomConversions       : Registering converter from class org.springframework.data.elasticsearch.core.geo.GeoJsonMultiPolygon to interface java.util.Map as writing converter although it doesn't convert to a store-supported type; You might want to check your annotation setup at the converter implementation
2023-08-04T21:43:32.464-04:00  WARN 4865 --- [           main] o.s.data.convert.CustomConversions       : Registering converter from interface java.util.Map to class org.springframework.data.elasticsearch.core.geo.GeoJsonMultiPolygon as reading converter although it doesn't convert from a store-supported type; You might want to check your annotation setup at the converter implementation
2023-08-04T21:43:32.464-04:00  WARN 4865 --- [           main] o.s.data.convert.CustomConversions       : Registering converter from class org.springframework.data.elasticsearch.core.geo.GeoJsonGeometryCollection to interface java.util.Map as writing converter although it doesn't convert to a store-supported type; You might want to check your annotation setup at the converter implementation
2023-08-04T21:43:32.464-04:00  WARN 4865 --- [           main] o.s.data.convert.CustomConversions       : Registering converter from interface java.util.Map to class org.springframework.data.elasticsearch.core.geo.GeoJsonGeometryCollection as reading converter although it doesn't convert from a store-supported type; You might want to check your annotation setup at the converter implementation
2023-08-04T21:43:32.513-04:00  WARN 4865 --- [           main] org.elasticsearch.client.RestClient      : request [GET http://localhost:9200/] returned 1 warnings: [299 Elasticsearch-7.17.12-e3b0c3d3c5c130e1dc6d567d6baef1c73eeb2059 "Elasticsearch built-in security features are not enabled. Without authentication, your cluster could be accessible to anyone. See https://www.elastic.co/guide/en/elasticsearch/reference/7.17/security-minimal-setup.html to enable security."]
2023-08-04T21:43:32.532-04:00  INFO 4865 --- [           main] o.s.d.elasticsearch.support.VersionInfo  : Version Spring Data Elasticsearch: 4.1.3
2023-08-04T21:43:32.533-04:00  INFO 4865 --- [           main] o.s.d.elasticsearch.support.VersionInfo  : Version Elasticsearch Client in build: 7.9.3
2023-08-04T21:43:32.533-04:00  INFO 4865 --- [           main] o.s.d.elasticsearch.support.VersionInfo  : Version Elasticsearch Client used: 7.9.3
2023-08-04T21:43:32.533-04:00  INFO 4865 --- [           main] o.s.d.elasticsearch.support.VersionInfo  : Version Elasticsearch cluster: 7.17.12
2023-08-04T21:43:32.533-04:00  WARN 4865 --- [           main] o.s.d.elasticsearch.support.VersionInfo  : Version mismatch in between Elasticsearch Client and Cluster: 7.9.3 - 7.17.12
2023-08-04T21:43:32.808-04:00  INFO 4865 --- [           main] o.s.a.r.c.CachingConnectionFactory       : Attempting to connect to: [localhost:5672]
2023-08-04T21:43:32.861-04:00  INFO 4865 --- [           main] o.s.a.r.c.CachingConnectionFactory       : Created new connection: rabbitConnectionFactory#71cea1b8:0/SimpleConnection@5c79c5ec [delegate=amqp://guest@127.0.0.1:5672/, localPort=65203]
2023-08-04T21:43:32.865-04:00  INFO 4865 --- [           main] o.s.amqp.rabbit.core.RabbitAdmin         : Auto-declaring a non-durable, auto-delete, or exclusive Queue (indexing-queue) durable:false, auto-delete:false, exclusive:false. It will be redeclared if the broker stops and is restarted while the connection factory is alive, but all messages will be lost.
Message received: {body={"mapType":"class java.util.HashMap","empty":false}, operation=SAVE}
2023-08-04T21:43:32.899-04:00  INFO 4865 --- [           main] e.n.i.D.DemoApplicationTests             : Started DemoApplicationTests in 1.489 seconds (process running for 2.001)
2023-08-04T21:43:32.905-04:00  WARN 4865 --- [    container-1] org.elasticsearch.client.RestClient      : request [HEAD http://localhost:9200/plan-index?ignore_throttled=false&ignore_unavailable=false&expand_wildcards=open%2Cclosed&allow_no_indices=false] returned 2 warnings: [299 Elasticsearch-7.17.12-e3b0c3d3c5c130e1dc6d567d6baef1c73eeb2059 "Elasticsearch built-in security features are not enabled. Without authentication, your cluster could be accessible to anyone. See https://www.elastic.co/guide/en/elasticsearch/reference/7.17/security-minimal-setup.html to enable security."],[299 Elasticsearch-7.17.12-e3b0c3d3c5c130e1dc6d567d6baef1c73eeb2059 "[ignore_throttled] parameter is deprecated because frozen indices have been deprecated. Consider cold or frozen tiers in place of frozen indices."]
2023-08-04T21:43:32.906-04:00  WARN 4865 --- [    container-1] s.a.r.l.ConditionalRejectingErrorHandler : Execution of Rabbit message listener failed.

org.springframework.amqp.rabbit.support.ListenerExecutionFailedException: Listener method 'receiveMessage' threw exception
	at org.springframework.amqp.rabbit.listener.adapter.MessageListenerAdapter.invokeListenerMethod(MessageListenerAdapter.java:374) ~[spring-rabbit-3.0.4.jar:3.0.4]
	at org.springframework.amqp.rabbit.listener.adapter.MessageListenerAdapter.onMessage(MessageListenerAdapter.java:293) ~[spring-rabbit-3.0.4.jar:3.0.4]
	at org.springframework.amqp.rabbit.listener.AbstractMessageListenerContainer.doInvokeListener(AbstractMessageListenerContainer.java:1719) ~[spring-rabbit-3.0.4.jar:3.0.4]
	at org.springframework.amqp.rabbit.listener.AbstractMessageListenerContainer.actualInvokeListener(AbstractMessageListenerContainer.java:1638) ~[spring-rabbit-3.0.4.jar:3.0.4]
	at org.springframework.amqp.rabbit.listener.AbstractMessageListenerContainer.invokeListener(AbstractMessageListenerContainer.java:1626) ~[spring-rabbit-3.0.4.jar:3.0.4]
	at org.springframework.amqp.rabbit.listener.AbstractMessageListenerContainer.doExecuteListener(AbstractMessageListenerContainer.java:1617) ~[spring-rabbit-3.0.4.jar:3.0.4]
	at org.springframework.amqp.rabbit.listener.AbstractMessageListenerContainer.executeListenerAndHandleException(AbstractMessageListenerContainer.java:1562) ~[spring-rabbit-3.0.4.jar:3.0.4]
	at org.springframework.amqp.rabbit.listener.AbstractMessageListenerContainer.lambda$executeListener$8(AbstractMessageListenerContainer.java:1541) ~[spring-rabbit-3.0.4.jar:3.0.4]
	at io.micrometer.observation.Observation.lambda$observe$0(Observation.java:493) ~[micrometer-observation-1.11.0.jar:1.11.0]
	at io.micrometer.observation.Observation.observeWithContext(Observation.java:603) ~[micrometer-observation-1.11.0.jar:1.11.0]
	at io.micrometer.observation.Observation.observe(Observation.java:492) ~[micrometer-observation-1.11.0.jar:1.11.0]
	at org.springframework.amqp.rabbit.listener.AbstractMessageListenerContainer.executeListener(AbstractMessageListenerContainer.java:1541) ~[spring-rabbit-3.0.4.jar:3.0.4]
	at org.springframework.amqp.rabbit.listener.SimpleMessageListenerContainer.doReceiveAndExecute(SimpleMessageListenerContainer.java:1001) ~[spring-rabbit-3.0.4.jar:3.0.4]
	at org.springframework.amqp.rabbit.listener.SimpleMessageListenerContainer.receiveAndExecute(SimpleMessageListenerContainer.java:948) ~[spring-rabbit-3.0.4.jar:3.0.4]
	at org.springframework.amqp.rabbit.listener.SimpleMessageListenerContainer$AsyncMessageProcessingConsumer.mainLoop(SimpleMessageListenerContainer.java:1326) ~[spring-rabbit-3.0.4.jar:3.0.4]
	at org.springframework.amqp.rabbit.listener.SimpleMessageListenerContainer$AsyncMessageProcessingConsumer.run(SimpleMessageListenerContainer.java:1232) ~[spring-rabbit-3.0.4.jar:3.0.4]
	at java.base/java.lang.Thread.run(Thread.java:1589) ~[na:na]
Caused by: org.json.JSONException: No value for objectType
	at org.json.JSONObject.get(JSONObject.java:355) ~[android-json-0.0.20131108.vaadin1.jar:0.0.20131108.vaadin1]
	at edu.neu.info5.DemoApplication.service.IndexingListener.convertMapToDocumentIndex(IndexingListener.java:152) ~[classes/:na]
	at edu.neu.info5.DemoApplication.service.IndexingListener.postDocument(IndexingListener.java:73) ~[classes/:na]
	at edu.neu.info5.DemoApplication.service.IndexingListener.receiveMessage(IndexingListener.java:51) ~[classes/:na]
	at java.base/jdk.internal.reflect.DirectMethodHandleAccessor.invoke(DirectMethodHandleAccessor.java:104) ~[na:na]
	at java.base/java.lang.reflect.Method.invoke(Method.java:578) ~[na:na]
	at org.springframework.util.MethodInvoker.invoke(MethodInvoker.java:283) ~[spring-core-6.0.9.jar:6.0.9]
	at org.springframework.amqp.rabbit.listener.adapter.MessageListenerAdapter.invokeListenerMethod(MessageListenerAdapter.java:366) ~[spring-rabbit-3.0.4.jar:3.0.4]
	... 16 common frames omitted

Message received: {body={"mapType":"class java.util.HashMap","empty":false}, operation=SAVE}
2023-08-04T21:43:32.927-04:00  WARN 4865 --- [    container-1] org.elasticsearch.client.RestClient      : request [HEAD http://localhost:9200/plan-index?ignore_throttled=false&ignore_unavailable=false&expand_wildcards=open%2Cclosed&allow_no_indices=false] returned 2 warnings: [299 Elasticsearch-7.17.12-e3b0c3d3c5c130e1dc6d567d6baef1c73eeb2059 "Elasticsearch built-in security features are not enabled. Without authentication, your cluster could be accessible to anyone. See https://www.elastic.co/guide/en/elasticsearch/reference/7.17/security-minimal-setup.html to enable security."],[299 Elasticsearch-7.17.12-e3b0c3d3c5c130e1dc6d567d6baef1c73eeb2059 "[ignore_throttled] parameter is deprecated because frozen indices have been deprecated. Consider cold or frozen tiers in place of frozen indices."]
2023-08-04T21:43:32.927-04:00  WARN 4865 --- [    container-1] s.a.r.l.ConditionalRejectingErrorHandler : Execution of Rabbit message listener failed.

org.springframework.amqp.rabbit.support.ListenerExecutionFailedException: Listener method 'receiveMessage' threw exception
	at org.springframework.amqp.rabbit.listener.adapter.MessageListenerAdapter.invokeListenerMethod(MessageListenerAdapter.java:374) ~[spring-rabbit-3.0.4.jar:3.0.4]
	at org.springframework.amqp.rabbit.listener.adapter.MessageListenerAdapter.onMessage(MessageListenerAdapter.java:293) ~[spring-rabbit-3.0.4.jar:3.0.4]
	at org.springframework.amqp.rabbit.listener.AbstractMessageListenerContainer.doInvokeListener(AbstractMessageListenerContainer.java:1719) ~[spring-rabbit-3.0.4.jar:3.0.4]
	at org.springframework.amqp.rabbit.listener.AbstractMessageListenerContainer.actualInvokeListener(AbstractMessageListenerContainer.java:1638) ~[spring-rabbit-3.0.4.jar:3.0.4]
	at org.springframework.amqp.rabbit.listener.AbstractMessageListenerContainer.invokeListener(AbstractMessageListenerContainer.java:1626) ~[spring-rabbit-3.0.4.jar:3.0.4]
	at org.springframework.amqp.rabbit.listener.AbstractMessageListenerContainer.doExecuteListener(AbstractMessageListenerContainer.java:1617) ~[spring-rabbit-3.0.4.jar:3.0.4]
	at org.springframework.amqp.rabbit.listener.AbstractMessageListenerContainer.executeListenerAndHandleException(AbstractMessageListenerContainer.java:1562) ~[spring-rabbit-3.0.4.jar:3.0.4]
	at org.springframework.amqp.rabbit.listener.AbstractMessageListenerContainer.lambda$executeListener$8(AbstractMessageListenerContainer.java:1541) ~[spring-rabbit-3.0.4.jar:3.0.4]
	at io.micrometer.observation.Observation.lambda$observe$0(Observation.java:493) ~[micrometer-observation-1.11.0.jar:1.11.0]
	at io.micrometer.observation.Observation.observeWithContext(Observation.java:603) ~[micrometer-observation-1.11.0.jar:1.11.0]
	at io.micrometer.observation.Observation.observe(Observation.java:492) ~[micrometer-observation-1.11.0.jar:1.11.0]
	at org.springframework.amqp.rabbit.listener.AbstractMessageListenerContainer.executeListener(AbstractMessageListenerContainer.java:1541) ~[spring-rabbit-3.0.4.jar:3.0.4]
	at org.springframework.amqp.rabbit.listener.SimpleMessageListenerContainer.doReceiveAndExecute(SimpleMessageListenerContainer.java:1001) ~[spring-rabbit-3.0.4.jar:3.0.4]
	at org.springframework.amqp.rabbit.listener.SimpleMessageListenerContainer.receiveAndExecute(SimpleMessageListenerContainer.java:948) ~[spring-rabbit-3.0.4.jar:3.0.4]
	at org.springframework.amqp.rabbit.listener.SimpleMessageListenerContainer$AsyncMessageProcessingConsumer.mainLoop(SimpleMessageListenerContainer.java:1326) ~[spring-rabbit-3.0.4.jar:3.0.4]
	at org.springframework.amqp.rabbit.listener.SimpleMessageListenerContainer$AsyncMessageProcessingConsumer.run(SimpleMessageListenerContainer.java:1232) ~[spring-rabbit-3.0.4.jar:3.0.4]
	at java.base/java.lang.Thread.run(Thread.java:1589) ~[na:na]
Caused by: org.json.JSONException: No value for objectType
	at org.json.JSONObject.get(JSONObject.java:355) ~[android-json-0.0.20131108.vaadin1.jar:0.0.20131108.vaadin1]
	at edu.neu.info5.DemoApplication.service.IndexingListener.convertMapToDocumentIndex(IndexingListener.java:152) ~[classes/:na]
	at edu.neu.info5.DemoApplication.service.IndexingListener.postDocument(IndexingListener.java:73) ~[classes/:na]
	at edu.neu.info5.DemoApplication.service.IndexingListener.receiveMessage(IndexingListener.java:51) ~[classes/:na]
	at java.base/jdk.internal.reflect.DirectMethodHandleAccessor.invoke(DirectMethodHandleAccessor.java:104) ~[na:na]
	at java.base/java.lang.reflect.Method.invoke(Method.java:578) ~[na:na]
	at org.springframework.util.MethodInvoker.invoke(MethodInvoker.java:283) ~[spring-core-6.0.9.jar:6.0.9]
	at org.springframework.amqp.rabbit.listener.adapter.MessageListenerAdapter.invokeListenerMethod(MessageListenerAdapter.java:366) ~[spring-rabbit-3.0.4.jar:3.0.4]
	... 16 common frames omitted

Message received: {body={"mapType":"class java.util.HashMap","empty":false}, operation=SAVE}
2023-08-04T21:43:32.931-04:00  WARN 4865 --- [    container-1] org.elasticsearch.client.RestClient      : request [HEAD http://localhost:9200/plan-index?ignore_throttled=false&ignore_unavailable=false&expand_wildcards=open%2Cclosed&allow_no_indices=false] returned 2 warnings: [299 Elasticsearch-7.17.12-e3b0c3d3c5c130e1dc6d567d6baef1c73eeb2059 "Elasticsearch built-in security features are not enabled. Without authentication, your cluster could be accessible to anyone. See https://www.elastic.co/guide/en/elasticsearch/reference/7.17/security-minimal-setup.html to enable security."],[299 Elasticsearch-7.17.12-e3b0c3d3c5c130e1dc6d567d6baef1c73eeb2059 "[ignore_throttled] parameter is deprecated because frozen indices have been deprecated. Consider cold or frozen tiers in place of frozen indices."]
2023-08-04T21:43:32.931-04:00  WARN 4865 --- [    container-1] s.a.r.l.ConditionalRejectingErrorHandler : Execution of Rabbit message listener failed.

org.springframework.amqp.rabbit.support.ListenerExecutionFailedException: Listener method 'receiveMessage' threw exception
	at org.springframework.amqp.rabbit.listener.adapter.MessageListenerAdapter.invokeListenerMethod(MessageListenerAdapter.java:374) ~[spring-rabbit-3.0.4.jar:3.0.4]
	at org.springframework.amqp.rabbit.listener.adapter.MessageListenerAdapter.onMessage(MessageListenerAdapter.java:293) ~[spring-rabbit-3.0.4.jar:3.0.4]
	at org.springframework.amqp.rabbit.listener.AbstractMessageListenerContainer.doInvokeListener(AbstractMessageListenerContainer.java:1719) ~[spring-rabbit-3.0.4.jar:3.0.4]
	at org.springframework.amqp.rabbit.listener.AbstractMessageListenerContainer.actualInvokeListener(AbstractMessageListenerContainer.java:1638) ~[spring-rabbit-3.0.4.jar:3.0.4]
	at org.springframework.amqp.rabbit.listener.AbstractMessageListenerContainer.invokeListener(AbstractMessageListenerContainer.java:1626) ~[spring-rabbit-3.0.4.jar:3.0.4]
	at org.springframework.amqp.rabbit.listener.AbstractMessageListenerContainer.doExecuteListener(AbstractMessageListenerContainer.java:1617) ~[spring-rabbit-3.0.4.jar:3.0.4]
	at org.springframework.amqp.rabbit.listener.AbstractMessageListenerContainer.executeListenerAndHandleException(AbstractMessageListenerContainer.java:1562) ~[spring-rabbit-3.0.4.jar:3.0.4]
	at org.springframework.amqp.rabbit.listener.AbstractMessageListenerContainer.lambda$executeListener$8(AbstractMessageListenerContainer.java:1541) ~[spring-rabbit-3.0.4.jar:3.0.4]
	at io.micrometer.observation.Observation.lambda$observe$0(Observation.java:493) ~[micrometer-observation-1.11.0.jar:1.11.0]
	at io.micrometer.observation.Observation.observeWithContext(Observation.java:603) ~[micrometer-observation-1.11.0.jar:1.11.0]
	at io.micrometer.observation.Observation.observe(Observation.java:492) ~[micrometer-observation-1.11.0.jar:1.11.0]
	at org.springframework.amqp.rabbit.listener.AbstractMessageListenerContainer.executeListener(AbstractMessageListenerContainer.java:1541) ~[spring-rabbit-3.0.4.jar:3.0.4]
	at org.springframework.amqp.rabbit.listener.SimpleMessageListenerContainer.doReceiveAndExecute(SimpleMessageListenerContainer.java:1001) ~[spring-rabbit-3.0.4.jar:3.0.4]
	at org.springframework.amqp.rabbit.listener.SimpleMessageListenerContainer.receiveAndExecute(SimpleMessageListenerContainer.java:948) ~[spring-rabbit-3.0.4.jar:3.0.4]
	at org.springframework.amqp.rabbit.listener.SimpleMessageListenerContainer$AsyncMessageProcessingConsumer.mainLoop(SimpleMessageListenerContainer.java:1326) ~[spring-rabbit-3.0.4.jar:3.0.4]
	at org.springframework.amqp.rabbit.listener.SimpleMessageListenerContainer$AsyncMessageProcessingConsumer.run(SimpleMessageListenerContainer.java:1232) ~[spring-rabbit-3.0.4.jar:3.0.4]
	at java.base/java.lang.Thread.run(Thread.java:1589) ~[na:na]
Caused by: org.json.JSONException: No value for objectType
	at org.json.JSONObject.get(JSONObject.java:355) ~[android-json-0.0.20131108.vaadin1.jar:0.0.20131108.vaadin1]
	at edu.neu.info5.DemoApplication.service.IndexingListener.convertMapToDocumentIndex(IndexingListener.java:152) ~[classes/:na]
	at edu.neu.info5.DemoApplication.service.IndexingListener.postDocument(IndexingListener.java:73) ~[classes/:na]
	at edu.neu.info5.DemoApplication.service.IndexingListener.receiveMessage(IndexingListener.java:51) ~[classes/:na]
	at java.base/jdk.internal.reflect.DirectMethodHandleAccessor.invoke(DirectMethodHandleAccessor.java:104) ~[na:na]
	at java.base/java.lang.reflect.Method.invoke(Method.java:578) ~[na:na]
	at org.springframework.util.MethodInvoker.invoke(MethodInvoker.java:283) ~[spring-core-6.0.9.jar:6.0.9]
	at org.springframework.amqp.rabbit.listener.adapter.MessageListenerAdapter.invokeListenerMethod(MessageListenerAdapter.java:366) ~[spring-rabbit-3.0.4.jar:3.0.4]
	... 16 common frames omitted

Message received: {body={"mapType":"class java.util.HashMap","empty":false}, operation=SAVE}
2023-08-04T21:43:32.934-04:00  WARN 4865 --- [    container-1] org.elasticsearch.client.RestClient      : request [HEAD http://localhost:9200/plan-index?ignore_throttled=false&ignore_unavailable=false&expand_wildcards=open%2Cclosed&allow_no_indices=false] returned 2 warnings: [299 Elasticsearch-7.17.12-e3b0c3d3c5c130e1dc6d567d6baef1c73eeb2059 "Elasticsearch built-in security features are not enabled. Without authentication, your cluster could be accessible to anyone. See https://www.elastic.co/guide/en/elasticsearch/reference/7.17/security-minimal-setup.html to enable security."],[299 Elasticsearch-7.17.12-e3b0c3d3c5c130e1dc6d567d6baef1c73eeb2059 "[ignore_throttled] parameter is deprecated because frozen indices have been deprecated. Consider cold or frozen tiers in place of frozen indices."]
2023-08-04T21:43:32.934-04:00  WARN 4865 --- [    container-1] s.a.r.l.ConditionalRejectingErrorHandler : Execution of Rabbit message listener failed.

org.springframework.amqp.rabbit.support.ListenerExecutionFailedException: Listener method 'receiveMessage' threw exception
	at org.springframework.amqp.rabbit.listener.adapter.MessageListenerAdapter.invokeListenerMethod(MessageListenerAdapter.java:374) ~[spring-rabbit-3.0.4.jar:3.0.4]
	at org.springframework.amqp.rabbit.listener.adapter.MessageListenerAdapter.onMessage(MessageListenerAdapter.java:293) ~[spring-rabbit-3.0.4.jar:3.0.4]
	at org.springframework.amqp.rabbit.listener.AbstractMessageListenerContainer.doInvokeListener(AbstractMessageListenerContainer.java:1719) ~[spring-rabbit-3.0.4.jar:3.0.4]
	at org.springframework.amqp.rabbit.listener.AbstractMessageListenerContainer.actualInvokeListener(AbstractMessageListenerContainer.java:1638) ~[spring-rabbit-3.0.4.jar:3.0.4]
	at org.springframework.amqp.rabbit.listener.AbstractMessageListenerContainer.invokeListener(AbstractMessageListenerContainer.java:1626) ~[spring-rabbit-3.0.4.jar:3.0.4]
	at org.springframework.amqp.rabbit.listener.AbstractMessageListenerContainer.doExecuteListener(AbstractMessageListenerContainer.java:1617) ~[spring-rabbit-3.0.4.jar:3.0.4]
	at org.springframework.amqp.rabbit.listener.AbstractMessageListenerContainer.executeListenerAndHandleException(AbstractMessageListenerContainer.java:1562) ~[spring-rabbit-3.0.4.jar:3.0.4]
	at org.springframework.amqp.rabbit.listener.AbstractMessageListenerContainer.lambda$executeListener$8(AbstractMessageListenerContainer.java:1541) ~[spring-rabbit-3.0.4.jar:3.0.4]
	at io.micrometer.observation.Observation.lambda$observe$0(Observation.java:493) ~[micrometer-observation-1.11.0.jar:1.11.0]
	at io.micrometer.observation.Observation.observeWithContext(Observation.java:603) ~[micrometer-observation-1.11.0.jar:1.11.0]
	at io.micrometer.observation.Observation.observe(Observation.java:492) ~[micrometer-observation-1.11.0.jar:1.11.0]
	at org.springframework.amqp.rabbit.listener.AbstractMessageListenerContainer.executeListener(AbstractMessageListenerContainer.java:1541) ~[spring-rabbit-3.0.4.jar:3.0.4]
	at org.springframework.amqp.rabbit.listener.SimpleMessageListenerContainer.doReceiveAndExecute(SimpleMessageListenerContainer.java:1001) ~[spring-rabbit-3.0.4.jar:3.0.4]
	at org.springframework.amqp.rabbit.listener.SimpleMessageListenerContainer.receiveAndExecute(SimpleMessageListenerContainer.java:948) ~[spring-rabbit-3.0.4.jar:3.0.4]
	at org.springframework.amqp.rabbit.listener.SimpleMessageListenerContainer$AsyncMessageProcessingConsumer.mainLoop(SimpleMessageListenerContainer.java:1326) ~[spring-rabbit-3.0.4.jar:3.0.4]
	at org.springframework.amqp.rabbit.listener.SimpleMessageListenerContainer$AsyncMessageProcessingConsumer.run(SimpleMessageListenerContainer.java:1232) ~[spring-rabbit-3.0.4.jar:3.0.4]
	at java.base/java.lang.Thread.run(Thread.java:1589) ~[na:na]
Caused by: org.json.JSONException: No value for objectType
	at org.json.JSONObject.get(JSONObject.java:355) ~[android-json-0.0.20131108.vaadin1.jar:0.0.20131108.vaadin1]
	at edu.neu.info5.DemoApplication.service.IndexingListener.convertMapToDocumentIndex(IndexingListener.java:152) ~[classes/:na]
	at edu.neu.info5.DemoApplication.service.IndexingListener.postDocument(IndexingListener.java:73) ~[classes/:na]
	at edu.neu.info5.DemoApplication.service.IndexingListener.receiveMessage(IndexingListener.java:51) ~[classes/:na]
	at java.base/jdk.internal.reflect.DirectMethodHandleAccessor.invoke(DirectMethodHandleAccessor.java:104) ~[na:na]
	at java.base/java.lang.reflect.Method.invoke(Method.java:578) ~[na:na]
	at org.springframework.util.MethodInvoker.invoke(MethodInvoker.java:283) ~[spring-core-6.0.9.jar:6.0.9]
	at org.springframework.amqp.rabbit.listener.adapter.MessageListenerAdapter.invokeListenerMethod(MessageListenerAdapter.java:366) ~[spring-rabbit-3.0.4.jar:3.0.4]
	... 16 common frames omitted

Message received: {body={"mapType":"class java.util.HashMap","empty":false}, operation=SAVE}
2023-08-04T21:43:32.938-04:00  WARN 4865 --- [    container-1] org.elasticsearch.client.RestClient      : request [HEAD http://localhost:9200/plan-index?ignore_throttled=false&ignore_unavailable=false&expand_wildcards=open%2Cclosed&allow_no_indices=false] returned 2 warnings: [299 Elasticsearch-7.17.12-e3b0c3d3c5c130e1dc6d567d6baef1c73eeb2059 "Elasticsearch built-in security features are not enabled. Without authentication, your cluster could be accessible to anyone. See https://www.elastic.co/guide/en/elasticsearch/reference/7.17/security-minimal-setup.html to enable security."],[299 Elasticsearch-7.17.12-e3b0c3d3c5c130e1dc6d567d6baef1c73eeb2059 "[ignore_throttled] parameter is deprecated because frozen indices have been deprecated. Consider cold or frozen tiers in place of frozen indices."]
2023-08-04T21:43:32.938-04:00  WARN 4865 --- [    container-1] s.a.r.l.ConditionalRejectingErrorHandler : Execution of Rabbit message listener failed.

org.springframework.amqp.rabbit.support.ListenerExecutionFailedException: Listener method 'receiveMessage' threw exception
	at org.springframework.amqp.rabbit.listener.adapter.MessageListenerAdapter.invokeListenerMethod(MessageListenerAdapter.java:374) ~[spring-rabbit-3.0.4.jar:3.0.4]
	at org.springframework.amqp.rabbit.listener.adapter.MessageListenerAdapter.onMessage(MessageListenerAdapter.java:293) ~[spring-rabbit-3.0.4.jar:3.0.4]
	at org.springframework.amqp.rabbit.listener.AbstractMessageListenerContainer.doInvokeListener(AbstractMessageListenerContainer.java:1719) ~[spring-rabbit-3.0.4.jar:3.0.4]
	at org.springframework.amqp.rabbit.listener.AbstractMessageListenerContainer.actualInvokeListener(AbstractMessageListenerContainer.java:1638) ~[spring-rabbit-3.0.4.jar:3.0.4]
	at org.springframework.amqp.rabbit.listener.AbstractMessageListenerContainer.invokeListener(AbstractMessageListenerContainer.java:1626) ~[spring-rabbit-3.0.4.jar:3.0.4]
	at org.springframework.amqp.rabbit.listener.AbstractMessageListenerContainer.doExecuteListener(AbstractMessageListenerContainer.java:1617) ~[spring-rabbit-3.0.4.jar:3.0.4]
	at org.springframework.amqp.rabbit.listener.AbstractMessageListenerContainer.executeListenerAndHandleException(AbstractMessageListenerContainer.java:1562) ~[spring-rabbit-3.0.4.jar:3.0.4]
	at org.springframework.amqp.rabbit.listener.AbstractMessageListenerContainer.lambda$executeListener$8(AbstractMessageListenerContainer.java:1541) ~[spring-rabbit-3.0.4.jar:3.0.4]
	at io.micrometer.observation.Observation.lambda$observe$0(Observation.java:493) ~[micrometer-observation-1.11.0.jar:1.11.0]
	at io.micrometer.observation.Observation.observeWithContext(Observation.java:603) ~[micrometer-observation-1.11.0.jar:1.11.0]
	at io.micrometer.observation.Observation.observe(Observation.java:492) ~[micrometer-observation-1.11.0.jar:1.11.0]
	at org.springframework.amqp.rabbit.listener.AbstractMessageListenerContainer.executeListener(AbstractMessageListenerContainer.java:1541) ~[spring-rabbit-3.0.4.jar:3.0.4]
	at org.springframework.amqp.rabbit.listener.SimpleMessageListenerContainer.doReceiveAndExecute(SimpleMessageListenerContainer.java:1001) ~[spring-rabbit-3.0.4.jar:3.0.4]
	at org.springframework.amqp.rabbit.listener.SimpleMessageListenerContainer.receiveAndExecute(SimpleMessageListenerContainer.java:948) ~[spring-rabbit-3.0.4.jar:3.0.4]
	at org.springframework.amqp.rabbit.listener.SimpleMessageListenerContainer$AsyncMessageProcessingConsumer.mainLoop(SimpleMessageListenerContainer.java:1326) ~[spring-rabbit-3.0.4.jar:3.0.4]
	at org.springframework.amqp.rabbit.listener.SimpleMessageListenerContainer$AsyncMessageProcessingConsumer.run(SimpleMessageListenerContainer.java:1232) ~[spring-rabbit-3.0.4.jar:3.0.4]
	at java.base/java.lang.Thread.run(Thread.java:1589) ~[na:na]
Caused by: org.json.JSONException: No value for objectType
	at org.json.JSONObject.get(JSONObject.java:355) ~[android-json-0.0.20131108.vaadin1.jar:0.0.20131108.vaadin1]
	at edu.neu.info5.DemoApplication.service.IndexingListener.convertMapToDocumentIndex(IndexingListener.java:152) ~[classes/:na]
	at edu.neu.info5.DemoApplication.service.IndexingListener.postDocument(IndexingListener.java:73) ~[classes/:na]
	at edu.neu.info5.DemoApplication.service.IndexingListener.receiveMessage(IndexingListener.java:51) ~[classes/:na]
	at java.base/jdk.internal.reflect.DirectMethodHandleAccessor.invoke(DirectMethodHandleAccessor.java:104) ~[na:na]
	at java.base/java.lang.reflect.Method.invoke(Method.java:578) ~[na:na]
	at org.springframework.util.MethodInvoker.invoke(MethodInvoker.java:283) ~[spring-core-6.0.9.jar:6.0.9]
	at org.springframework.amqp.rabbit.listener.adapter.MessageListenerAdapter.invokeListenerMethod(MessageListenerAdapter.java:366) ~[spring-rabbit-3.0.4.jar:3.0.4]
	... 16 common frames omitted

Message received: {body={"mapType":"class java.util.HashMap","empty":false}, operation=SAVE}
2023-08-04T21:43:32.942-04:00  WARN 4865 --- [    container-1] org.elasticsearch.client.RestClient      : request [HEAD http://localhost:9200/plan-index?ignore_throttled=false&ignore_unavailable=false&expand_wildcards=open%2Cclosed&allow_no_indices=false] returned 2 warnings: [299 Elasticsearch-7.17.12-e3b0c3d3c5c130e1dc6d567d6baef1c73eeb2059 "Elasticsearch built-in security features are not enabled. Without authentication, your cluster could be accessible to anyone. See https://www.elastic.co/guide/en/elasticsearch/reference/7.17/security-minimal-setup.html to enable security."],[299 Elasticsearch-7.17.12-e3b0c3d3c5c130e1dc6d567d6baef1c73eeb2059 "[ignore_throttled] parameter is deprecated because frozen indices have been deprecated. Consider cold or frozen tiers in place of frozen indices."]
2023-08-04T21:43:32.942-04:00  WARN 4865 --- [    container-1] s.a.r.l.ConditionalRejectingErrorHandler : Execution of Rabbit message listener failed.

org.springframework.amqp.rabbit.support.ListenerExecutionFailedException: Listener method 'receiveMessage' threw exception
	at org.springframework.amqp.rabbit.listener.adapter.MessageListenerAdapter.invokeListenerMethod(MessageListenerAdapter.java:374) ~[spring-rabbit-3.0.4.jar:3.0.4]
	at org.springframework.amqp.rabbit.listener.adapter.MessageListenerAdapter.onMessage(MessageListenerAdapter.java:293) ~[spring-rabbit-3.0.4.jar:3.0.4]
	at org.springframework.amqp.rabbit.listener.AbstractMessageListenerContainer.doInvokeListener(AbstractMessageListenerContainer.java:1719) ~[spring-rabbit-3.0.4.jar:3.0.4]
	at org.springframework.amqp.rabbit.listener.AbstractMessageListenerContainer.actualInvokeListener(AbstractMessageListenerContainer.java:1638) ~[spring-rabbit-3.0.4.jar:3.0.4]
	at org.springframework.amqp.rabbit.listener.AbstractMessageListenerContainer.invokeListener(AbstractMessageListenerContainer.java:1626) ~[spring-rabbit-3.0.4.jar:3.0.4]
	at org.springframework.amqp.rabbit.listener.AbstractMessageListenerContainer.doExecuteListener(AbstractMessageListenerContainer.java:1617) ~[spring-rabbit-3.0.4.jar:3.0.4]
	at org.springframework.amqp.rabbit.listener.AbstractMessageListenerContainer.executeListenerAndHandleException(AbstractMessageListenerContainer.java:1562) ~[spring-rabbit-3.0.4.jar:3.0.4]
	at org.springframework.amqp.rabbit.listener.AbstractMessageListenerContainer.lambda$executeListener$8(AbstractMessageListenerContainer.java:1541) ~[spring-rabbit-3.0.4.jar:3.0.4]
	at io.micrometer.observation.Observation.lambda$observe$0(Observation.java:493) ~[micrometer-observation-1.11.0.jar:1.11.0]
	at io.micrometer.observation.Observation.observeWithContext(Observation.java:603) ~[micrometer-observation-1.11.0.jar:1.11.0]
	at io.micrometer.observation.Observation.observe(Observation.java:492) ~[micrometer-observation-1.11.0.jar:1.11.0]
	at org.springframework.amqp.rabbit.listener.AbstractMessageListenerContainer.executeListener(AbstractMessageListenerContainer.java:1541) ~[spring-rabbit-3.0.4.jar:3.0.4]
	at org.springframework.amqp.rabbit.listener.SimpleMessageListenerContainer.doReceiveAndExecute(SimpleMessageListenerContainer.java:1001) ~[spring-rabbit-3.0.4.jar:3.0.4]
	at org.springframework.amqp.rabbit.listener.SimpleMessageListenerContainer.receiveAndExecute(SimpleMessageListenerContainer.java:948) ~[spring-rabbit-3.0.4.jar:3.0.4]
	at org.springframework.amqp.rabbit.listener.SimpleMessageListenerContainer$AsyncMessageProcessingConsumer.mainLoop(SimpleMessageListenerContainer.java:1326) ~[spring-rabbit-3.0.4.jar:3.0.4]
	at org.springframework.amqp.rabbit.listener.SimpleMessageListenerContainer$AsyncMessageProcessingConsumer.run(SimpleMessageListenerContainer.java:1232) ~[spring-rabbit-3.0.4.jar:3.0.4]
	at java.base/java.lang.Thread.run(Thread.java:1589) ~[na:na]
Caused by: org.json.JSONException: No value for objectType
	at org.json.JSONObject.get(JSONObject.java:355) ~[android-json-0.0.20131108.vaadin1.jar:0.0.20131108.vaadin1]
	at edu.neu.info5.DemoApplication.service.IndexingListener.convertMapToDocumentIndex(IndexingListener.java:152) ~[classes/:na]
	at edu.neu.info5.DemoApplication.service.IndexingListener.postDocument(IndexingListener.java:73) ~[classes/:na]
	at edu.neu.info5.DemoApplication.service.IndexingListener.receiveMessage(IndexingListener.java:51) ~[classes/:na]
	at java.base/jdk.internal.reflect.DirectMethodHandleAccessor.invoke(DirectMethodHandleAccessor.java:104) ~[na:na]
	at java.base/java.lang.reflect.Method.invoke(Method.java:578) ~[na:na]
	at org.springframework.util.MethodInvoker.invoke(MethodInvoker.java:283) ~[spring-core-6.0.9.jar:6.0.9]
	at org.springframework.amqp.rabbit.listener.adapter.MessageListenerAdapter.invokeListenerMethod(MessageListenerAdapter.java:366) ~[spring-rabbit-3.0.4.jar:3.0.4]
	... 16 common frames omitted

Message received: {body={"mapType":"class java.util.HashMap","empty":false}, operation=SAVE}
2023-08-04T21:43:32.946-04:00  WARN 4865 --- [    container-1] org.elasticsearch.client.RestClient      : request [HEAD http://localhost:9200/plan-index?ignore_throttled=false&ignore_unavailable=false&expand_wildcards=open%2Cclosed&allow_no_indices=false] returned 2 warnings: [299 Elasticsearch-7.17.12-e3b0c3d3c5c130e1dc6d567d6baef1c73eeb2059 "Elasticsearch built-in security features are not enabled. Without authentication, your cluster could be accessible to anyone. See https://www.elastic.co/guide/en/elasticsearch/reference/7.17/security-minimal-setup.html to enable security."],[299 Elasticsearch-7.17.12-e3b0c3d3c5c130e1dc6d567d6baef1c73eeb2059 "[ignore_throttled] parameter is deprecated because frozen indices have been deprecated. Consider cold or frozen tiers in place of frozen indices."]
2023-08-04T21:43:32.946-04:00  WARN 4865 --- [    container-1] s.a.r.l.ConditionalRejectingErrorHandler : Execution of Rabbit message listener failed.

org.springframework.amqp.rabbit.support.ListenerExecutionFailedException: Listener method 'receiveMessage' threw exception
	at org.springframework.amqp.rabbit.listener.adapter.MessageListenerAdapter.invokeListenerMethod(MessageListenerAdapter.java:374) ~[spring-rabbit-3.0.4.jar:3.0.4]
	at org.springframework.amqp.rabbit.listener.adapter.MessageListenerAdapter.onMessage(MessageListenerAdapter.java:293) ~[spring-rabbit-3.0.4.jar:3.0.4]
	at org.springframework.amqp.rabbit.listener.AbstractMessageListenerContainer.doInvokeListener(AbstractMessageListenerContainer.java:1719) ~[spring-rabbit-3.0.4.jar:3.0.4]
	at org.springframework.amqp.rabbit.listener.AbstractMessageListenerContainer.actualInvokeListener(AbstractMessageListenerContainer.java:1638) ~[spring-rabbit-3.0.4.jar:3.0.4]
	at org.springframework.amqp.rabbit.listener.AbstractMessageListenerContainer.invokeListener(AbstractMessageListenerContainer.java:1626) ~[spring-rabbit-3.0.4.jar:3.0.4]
	at org.springframework.amqp.rabbit.listener.AbstractMessageListenerContainer.doExecuteListener(AbstractMessageListenerContainer.java:1617) ~[spring-rabbit-3.0.4.jar:3.0.4]
	at org.springframework.amqp.rabbit.listener.AbstractMessageListenerContainer.executeListenerAndHandleException(AbstractMessageListenerContainer.java:1562) ~[spring-rabbit-3.0.4.jar:3.0.4]
	at org.springframework.amqp.rabbit.listener.AbstractMessageListenerContainer.lambda$executeListener$8(AbstractMessageListenerContainer.java:1541) ~[spring-rabbit-3.0.4.jar:3.0.4]
	at io.micrometer.observation.Observation.lambda$observe$0(Observation.java:493) ~[micrometer-observation-1.11.0.jar:1.11.0]
	at io.micrometer.observation.Observation.observeWithContext(Observation.java:603) ~[micrometer-observation-1.11.0.jar:1.11.0]
	at io.micrometer.observation.Observation.observe(Observation.java:492) ~[micrometer-observation-1.11.0.jar:1.11.0]
	at org.springframework.amqp.rabbit.listener.AbstractMessageListenerContainer.executeListener(AbstractMessageListenerContainer.java:1541) ~[spring-rabbit-3.0.4.jar:3.0.4]
	at org.springframework.amqp.rabbit.listener.SimpleMessageListenerContainer.doReceiveAndExecute(SimpleMessageListenerContainer.java:1001) ~[spring-rabbit-3.0.4.jar:3.0.4]
	at org.springframework.amqp.rabbit.listener.SimpleMessageListenerContainer.receiveAndExecute(SimpleMessageListenerContainer.java:948) ~[spring-rabbit-3.0.4.jar:3.0.4]
	at org.springframework.amqp.rabbit.listener.SimpleMessageListenerContainer$AsyncMessageProcessingConsumer.mainLoop(SimpleMessageListenerContainer.java:1326) ~[spring-rabbit-3.0.4.jar:3.0.4]
	at org.springframework.amqp.rabbit.listener.SimpleMessageListenerContainer$AsyncMessageProcessingConsumer.run(SimpleMessageListenerContainer.java:1232) ~[spring-rabbit-3.0.4.jar:3.0.4]
	at java.base/java.lang.Thread.run(Thread.java:1589) ~[na:na]
Caused by: org.json.JSONException: No value for objectType
	at org.json.JSONObject.get(JSONObject.java:355) ~[android-json-0.0.20131108.vaadin1.jar:0.0.20131108.vaadin1]
	at edu.neu.info5.DemoApplication.service.IndexingListener.convertMapToDocumentIndex(IndexingListener.java:152) ~[classes/:na]
	at edu.neu.info5.DemoApplication.service.IndexingListener.postDocument(IndexingListener.java:73) ~[classes/:na]
	at edu.neu.info5.DemoApplication.service.IndexingListener.receiveMessage(IndexingListener.java:51) ~[classes/:na]
	at java.base/jdk.internal.reflect.DirectMethodHandleAccessor.invoke(DirectMethodHandleAccessor.java:104) ~[na:na]
	at java.base/java.lang.reflect.Method.invoke(Method.java:578) ~[na:na]
	at org.springframework.util.MethodInvoker.invoke(MethodInvoker.java:283) ~[spring-core-6.0.9.jar:6.0.9]
	at org.springframework.amqp.rabbit.listener.adapter.MessageListenerAdapter.invokeListenerMethod(MessageListenerAdapter.java:366) ~[spring-rabbit-3.0.4.jar:3.0.4]
	... 16 common frames omitted

Message received: {body={"mapType":"class java.util.HashMap","empty":false}, operation=SAVE}
2023-08-04T21:43:32.949-04:00  WARN 4865 --- [    container-1] org.elasticsearch.client.RestClient      : request [HEAD http://localhost:9200/plan-index?ignore_throttled=false&ignore_unavailable=false&expand_wildcards=open%2Cclosed&allow_no_indices=false] returned 2 warnings: [299 Elasticsearch-7.17.12-e3b0c3d3c5c130e1dc6d567d6baef1c73eeb2059 "Elasticsearch built-in security features are not enabled. Without authentication, your cluster could be accessible to anyone. See https://www.elastic.co/guide/en/elasticsearch/reference/7.17/security-minimal-setup.html to enable security."],[299 Elasticsearch-7.17.12-e3b0c3d3c5c130e1dc6d567d6baef1c73eeb2059 "[ignore_throttled] parameter is deprecated because frozen indices have been deprecated. Consider cold or frozen tiers in place of frozen indices."]
2023-08-04T21:43:32.949-04:00  WARN 4865 --- [    container-1] s.a.r.l.ConditionalRejectingErrorHandler : Execution of Rabbit message listener failed.

org.springframework.amqp.rabbit.support.ListenerExecutionFailedException: Listener method 'receiveMessage' threw exception
	at org.springframework.amqp.rabbit.listener.adapter.MessageListenerAdapter.invokeListenerMethod(MessageListenerAdapter.java:374) ~[spring-rabbit-3.0.4.jar:3.0.4]
	at org.springframework.amqp.rabbit.listener.adapter.MessageListenerAdapter.onMessage(MessageListenerAdapter.java:293) ~[spring-rabbit-3.0.4.jar:3.0.4]
	at org.springframework.amqp.rabbit.listener.AbstractMessageListenerContainer.doInvokeListener(AbstractMessageListenerContainer.java:1719) ~[spring-rabbit-3.0.4.jar:3.0.4]
	at org.springframework.amqp.rabbit.listener.AbstractMessageListenerContainer.actualInvokeListener(AbstractMessageListenerContainer.java:1638) ~[spring-rabbit-3.0.4.jar:3.0.4]
	at org.springframework.amqp.rabbit.listener.AbstractMessageListenerContainer.invokeListener(AbstractMessageListenerContainer.java:1626) ~[spring-rabbit-3.0.4.jar:3.0.4]
	at org.springframework.amqp.rabbit.listener.AbstractMessageListenerContainer.doExecuteListener(AbstractMessageListenerContainer.java:1617) ~[spring-rabbit-3.0.4.jar:3.0.4]
	at org.springframework.amqp.rabbit.listener.AbstractMessageListenerContainer.executeListenerAndHandleException(AbstractMessageListenerContainer.java:1562) ~[spring-rabbit-3.0.4.jar:3.0.4]
	at org.springframework.amqp.rabbit.listener.AbstractMessageListenerContainer.lambda$executeListener$8(AbstractMessageListenerContainer.java:1541) ~[spring-rabbit-3.0.4.jar:3.0.4]
	at io.micrometer.observation.Observation.lambda$observe$0(Observation.java:493) ~[micrometer-observation-1.11.0.jar:1.11.0]
	at io.micrometer.observation.Observation.observeWithContext(Observation.java:603) ~[micrometer-observation-1.11.0.jar:1.11.0]
	at io.micrometer.observation.Observation.observe(Observation.java:492) ~[micrometer-observation-1.11.0.jar:1.11.0]
	at org.springframework.amqp.rabbit.listener.AbstractMessageListenerContainer.executeListener(AbstractMessageListenerContainer.java:1541) ~[spring-rabbit-3.0.4.jar:3.0.4]
	at org.springframework.amqp.rabbit.listener.SimpleMessageListenerContainer.doReceiveAndExecute(SimpleMessageListenerContainer.java:1001) ~[spring-rabbit-3.0.4.jar:3.0.4]
	at org.springframework.amqp.rabbit.listener.SimpleMessageListenerContainer.receiveAndExecute(SimpleMessageListenerContainer.java:948) ~[spring-rabbit-3.0.4.jar:3.0.4]
	at org.springframework.amqp.rabbit.listener.SimpleMessageListenerContainer$AsyncMessageProcessingConsumer.mainLoop(SimpleMessageListenerContainer.java:1326) ~[spring-rabbit-3.0.4.jar:3.0.4]
	at org.springframework.amqp.rabbit.listener.SimpleMessageListenerContainer$AsyncMessageProcessingConsumer.run(SimpleMessageListenerContainer.java:1232) ~[spring-rabbit-3.0.4.jar:3.0.4]
	at java.base/java.lang.Thread.run(Thread.java:1589) ~[na:na]
Caused by: org.json.JSONException: No value for objectType
	at org.json.JSONObject.get(JSONObject.java:355) ~[android-json-0.0.20131108.vaadin1.jar:0.0.20131108.vaadin1]
	at edu.neu.info5.DemoApplication.service.IndexingListener.convertMapToDocumentIndex(IndexingListener.java:152) ~[classes/:na]
	at edu.neu.info5.DemoApplication.service.IndexingListener.postDocument(IndexingListener.java:73) ~[classes/:na]
	at edu.neu.info5.DemoApplication.service.IndexingListener.receiveMessage(IndexingListener.java:51) ~[classes/:na]
	at java.base/jdk.internal.reflect.DirectMethodHandleAccessor.invoke(DirectMethodHandleAccessor.java:104) ~[na:na]
	at java.base/java.lang.reflect.Method.invoke(Method.java:578) ~[na:na]
	at org.springframework.util.MethodInvoker.invoke(MethodInvoker.java:283) ~[spring-core-6.0.9.jar:6.0.9]
	at org.springframework.amqp.rabbit.listener.adapter.MessageListenerAdapter.invokeListenerMethod(MessageListenerAdapter.java:366) ~[spring-rabbit-3.0.4.jar:3.0.4]
	... 16 common frames omitted

Message received: {body={"mapType":"class java.util.HashMap","empty":false}, operation=SAVE}
2023-08-04T21:43:32.953-04:00  WARN 4865 --- [    container-1] org.elasticsearch.client.RestClient      : request [HEAD http://localhost:9200/plan-index?ignore_throttled=false&ignore_unavailable=false&expand_wildcards=open%2Cclosed&allow_no_indices=false] returned 2 warnings: [299 Elasticsearch-7.17.12-e3b0c3d3c5c130e1dc6d567d6baef1c73eeb2059 "Elasticsearch built-in security features are not enabled. Without authentication, your cluster could be accessible to anyone. See https://www.elastic.co/guide/en/elasticsearch/reference/7.17/security-minimal-setup.html to enable security."],[299 Elasticsearch-7.17.12-e3b0c3d3c5c130e1dc6d567d6baef1c73eeb2059 "[ignore_throttled] parameter is deprecated because frozen indices have been deprecated. Consider cold or frozen tiers in place of frozen indices."]
2023-08-04T21:43:32.953-04:00  WARN 4865 --- [    container-1] s.a.r.l.ConditionalRejectingErrorHandler : Execution of Rabbit message listener failed.

org.springframework.amqp.rabbit.support.ListenerExecutionFailedException: Listener method 'receiveMessage' threw exception
	at org.springframework.amqp.rabbit.listener.adapter.MessageListenerAdapter.invokeListenerMethod(MessageListenerAdapter.java:374) ~[spring-rabbit-3.0.4.jar:3.0.4]
	at org.springframework.amqp.rabbit.listener.adapter.MessageListenerAdapter.onMessage(MessageListenerAdapter.java:293) ~[spring-rabbit-3.0.4.jar:3.0.4]
	at org.springframework.amqp.rabbit.listener.AbstractMessageListenerContainer.doInvokeListener(AbstractMessageListenerContainer.java:1719) ~[spring-rabbit-3.0.4.jar:3.0.4]
	at org.springframework.amqp.rabbit.listener.AbstractMessageListenerContainer.actualInvokeListener(AbstractMessageListenerContainer.java:1638) ~[spring-rabbit-3.0.4.jar:3.0.4]
	at org.springframework.amqp.rabbit.listener.AbstractMessageListenerContainer.invokeListener(AbstractMessageListenerContainer.java:1626) ~[spring-rabbit-3.0.4.jar:3.0.4]
	at org.springframework.amqp.rabbit.listener.AbstractMessageListenerContainer.doExecuteListener(AbstractMessageListenerContainer.java:1617) ~[spring-rabbit-3.0.4.jar:3.0.4]
	at org.springframework.amqp.rabbit.listener.AbstractMessageListenerContainer.executeListenerAndHandleException(AbstractMessageListenerContainer.java:1562) ~[spring-rabbit-3.0.4.jar:3.0.4]
	at org.springframework.amqp.rabbit.listener.AbstractMessageListenerContainer.lambda$executeListener$8(AbstractMessageListenerContainer.java:1541) ~[spring-rabbit-3.0.4.jar:3.0.4]
	at io.micrometer.observation.Observation.lambda$observe$0(Observation.java:493) ~[micrometer-observation-1.11.0.jar:1.11.0]
	at io.micrometer.observation.Observation.observeWithContext(Observation.java:603) ~[micrometer-observation-1.11.0.jar:1.11.0]
	at io.micrometer.observation.Observation.observe(Observation.java:492) ~[micrometer-observation-1.11.0.jar:1.11.0]
	at org.springframework.amqp.rabbit.listener.AbstractMessageListenerContainer.executeListener(AbstractMessageListenerContainer.java:1541) ~[spring-rabbit-3.0.4.jar:3.0.4]
	at org.springframework.amqp.rabbit.listener.SimpleMessageListenerContainer.doReceiveAndExecute(SimpleMessageListenerContainer.java:1001) ~[spring-rabbit-3.0.4.jar:3.0.4]
	at org.springframework.amqp.rabbit.listener.SimpleMessageListenerContainer.receiveAndExecute(SimpleMessageListenerContainer.java:948) ~[spring-rabbit-3.0.4.jar:3.0.4]
	at org.springframework.amqp.rabbit.listener.SimpleMessageListenerContainer$AsyncMessageProcessingConsumer.mainLoop(SimpleMessageListenerContainer.java:1326) ~[spring-rabbit-3.0.4.jar:3.0.4]
	at org.springframework.amqp.rabbit.listener.SimpleMessageListenerContainer$AsyncMessageProcessingConsumer.run(SimpleMessageListenerContainer.java:1232) ~[spring-rabbit-3.0.4.jar:3.0.4]
	at java.base/java.lang.Thread.run(Thread.java:1589) ~[na:na]
Caused by: org.json.JSONException: No value for objectType
	at org.json.JSONObject.get(JSONObject.java:355) ~[android-json-0.0.20131108.vaadin1.jar:0.0.20131108.vaadin1]
	at edu.neu.info5.DemoApplication.service.IndexingListener.convertMapToDocumentIndex(IndexingListener.java:152) ~[classes/:na]
	at edu.neu.info5.DemoApplication.service.IndexingListener.postDocument(IndexingListener.java:73) ~[classes/:na]
	at edu.neu.info5.DemoApplication.service.IndexingListener.receiveMessage(IndexingListener.java:51) ~[classes/:na]
	at java.base/jdk.internal.reflect.DirectMethodHandleAccessor.invoke(DirectMethodHandleAccessor.java:104) ~[na:na]
	at java.base/java.lang.reflect.Method.invoke(Method.java:578) ~[na:na]
	at org.springframework.util.MethodInvoker.invoke(MethodInvoker.java:283) ~[spring-core-6.0.9.jar:6.0.9]
	at org.springframework.amqp.rabbit.listener.adapter.MessageListenerAdapter.invokeListenerMethod(MessageListenerAdapter.java:366) ~[spring-rabbit-3.0.4.jar:3.0.4]
	... 16 common frames omitted

Message received: {body={"mapType":"class java.util.HashMap","empty":false}, operation=SAVE}
2023-08-04T21:43:32.956-04:00  WARN 4865 --- [    container-1] org.elasticsearch.client.RestClient      : request [HEAD http://localhost:9200/plan-index?ignore_throttled=false&ignore_unavailable=false&expand_wildcards=open%2Cclosed&allow_no_indices=false] returned 2 warnings: [299 Elasticsearch-7.17.12-e3b0c3d3c5c130e1dc6d567d6baef1c73eeb2059 "Elasticsearch built-in security features are not enabled. Without authentication, your cluster could be accessible to anyone. See https://www.elastic.co/guide/en/elasticsearch/reference/7.17/security-minimal-setup.html to enable security."],[299 Elasticsearch-7.17.12-e3b0c3d3c5c130e1dc6d567d6baef1c73eeb2059 "[ignore_throttled] parameter is deprecated because frozen indices have been deprecated. Consider cold or frozen tiers in place of frozen indices."]
2023-08-04T21:43:32.957-04:00  WARN 4865 --- [    container-1] s.a.r.l.ConditionalRejectingErrorHandler : Execution of Rabbit message listener failed.

org.springframework.amqp.rabbit.support.ListenerExecutionFailedException: Listener method 'receiveMessage' threw exception
	at org.springframework.amqp.rabbit.listener.adapter.MessageListenerAdapter.invokeListenerMethod(MessageListenerAdapter.java:374) ~[spring-rabbit-3.0.4.jar:3.0.4]
	at org.springframework.amqp.rabbit.listener.adapter.MessageListenerAdapter.onMessage(MessageListenerAdapter.java:293) ~[spring-rabbit-3.0.4.jar:3.0.4]
	at org.springframework.amqp.rabbit.listener.AbstractMessageListenerContainer.doInvokeListener(AbstractMessageListenerContainer.java:1719) ~[spring-rabbit-3.0.4.jar:3.0.4]
	at org.springframework.amqp.rabbit.listener.AbstractMessageListenerContainer.actualInvokeListener(AbstractMessageListenerContainer.java:1638) ~[spring-rabbit-3.0.4.jar:3.0.4]
	at org.springframework.amqp.rabbit.listener.AbstractMessageListenerContainer.invokeListener(AbstractMessageListenerContainer.java:1626) ~[spring-rabbit-3.0.4.jar:3.0.4]
	at org.springframework.amqp.rabbit.listener.AbstractMessageListenerContainer.doExecuteListener(AbstractMessageListenerContainer.java:1617) ~[spring-rabbit-3.0.4.jar:3.0.4]
	at org.springframework.amqp.rabbit.listener.AbstractMessageListenerContainer.executeListenerAndHandleException(AbstractMessageListenerContainer.java:1562) ~[spring-rabbit-3.0.4.jar:3.0.4]
	at org.springframework.amqp.rabbit.listener.AbstractMessageListenerContainer.lambda$executeListener$8(AbstractMessageListenerContainer.java:1541) ~[spring-rabbit-3.0.4.jar:3.0.4]
	at io.micrometer.observation.Observation.lambda$observe$0(Observation.java:493) ~[micrometer-observation-1.11.0.jar:1.11.0]
	at io.micrometer.observation.Observation.observeWithContext(Observation.java:603) ~[micrometer-observation-1.11.0.jar:1.11.0]
	at io.micrometer.observation.Observation.observe(Observation.java:492) ~[micrometer-observation-1.11.0.jar:1.11.0]
	at org.springframework.amqp.rabbit.listener.AbstractMessageListenerContainer.executeListener(AbstractMessageListenerContainer.java:1541) ~[spring-rabbit-3.0.4.jar:3.0.4]
	at org.springframework.amqp.rabbit.listener.SimpleMessageListenerContainer.doReceiveAndExecute(SimpleMessageListenerContainer.java:1001) ~[spring-rabbit-3.0.4.jar:3.0.4]
	at org.springframework.amqp.rabbit.listener.SimpleMessageListenerContainer.receiveAndExecute(SimpleMessageListenerContainer.java:948) ~[spring-rabbit-3.0.4.jar:3.0.4]
	at org.springframework.amqp.rabbit.listener.SimpleMessageListenerContainer$AsyncMessageProcessingConsumer.mainLoop(SimpleMessageListenerContainer.java:1326) ~[spring-rabbit-3.0.4.jar:3.0.4]
	at org.springframework.amqp.rabbit.listener.SimpleMessageListenerContainer$AsyncMessageProcessingConsumer.run(SimpleMessageListenerContainer.java:1232) ~[spring-rabbit-3.0.4.jar:3.0.4]
	at java.base/java.lang.Thread.run(Thread.java:1589) ~[na:na]
Caused by: org.json.JSONException: No value for objectType
	at org.json.JSONObject.get(JSONObject.java:355) ~[android-json-0.0.20131108.vaadin1.jar:0.0.20131108.vaadin1]
	at edu.neu.info5.DemoApplication.service.IndexingListener.convertMapToDocumentIndex(IndexingListener.java:152) ~[classes/:na]
	at edu.neu.info5.DemoApplication.service.IndexingListener.postDocument(IndexingListener.java:73) ~[classes/:na]
	at edu.neu.info5.DemoApplication.service.IndexingListener.receiveMessage(IndexingListener.java:51) ~[classes/:na]
	at java.base/jdk.internal.reflect.DirectMethodHandleAccessor.invoke(DirectMethodHandleAccessor.java:104) ~[na:na]
	at java.base/java.lang.reflect.Method.invoke(Method.java:578) ~[na:na]
	at org.springframework.util.MethodInvoker.invoke(MethodInvoker.java:283) ~[spring-core-6.0.9.jar:6.0.9]
	at org.springframework.amqp.rabbit.listener.adapter.MessageListenerAdapter.invokeListenerMethod(MessageListenerAdapter.java:366) ~[spring-rabbit-3.0.4.jar:3.0.4]
	... 16 common frames omitted

Message received: {body={"mapType":"class java.util.HashMap","empty":false}, operation=SAVE}
2023-08-04T21:43:32.958-04:00  WARN 4865 --- [    container-1] org.elasticsearch.client.RestClient      : request [HEAD http://localhost:9200/plan-index?ignore_throttled=false&ignore_unavailable=false&expand_wildcards=open%2Cclosed&allow_no_indices=false] returned 2 warnings: [299 Elasticsearch-7.17.12-e3b0c3d3c5c130e1dc6d567d6baef1c73eeb2059 "Elasticsearch built-in security features are not enabled. Without authentication, your cluster could be accessible to anyone. See https://www.elastic.co/guide/en/elasticsearch/reference/7.17/security-minimal-setup.html to enable security."],[299 Elasticsearch-7.17.12-e3b0c3d3c5c130e1dc6d567d6baef1c73eeb2059 "[ignore_throttled] parameter is deprecated because frozen indices have been deprecated. Consider cold or frozen tiers in place of frozen indices."]
2023-08-04T21:43:32.958-04:00  WARN 4865 --- [    container-1] s.a.r.l.ConditionalRejectingErrorHandler : Execution of Rabbit message listener failed.

org.springframework.amqp.rabbit.support.ListenerExecutionFailedException: Listener method 'receiveMessage' threw exception
	at org.springframework.amqp.rabbit.listener.adapter.MessageListenerAdapter.invokeListenerMethod(MessageListenerAdapter.java:374) ~[spring-rabbit-3.0.4.jar:3.0.4]
	at org.springframework.amqp.rabbit.listener.adapter.MessageListenerAdapter.onMessage(MessageListenerAdapter.java:293) ~[spring-rabbit-3.0.4.jar:3.0.4]
	at org.springframework.amqp.rabbit.listener.AbstractMessageListenerContainer.doInvokeListener(AbstractMessageListenerContainer.java:1719) ~[spring-rabbit-3.0.4.jar:3.0.4]
	at org.springframework.amqp.rabbit.listener.AbstractMessageListenerContainer.actualInvokeListener(AbstractMessageListenerContainer.java:1638) ~[spring-rabbit-3.0.4.jar:3.0.4]
	at org.springframework.amqp.rabbit.listener.AbstractMessageListenerContainer.invokeListener(AbstractMessageListenerContainer.java:1626) ~[spring-rabbit-3.0.4.jar:3.0.4]
	at org.springframework.amqp.rabbit.listener.AbstractMessageListenerContainer.doExecuteListener(AbstractMessageListenerContainer.java:1617) ~[spring-rabbit-3.0.4.jar:3.0.4]
	at org.springframework.amqp.rabbit.listener.AbstractMessageListenerContainer.executeListenerAndHandleException(AbstractMessageListenerContainer.java:1562) ~[spring-rabbit-3.0.4.jar:3.0.4]
	at org.springframework.amqp.rabbit.listener.AbstractMessageListenerContainer.lambda$executeListener$8(AbstractMessageListenerContainer.java:1541) ~[spring-rabbit-3.0.4.jar:3.0.4]
	at io.micrometer.observation.Observation.lambda$observe$0(Observation.java:493) ~[micrometer-observation-1.11.0.jar:1.11.0]
	at io.micrometer.observation.Observation.observeWithContext(Observation.java:603) ~[micrometer-observation-1.11.0.jar:1.11.0]
	at io.micrometer.observation.Observation.observe(Observation.java:492) ~[micrometer-observation-1.11.0.jar:1.11.0]
	at org.springframework.amqp.rabbit.listener.AbstractMessageListenerContainer.executeListener(AbstractMessageListenerContainer.java:1541) ~[spring-rabbit-3.0.4.jar:3.0.4]
	at org.springframework.amqp.rabbit.listener.SimpleMessageListenerContainer.doReceiveAndExecute(SimpleMessageListenerContainer.java:1001) ~[spring-rabbit-3.0.4.jar:3.0.4]
	at org.springframework.amqp.rabbit.listener.SimpleMessageListenerContainer.receiveAndExecute(SimpleMessageListenerContainer.java:948) ~[spring-rabbit-3.0.4.jar:3.0.4]
	at org.springframework.amqp.rabbit.listener.SimpleMessageListenerContainer$AsyncMessageProcessingConsumer.mainLoop(SimpleMessageListenerContainer.java:1326) ~[spring-rabbit-3.0.4.jar:3.0.4]
	at org.springframework.amqp.rabbit.listener.SimpleMessageListenerContainer$AsyncMessageProcessingConsumer.run(SimpleMessageListenerContainer.java:1232) ~[spring-rabbit-3.0.4.jar:3.0.4]
	at java.base/java.lang.Thread.run(Thread.java:1589) ~[na:na]
Caused by: org.json.JSONException: No value for objectType
	at org.json.JSONObject.get(JSONObject.java:355) ~[android-json-0.0.20131108.vaadin1.jar:0.0.20131108.vaadin1]
	at edu.neu.info5.DemoApplication.service.IndexingListener.convertMapToDocumentIndex(IndexingListener.java:152) ~[classes/:na]
	at edu.neu.info5.DemoApplication.service.IndexingListener.postDocument(IndexingListener.java:73) ~[classes/:na]
	at edu.neu.info5.DemoApplication.service.IndexingListener.receiveMessage(IndexingListener.java:51) ~[classes/:na]
	at java.base/jdk.internal.reflect.DirectMethodHandleAccessor.invoke(DirectMethodHandleAccessor.java:104) ~[na:na]
	at java.base/java.lang.reflect.Method.invoke(Method.java:578) ~[na:na]
	at org.springframework.util.MethodInvoker.invoke(MethodInvoker.java:283) ~[spring-core-6.0.9.jar:6.0.9]
	at org.springframework.amqp.rabbit.listener.adapter.MessageListenerAdapter.invokeListenerMethod(MessageListenerAdapter.java:366) ~[spring-rabbit-3.0.4.jar:3.0.4]
	... 16 common frames omitted

Message received: {body={"mapType":"class java.util.HashMap","empty":false}, operation=SAVE}
2023-08-04T21:43:32.961-04:00  WARN 4865 --- [    container-1] org.elasticsearch.client.RestClient      : request [HEAD http://localhost:9200/plan-index?ignore_throttled=false&ignore_unavailable=false&expand_wildcards=open%2Cclosed&allow_no_indices=false] returned 2 warnings: [299 Elasticsearch-7.17.12-e3b0c3d3c5c130e1dc6d567d6baef1c73eeb2059 "Elasticsearch built-in security features are not enabled. Without authentication, your cluster could be accessible to anyone. See https://www.elastic.co/guide/en/elasticsearch/reference/7.17/security-minimal-setup.html to enable security."],[299 Elasticsearch-7.17.12-e3b0c3d3c5c130e1dc6d567d6baef1c73eeb2059 "[ignore_throttled] parameter is deprecated because frozen indices have been deprecated. Consider cold or frozen tiers in place of frozen indices."]
2023-08-04T21:43:32.961-04:00  WARN 4865 --- [    container-1] s.a.r.l.ConditionalRejectingErrorHandler : Execution of Rabbit message listener failed.

org.springframework.amqp.rabbit.support.ListenerExecutionFailedException: Listener method 'receiveMessage' threw exception
	at org.springframework.amqp.rabbit.listener.adapter.MessageListenerAdapter.invokeListenerMethod(MessageListenerAdapter.java:374) ~[spring-rabbit-3.0.4.jar:3.0.4]
	at org.springframework.amqp.rabbit.listener.adapter.MessageListenerAdapter.onMessage(MessageListenerAdapter.java:293) ~[spring-rabbit-3.0.4.jar:3.0.4]
	at org.springframework.amqp.rabbit.listener.AbstractMessageListenerContainer.doInvokeListener(AbstractMessageListenerContainer.java:1719) ~[spring-rabbit-3.0.4.jar:3.0.4]
	at org.springframework.amqp.rabbit.listener.AbstractMessageListenerContainer.actualInvokeListener(AbstractMessageListenerContainer.java:1638) ~[spring-rabbit-3.0.4.jar:3.0.4]
	at org.springframework.amqp.rabbit.listener.AbstractMessageListenerContainer.invokeListener(AbstractMessageListenerContainer.java:1626) ~[spring-rabbit-3.0.4.jar:3.0.4]
	at org.springframework.amqp.rabbit.listener.AbstractMessageListenerContainer.doExecuteListener(AbstractMessageListenerContainer.java:1617) ~[spring-rabbit-3.0.4.jar:3.0.4]
	at org.springframework.amqp.rabbit.listener.AbstractMessageListenerContainer.executeListenerAndHandleException(AbstractMessageListenerContainer.java:1562) ~[spring-rabbit-3.0.4.jar:3.0.4]
	at org.springframework.amqp.rabbit.listener.AbstractMessageListenerContainer.lambda$executeListener$8(AbstractMessageListenerContainer.java:1541) ~[spring-rabbit-3.0.4.jar:3.0.4]
	at io.micrometer.observation.Observation.lambda$observe$0(Observation.java:493) ~[micrometer-observation-1.11.0.jar:1.11.0]
	at io.micrometer.observation.Observation.observeWithContext(Observation.java:603) ~[micrometer-observation-1.11.0.jar:1.11.0]
	at io.micrometer.observation.Observation.observe(Observation.java:492) ~[micrometer-observation-1.11.0.jar:1.11.0]
	at org.springframework.amqp.rabbit.listener.AbstractMessageListenerContainer.executeListener(AbstractMessageListenerContainer.java:1541) ~[spring-rabbit-3.0.4.jar:3.0.4]
	at org.springframework.amqp.rabbit.listener.SimpleMessageListenerContainer.doReceiveAndExecute(SimpleMessageListenerContainer.java:1001) ~[spring-rabbit-3.0.4.jar:3.0.4]
	at org.springframework.amqp.rabbit.listener.SimpleMessageListenerContainer.receiveAndExecute(SimpleMessageListenerContainer.java:948) ~[spring-rabbit-3.0.4.jar:3.0.4]
	at org.springframework.amqp.rabbit.listener.SimpleMessageListenerContainer$AsyncMessageProcessingConsumer.mainLoop(SimpleMessageListenerContainer.java:1326) ~[spring-rabbit-3.0.4.jar:3.0.4]
	at org.springframework.amqp.rabbit.listener.SimpleMessageListenerContainer$AsyncMessageProcessingConsumer.run(SimpleMessageListenerContainer.java:1232) ~[spring-rabbit-3.0.4.jar:3.0.4]
	at java.base/java.lang.Thread.run(Thread.java:1589) ~[na:na]
Caused by: org.json.JSONException: No value for objectType
	at org.json.JSONObject.get(JSONObject.java:355) ~[android-json-0.0.20131108.vaadin1.jar:0.0.20131108.vaadin1]
	at edu.neu.info5.DemoApplication.service.IndexingListener.convertMapToDocumentIndex(IndexingListener.java:152) ~[classes/:na]
	at edu.neu.info5.DemoApplication.service.IndexingListener.postDocument(IndexingListener.java:73) ~[classes/:na]
	at edu.neu.info5.DemoApplication.service.IndexingListener.receiveMessage(IndexingListener.java:51) ~[classes/:na]
	at java.base/jdk.internal.reflect.DirectMethodHandleAccessor.invoke(DirectMethodHandleAccessor.java:104) ~[na:na]
	at java.base/java.lang.reflect.Method.invoke(Method.java:578) ~[na:na]
	at org.springframework.util.MethodInvoker.invoke(MethodInvoker.java:283) ~[spring-core-6.0.9.jar:6.0.9]
	at org.springframework.amqp.rabbit.listener.adapter.MessageListenerAdapter.invokeListenerMethod(MessageListenerAdapter.java:366) ~[spring-rabbit-3.0.4.jar:3.0.4]
	... 16 common frames omitted

Message received: {body={"mapType":"class java.util.HashMap","empty":false}, operation=SAVE}
2023-08-04T21:43:32.964-04:00  WARN 4865 --- [    container-1] org.elasticsearch.client.RestClient      : request [HEAD http://localhost:9200/plan-index?ignore_throttled=false&ignore_unavailable=false&expand_wildcards=open%2Cclosed&allow_no_indices=false] returned 2 warnings: [299 Elasticsearch-7.17.12-e3b0c3d3c5c130e1dc6d567d6baef1c73eeb2059 "Elasticsearch built-in security features are not enabled. Without authentication, your cluster could be accessible to anyone. See https://www.elastic.co/guide/en/elasticsearch/reference/7.17/security-minimal-setup.html to enable security."],[299 Elasticsearch-7.17.12-e3b0c3d3c5c130e1dc6d567d6baef1c73eeb2059 "[ignore_throttled] parameter is deprecated because frozen indices have been deprecated. Consider cold or frozen tiers in place of frozen indices."]
2023-08-04T21:43:32.964-04:00  WARN 4865 --- [    container-1] s.a.r.l.ConditionalRejectingErrorHandler : Execution of Rabbit message listener failed.

org.springframework.amqp.rabbit.support.ListenerExecutionFailedException: Listener method 'receiveMessage' threw exception
	at org.springframework.amqp.rabbit.listener.adapter.MessageListenerAdapter.invokeListenerMethod(MessageListenerAdapter.java:374) ~[spring-rabbit-3.0.4.jar:3.0.4]
	at org.springframework.amqp.rabbit.listener.adapter.MessageListenerAdapter.onMessage(MessageListenerAdapter.java:293) ~[spring-rabbit-3.0.4.jar:3.0.4]
	at org.springframework.amqp.rabbit.listener.AbstractMessageListenerContainer.doInvokeListener(AbstractMessageListenerContainer.java:1719) ~[spring-rabbit-3.0.4.jar:3.0.4]
	at org.springframework.amqp.rabbit.listener.AbstractMessageListenerContainer.actualInvokeListener(AbstractMessageListenerContainer.java:1638) ~[spring-rabbit-3.0.4.jar:3.0.4]
	at org.springframework.amqp.rabbit.listener.AbstractMessageListenerContainer.invokeListener(AbstractMessageListenerContainer.java:1626) ~[spring-rabbit-3.0.4.jar:3.0.4]
	at org.springframework.amqp.rabbit.listener.AbstractMessageListenerContainer.doExecuteListener(AbstractMessageListenerContainer.java:1617) ~[spring-rabbit-3.0.4.jar:3.0.4]
	at org.springframework.amqp.rabbit.listener.AbstractMessageListenerContainer.executeListenerAndHandleException(AbstractMessageListenerContainer.java:1562) ~[spring-rabbit-3.0.4.jar:3.0.4]
	at org.springframework.amqp.rabbit.listener.AbstractMessageListenerContainer.lambda$executeListener$8(AbstractMessageListenerContainer.java:1541) ~[spring-rabbit-3.0.4.jar:3.0.4]
	at io.micrometer.observation.Observation.lambda$observe$0(Observation.java:493) ~[micrometer-observation-1.11.0.jar:1.11.0]
	at io.micrometer.observation.Observation.observeWithContext(Observation.java:603) ~[micrometer-observation-1.11.0.jar:1.11.0]
	at io.micrometer.observation.Observation.observe(Observation.java:492) ~[micrometer-observation-1.11.0.jar:1.11.0]
	at org.springframework.amqp.rabbit.listener.AbstractMessageListenerContainer.executeListener(AbstractMessageListenerContainer.java:1541) ~[spring-rabbit-3.0.4.jar:3.0.4]
	at org.springframework.amqp.rabbit.listener.SimpleMessageListenerContainer.doReceiveAndExecute(SimpleMessageListenerContainer.java:1001) ~[spring-rabbit-3.0.4.jar:3.0.4]
	at org.springframework.amqp.rabbit.listener.SimpleMessageListenerContainer.receiveAndExecute(SimpleMessageListenerContainer.java:948) ~[spring-rabbit-3.0.4.jar:3.0.4]
	at org.springframework.amqp.rabbit.listener.SimpleMessageListenerContainer$AsyncMessageProcessingConsumer.mainLoop(SimpleMessageListenerContainer.java:1326) ~[spring-rabbit-3.0.4.jar:3.0.4]
	at org.springframework.amqp.rabbit.listener.SimpleMessageListenerContainer$AsyncMessageProcessingConsumer.run(SimpleMessageListenerContainer.java:1232) ~[spring-rabbit-3.0.4.jar:3.0.4]
	at java.base/java.lang.Thread.run(Thread.java:1589) ~[na:na]
Caused by: org.json.JSONException: No value for objectType
	at org.json.JSONObject.get(JSONObject.java:355) ~[android-json-0.0.20131108.vaadin1.jar:0.0.20131108.vaadin1]
	at edu.neu.info5.DemoApplication.service.IndexingListener.convertMapToDocumentIndex(IndexingListener.java:152) ~[classes/:na]
	at edu.neu.info5.DemoApplication.service.IndexingListener.postDocument(IndexingListener.java:73) ~[classes/:na]
	at edu.neu.info5.DemoApplication.service.IndexingListener.receiveMessage(IndexingListener.java:51) ~[classes/:na]
	at java.base/jdk.internal.reflect.DirectMethodHandleAccessor.invoke(DirectMethodHandleAccessor.java:104) ~[na:na]
	at java.base/java.lang.reflect.Method.invoke(Method.java:578) ~[na:na]
	at org.springframework.util.MethodInvoker.invoke(MethodInvoker.java:283) ~[spring-core-6.0.9.jar:6.0.9]
	at org.springframework.amqp.rabbit.listener.adapter.MessageListenerAdapter.invokeListenerMethod(MessageListenerAdapter.java:366) ~[spring-rabbit-3.0.4.jar:3.0.4]
	... 16 common frames omitted

Message received: {body={"mapType":"class java.util.HashMap","empty":false}, operation=SAVE}
2023-08-04T21:43:32.966-04:00  WARN 4865 --- [    container-1] org.elasticsearch.client.RestClient      : request [HEAD http://localhost:9200/plan-index?ignore_throttled=false&ignore_unavailable=false&expand_wildcards=open%2Cclosed&allow_no_indices=false] returned 2 warnings: [299 Elasticsearch-7.17.12-e3b0c3d3c5c130e1dc6d567d6baef1c73eeb2059 "Elasticsearch built-in security features are not enabled. Without authentication, your cluster could be accessible to anyone. See https://www.elastic.co/guide/en/elasticsearch/reference/7.17/security-minimal-setup.html to enable security."],[299 Elasticsearch-7.17.12-e3b0c3d3c5c130e1dc6d567d6baef1c73eeb2059 "[ignore_throttled] parameter is deprecated because frozen indices have been deprecated. Consider cold or frozen tiers in place of frozen indices."]
2023-08-04T21:43:32.966-04:00  WARN 4865 --- [    container-1] s.a.r.l.ConditionalRejectingErrorHandler : Execution of Rabbit message listener failed.

org.springframework.amqp.rabbit.support.ListenerExecutionFailedException: Listener method 'receiveMessage' threw exception
	at org.springframework.amqp.rabbit.listener.adapter.MessageListenerAdapter.invokeListenerMethod(MessageListenerAdapter.java:374) ~[spring-rabbit-3.0.4.jar:3.0.4]
	at org.springframework.amqp.rabbit.listener.adapter.MessageListenerAdapter.onMessage(MessageListenerAdapter.java:293) ~[spring-rabbit-3.0.4.jar:3.0.4]
	at org.springframework.amqp.rabbit.listener.AbstractMessageListenerContainer.doInvokeListener(AbstractMessageListenerContainer.java:1719) ~[spring-rabbit-3.0.4.jar:3.0.4]
	at org.springframework.amqp.rabbit.listener.AbstractMessageListenerContainer.actualInvokeListener(AbstractMessageListenerContainer.java:1638) ~[spring-rabbit-3.0.4.jar:3.0.4]
	at org.springframework.amqp.rabbit.listener.AbstractMessageListenerContainer.invokeListener(AbstractMessageListenerContainer.java:1626) ~[spring-rabbit-3.0.4.jar:3.0.4]
	at org.springframework.amqp.rabbit.listener.AbstractMessageListenerContainer.doExecuteListener(AbstractMessageListenerContainer.java:1617) ~[spring-rabbit-3.0.4.jar:3.0.4]
	at org.springframework.amqp.rabbit.listener.AbstractMessageListenerContainer.executeListenerAndHandleException(AbstractMessageListenerContainer.java:1562) ~[spring-rabbit-3.0.4.jar:3.0.4]
	at org.springframework.amqp.rabbit.listener.AbstractMessageListenerContainer.lambda$executeListener$8(AbstractMessageListenerContainer.java:1541) ~[spring-rabbit-3.0.4.jar:3.0.4]
	at io.micrometer.observation.Observation.lambda$observe$0(Observation.java:493) ~[micrometer-observation-1.11.0.jar:1.11.0]
	at io.micrometer.observation.Observation.observeWithContext(Observation.java:603) ~[micrometer-observation-1.11.0.jar:1.11.0]
	at io.micrometer.observation.Observation.observe(Observation.java:492) ~[micrometer-observation-1.11.0.jar:1.11.0]
	at org.springframework.amqp.rabbit.listener.AbstractMessageListenerContainer.executeListener(AbstractMessageListenerContainer.java:1541) ~[spring-rabbit-3.0.4.jar:3.0.4]
	at org.springframework.amqp.rabbit.listener.SimpleMessageListenerContainer.doReceiveAndExecute(SimpleMessageListenerContainer.java:1001) ~[spring-rabbit-3.0.4.jar:3.0.4]
	at org.springframework.amqp.rabbit.listener.SimpleMessageListenerContainer.receiveAndExecute(SimpleMessageListenerContainer.java:948) ~[spring-rabbit-3.0.4.jar:3.0.4]
	at org.springframework.amqp.rabbit.listener.SimpleMessageListenerContainer$AsyncMessageProcessingConsumer.mainLoop(SimpleMessageListenerContainer.java:1326) ~[spring-rabbit-3.0.4.jar:3.0.4]
	at org.springframework.amqp.rabbit.listener.SimpleMessageListenerContainer$AsyncMessageProcessingConsumer.run(SimpleMessageListenerContainer.java:1232) ~[spring-rabbit-3.0.4.jar:3.0.4]
	at java.base/java.lang.Thread.run(Thread.java:1589) ~[na:na]
Caused by: org.json.JSONException: No value for objectType
	at org.json.JSONObject.get(JSONObject.java:355) ~[android-json-0.0.20131108.vaadin1.jar:0.0.20131108.vaadin1]
	at edu.neu.info5.DemoApplication.service.IndexingListener.convertMapToDocumentIndex(IndexingListener.java:152) ~[classes/:na]
	at edu.neu.info5.DemoApplication.service.IndexingListener.postDocument(IndexingListener.java:73) ~[classes/:na]
	at edu.neu.info5.DemoApplication.service.IndexingListener.receiveMessage(IndexingListener.java:51) ~[classes/:na]
	at java.base/jdk.internal.reflect.DirectMethodHandleAccessor.invoke(DirectMethodHandleAccessor.java:104) ~[na:na]
	at java.base/java.lang.reflect.Method.invoke(Method.java:578) ~[na:na]
	at org.springframework.util.MethodInvoker.invoke(MethodInvoker.java:283) ~[spring-core-6.0.9.jar:6.0.9]
	at org.springframework.amqp.rabbit.listener.adapter.MessageListenerAdapter.invokeListenerMethod(MessageListenerAdapter.java:366) ~[spring-rabbit-3.0.4.jar:3.0.4]
	... 16 common frames omitted

Message received: {body={"mapType":"class java.util.HashMap","empty":false}, operation=SAVE}
2023-08-04T21:43:32.971-04:00  WARN 4865 --- [    container-1] org.elasticsearch.client.RestClient      : request [HEAD http://localhost:9200/plan-index?ignore_throttled=false&ignore_unavailable=false&expand_wildcards=open%2Cclosed&allow_no_indices=false] returned 2 warnings: [299 Elasticsearch-7.17.12-e3b0c3d3c5c130e1dc6d567d6baef1c73eeb2059 "Elasticsearch built-in security features are not enabled. Without authentication, your cluster could be accessible to anyone. See https://www.elastic.co/guide/en/elasticsearch/reference/7.17/security-minimal-setup.html to enable security."],[299 Elasticsearch-7.17.12-e3b0c3d3c5c130e1dc6d567d6baef1c73eeb2059 "[ignore_throttled] parameter is deprecated because frozen indices have been deprecated. Consider cold or frozen tiers in place of frozen indices."]
2023-08-04T21:43:32.971-04:00  WARN 4865 --- [    container-1] s.a.r.l.ConditionalRejectingErrorHandler : Execution of Rabbit message listener failed.

org.springframework.amqp.rabbit.support.ListenerExecutionFailedException: Listener method 'receiveMessage' threw exception
	at org.springframework.amqp.rabbit.listener.adapter.MessageListenerAdapter.invokeListenerMethod(MessageListenerAdapter.java:374) ~[spring-rabbit-3.0.4.jar:3.0.4]
	at org.springframework.amqp.rabbit.listener.adapter.MessageListenerAdapter.onMessage(MessageListenerAdapter.java:293) ~[spring-rabbit-3.0.4.jar:3.0.4]
	at org.springframework.amqp.rabbit.listener.AbstractMessageListenerContainer.doInvokeListener(AbstractMessageListenerContainer.java:1719) ~[spring-rabbit-3.0.4.jar:3.0.4]
	at org.springframework.amqp.rabbit.listener.AbstractMessageListenerContainer.actualInvokeListener(AbstractMessageListenerContainer.java:1638) ~[spring-rabbit-3.0.4.jar:3.0.4]
	at org.springframework.amqp.rabbit.listener.AbstractMessageListenerContainer.invokeListener(AbstractMessageListenerContainer.java:1626) ~[spring-rabbit-3.0.4.jar:3.0.4]
	at org.springframework.amqp.rabbit.listener.AbstractMessageListenerContainer.doExecuteListener(AbstractMessageListenerContainer.java:1617) ~[spring-rabbit-3.0.4.jar:3.0.4]
	at org.springframework.amqp.rabbit.listener.AbstractMessageListenerContainer.executeListenerAndHandleException(AbstractMessageListenerContainer.java:1562) ~[spring-rabbit-3.0.4.jar:3.0.4]
	at org.springframework.amqp.rabbit.listener.AbstractMessageListenerContainer.lambda$executeListener$8(AbstractMessageListenerContainer.java:1541) ~[spring-rabbit-3.0.4.jar:3.0.4]
	at io.micrometer.observation.Observation.lambda$observe$0(Observation.java:493) ~[micrometer-observation-1.11.0.jar:1.11.0]
	at io.micrometer.observation.Observation.observeWithContext(Observation.java:603) ~[micrometer-observation-1.11.0.jar:1.11.0]
	at io.micrometer.observation.Observation.observe(Observation.java:492) ~[micrometer-observation-1.11.0.jar:1.11.0]
	at org.springframework.amqp.rabbit.listener.AbstractMessageListenerContainer.executeListener(AbstractMessageListenerContainer.java:1541) ~[spring-rabbit-3.0.4.jar:3.0.4]
	at org.springframework.amqp.rabbit.listener.SimpleMessageListenerContainer.doReceiveAndExecute(SimpleMessageListenerContainer.java:1001) ~[spring-rabbit-3.0.4.jar:3.0.4]
	at org.springframework.amqp.rabbit.listener.SimpleMessageListenerContainer.receiveAndExecute(SimpleMessageListenerContainer.java:948) ~[spring-rabbit-3.0.4.jar:3.0.4]
	at org.springframework.amqp.rabbit.listener.SimpleMessageListenerContainer$AsyncMessageProcessingConsumer.mainLoop(SimpleMessageListenerContainer.java:1326) ~[spring-rabbit-3.0.4.jar:3.0.4]
	at org.springframework.amqp.rabbit.listener.SimpleMessageListenerContainer$AsyncMessageProcessingConsumer.run(SimpleMessageListenerContainer.java:1232) ~[spring-rabbit-3.0.4.jar:3.0.4]
	at java.base/java.lang.Thread.run(Thread.java:1589) ~[na:na]
Caused by: org.json.JSONException: No value for objectType
	at org.json.JSONObject.get(JSONObject.java:355) ~[android-json-0.0.20131108.vaadin1.jar:0.0.20131108.vaadin1]
	at edu.neu.info5.DemoApplication.service.IndexingListener.convertMapToDocumentIndex(IndexingListener.java:152) ~[classes/:na]
	at edu.neu.info5.DemoApplication.service.IndexingListener.postDocument(IndexingListener.java:73) ~[classes/:na]
	at edu.neu.info5.DemoApplication.service.IndexingListener.receiveMessage(IndexingListener.java:51) ~[classes/:na]
	at java.base/jdk.internal.reflect.DirectMethodHandleAccessor.invoke(DirectMethodHandleAccessor.java:104) ~[na:na]
	at java.base/java.lang.reflect.Method.invoke(Method.java:578) ~[na:na]
	at org.springframework.util.MethodInvoker.invoke(MethodInvoker.java:283) ~[spring-core-6.0.9.jar:6.0.9]
	at org.springframework.amqp.rabbit.listener.adapter.MessageListenerAdapter.invokeListenerMethod(MessageListenerAdapter.java:366) ~[spring-rabbit-3.0.4.jar:3.0.4]
	... 16 common frames omitted

Message received: {body={"mapType":"class java.util.HashMap","empty":false}, operation=SAVE}
2023-08-04T21:43:32.974-04:00  WARN 4865 --- [    container-1] org.elasticsearch.client.RestClient      : request [HEAD http://localhost:9200/plan-index?ignore_throttled=false&ignore_unavailable=false&expand_wildcards=open%2Cclosed&allow_no_indices=false] returned 2 warnings: [299 Elasticsearch-7.17.12-e3b0c3d3c5c130e1dc6d567d6baef1c73eeb2059 "Elasticsearch built-in security features are not enabled. Without authentication, your cluster could be accessible to anyone. See https://www.elastic.co/guide/en/elasticsearch/reference/7.17/security-minimal-setup.html to enable security."],[299 Elasticsearch-7.17.12-e3b0c3d3c5c130e1dc6d567d6baef1c73eeb2059 "[ignore_throttled] parameter is deprecated because frozen indices have been deprecated. Consider cold or frozen tiers in place of frozen indices."]
2023-08-04T21:43:32.974-04:00  WARN 4865 --- [    container-1] s.a.r.l.ConditionalRejectingErrorHandler : Execution of Rabbit message listener failed.

org.springframework.amqp.rabbit.support.ListenerExecutionFailedException: Listener method 'receiveMessage' threw exception
	at org.springframework.amqp.rabbit.listener.adapter.MessageListenerAdapter.invokeListenerMethod(MessageListenerAdapter.java:374) ~[spring-rabbit-3.0.4.jar:3.0.4]
	at org.springframework.amqp.rabbit.listener.adapter.MessageListenerAdapter.onMessage(MessageListenerAdapter.java:293) ~[spring-rabbit-3.0.4.jar:3.0.4]
	at org.springframework.amqp.rabbit.listener.AbstractMessageListenerContainer.doInvokeListener(AbstractMessageListenerContainer.java:1719) ~[spring-rabbit-3.0.4.jar:3.0.4]
	at org.springframework.amqp.rabbit.listener.AbstractMessageListenerContainer.actualInvokeListener(AbstractMessageListenerContainer.java:1638) ~[spring-rabbit-3.0.4.jar:3.0.4]
	at org.springframework.amqp.rabbit.listener.AbstractMessageListenerContainer.invokeListener(AbstractMessageListenerContainer.java:1626) ~[spring-rabbit-3.0.4.jar:3.0.4]
	at org.springframework.amqp.rabbit.listener.AbstractMessageListenerContainer.doExecuteListener(AbstractMessageListenerContainer.java:1617) ~[spring-rabbit-3.0.4.jar:3.0.4]
	at org.springframework.amqp.rabbit.listener.AbstractMessageListenerContainer.executeListenerAndHandleException(AbstractMessageListenerContainer.java:1562) ~[spring-rabbit-3.0.4.jar:3.0.4]
	at org.springframework.amqp.rabbit.listener.AbstractMessageListenerContainer.lambda$executeListener$8(AbstractMessageListenerContainer.java:1541) ~[spring-rabbit-3.0.4.jar:3.0.4]
	at io.micrometer.observation.Observation.lambda$observe$0(Observation.java:493) ~[micrometer-observation-1.11.0.jar:1.11.0]
	at io.micrometer.observation.Observation.observeWithContext(Observation.java:603) ~[micrometer-observation-1.11.0.jar:1.11.0]
	at io.micrometer.observation.Observation.observe(Observation.java:492) ~[micrometer-observation-1.11.0.jar:1.11.0]
	at org.springframework.amqp.rabbit.listener.AbstractMessageListenerContainer.executeListener(AbstractMessageListenerContainer.java:1541) ~[spring-rabbit-3.0.4.jar:3.0.4]
	at org.springframework.amqp.rabbit.listener.SimpleMessageListenerContainer.doReceiveAndExecute(SimpleMessageListenerContainer.java:1001) ~[spring-rabbit-3.0.4.jar:3.0.4]
	at org.springframework.amqp.rabbit.listener.SimpleMessageListenerContainer.receiveAndExecute(SimpleMessageListenerContainer.java:948) ~[spring-rabbit-3.0.4.jar:3.0.4]
	at org.springframework.amqp.rabbit.listener.SimpleMessageListenerContainer$AsyncMessageProcessingConsumer.mainLoop(SimpleMessageListenerContainer.java:1326) ~[spring-rabbit-3.0.4.jar:3.0.4]
	at org.springframework.amqp.rabbit.listener.SimpleMessageListenerContainer$AsyncMessageProcessingConsumer.run(SimpleMessageListenerContainer.java:1232) ~[spring-rabbit-3.0.4.jar:3.0.4]
	at java.base/java.lang.Thread.run(Thread.java:1589) ~[na:na]
Caused by: org.json.JSONException: No value for objectType
	at org.json.JSONObject.get(JSONObject.java:355) ~[android-json-0.0.20131108.vaadin1.jar:0.0.20131108.vaadin1]
	at edu.neu.info5.DemoApplication.service.IndexingListener.convertMapToDocumentIndex(IndexingListener.java:152) ~[classes/:na]
	at edu.neu.info5.DemoApplication.service.IndexingListener.postDocument(IndexingListener.java:73) ~[classes/:na]
	at edu.neu.info5.DemoApplication.service.IndexingListener.receiveMessage(IndexingListener.java:51) ~[classes/:na]
	at java.base/jdk.internal.reflect.DirectMethodHandleAccessor.invoke(DirectMethodHandleAccessor.java:104) ~[na:na]
	at java.base/java.lang.reflect.Method.invoke(Method.java:578) ~[na:na]
	at org.springframework.util.MethodInvoker.invoke(MethodInvoker.java:283) ~[spring-core-6.0.9.jar:6.0.9]
	at org.springframework.amqp.rabbit.listener.adapter.MessageListenerAdapter.invokeListenerMethod(MessageListenerAdapter.java:366) ~[spring-rabbit-3.0.4.jar:3.0.4]
	... 16 common frames omitted

Message received: {body={"mapType":"class java.util.HashMap","empty":false}, operation=SAVE}
2023-08-04T21:43:32.976-04:00  WARN 4865 --- [    container-1] org.elasticsearch.client.RestClient      : request [HEAD http://localhost:9200/plan-index?ignore_throttled=false&ignore_unavailable=false&expand_wildcards=open%2Cclosed&allow_no_indices=false] returned 2 warnings: [299 Elasticsearch-7.17.12-e3b0c3d3c5c130e1dc6d567d6baef1c73eeb2059 "Elasticsearch built-in security features are not enabled. Without authentication, your cluster could be accessible to anyone. See https://www.elastic.co/guide/en/elasticsearch/reference/7.17/security-minimal-setup.html to enable security."],[299 Elasticsearch-7.17.12-e3b0c3d3c5c130e1dc6d567d6baef1c73eeb2059 "[ignore_throttled] parameter is deprecated because frozen indices have been deprecated. Consider cold or frozen tiers in place of frozen indices."]
2023-08-04T21:43:32.976-04:00  WARN 4865 --- [    container-1] s.a.r.l.ConditionalRejectingErrorHandler : Execution of Rabbit message listener failed.

org.springframework.amqp.rabbit.support.ListenerExecutionFailedException: Listener method 'receiveMessage' threw exception
	at org.springframework.amqp.rabbit.listener.adapter.MessageListenerAdapter.invokeListenerMethod(MessageListenerAdapter.java:374) ~[spring-rabbit-3.0.4.jar:3.0.4]
	at org.springframework.amqp.rabbit.listener.adapter.MessageListenerAdapter.onMessage(MessageListenerAdapter.java:293) ~[spring-rabbit-3.0.4.jar:3.0.4]
	at org.springframework.amqp.rabbit.listener.AbstractMessageListenerContainer.doInvokeListener(AbstractMessageListenerContainer.java:1719) ~[spring-rabbit-3.0.4.jar:3.0.4]
	at org.springframework.amqp.rabbit.listener.AbstractMessageListenerContainer.actualInvokeListener(AbstractMessageListenerContainer.java:1638) ~[spring-rabbit-3.0.4.jar:3.0.4]
	at org.springframework.amqp.rabbit.listener.AbstractMessageListenerContainer.invokeListener(AbstractMessageListenerContainer.java:1626) ~[spring-rabbit-3.0.4.jar:3.0.4]
	at org.springframework.amqp.rabbit.listener.AbstractMessageListenerContainer.doExecuteListener(AbstractMessageListenerContainer.java:1617) ~[spring-rabbit-3.0.4.jar:3.0.4]
	at org.springframework.amqp.rabbit.listener.AbstractMessageListenerContainer.executeListenerAndHandleException(AbstractMessageListenerContainer.java:1562) ~[spring-rabbit-3.0.4.jar:3.0.4]
	at org.springframework.amqp.rabbit.listener.AbstractMessageListenerContainer.lambda$executeListener$8(AbstractMessageListenerContainer.java:1541) ~[spring-rabbit-3.0.4.jar:3.0.4]
	at io.micrometer.observation.Observation.lambda$observe$0(Observation.java:493) ~[micrometer-observation-1.11.0.jar:1.11.0]
	at io.micrometer.observation.Observation.observeWithContext(Observation.java:603) ~[micrometer-observation-1.11.0.jar:1.11.0]
	at io.micrometer.observation.Observation.observe(Observation.java:492) ~[micrometer-observation-1.11.0.jar:1.11.0]
	at org.springframework.amqp.rabbit.listener.AbstractMessageListenerContainer.executeListener(AbstractMessageListenerContainer.java:1541) ~[spring-rabbit-3.0.4.jar:3.0.4]
	at org.springframework.amqp.rabbit.listener.SimpleMessageListenerContainer.doReceiveAndExecute(SimpleMessageListenerContainer.java:1001) ~[spring-rabbit-3.0.4.jar:3.0.4]
	at org.springframework.amqp.rabbit.listener.SimpleMessageListenerContainer.receiveAndExecute(SimpleMessageListenerContainer.java:948) ~[spring-rabbit-3.0.4.jar:3.0.4]
	at org.springframework.amqp.rabbit.listener.SimpleMessageListenerContainer$AsyncMessageProcessingConsumer.mainLoop(SimpleMessageListenerContainer.java:1326) ~[spring-rabbit-3.0.4.jar:3.0.4]
	at org.springframework.amqp.rabbit.listener.SimpleMessageListenerContainer$AsyncMessageProcessingConsumer.run(SimpleMessageListenerContainer.java:1232) ~[spring-rabbit-3.0.4.jar:3.0.4]
	at java.base/java.lang.Thread.run(Thread.java:1589) ~[na:na]
Caused by: org.json.JSONException: No value for objectType
	at org.json.JSONObject.get(JSONObject.java:355) ~[android-json-0.0.20131108.vaadin1.jar:0.0.20131108.vaadin1]
	at edu.neu.info5.DemoApplication.service.IndexingListener.convertMapToDocumentIndex(IndexingListener.java:152) ~[classes/:na]
	at edu.neu.info5.DemoApplication.service.IndexingListener.postDocument(IndexingListener.java:73) ~[classes/:na]
	at edu.neu.info5.DemoApplication.service.IndexingListener.receiveMessage(IndexingListener.java:51) ~[classes/:na]
	at java.base/jdk.internal.reflect.DirectMethodHandleAccessor.invoke(DirectMethodHandleAccessor.java:104) ~[na:na]
	at java.base/java.lang.reflect.Method.invoke(Method.java:578) ~[na:na]
	at org.springframework.util.MethodInvoker.invoke(MethodInvoker.java:283) ~[spring-core-6.0.9.jar:6.0.9]
	at org.springframework.amqp.rabbit.listener.adapter.MessageListenerAdapter.invokeListenerMethod(MessageListenerAdapter.java:366) ~[spring-rabbit-3.0.4.jar:3.0.4]
	... 16 common frames omitted

Message received: {body={"mapType":"class java.util.HashMap","empty":false}, operation=SAVE}
2023-08-04T21:43:32.979-04:00  WARN 4865 --- [    container-1] org.elasticsearch.client.RestClient      : request [HEAD http://localhost:9200/plan-index?ignore_throttled=false&ignore_unavailable=false&expand_wildcards=open%2Cclosed&allow_no_indices=false] returned 2 warnings: [299 Elasticsearch-7.17.12-e3b0c3d3c5c130e1dc6d567d6baef1c73eeb2059 "Elasticsearch built-in security features are not enabled. Without authentication, your cluster could be accessible to anyone. See https://www.elastic.co/guide/en/elasticsearch/reference/7.17/security-minimal-setup.html to enable security."],[299 Elasticsearch-7.17.12-e3b0c3d3c5c130e1dc6d567d6baef1c73eeb2059 "[ignore_throttled] parameter is deprecated because frozen indices have been deprecated. Consider cold or frozen tiers in place of frozen indices."]
2023-08-04T21:43:32.979-04:00  WARN 4865 --- [    container-1] s.a.r.l.ConditionalRejectingErrorHandler : Execution of Rabbit message listener failed.

org.springframework.amqp.rabbit.support.ListenerExecutionFailedException: Listener method 'receiveMessage' threw exception
	at org.springframework.amqp.rabbit.listener.adapter.MessageListenerAdapter.invokeListenerMethod(MessageListenerAdapter.java:374) ~[spring-rabbit-3.0.4.jar:3.0.4]
	at org.springframework.amqp.rabbit.listener.adapter.MessageListenerAdapter.onMessage(MessageListenerAdapter.java:293) ~[spring-rabbit-3.0.4.jar:3.0.4]
	at org.springframework.amqp.rabbit.listener.AbstractMessageListenerContainer.doInvokeListener(AbstractMessageListenerContainer.java:1719) ~[spring-rabbit-3.0.4.jar:3.0.4]
	at org.springframework.amqp.rabbit.listener.AbstractMessageListenerContainer.actualInvokeListener(AbstractMessageListenerContainer.java:1638) ~[spring-rabbit-3.0.4.jar:3.0.4]
	at org.springframework.amqp.rabbit.listener.AbstractMessageListenerContainer.invokeListener(AbstractMessageListenerContainer.java:1626) ~[spring-rabbit-3.0.4.jar:3.0.4]
	at org.springframework.amqp.rabbit.listener.AbstractMessageListenerContainer.doExecuteListener(AbstractMessageListenerContainer.java:1617) ~[spring-rabbit-3.0.4.jar:3.0.4]
	at org.springframework.amqp.rabbit.listener.AbstractMessageListenerContainer.executeListenerAndHandleException(AbstractMessageListenerContainer.java:1562) ~[spring-rabbit-3.0.4.jar:3.0.4]
	at org.springframework.amqp.rabbit.listener.AbstractMessageListenerContainer.lambda$executeListener$8(AbstractMessageListenerContainer.java:1541) ~[spring-rabbit-3.0.4.jar:3.0.4]
	at io.micrometer.observation.Observation.lambda$observe$0(Observation.java:493) ~[micrometer-observation-1.11.0.jar:1.11.0]
	at io.micrometer.observation.Observation.observeWithContext(Observation.java:603) ~[micrometer-observation-1.11.0.jar:1.11.0]
	at io.micrometer.observation.Observation.observe(Observation.java:492) ~[micrometer-observation-1.11.0.jar:1.11.0]
	at org.springframework.amqp.rabbit.listener.AbstractMessageListenerContainer.executeListener(AbstractMessageListenerContainer.java:1541) ~[spring-rabbit-3.0.4.jar:3.0.4]
	at org.springframework.amqp.rabbit.listener.SimpleMessageListenerContainer.doReceiveAndExecute(SimpleMessageListenerContainer.java:1001) ~[spring-rabbit-3.0.4.jar:3.0.4]
	at org.springframework.amqp.rabbit.listener.SimpleMessageListenerContainer.receiveAndExecute(SimpleMessageListenerContainer.java:948) ~[spring-rabbit-3.0.4.jar:3.0.4]
	at org.springframework.amqp.rabbit.listener.SimpleMessageListenerContainer$AsyncMessageProcessingConsumer.mainLoop(SimpleMessageListenerContainer.java:1326) ~[spring-rabbit-3.0.4.jar:3.0.4]
	at org.springframework.amqp.rabbit.listener.SimpleMessageListenerContainer$AsyncMessageProcessingConsumer.run(SimpleMessageListenerContainer.java:1232) ~[spring-rabbit-3.0.4.jar:3.0.4]
	at java.base/java.lang.Thread.run(Thread.java:1589) ~[na:na]
Caused by: org.json.JSONException: No value for objectType
	at org.json.JSONObject.get(JSONObject.java:355) ~[android-json-0.0.20131108.vaadin1.jar:0.0.20131108.vaadin1]
	at edu.neu.info5.DemoApplication.service.IndexingListener.convertMapToDocumentIndex(IndexingListener.java:152) ~[classes/:na]
	at edu.neu.info5.DemoApplication.service.IndexingListener.postDocument(IndexingListener.java:73) ~[classes/:na]
	at edu.neu.info5.DemoApplication.service.IndexingListener.receiveMessage(IndexingListener.java:51) ~[classes/:na]
	at java.base/jdk.internal.reflect.DirectMethodHandleAccessor.invoke(DirectMethodHandleAccessor.java:104) ~[na:na]
	at java.base/java.lang.reflect.Method.invoke(Method.java:578) ~[na:na]
	at org.springframework.util.MethodInvoker.invoke(MethodInvoker.java:283) ~[spring-core-6.0.9.jar:6.0.9]
	at org.springframework.amqp.rabbit.listener.adapter.MessageListenerAdapter.invokeListenerMethod(MessageListenerAdapter.java:366) ~[spring-rabbit-3.0.4.jar:3.0.4]
	... 16 common frames omitted

Message received: {body={"mapType":"class java.util.HashMap","empty":false}, operation=SAVE}
2023-08-04T21:43:32.981-04:00  WARN 4865 --- [    container-1] org.elasticsearch.client.RestClient      : request [HEAD http://localhost:9200/plan-index?ignore_throttled=false&ignore_unavailable=false&expand_wildcards=open%2Cclosed&allow_no_indices=false] returned 2 warnings: [299 Elasticsearch-7.17.12-e3b0c3d3c5c130e1dc6d567d6baef1c73eeb2059 "Elasticsearch built-in security features are not enabled. Without authentication, your cluster could be accessible to anyone. See https://www.elastic.co/guide/en/elasticsearch/reference/7.17/security-minimal-setup.html to enable security."],[299 Elasticsearch-7.17.12-e3b0c3d3c5c130e1dc6d567d6baef1c73eeb2059 "[ignore_throttled] parameter is deprecated because frozen indices have been deprecated. Consider cold or frozen tiers in place of frozen indices."]
2023-08-04T21:43:32.982-04:00  WARN 4865 --- [    container-1] s.a.r.l.ConditionalRejectingErrorHandler : Execution of Rabbit message listener failed.

org.springframework.amqp.rabbit.support.ListenerExecutionFailedException: Listener method 'receiveMessage' threw exception
	at org.springframework.amqp.rabbit.listener.adapter.MessageListenerAdapter.invokeListenerMethod(MessageListenerAdapter.java:374) ~[spring-rabbit-3.0.4.jar:3.0.4]
	at org.springframework.amqp.rabbit.listener.adapter.MessageListenerAdapter.onMessage(MessageListenerAdapter.java:293) ~[spring-rabbit-3.0.4.jar:3.0.4]
	at org.springframework.amqp.rabbit.listener.AbstractMessageListenerContainer.doInvokeListener(AbstractMessageListenerContainer.java:1719) ~[spring-rabbit-3.0.4.jar:3.0.4]
	at org.springframework.amqp.rabbit.listener.AbstractMessageListenerContainer.actualInvokeListener(AbstractMessageListenerContainer.java:1638) ~[spring-rabbit-3.0.4.jar:3.0.4]
	at org.springframework.amqp.rabbit.listener.AbstractMessageListenerContainer.invokeListener(AbstractMessageListenerContainer.java:1626) ~[spring-rabbit-3.0.4.jar:3.0.4]
	at org.springframework.amqp.rabbit.listener.AbstractMessageListenerContainer.doExecuteListener(AbstractMessageListenerContainer.java:1617) ~[spring-rabbit-3.0.4.jar:3.0.4]
	at org.springframework.amqp.rabbit.listener.AbstractMessageListenerContainer.executeListenerAndHandleException(AbstractMessageListenerContainer.java:1562) ~[spring-rabbit-3.0.4.jar:3.0.4]
	at org.springframework.amqp.rabbit.listener.AbstractMessageListenerContainer.lambda$executeListener$8(AbstractMessageListenerContainer.java:1541) ~[spring-rabbit-3.0.4.jar:3.0.4]
	at io.micrometer.observation.Observation.lambda$observe$0(Observation.java:493) ~[micrometer-observation-1.11.0.jar:1.11.0]
	at io.micrometer.observation.Observation.observeWithContext(Observation.java:603) ~[micrometer-observation-1.11.0.jar:1.11.0]
	at io.micrometer.observation.Observation.observe(Observation.java:492) ~[micrometer-observation-1.11.0.jar:1.11.0]
	at org.springframework.amqp.rabbit.listener.AbstractMessageListenerContainer.executeListener(AbstractMessageListenerContainer.java:1541) ~[spring-rabbit-3.0.4.jar:3.0.4]
	at org.springframework.amqp.rabbit.listener.SimpleMessageListenerContainer.doReceiveAndExecute(SimpleMessageListenerContainer.java:1001) ~[spring-rabbit-3.0.4.jar:3.0.4]
	at org.springframework.amqp.rabbit.listener.SimpleMessageListenerContainer.receiveAndExecute(SimpleMessageListenerContainer.java:948) ~[spring-rabbit-3.0.4.jar:3.0.4]
	at org.springframework.amqp.rabbit.listener.SimpleMessageListenerContainer$AsyncMessageProcessingConsumer.mainLoop(SimpleMessageListenerContainer.java:1326) ~[spring-rabbit-3.0.4.jar:3.0.4]
	at org.springframework.amqp.rabbit.listener.SimpleMessageListenerContainer$AsyncMessageProcessingConsumer.run(SimpleMessageListenerContainer.java:1232) ~[spring-rabbit-3.0.4.jar:3.0.4]
	at java.base/java.lang.Thread.run(Thread.java:1589) ~[na:na]
Caused by: org.json.JSONException: No value for objectType
	at org.json.JSONObject.get(JSONObject.java:355) ~[android-json-0.0.20131108.vaadin1.jar:0.0.20131108.vaadin1]
	at edu.neu.info5.DemoApplication.service.IndexingListener.convertMapToDocumentIndex(IndexingListener.java:152) ~[classes/:na]
	at edu.neu.info5.DemoApplication.service.IndexingListener.postDocument(IndexingListener.java:73) ~[classes/:na]
	at edu.neu.info5.DemoApplication.service.IndexingListener.receiveMessage(IndexingListener.java:51) ~[classes/:na]
	at java.base/jdk.internal.reflect.DirectMethodHandleAccessor.invoke(DirectMethodHandleAccessor.java:104) ~[na:na]
	at java.base/java.lang.reflect.Method.invoke(Method.java:578) ~[na:na]
	at org.springframework.util.MethodInvoker.invoke(MethodInvoker.java:283) ~[spring-core-6.0.9.jar:6.0.9]
	at org.springframework.amqp.rabbit.listener.adapter.MessageListenerAdapter.invokeListenerMethod(MessageListenerAdapter.java:366) ~[spring-rabbit-3.0.4.jar:3.0.4]
	... 16 common frames omitted

Message received: {body={"mapType":"class java.util.HashMap","empty":false}, operation=SAVE}
2023-08-04T21:43:32.983-04:00  WARN 4865 --- [    container-1] org.elasticsearch.client.RestClient      : request [HEAD http://localhost:9200/plan-index?ignore_throttled=false&ignore_unavailable=false&expand_wildcards=open%2Cclosed&allow_no_indices=false] returned 2 warnings: [299 Elasticsearch-7.17.12-e3b0c3d3c5c130e1dc6d567d6baef1c73eeb2059 "Elasticsearch built-in security features are not enabled. Without authentication, your cluster could be accessible to anyone. See https://www.elastic.co/guide/en/elasticsearch/reference/7.17/security-minimal-setup.html to enable security."],[299 Elasticsearch-7.17.12-e3b0c3d3c5c130e1dc6d567d6baef1c73eeb2059 "[ignore_throttled] parameter is deprecated because frozen indices have been deprecated. Consider cold or frozen tiers in place of frozen indices."]
2023-08-04T21:43:32.984-04:00  WARN 4865 --- [    container-1] s.a.r.l.ConditionalRejectingErrorHandler : Execution of Rabbit message listener failed.

org.springframework.amqp.rabbit.support.ListenerExecutionFailedException: Listener method 'receiveMessage' threw exception
	at org.springframework.amqp.rabbit.listener.adapter.MessageListenerAdapter.invokeListenerMethod(MessageListenerAdapter.java:374) ~[spring-rabbit-3.0.4.jar:3.0.4]
	at org.springframework.amqp.rabbit.listener.adapter.MessageListenerAdapter.onMessage(MessageListenerAdapter.java:293) ~[spring-rabbit-3.0.4.jar:3.0.4]
	at org.springframework.amqp.rabbit.listener.AbstractMessageListenerContainer.doInvokeListener(AbstractMessageListenerContainer.java:1719) ~[spring-rabbit-3.0.4.jar:3.0.4]
	at org.springframework.amqp.rabbit.listener.AbstractMessageListenerContainer.actualInvokeListener(AbstractMessageListenerContainer.java:1638) ~[spring-rabbit-3.0.4.jar:3.0.4]
	at org.springframework.amqp.rabbit.listener.AbstractMessageListenerContainer.invokeListener(AbstractMessageListenerContainer.java:1626) ~[spring-rabbit-3.0.4.jar:3.0.4]
	at org.springframework.amqp.rabbit.listener.AbstractMessageListenerContainer.doExecuteListener(AbstractMessageListenerContainer.java:1617) ~[spring-rabbit-3.0.4.jar:3.0.4]
	at org.springframework.amqp.rabbit.listener.AbstractMessageListenerContainer.executeListenerAndHandleException(AbstractMessageListenerContainer.java:1562) ~[spring-rabbit-3.0.4.jar:3.0.4]
	at org.springframework.amqp.rabbit.listener.AbstractMessageListenerContainer.lambda$executeListener$8(AbstractMessageListenerContainer.java:1541) ~[spring-rabbit-3.0.4.jar:3.0.4]
	at io.micrometer.observation.Observation.lambda$observe$0(Observation.java:493) ~[micrometer-observation-1.11.0.jar:1.11.0]
	at io.micrometer.observation.Observation.observeWithContext(Observation.java:603) ~[micrometer-observation-1.11.0.jar:1.11.0]
	at io.micrometer.observation.Observation.observe(Observation.java:492) ~[micrometer-observation-1.11.0.jar:1.11.0]
	at org.springframework.amqp.rabbit.listener.AbstractMessageListenerContainer.executeListener(AbstractMessageListenerContainer.java:1541) ~[spring-rabbit-3.0.4.jar:3.0.4]
	at org.springframework.amqp.rabbit.listener.SimpleMessageListenerContainer.doReceiveAndExecute(SimpleMessageListenerContainer.java:1001) ~[spring-rabbit-3.0.4.jar:3.0.4]
	at org.springframework.amqp.rabbit.listener.SimpleMessageListenerContainer.receiveAndExecute(SimpleMessageListenerContainer.java:948) ~[spring-rabbit-3.0.4.jar:3.0.4]
	at org.springframework.amqp.rabbit.listener.SimpleMessageListenerContainer$AsyncMessageProcessingConsumer.mainLoop(SimpleMessageListenerContainer.java:1326) ~[spring-rabbit-3.0.4.jar:3.0.4]
	at org.springframework.amqp.rabbit.listener.SimpleMessageListenerContainer$AsyncMessageProcessingConsumer.run(SimpleMessageListenerContainer.java:1232) ~[spring-rabbit-3.0.4.jar:3.0.4]
	at java.base/java.lang.Thread.run(Thread.java:1589) ~[na:na]
Caused by: org.json.JSONException: No value for objectType
	at org.json.JSONObject.get(JSONObject.java:355) ~[android-json-0.0.20131108.vaadin1.jar:0.0.20131108.vaadin1]
	at edu.neu.info5.DemoApplication.service.IndexingListener.convertMapToDocumentIndex(IndexingListener.java:152) ~[classes/:na]
	at edu.neu.info5.DemoApplication.service.IndexingListener.postDocument(IndexingListener.java:73) ~[classes/:na]
	at edu.neu.info5.DemoApplication.service.IndexingListener.receiveMessage(IndexingListener.java:51) ~[classes/:na]
	at java.base/jdk.internal.reflect.DirectMethodHandleAccessor.invoke(DirectMethodHandleAccessor.java:104) ~[na:na]
	at java.base/java.lang.reflect.Method.invoke(Method.java:578) ~[na:na]
	at org.springframework.util.MethodInvoker.invoke(MethodInvoker.java:283) ~[spring-core-6.0.9.jar:6.0.9]
	at org.springframework.amqp.rabbit.listener.adapter.MessageListenerAdapter.invokeListenerMethod(MessageListenerAdapter.java:366) ~[spring-rabbit-3.0.4.jar:3.0.4]
	... 16 common frames omitted

Message received: {body={"mapType":"class java.util.HashMap","empty":false}, operation=SAVE}
2023-08-04T21:43:32.987-04:00  WARN 4865 --- [    container-1] org.elasticsearch.client.RestClient      : request [HEAD http://localhost:9200/plan-index?ignore_throttled=false&ignore_unavailable=false&expand_wildcards=open%2Cclosed&allow_no_indices=false] returned 2 warnings: [299 Elasticsearch-7.17.12-e3b0c3d3c5c130e1dc6d567d6baef1c73eeb2059 "Elasticsearch built-in security features are not enabled. Without authentication, your cluster could be accessible to anyone. See https://www.elastic.co/guide/en/elasticsearch/reference/7.17/security-minimal-setup.html to enable security."],[299 Elasticsearch-7.17.12-e3b0c3d3c5c130e1dc6d567d6baef1c73eeb2059 "[ignore_throttled] parameter is deprecated because frozen indices have been deprecated. Consider cold or frozen tiers in place of frozen indices."]
2023-08-04T21:43:32.987-04:00  WARN 4865 --- [    container-1] s.a.r.l.ConditionalRejectingErrorHandler : Execution of Rabbit message listener failed.

org.springframework.amqp.rabbit.support.ListenerExecutionFailedException: Listener method 'receiveMessage' threw exception
	at org.springframework.amqp.rabbit.listener.adapter.MessageListenerAdapter.invokeListenerMethod(MessageListenerAdapter.java:374) ~[spring-rabbit-3.0.4.jar:3.0.4]
	at org.springframework.amqp.rabbit.listener.adapter.MessageListenerAdapter.onMessage(MessageListenerAdapter.java:293) ~[spring-rabbit-3.0.4.jar:3.0.4]
	at org.springframework.amqp.rabbit.listener.AbstractMessageListenerContainer.doInvokeListener(AbstractMessageListenerContainer.java:1719) ~[spring-rabbit-3.0.4.jar:3.0.4]
	at org.springframework.amqp.rabbit.listener.AbstractMessageListenerContainer.actualInvokeListener(AbstractMessageListenerContainer.java:1638) ~[spring-rabbit-3.0.4.jar:3.0.4]
	at org.springframework.amqp.rabbit.listener.AbstractMessageListenerContainer.invokeListener(AbstractMessageListenerContainer.java:1626) ~[spring-rabbit-3.0.4.jar:3.0.4]
	at org.springframework.amqp.rabbit.listener.AbstractMessageListenerContainer.doExecuteListener(AbstractMessageListenerContainer.java:1617) ~[spring-rabbit-3.0.4.jar:3.0.4]
	at org.springframework.amqp.rabbit.listener.AbstractMessageListenerContainer.executeListenerAndHandleException(AbstractMessageListenerContainer.java:1562) ~[spring-rabbit-3.0.4.jar:3.0.4]
	at org.springframework.amqp.rabbit.listener.AbstractMessageListenerContainer.lambda$executeListener$8(AbstractMessageListenerContainer.java:1541) ~[spring-rabbit-3.0.4.jar:3.0.4]
	at io.micrometer.observation.Observation.lambda$observe$0(Observation.java:493) ~[micrometer-observation-1.11.0.jar:1.11.0]
	at io.micrometer.observation.Observation.observeWithContext(Observation.java:603) ~[micrometer-observation-1.11.0.jar:1.11.0]
	at io.micrometer.observation.Observation.observe(Observation.java:492) ~[micrometer-observation-1.11.0.jar:1.11.0]
	at org.springframework.amqp.rabbit.listener.AbstractMessageListenerContainer.executeListener(AbstractMessageListenerContainer.java:1541) ~[spring-rabbit-3.0.4.jar:3.0.4]
	at org.springframework.amqp.rabbit.listener.SimpleMessageListenerContainer.doReceiveAndExecute(SimpleMessageListenerContainer.java:1001) ~[spring-rabbit-3.0.4.jar:3.0.4]
	at org.springframework.amqp.rabbit.listener.SimpleMessageListenerContainer.receiveAndExecute(SimpleMessageListenerContainer.java:948) ~[spring-rabbit-3.0.4.jar:3.0.4]
	at org.springframework.amqp.rabbit.listener.SimpleMessageListenerContainer$AsyncMessageProcessingConsumer.mainLoop(SimpleMessageListenerContainer.java:1326) ~[spring-rabbit-3.0.4.jar:3.0.4]
	at org.springframework.amqp.rabbit.listener.SimpleMessageListenerContainer$AsyncMessageProcessingConsumer.run(SimpleMessageListenerContainer.java:1232) ~[spring-rabbit-3.0.4.jar:3.0.4]
	at java.base/java.lang.Thread.run(Thread.java:1589) ~[na:na]
Caused by: org.json.JSONException: No value for objectType
	at org.json.JSONObject.get(JSONObject.java:355) ~[android-json-0.0.20131108.vaadin1.jar:0.0.20131108.vaadin1]
	at edu.neu.info5.DemoApplication.service.IndexingListener.convertMapToDocumentIndex(IndexingListener.java:152) ~[classes/:na]
	at edu.neu.info5.DemoApplication.service.IndexingListener.postDocument(IndexingListener.java:73) ~[classes/:na]
	at edu.neu.info5.DemoApplication.service.IndexingListener.receiveMessage(IndexingListener.java:51) ~[classes/:na]
	at java.base/jdk.internal.reflect.DirectMethodHandleAccessor.invoke(DirectMethodHandleAccessor.java:104) ~[na:na]
	at java.base/java.lang.reflect.Method.invoke(Method.java:578) ~[na:na]
	at org.springframework.util.MethodInvoker.invoke(MethodInvoker.java:283) ~[spring-core-6.0.9.jar:6.0.9]
	at org.springframework.amqp.rabbit.listener.adapter.MessageListenerAdapter.invokeListenerMethod(MessageListenerAdapter.java:366) ~[spring-rabbit-3.0.4.jar:3.0.4]
	... 16 common frames omitted

Message received: {body={"mapType":"class java.util.HashMap","empty":false}, operation=SAVE}
2023-08-04T21:43:32.989-04:00  WARN 4865 --- [    container-1] org.elasticsearch.client.RestClient      : request [HEAD http://localhost:9200/plan-index?ignore_throttled=false&ignore_unavailable=false&expand_wildcards=open%2Cclosed&allow_no_indices=false] returned 2 warnings: [299 Elasticsearch-7.17.12-e3b0c3d3c5c130e1dc6d567d6baef1c73eeb2059 "Elasticsearch built-in security features are not enabled. Without authentication, your cluster could be accessible to anyone. See https://www.elastic.co/guide/en/elasticsearch/reference/7.17/security-minimal-setup.html to enable security."],[299 Elasticsearch-7.17.12-e3b0c3d3c5c130e1dc6d567d6baef1c73eeb2059 "[ignore_throttled] parameter is deprecated because frozen indices have been deprecated. Consider cold or frozen tiers in place of frozen indices."]
2023-08-04T21:43:32.989-04:00  WARN 4865 --- [    container-1] s.a.r.l.ConditionalRejectingErrorHandler : Execution of Rabbit message listener failed.

org.springframework.amqp.rabbit.support.ListenerExecutionFailedException: Listener method 'receiveMessage' threw exception
	at org.springframework.amqp.rabbit.listener.adapter.MessageListenerAdapter.invokeListenerMethod(MessageListenerAdapter.java:374) ~[spring-rabbit-3.0.4.jar:3.0.4]
	at org.springframework.amqp.rabbit.listener.adapter.MessageListenerAdapter.onMessage(MessageListenerAdapter.java:293) ~[spring-rabbit-3.0.4.jar:3.0.4]
	at org.springframework.amqp.rabbit.listener.AbstractMessageListenerContainer.doInvokeListener(AbstractMessageListenerContainer.java:1719) ~[spring-rabbit-3.0.4.jar:3.0.4]
	at org.springframework.amqp.rabbit.listener.AbstractMessageListenerContainer.actualInvokeListener(AbstractMessageListenerContainer.java:1638) ~[spring-rabbit-3.0.4.jar:3.0.4]
	at org.springframework.amqp.rabbit.listener.AbstractMessageListenerContainer.invokeListener(AbstractMessageListenerContainer.java:1626) ~[spring-rabbit-3.0.4.jar:3.0.4]
	at org.springframework.amqp.rabbit.listener.AbstractMessageListenerContainer.doExecuteListener(AbstractMessageListenerContainer.java:1617) ~[spring-rabbit-3.0.4.jar:3.0.4]
	at org.springframework.amqp.rabbit.listener.AbstractMessageListenerContainer.executeListenerAndHandleException(AbstractMessageListenerContainer.java:1562) ~[spring-rabbit-3.0.4.jar:3.0.4]
	at org.springframework.amqp.rabbit.listener.AbstractMessageListenerContainer.lambda$executeListener$8(AbstractMessageListenerContainer.java:1541) ~[spring-rabbit-3.0.4.jar:3.0.4]
	at io.micrometer.observation.Observation.lambda$observe$0(Observation.java:493) ~[micrometer-observation-1.11.0.jar:1.11.0]
	at io.micrometer.observation.Observation.observeWithContext(Observation.java:603) ~[micrometer-observation-1.11.0.jar:1.11.0]
	at io.micrometer.observation.Observation.observe(Observation.java:492) ~[micrometer-observation-1.11.0.jar:1.11.0]
	at org.springframework.amqp.rabbit.listener.AbstractMessageListenerContainer.executeListener(AbstractMessageListenerContainer.java:1541) ~[spring-rabbit-3.0.4.jar:3.0.4]
	at org.springframework.amqp.rabbit.listener.SimpleMessageListenerContainer.doReceiveAndExecute(SimpleMessageListenerContainer.java:1001) ~[spring-rabbit-3.0.4.jar:3.0.4]
	at org.springframework.amqp.rabbit.listener.SimpleMessageListenerContainer.receiveAndExecute(SimpleMessageListenerContainer.java:948) ~[spring-rabbit-3.0.4.jar:3.0.4]
	at org.springframework.amqp.rabbit.listener.SimpleMessageListenerContainer$AsyncMessageProcessingConsumer.mainLoop(SimpleMessageListenerContainer.java:1326) ~[spring-rabbit-3.0.4.jar:3.0.4]
	at org.springframework.amqp.rabbit.listener.SimpleMessageListenerContainer$AsyncMessageProcessingConsumer.run(SimpleMessageListenerContainer.java:1232) ~[spring-rabbit-3.0.4.jar:3.0.4]
	at java.base/java.lang.Thread.run(Thread.java:1589) ~[na:na]
Caused by: org.json.JSONException: No value for objectType
	at org.json.JSONObject.get(JSONObject.java:355) ~[android-json-0.0.20131108.vaadin1.jar:0.0.20131108.vaadin1]
	at edu.neu.info5.DemoApplication.service.IndexingListener.convertMapToDocumentIndex(IndexingListener.java:152) ~[classes/:na]
	at edu.neu.info5.DemoApplication.service.IndexingListener.postDocument(IndexingListener.java:73) ~[classes/:na]
	at edu.neu.info5.DemoApplication.service.IndexingListener.receiveMessage(IndexingListener.java:51) ~[classes/:na]
	at java.base/jdk.internal.reflect.DirectMethodHandleAccessor.invoke(DirectMethodHandleAccessor.java:104) ~[na:na]
	at java.base/java.lang.reflect.Method.invoke(Method.java:578) ~[na:na]
	at org.springframework.util.MethodInvoker.invoke(MethodInvoker.java:283) ~[spring-core-6.0.9.jar:6.0.9]
	at org.springframework.amqp.rabbit.listener.adapter.MessageListenerAdapter.invokeListenerMethod(MessageListenerAdapter.java:366) ~[spring-rabbit-3.0.4.jar:3.0.4]
	... 16 common frames omitted

Message received: {body={"mapType":"class java.util.HashMap","empty":false}, operation=SAVE}
2023-08-04T21:43:32.992-04:00  WARN 4865 --- [    container-1] org.elasticsearch.client.RestClient      : request [HEAD http://localhost:9200/plan-index?ignore_throttled=false&ignore_unavailable=false&expand_wildcards=open%2Cclosed&allow_no_indices=false] returned 2 warnings: [299 Elasticsearch-7.17.12-e3b0c3d3c5c130e1dc6d567d6baef1c73eeb2059 "Elasticsearch built-in security features are not enabled. Without authentication, your cluster could be accessible to anyone. See https://www.elastic.co/guide/en/elasticsearch/reference/7.17/security-minimal-setup.html to enable security."],[299 Elasticsearch-7.17.12-e3b0c3d3c5c130e1dc6d567d6baef1c73eeb2059 "[ignore_throttled] parameter is deprecated because frozen indices have been deprecated. Consider cold or frozen tiers in place of frozen indices."]
2023-08-04T21:43:32.992-04:00  WARN 4865 --- [    container-1] s.a.r.l.ConditionalRejectingErrorHandler : Execution of Rabbit message listener failed.

org.springframework.amqp.rabbit.support.ListenerExecutionFailedException: Listener method 'receiveMessage' threw exception
	at org.springframework.amqp.rabbit.listener.adapter.MessageListenerAdapter.invokeListenerMethod(MessageListenerAdapter.java:374) ~[spring-rabbit-3.0.4.jar:3.0.4]
	at org.springframework.amqp.rabbit.listener.adapter.MessageListenerAdapter.onMessage(MessageListenerAdapter.java:293) ~[spring-rabbit-3.0.4.jar:3.0.4]
	at org.springframework.amqp.rabbit.listener.AbstractMessageListenerContainer.doInvokeListener(AbstractMessageListenerContainer.java:1719) ~[spring-rabbit-3.0.4.jar:3.0.4]
	at org.springframework.amqp.rabbit.listener.AbstractMessageListenerContainer.actualInvokeListener(AbstractMessageListenerContainer.java:1638) ~[spring-rabbit-3.0.4.jar:3.0.4]
	at org.springframework.amqp.rabbit.listener.AbstractMessageListenerContainer.invokeListener(AbstractMessageListenerContainer.java:1626) ~[spring-rabbit-3.0.4.jar:3.0.4]
	at org.springframework.amqp.rabbit.listener.AbstractMessageListenerContainer.doExecuteListener(AbstractMessageListenerContainer.java:1617) ~[spring-rabbit-3.0.4.jar:3.0.4]
	at org.springframework.amqp.rabbit.listener.AbstractMessageListenerContainer.executeListenerAndHandleException(AbstractMessageListenerContainer.java:1562) ~[spring-rabbit-3.0.4.jar:3.0.4]
	at org.springframework.amqp.rabbit.listener.AbstractMessageListenerContainer.lambda$executeListener$8(AbstractMessageListenerContainer.java:1541) ~[spring-rabbit-3.0.4.jar:3.0.4]
	at io.micrometer.observation.Observation.lambda$observe$0(Observation.java:493) ~[micrometer-observation-1.11.0.jar:1.11.0]
	at io.micrometer.observation.Observation.observeWithContext(Observation.java:603) ~[micrometer-observation-1.11.0.jar:1.11.0]
	at io.micrometer.observation.Observation.observe(Observation.java:492) ~[micrometer-observation-1.11.0.jar:1.11.0]
	at org.springframework.amqp.rabbit.listener.AbstractMessageListenerContainer.executeListener(AbstractMessageListenerContainer.java:1541) ~[spring-rabbit-3.0.4.jar:3.0.4]
	at org.springframework.amqp.rabbit.listener.SimpleMessageListenerContainer.doReceiveAndExecute(SimpleMessageListenerContainer.java:1001) ~[spring-rabbit-3.0.4.jar:3.0.4]
	at org.springframework.amqp.rabbit.listener.SimpleMessageListenerContainer.receiveAndExecute(SimpleMessageListenerContainer.java:948) ~[spring-rabbit-3.0.4.jar:3.0.4]
	at org.springframework.amqp.rabbit.listener.SimpleMessageListenerContainer$AsyncMessageProcessingConsumer.mainLoop(SimpleMessageListenerContainer.java:1326) ~[spring-rabbit-3.0.4.jar:3.0.4]
	at org.springframework.amqp.rabbit.listener.SimpleMessageListenerContainer$AsyncMessageProcessingConsumer.run(SimpleMessageListenerContainer.java:1232) ~[spring-rabbit-3.0.4.jar:3.0.4]
	at java.base/java.lang.Thread.run(Thread.java:1589) ~[na:na]
Caused by: org.json.JSONException: No value for objectType
	at org.json.JSONObject.get(JSONObject.java:355) ~[android-json-0.0.20131108.vaadin1.jar:0.0.20131108.vaadin1]
	at edu.neu.info5.DemoApplication.service.IndexingListener.convertMapToDocumentIndex(IndexingListener.java:152) ~[classes/:na]
	at edu.neu.info5.DemoApplication.service.IndexingListener.postDocument(IndexingListener.java:73) ~[classes/:na]
	at edu.neu.info5.DemoApplication.service.IndexingListener.receiveMessage(IndexingListener.java:51) ~[classes/:na]
	at java.base/jdk.internal.reflect.DirectMethodHandleAccessor.invoke(DirectMethodHandleAccessor.java:104) ~[na:na]
	at java.base/java.lang.reflect.Method.invoke(Method.java:578) ~[na:na]
	at org.springframework.util.MethodInvoker.invoke(MethodInvoker.java:283) ~[spring-core-6.0.9.jar:6.0.9]
	at org.springframework.amqp.rabbit.listener.adapter.MessageListenerAdapter.invokeListenerMethod(MessageListenerAdapter.java:366) ~[spring-rabbit-3.0.4.jar:3.0.4]
	... 16 common frames omitted

Message received: {body={"mapType":"class java.util.HashMap","empty":false}, operation=SAVE}
2023-08-04T21:43:32.995-04:00  WARN 4865 --- [    container-1] org.elasticsearch.client.RestClient      : request [HEAD http://localhost:9200/plan-index?ignore_throttled=false&ignore_unavailable=false&expand_wildcards=open%2Cclosed&allow_no_indices=false] returned 2 warnings: [299 Elasticsearch-7.17.12-e3b0c3d3c5c130e1dc6d567d6baef1c73eeb2059 "Elasticsearch built-in security features are not enabled. Without authentication, your cluster could be accessible to anyone. See https://www.elastic.co/guide/en/elasticsearch/reference/7.17/security-minimal-setup.html to enable security."],[299 Elasticsearch-7.17.12-e3b0c3d3c5c130e1dc6d567d6baef1c73eeb2059 "[ignore_throttled] parameter is deprecated because frozen indices have been deprecated. Consider cold or frozen tiers in place of frozen indices."]
2023-08-04T21:43:32.995-04:00  WARN 4865 --- [    container-1] s.a.r.l.ConditionalRejectingErrorHandler : Execution of Rabbit message listener failed.

org.springframework.amqp.rabbit.support.ListenerExecutionFailedException: Listener method 'receiveMessage' threw exception
	at org.springframework.amqp.rabbit.listener.adapter.MessageListenerAdapter.invokeListenerMethod(MessageListenerAdapter.java:374) ~[spring-rabbit-3.0.4.jar:3.0.4]
	at org.springframework.amqp.rabbit.listener.adapter.MessageListenerAdapter.onMessage(MessageListenerAdapter.java:293) ~[spring-rabbit-3.0.4.jar:3.0.4]
	at org.springframework.amqp.rabbit.listener.AbstractMessageListenerContainer.doInvokeListener(AbstractMessageListenerContainer.java:1719) ~[spring-rabbit-3.0.4.jar:3.0.4]
	at org.springframework.amqp.rabbit.listener.AbstractMessageListenerContainer.actualInvokeListener(AbstractMessageListenerContainer.java:1638) ~[spring-rabbit-3.0.4.jar:3.0.4]
	at org.springframework.amqp.rabbit.listener.AbstractMessageListenerContainer.invokeListener(AbstractMessageListenerContainer.java:1626) ~[spring-rabbit-3.0.4.jar:3.0.4]
	at org.springframework.amqp.rabbit.listener.AbstractMessageListenerContainer.doExecuteListener(AbstractMessageListenerContainer.java:1617) ~[spring-rabbit-3.0.4.jar:3.0.4]
	at org.springframework.amqp.rabbit.listener.AbstractMessageListenerContainer.executeListenerAndHandleException(AbstractMessageListenerContainer.java:1562) ~[spring-rabbit-3.0.4.jar:3.0.4]
	at org.springframework.amqp.rabbit.listener.AbstractMessageListenerContainer.lambda$executeListener$8(AbstractMessageListenerContainer.java:1541) ~[spring-rabbit-3.0.4.jar:3.0.4]
	at io.micrometer.observation.Observation.lambda$observe$0(Observation.java:493) ~[micrometer-observation-1.11.0.jar:1.11.0]
	at io.micrometer.observation.Observation.observeWithContext(Observation.java:603) ~[micrometer-observation-1.11.0.jar:1.11.0]
	at io.micrometer.observation.Observation.observe(Observation.java:492) ~[micrometer-observation-1.11.0.jar:1.11.0]
	at org.springframework.amqp.rabbit.listener.AbstractMessageListenerContainer.executeListener(AbstractMessageListenerContainer.java:1541) ~[spring-rabbit-3.0.4.jar:3.0.4]
	at org.springframework.amqp.rabbit.listener.SimpleMessageListenerContainer.doReceiveAndExecute(SimpleMessageListenerContainer.java:1001) ~[spring-rabbit-3.0.4.jar:3.0.4]
	at org.springframework.amqp.rabbit.listener.SimpleMessageListenerContainer.receiveAndExecute(SimpleMessageListenerContainer.java:948) ~[spring-rabbit-3.0.4.jar:3.0.4]
	at org.springframework.amqp.rabbit.listener.SimpleMessageListenerContainer$AsyncMessageProcessingConsumer.mainLoop(SimpleMessageListenerContainer.java:1326) ~[spring-rabbit-3.0.4.jar:3.0.4]
	at org.springframework.amqp.rabbit.listener.SimpleMessageListenerContainer$AsyncMessageProcessingConsumer.run(SimpleMessageListenerContainer.java:1232) ~[spring-rabbit-3.0.4.jar:3.0.4]
	at java.base/java.lang.Thread.run(Thread.java:1589) ~[na:na]
Caused by: org.json.JSONException: No value for objectType
	at org.json.JSONObject.get(JSONObject.java:355) ~[android-json-0.0.20131108.vaadin1.jar:0.0.20131108.vaadin1]
	at edu.neu.info5.DemoApplication.service.IndexingListener.convertMapToDocumentIndex(IndexingListener.java:152) ~[classes/:na]
	at edu.neu.info5.DemoApplication.service.IndexingListener.postDocument(IndexingListener.java:73) ~[classes/:na]
	at edu.neu.info5.DemoApplication.service.IndexingListener.receiveMessage(IndexingListener.java:51) ~[classes/:na]
	at java.base/jdk.internal.reflect.DirectMethodHandleAccessor.invoke(DirectMethodHandleAccessor.java:104) ~[na:na]
	at java.base/java.lang.reflect.Method.invoke(Method.java:578) ~[na:na]
	at org.springframework.util.MethodInvoker.invoke(MethodInvoker.java:283) ~[spring-core-6.0.9.jar:6.0.9]
	at org.springframework.amqp.rabbit.listener.adapter.MessageListenerAdapter.invokeListenerMethod(MessageListenerAdapter.java:366) ~[spring-rabbit-3.0.4.jar:3.0.4]
	... 16 common frames omitted

Message received: {body={"mapType":"class java.util.HashMap","empty":false}, operation=SAVE}
2023-08-04T21:43:32.997-04:00  WARN 4865 --- [    container-1] org.elasticsearch.client.RestClient      : request [HEAD http://localhost:9200/plan-index?ignore_throttled=false&ignore_unavailable=false&expand_wildcards=open%2Cclosed&allow_no_indices=false] returned 2 warnings: [299 Elasticsearch-7.17.12-e3b0c3d3c5c130e1dc6d567d6baef1c73eeb2059 "Elasticsearch built-in security features are not enabled. Without authentication, your cluster could be accessible to anyone. See https://www.elastic.co/guide/en/elasticsearch/reference/7.17/security-minimal-setup.html to enable security."],[299 Elasticsearch-7.17.12-e3b0c3d3c5c130e1dc6d567d6baef1c73eeb2059 "[ignore_throttled] parameter is deprecated because frozen indices have been deprecated. Consider cold or frozen tiers in place of frozen indices."]
2023-08-04T21:43:32.998-04:00  WARN 4865 --- [    container-1] s.a.r.l.ConditionalRejectingErrorHandler : Execution of Rabbit message listener failed.

org.springframework.amqp.rabbit.support.ListenerExecutionFailedException: Listener method 'receiveMessage' threw exception
	at org.springframework.amqp.rabbit.listener.adapter.MessageListenerAdapter.invokeListenerMethod(MessageListenerAdapter.java:374) ~[spring-rabbit-3.0.4.jar:3.0.4]
	at org.springframework.amqp.rabbit.listener.adapter.MessageListenerAdapter.onMessage(MessageListenerAdapter.java:293) ~[spring-rabbit-3.0.4.jar:3.0.4]
	at org.springframework.amqp.rabbit.listener.AbstractMessageListenerContainer.doInvokeListener(AbstractMessageListenerContainer.java:1719) ~[spring-rabbit-3.0.4.jar:3.0.4]
	at org.springframework.amqp.rabbit.listener.AbstractMessageListenerContainer.actualInvokeListener(AbstractMessageListenerContainer.java:1638) ~[spring-rabbit-3.0.4.jar:3.0.4]
	at org.springframework.amqp.rabbit.listener.AbstractMessageListenerContainer.invokeListener(AbstractMessageListenerContainer.java:1626) ~[spring-rabbit-3.0.4.jar:3.0.4]
	at org.springframework.amqp.rabbit.listener.AbstractMessageListenerContainer.doExecuteListener(AbstractMessageListenerContainer.java:1617) ~[spring-rabbit-3.0.4.jar:3.0.4]
	at org.springframework.amqp.rabbit.listener.AbstractMessageListenerContainer.executeListenerAndHandleException(AbstractMessageListenerContainer.java:1562) ~[spring-rabbit-3.0.4.jar:3.0.4]
	at org.springframework.amqp.rabbit.listener.AbstractMessageListenerContainer.lambda$executeListener$8(AbstractMessageListenerContainer.java:1541) ~[spring-rabbit-3.0.4.jar:3.0.4]
	at io.micrometer.observation.Observation.lambda$observe$0(Observation.java:493) ~[micrometer-observation-1.11.0.jar:1.11.0]
	at io.micrometer.observation.Observation.observeWithContext(Observation.java:603) ~[micrometer-observation-1.11.0.jar:1.11.0]
	at io.micrometer.observation.Observation.observe(Observation.java:492) ~[micrometer-observation-1.11.0.jar:1.11.0]
	at org.springframework.amqp.rabbit.listener.AbstractMessageListenerContainer.executeListener(AbstractMessageListenerContainer.java:1541) ~[spring-rabbit-3.0.4.jar:3.0.4]
	at org.springframework.amqp.rabbit.listener.SimpleMessageListenerContainer.doReceiveAndExecute(SimpleMessageListenerContainer.java:1001) ~[spring-rabbit-3.0.4.jar:3.0.4]
	at org.springframework.amqp.rabbit.listener.SimpleMessageListenerContainer.receiveAndExecute(SimpleMessageListenerContainer.java:948) ~[spring-rabbit-3.0.4.jar:3.0.4]
	at org.springframework.amqp.rabbit.listener.SimpleMessageListenerContainer$AsyncMessageProcessingConsumer.mainLoop(SimpleMessageListenerContainer.java:1326) ~[spring-rabbit-3.0.4.jar:3.0.4]
	at org.springframework.amqp.rabbit.listener.SimpleMessageListenerContainer$AsyncMessageProcessingConsumer.run(SimpleMessageListenerContainer.java:1232) ~[spring-rabbit-3.0.4.jar:3.0.4]
	at java.base/java.lang.Thread.run(Thread.java:1589) ~[na:na]
Caused by: org.json.JSONException: No value for objectType
	at org.json.JSONObject.get(JSONObject.java:355) ~[android-json-0.0.20131108.vaadin1.jar:0.0.20131108.vaadin1]
	at edu.neu.info5.DemoApplication.service.IndexingListener.convertMapToDocumentIndex(IndexingListener.java:152) ~[classes/:na]
	at edu.neu.info5.DemoApplication.service.IndexingListener.postDocument(IndexingListener.java:73) ~[classes/:na]
	at edu.neu.info5.DemoApplication.service.IndexingListener.receiveMessage(IndexingListener.java:51) ~[classes/:na]
	at java.base/jdk.internal.reflect.DirectMethodHandleAccessor.invoke(DirectMethodHandleAccessor.java:104) ~[na:na]
	at java.base/java.lang.reflect.Method.invoke(Method.java:578) ~[na:na]
	at org.springframework.util.MethodInvoker.invoke(MethodInvoker.java:283) ~[spring-core-6.0.9.jar:6.0.9]
	at org.springframework.amqp.rabbit.listener.adapter.MessageListenerAdapter.invokeListenerMethod(MessageListenerAdapter.java:366) ~[spring-rabbit-3.0.4.jar:3.0.4]
	... 16 common frames omitted

Message received: {body={"mapType":"class java.util.HashMap","empty":false}, operation=SAVE}
2023-08-04T21:43:33.000-04:00  WARN 4865 --- [    container-1] org.elasticsearch.client.RestClient      : request [HEAD http://localhost:9200/plan-index?ignore_throttled=false&ignore_unavailable=false&expand_wildcards=open%2Cclosed&allow_no_indices=false] returned 2 warnings: [299 Elasticsearch-7.17.12-e3b0c3d3c5c130e1dc6d567d6baef1c73eeb2059 "Elasticsearch built-in security features are not enabled. Without authentication, your cluster could be accessible to anyone. See https://www.elastic.co/guide/en/elasticsearch/reference/7.17/security-minimal-setup.html to enable security."],[299 Elasticsearch-7.17.12-e3b0c3d3c5c130e1dc6d567d6baef1c73eeb2059 "[ignore_throttled] parameter is deprecated because frozen indices have been deprecated. Consider cold or frozen tiers in place of frozen indices."]
2023-08-04T21:43:33.000-04:00  WARN 4865 --- [    container-1] s.a.r.l.ConditionalRejectingErrorHandler : Execution of Rabbit message listener failed.

org.springframework.amqp.rabbit.support.ListenerExecutionFailedException: Listener method 'receiveMessage' threw exception
	at org.springframework.amqp.rabbit.listener.adapter.MessageListenerAdapter.invokeListenerMethod(MessageListenerAdapter.java:374) ~[spring-rabbit-3.0.4.jar:3.0.4]
	at org.springframework.amqp.rabbit.listener.adapter.MessageListenerAdapter.onMessage(MessageListenerAdapter.java:293) ~[spring-rabbit-3.0.4.jar:3.0.4]
	at org.springframework.amqp.rabbit.listener.AbstractMessageListenerContainer.doInvokeListener(AbstractMessageListenerContainer.java:1719) ~[spring-rabbit-3.0.4.jar:3.0.4]
	at org.springframework.amqp.rabbit.listener.AbstractMessageListenerContainer.actualInvokeListener(AbstractMessageListenerContainer.java:1638) ~[spring-rabbit-3.0.4.jar:3.0.4]
	at org.springframework.amqp.rabbit.listener.AbstractMessageListenerContainer.invokeListener(AbstractMessageListenerContainer.java:1626) ~[spring-rabbit-3.0.4.jar:3.0.4]
	at org.springframework.amqp.rabbit.listener.AbstractMessageListenerContainer.doExecuteListener(AbstractMessageListenerContainer.java:1617) ~[spring-rabbit-3.0.4.jar:3.0.4]
	at org.springframework.amqp.rabbit.listener.AbstractMessageListenerContainer.executeListenerAndHandleException(AbstractMessageListenerContainer.java:1562) ~[spring-rabbit-3.0.4.jar:3.0.4]
	at org.springframework.amqp.rabbit.listener.AbstractMessageListenerContainer.lambda$executeListener$8(AbstractMessageListenerContainer.java:1541) ~[spring-rabbit-3.0.4.jar:3.0.4]
	at io.micrometer.observation.Observation.lambda$observe$0(Observation.java:493) ~[micrometer-observation-1.11.0.jar:1.11.0]
	at io.micrometer.observation.Observation.observeWithContext(Observation.java:603) ~[micrometer-observation-1.11.0.jar:1.11.0]
	at io.micrometer.observation.Observation.observe(Observation.java:492) ~[micrometer-observation-1.11.0.jar:1.11.0]
	at org.springframework.amqp.rabbit.listener.AbstractMessageListenerContainer.executeListener(AbstractMessageListenerContainer.java:1541) ~[spring-rabbit-3.0.4.jar:3.0.4]
	at org.springframework.amqp.rabbit.listener.SimpleMessageListenerContainer.doReceiveAndExecute(SimpleMessageListenerContainer.java:1001) ~[spring-rabbit-3.0.4.jar:3.0.4]
	at org.springframework.amqp.rabbit.listener.SimpleMessageListenerContainer.receiveAndExecute(SimpleMessageListenerContainer.java:948) ~[spring-rabbit-3.0.4.jar:3.0.4]
	at org.springframework.amqp.rabbit.listener.SimpleMessageListenerContainer$AsyncMessageProcessingConsumer.mainLoop(SimpleMessageListenerContainer.java:1326) ~[spring-rabbit-3.0.4.jar:3.0.4]
	at org.springframework.amqp.rabbit.listener.SimpleMessageListenerContainer$AsyncMessageProcessingConsumer.run(SimpleMessageListenerContainer.java:1232) ~[spring-rabbit-3.0.4.jar:3.0.4]
	at java.base/java.lang.Thread.run(Thread.java:1589) ~[na:na]
Caused by: org.json.JSONException: No value for objectType
	at org.json.JSONObject.get(JSONObject.java:355) ~[android-json-0.0.20131108.vaadin1.jar:0.0.20131108.vaadin1]
	at edu.neu.info5.DemoApplication.service.IndexingListener.convertMapToDocumentIndex(IndexingListener.java:152) ~[classes/:na]
	at edu.neu.info5.DemoApplication.service.IndexingListener.postDocument(IndexingListener.java:73) ~[classes/:na]
	at edu.neu.info5.DemoApplication.service.IndexingListener.receiveMessage(IndexingListener.java:51) ~[classes/:na]
	at java.base/jdk.internal.reflect.DirectMethodHandleAccessor.invoke(DirectMethodHandleAccessor.java:104) ~[na:na]
	at java.base/java.lang.reflect.Method.invoke(Method.java:578) ~[na:na]
	at org.springframework.util.MethodInvoker.invoke(MethodInvoker.java:283) ~[spring-core-6.0.9.jar:6.0.9]
	at org.springframework.amqp.rabbit.listener.adapter.MessageListenerAdapter.invokeListenerMethod(MessageListenerAdapter.java:366) ~[spring-rabbit-3.0.4.jar:3.0.4]
	... 16 common frames omitted

Message received: {body={"mapType":"class java.util.HashMap","empty":false}, operation=SAVE}
2023-08-04T21:43:33.004-04:00  WARN 4865 --- [    container-1] org.elasticsearch.client.RestClient      : request [HEAD http://localhost:9200/plan-index?ignore_throttled=false&ignore_unavailable=false&expand_wildcards=open%2Cclosed&allow_no_indices=false] returned 2 warnings: [299 Elasticsearch-7.17.12-e3b0c3d3c5c130e1dc6d567d6baef1c73eeb2059 "Elasticsearch built-in security features are not enabled. Without authentication, your cluster could be accessible to anyone. See https://www.elastic.co/guide/en/elasticsearch/reference/7.17/security-minimal-setup.html to enable security."],[299 Elasticsearch-7.17.12-e3b0c3d3c5c130e1dc6d567d6baef1c73eeb2059 "[ignore_throttled] parameter is deprecated because frozen indices have been deprecated. Consider cold or frozen tiers in place of frozen indices."]
2023-08-04T21:43:33.004-04:00  WARN 4865 --- [    container-1] s.a.r.l.ConditionalRejectingErrorHandler : Execution of Rabbit message listener failed.

org.springframework.amqp.rabbit.support.ListenerExecutionFailedException: Listener method 'receiveMessage' threw exception
	at org.springframework.amqp.rabbit.listener.adapter.MessageListenerAdapter.invokeListenerMethod(MessageListenerAdapter.java:374) ~[spring-rabbit-3.0.4.jar:3.0.4]
	at org.springframework.amqp.rabbit.listener.adapter.MessageListenerAdapter.onMessage(MessageListenerAdapter.java:293) ~[spring-rabbit-3.0.4.jar:3.0.4]
	at org.springframework.amqp.rabbit.listener.AbstractMessageListenerContainer.doInvokeListener(AbstractMessageListenerContainer.java:1719) ~[spring-rabbit-3.0.4.jar:3.0.4]
	at org.springframework.amqp.rabbit.listener.AbstractMessageListenerContainer.actualInvokeListener(AbstractMessageListenerContainer.java:1638) ~[spring-rabbit-3.0.4.jar:3.0.4]
	at org.springframework.amqp.rabbit.listener.AbstractMessageListenerContainer.invokeListener(AbstractMessageListenerContainer.java:1626) ~[spring-rabbit-3.0.4.jar:3.0.4]
	at org.springframework.amqp.rabbit.listener.AbstractMessageListenerContainer.doExecuteListener(AbstractMessageListenerContainer.java:1617) ~[spring-rabbit-3.0.4.jar:3.0.4]
	at org.springframework.amqp.rabbit.listener.AbstractMessageListenerContainer.executeListenerAndHandleException(AbstractMessageListenerContainer.java:1562) ~[spring-rabbit-3.0.4.jar:3.0.4]
	at org.springframework.amqp.rabbit.listener.AbstractMessageListenerContainer.lambda$executeListener$8(AbstractMessageListenerContainer.java:1541) ~[spring-rabbit-3.0.4.jar:3.0.4]
	at io.micrometer.observation.Observation.lambda$observe$0(Observation.java:493) ~[micrometer-observation-1.11.0.jar:1.11.0]
	at io.micrometer.observation.Observation.observeWithContext(Observation.java:603) ~[micrometer-observation-1.11.0.jar:1.11.0]
	at io.micrometer.observation.Observation.observe(Observation.java:492) ~[micrometer-observation-1.11.0.jar:1.11.0]
	at org.springframework.amqp.rabbit.listener.AbstractMessageListenerContainer.executeListener(AbstractMessageListenerContainer.java:1541) ~[spring-rabbit-3.0.4.jar:3.0.4]
	at org.springframework.amqp.rabbit.listener.SimpleMessageListenerContainer.doReceiveAndExecute(SimpleMessageListenerContainer.java:1001) ~[spring-rabbit-3.0.4.jar:3.0.4]
	at org.springframework.amqp.rabbit.listener.SimpleMessageListenerContainer.receiveAndExecute(SimpleMessageListenerContainer.java:948) ~[spring-rabbit-3.0.4.jar:3.0.4]
	at org.springframework.amqp.rabbit.listener.SimpleMessageListenerContainer$AsyncMessageProcessingConsumer.mainLoop(SimpleMessageListenerContainer.java:1326) ~[spring-rabbit-3.0.4.jar:3.0.4]
	at org.springframework.amqp.rabbit.listener.SimpleMessageListenerContainer$AsyncMessageProcessingConsumer.run(SimpleMessageListenerContainer.java:1232) ~[spring-rabbit-3.0.4.jar:3.0.4]
	at java.base/java.lang.Thread.run(Thread.java:1589) ~[na:na]
Caused by: org.json.JSONException: No value for objectType
	at org.json.JSONObject.get(JSONObject.java:355) ~[android-json-0.0.20131108.vaadin1.jar:0.0.20131108.vaadin1]
	at edu.neu.info5.DemoApplication.service.IndexingListener.convertMapToDocumentIndex(IndexingListener.java:152) ~[classes/:na]
	at edu.neu.info5.DemoApplication.service.IndexingListener.postDocument(IndexingListener.java:73) ~[classes/:na]
	at edu.neu.info5.DemoApplication.service.IndexingListener.receiveMessage(IndexingListener.java:51) ~[classes/:na]
	at java.base/jdk.internal.reflect.DirectMethodHandleAccessor.invoke(DirectMethodHandleAccessor.java:104) ~[na:na]
	at java.base/java.lang.reflect.Method.invoke(Method.java:578) ~[na:na]
	at org.springframework.util.MethodInvoker.invoke(MethodInvoker.java:283) ~[spring-core-6.0.9.jar:6.0.9]
	at org.springframework.amqp.rabbit.listener.adapter.MessageListenerAdapter.invokeListenerMethod(MessageListenerAdapter.java:366) ~[spring-rabbit-3.0.4.jar:3.0.4]
	... 16 common frames omitted

Message received: {body={"mapType":"class java.util.HashMap","empty":false}, operation=SAVE}
2023-08-04T21:43:33.006-04:00  WARN 4865 --- [    container-1] org.elasticsearch.client.RestClient      : request [HEAD http://localhost:9200/plan-index?ignore_throttled=false&ignore_unavailable=false&expand_wildcards=open%2Cclosed&allow_no_indices=false] returned 2 warnings: [299 Elasticsearch-7.17.12-e3b0c3d3c5c130e1dc6d567d6baef1c73eeb2059 "Elasticsearch built-in security features are not enabled. Without authentication, your cluster could be accessible to anyone. See https://www.elastic.co/guide/en/elasticsearch/reference/7.17/security-minimal-setup.html to enable security."],[299 Elasticsearch-7.17.12-e3b0c3d3c5c130e1dc6d567d6baef1c73eeb2059 "[ignore_throttled] parameter is deprecated because frozen indices have been deprecated. Consider cold or frozen tiers in place of frozen indices."]
2023-08-04T21:43:33.006-04:00  WARN 4865 --- [    container-1] s.a.r.l.ConditionalRejectingErrorHandler : Execution of Rabbit message listener failed.

org.springframework.amqp.rabbit.support.ListenerExecutionFailedException: Listener method 'receiveMessage' threw exception
	at org.springframework.amqp.rabbit.listener.adapter.MessageListenerAdapter.invokeListenerMethod(MessageListenerAdapter.java:374) ~[spring-rabbit-3.0.4.jar:3.0.4]
	at org.springframework.amqp.rabbit.listener.adapter.MessageListenerAdapter.onMessage(MessageListenerAdapter.java:293) ~[spring-rabbit-3.0.4.jar:3.0.4]
	at org.springframework.amqp.rabbit.listener.AbstractMessageListenerContainer.doInvokeListener(AbstractMessageListenerContainer.java:1719) ~[spring-rabbit-3.0.4.jar:3.0.4]
	at org.springframework.amqp.rabbit.listener.AbstractMessageListenerContainer.actualInvokeListener(AbstractMessageListenerContainer.java:1638) ~[spring-rabbit-3.0.4.jar:3.0.4]
	at org.springframework.amqp.rabbit.listener.AbstractMessageListenerContainer.invokeListener(AbstractMessageListenerContainer.java:1626) ~[spring-rabbit-3.0.4.jar:3.0.4]
	at org.springframework.amqp.rabbit.listener.AbstractMessageListenerContainer.doExecuteListener(AbstractMessageListenerContainer.java:1617) ~[spring-rabbit-3.0.4.jar:3.0.4]
	at org.springframework.amqp.rabbit.listener.AbstractMessageListenerContainer.executeListenerAndHandleException(AbstractMessageListenerContainer.java:1562) ~[spring-rabbit-3.0.4.jar:3.0.4]
	at org.springframework.amqp.rabbit.listener.AbstractMessageListenerContainer.lambda$executeListener$8(AbstractMessageListenerContainer.java:1541) ~[spring-rabbit-3.0.4.jar:3.0.4]
	at io.micrometer.observation.Observation.lambda$observe$0(Observation.java:493) ~[micrometer-observation-1.11.0.jar:1.11.0]
	at io.micrometer.observation.Observation.observeWithContext(Observation.java:603) ~[micrometer-observation-1.11.0.jar:1.11.0]
	at io.micrometer.observation.Observation.observe(Observation.java:492) ~[micrometer-observation-1.11.0.jar:1.11.0]
	at org.springframework.amqp.rabbit.listener.AbstractMessageListenerContainer.executeListener(AbstractMessageListenerContainer.java:1541) ~[spring-rabbit-3.0.4.jar:3.0.4]
	at org.springframework.amqp.rabbit.listener.SimpleMessageListenerContainer.doReceiveAndExecute(SimpleMessageListenerContainer.java:1001) ~[spring-rabbit-3.0.4.jar:3.0.4]
	at org.springframework.amqp.rabbit.listener.SimpleMessageListenerContainer.receiveAndExecute(SimpleMessageListenerContainer.java:948) ~[spring-rabbit-3.0.4.jar:3.0.4]
	at org.springframework.amqp.rabbit.listener.SimpleMessageListenerContainer$AsyncMessageProcessingConsumer.mainLoop(SimpleMessageListenerContainer.java:1326) ~[spring-rabbit-3.0.4.jar:3.0.4]
	at org.springframework.amqp.rabbit.listener.SimpleMessageListenerContainer$AsyncMessageProcessingConsumer.run(SimpleMessageListenerContainer.java:1232) ~[spring-rabbit-3.0.4.jar:3.0.4]
	at java.base/java.lang.Thread.run(Thread.java:1589) ~[na:na]
Caused by: org.json.JSONException: No value for objectType
	at org.json.JSONObject.get(JSONObject.java:355) ~[android-json-0.0.20131108.vaadin1.jar:0.0.20131108.vaadin1]
	at edu.neu.info5.DemoApplication.service.IndexingListener.convertMapToDocumentIndex(IndexingListener.java:152) ~[classes/:na]
	at edu.neu.info5.DemoApplication.service.IndexingListener.postDocument(IndexingListener.java:73) ~[classes/:na]
	at edu.neu.info5.DemoApplication.service.IndexingListener.receiveMessage(IndexingListener.java:51) ~[classes/:na]
	at java.base/jdk.internal.reflect.DirectMethodHandleAccessor.invoke(DirectMethodHandleAccessor.java:104) ~[na:na]
	at java.base/java.lang.reflect.Method.invoke(Method.java:578) ~[na:na]
	at org.springframework.util.MethodInvoker.invoke(MethodInvoker.java:283) ~[spring-core-6.0.9.jar:6.0.9]
	at org.springframework.amqp.rabbit.listener.adapter.MessageListenerAdapter.invokeListenerMethod(MessageListenerAdapter.java:366) ~[spring-rabbit-3.0.4.jar:3.0.4]
	... 16 common frames omitted

Message received: {body={"mapType":"class java.util.HashMap","empty":false}, operation=SAVE}
2023-08-04T21:43:33.007-04:00  WARN 4865 --- [    container-1] org.elasticsearch.client.RestClient      : request [HEAD http://localhost:9200/plan-index?ignore_throttled=false&ignore_unavailable=false&expand_wildcards=open%2Cclosed&allow_no_indices=false] returned 2 warnings: [299 Elasticsearch-7.17.12-e3b0c3d3c5c130e1dc6d567d6baef1c73eeb2059 "Elasticsearch built-in security features are not enabled. Without authentication, your cluster could be accessible to anyone. See https://www.elastic.co/guide/en/elasticsearch/reference/7.17/security-minimal-setup.html to enable security."],[299 Elasticsearch-7.17.12-e3b0c3d3c5c130e1dc6d567d6baef1c73eeb2059 "[ignore_throttled] parameter is deprecated because frozen indices have been deprecated. Consider cold or frozen tiers in place of frozen indices."]
2023-08-04T21:43:33.007-04:00  WARN 4865 --- [    container-1] s.a.r.l.ConditionalRejectingErrorHandler : Execution of Rabbit message listener failed.

org.springframework.amqp.rabbit.support.ListenerExecutionFailedException: Listener method 'receiveMessage' threw exception
	at org.springframework.amqp.rabbit.listener.adapter.MessageListenerAdapter.invokeListenerMethod(MessageListenerAdapter.java:374) ~[spring-rabbit-3.0.4.jar:3.0.4]
	at org.springframework.amqp.rabbit.listener.adapter.MessageListenerAdapter.onMessage(MessageListenerAdapter.java:293) ~[spring-rabbit-3.0.4.jar:3.0.4]
	at org.springframework.amqp.rabbit.listener.AbstractMessageListenerContainer.doInvokeListener(AbstractMessageListenerContainer.java:1719) ~[spring-rabbit-3.0.4.jar:3.0.4]
	at org.springframework.amqp.rabbit.listener.AbstractMessageListenerContainer.actualInvokeListener(AbstractMessageListenerContainer.java:1638) ~[spring-rabbit-3.0.4.jar:3.0.4]
	at org.springframework.amqp.rabbit.listener.AbstractMessageListenerContainer.invokeListener(AbstractMessageListenerContainer.java:1626) ~[spring-rabbit-3.0.4.jar:3.0.4]
	at org.springframework.amqp.rabbit.listener.AbstractMessageListenerContainer.doExecuteListener(AbstractMessageListenerContainer.java:1617) ~[spring-rabbit-3.0.4.jar:3.0.4]
	at org.springframework.amqp.rabbit.listener.AbstractMessageListenerContainer.executeListenerAndHandleException(AbstractMessageListenerContainer.java:1562) ~[spring-rabbit-3.0.4.jar:3.0.4]
	at org.springframework.amqp.rabbit.listener.AbstractMessageListenerContainer.lambda$executeListener$8(AbstractMessageListenerContainer.java:1541) ~[spring-rabbit-3.0.4.jar:3.0.4]
	at io.micrometer.observation.Observation.lambda$observe$0(Observation.java:493) ~[micrometer-observation-1.11.0.jar:1.11.0]
	at io.micrometer.observation.Observation.observeWithContext(Observation.java:603) ~[micrometer-observation-1.11.0.jar:1.11.0]
	at io.micrometer.observation.Observation.observe(Observation.java:492) ~[micrometer-observation-1.11.0.jar:1.11.0]
	at org.springframework.amqp.rabbit.listener.AbstractMessageListenerContainer.executeListener(AbstractMessageListenerContainer.java:1541) ~[spring-rabbit-3.0.4.jar:3.0.4]
	at org.springframework.amqp.rabbit.listener.SimpleMessageListenerContainer.doReceiveAndExecute(SimpleMessageListenerContainer.java:1001) ~[spring-rabbit-3.0.4.jar:3.0.4]
	at org.springframework.amqp.rabbit.listener.SimpleMessageListenerContainer.receiveAndExecute(SimpleMessageListenerContainer.java:948) ~[spring-rabbit-3.0.4.jar:3.0.4]
	at org.springframework.amqp.rabbit.listener.SimpleMessageListenerContainer$AsyncMessageProcessingConsumer.mainLoop(SimpleMessageListenerContainer.java:1326) ~[spring-rabbit-3.0.4.jar:3.0.4]
	at org.springframework.amqp.rabbit.listener.SimpleMessageListenerContainer$AsyncMessageProcessingConsumer.run(SimpleMessageListenerContainer.java:1232) ~[spring-rabbit-3.0.4.jar:3.0.4]
	at java.base/java.lang.Thread.run(Thread.java:1589) ~[na:na]
Caused by: org.json.JSONException: No value for objectType
	at org.json.JSONObject.get(JSONObject.java:355) ~[android-json-0.0.20131108.vaadin1.jar:0.0.20131108.vaadin1]
	at edu.neu.info5.DemoApplication.service.IndexingListener.convertMapToDocumentIndex(IndexingListener.java:152) ~[classes/:na]
	at edu.neu.info5.DemoApplication.service.IndexingListener.postDocument(IndexingListener.java:73) ~[classes/:na]
	at edu.neu.info5.DemoApplication.service.IndexingListener.receiveMessage(IndexingListener.java:51) ~[classes/:na]
	at java.base/jdk.internal.reflect.DirectMethodHandleAccessor.invoke(DirectMethodHandleAccessor.java:104) ~[na:na]
	at java.base/java.lang.reflect.Method.invoke(Method.java:578) ~[na:na]
	at org.springframework.util.MethodInvoker.invoke(MethodInvoker.java:283) ~[spring-core-6.0.9.jar:6.0.9]
	at org.springframework.amqp.rabbit.listener.adapter.MessageListenerAdapter.invokeListenerMethod(MessageListenerAdapter.java:366) ~[spring-rabbit-3.0.4.jar:3.0.4]
	... 16 common frames omitted

Message received: {body={"mapType":"class java.util.HashMap","empty":false}, operation=SAVE}
2023-08-04T21:43:33.009-04:00  WARN 4865 --- [    container-1] org.elasticsearch.client.RestClient      : request [HEAD http://localhost:9200/plan-index?ignore_throttled=false&ignore_unavailable=false&expand_wildcards=open%2Cclosed&allow_no_indices=false] returned 2 warnings: [299 Elasticsearch-7.17.12-e3b0c3d3c5c130e1dc6d567d6baef1c73eeb2059 "Elasticsearch built-in security features are not enabled. Without authentication, your cluster could be accessible to anyone. See https://www.elastic.co/guide/en/elasticsearch/reference/7.17/security-minimal-setup.html to enable security."],[299 Elasticsearch-7.17.12-e3b0c3d3c5c130e1dc6d567d6baef1c73eeb2059 "[ignore_throttled] parameter is deprecated because frozen indices have been deprecated. Consider cold or frozen tiers in place of frozen indices."]
2023-08-04T21:43:33.009-04:00  WARN 4865 --- [    container-1] s.a.r.l.ConditionalRejectingErrorHandler : Execution of Rabbit message listener failed.

org.springframework.amqp.rabbit.support.ListenerExecutionFailedException: Listener method 'receiveMessage' threw exception
	at org.springframework.amqp.rabbit.listener.adapter.MessageListenerAdapter.invokeListenerMethod(MessageListenerAdapter.java:374) ~[spring-rabbit-3.0.4.jar:3.0.4]
	at org.springframework.amqp.rabbit.listener.adapter.MessageListenerAdapter.onMessage(MessageListenerAdapter.java:293) ~[spring-rabbit-3.0.4.jar:3.0.4]
	at org.springframework.amqp.rabbit.listener.AbstractMessageListenerContainer.doInvokeListener(AbstractMessageListenerContainer.java:1719) ~[spring-rabbit-3.0.4.jar:3.0.4]
	at org.springframework.amqp.rabbit.listener.AbstractMessageListenerContainer.actualInvokeListener(AbstractMessageListenerContainer.java:1638) ~[spring-rabbit-3.0.4.jar:3.0.4]
	at org.springframework.amqp.rabbit.listener.AbstractMessageListenerContainer.invokeListener(AbstractMessageListenerContainer.java:1626) ~[spring-rabbit-3.0.4.jar:3.0.4]
	at org.springframework.amqp.rabbit.listener.AbstractMessageListenerContainer.doExecuteListener(AbstractMessageListenerContainer.java:1617) ~[spring-rabbit-3.0.4.jar:3.0.4]
	at org.springframework.amqp.rabbit.listener.AbstractMessageListenerContainer.executeListenerAndHandleException(AbstractMessageListenerContainer.java:1562) ~[spring-rabbit-3.0.4.jar:3.0.4]
	at org.springframework.amqp.rabbit.listener.AbstractMessageListenerContainer.lambda$executeListener$8(AbstractMessageListenerContainer.java:1541) ~[spring-rabbit-3.0.4.jar:3.0.4]
	at io.micrometer.observation.Observation.lambda$observe$0(Observation.java:493) ~[micrometer-observation-1.11.0.jar:1.11.0]
	at io.micrometer.observation.Observation.observeWithContext(Observation.java:603) ~[micrometer-observation-1.11.0.jar:1.11.0]
	at io.micrometer.observation.Observation.observe(Observation.java:492) ~[micrometer-observation-1.11.0.jar:1.11.0]
	at org.springframework.amqp.rabbit.listener.AbstractMessageListenerContainer.executeListener(AbstractMessageListenerContainer.java:1541) ~[spring-rabbit-3.0.4.jar:3.0.4]
	at org.springframework.amqp.rabbit.listener.SimpleMessageListenerContainer.doReceiveAndExecute(SimpleMessageListenerContainer.java:1001) ~[spring-rabbit-3.0.4.jar:3.0.4]
	at org.springframework.amqp.rabbit.listener.SimpleMessageListenerContainer.receiveAndExecute(SimpleMessageListenerContainer.java:948) ~[spring-rabbit-3.0.4.jar:3.0.4]
	at org.springframework.amqp.rabbit.listener.SimpleMessageListenerContainer$AsyncMessageProcessingConsumer.mainLoop(SimpleMessageListenerContainer.java:1326) ~[spring-rabbit-3.0.4.jar:3.0.4]
	at org.springframework.amqp.rabbit.listener.SimpleMessageListenerContainer$AsyncMessageProcessingConsumer.run(SimpleMessageListenerContainer.java:1232) ~[spring-rabbit-3.0.4.jar:3.0.4]
	at java.base/java.lang.Thread.run(Thread.java:1589) ~[na:na]
Caused by: org.json.JSONException: No value for objectType
	at org.json.JSONObject.get(JSONObject.java:355) ~[android-json-0.0.20131108.vaadin1.jar:0.0.20131108.vaadin1]
	at edu.neu.info5.DemoApplication.service.IndexingListener.convertMapToDocumentIndex(IndexingListener.java:152) ~[classes/:na]
	at edu.neu.info5.DemoApplication.service.IndexingListener.postDocument(IndexingListener.java:73) ~[classes/:na]
	at edu.neu.info5.DemoApplication.service.IndexingListener.receiveMessage(IndexingListener.java:51) ~[classes/:na]
	at java.base/jdk.internal.reflect.DirectMethodHandleAccessor.invoke(DirectMethodHandleAccessor.java:104) ~[na:na]
	at java.base/java.lang.reflect.Method.invoke(Method.java:578) ~[na:na]
	at org.springframework.util.MethodInvoker.invoke(MethodInvoker.java:283) ~[spring-core-6.0.9.jar:6.0.9]
	at org.springframework.amqp.rabbit.listener.adapter.MessageListenerAdapter.invokeListenerMethod(MessageListenerAdapter.java:366) ~[spring-rabbit-3.0.4.jar:3.0.4]
	... 16 common frames omitted

Message received: {body={"mapType":"class java.util.HashMap","empty":false}, operation=SAVE}
2023-08-04T21:43:33.011-04:00  WARN 4865 --- [    container-1] org.elasticsearch.client.RestClient      : request [HEAD http://localhost:9200/plan-index?ignore_throttled=false&ignore_unavailable=false&expand_wildcards=open%2Cclosed&allow_no_indices=false] returned 2 warnings: [299 Elasticsearch-7.17.12-e3b0c3d3c5c130e1dc6d567d6baef1c73eeb2059 "Elasticsearch built-in security features are not enabled. Without authentication, your cluster could be accessible to anyone. See https://www.elastic.co/guide/en/elasticsearch/reference/7.17/security-minimal-setup.html to enable security."],[299 Elasticsearch-7.17.12-e3b0c3d3c5c130e1dc6d567d6baef1c73eeb2059 "[ignore_throttled] parameter is deprecated because frozen indices have been deprecated. Consider cold or frozen tiers in place of frozen indices."]
2023-08-04T21:43:33.011-04:00  WARN 4865 --- [    container-1] s.a.r.l.ConditionalRejectingErrorHandler : Execution of Rabbit message listener failed.

org.springframework.amqp.rabbit.support.ListenerExecutionFailedException: Listener method 'receiveMessage' threw exception
	at org.springframework.amqp.rabbit.listener.adapter.MessageListenerAdapter.invokeListenerMethod(MessageListenerAdapter.java:374) ~[spring-rabbit-3.0.4.jar:3.0.4]
	at org.springframework.amqp.rabbit.listener.adapter.MessageListenerAdapter.onMessage(MessageListenerAdapter.java:293) ~[spring-rabbit-3.0.4.jar:3.0.4]
	at org.springframework.amqp.rabbit.listener.AbstractMessageListenerContainer.doInvokeListener(AbstractMessageListenerContainer.java:1719) ~[spring-rabbit-3.0.4.jar:3.0.4]
	at org.springframework.amqp.rabbit.listener.AbstractMessageListenerContainer.actualInvokeListener(AbstractMessageListenerContainer.java:1638) ~[spring-rabbit-3.0.4.jar:3.0.4]
	at org.springframework.amqp.rabbit.listener.AbstractMessageListenerContainer.invokeListener(AbstractMessageListenerContainer.java:1626) ~[spring-rabbit-3.0.4.jar:3.0.4]
	at org.springframework.amqp.rabbit.listener.AbstractMessageListenerContainer.doExecuteListener(AbstractMessageListenerContainer.java:1617) ~[spring-rabbit-3.0.4.jar:3.0.4]
	at org.springframework.amqp.rabbit.listener.AbstractMessageListenerContainer.executeListenerAndHandleException(AbstractMessageListenerContainer.java:1562) ~[spring-rabbit-3.0.4.jar:3.0.4]
	at org.springframework.amqp.rabbit.listener.AbstractMessageListenerContainer.lambda$executeListener$8(AbstractMessageListenerContainer.java:1541) ~[spring-rabbit-3.0.4.jar:3.0.4]
	at io.micrometer.observation.Observation.lambda$observe$0(Observation.java:493) ~[micrometer-observation-1.11.0.jar:1.11.0]
	at io.micrometer.observation.Observation.observeWithContext(Observation.java:603) ~[micrometer-observation-1.11.0.jar:1.11.0]
	at io.micrometer.observation.Observation.observe(Observation.java:492) ~[micrometer-observation-1.11.0.jar:1.11.0]
	at org.springframework.amqp.rabbit.listener.AbstractMessageListenerContainer.executeListener(AbstractMessageListenerContainer.java:1541) ~[spring-rabbit-3.0.4.jar:3.0.4]
	at org.springframework.amqp.rabbit.listener.SimpleMessageListenerContainer.doReceiveAndExecute(SimpleMessageListenerContainer.java:1001) ~[spring-rabbit-3.0.4.jar:3.0.4]
	at org.springframework.amqp.rabbit.listener.SimpleMessageListenerContainer.receiveAndExecute(SimpleMessageListenerContainer.java:948) ~[spring-rabbit-3.0.4.jar:3.0.4]
	at org.springframework.amqp.rabbit.listener.SimpleMessageListenerContainer$AsyncMessageProcessingConsumer.mainLoop(SimpleMessageListenerContainer.java:1326) ~[spring-rabbit-3.0.4.jar:3.0.4]
	at org.springframework.amqp.rabbit.listener.SimpleMessageListenerContainer$AsyncMessageProcessingConsumer.run(SimpleMessageListenerContainer.java:1232) ~[spring-rabbit-3.0.4.jar:3.0.4]
	at java.base/java.lang.Thread.run(Thread.java:1589) ~[na:na]
Caused by: org.json.JSONException: No value for objectType
	at org.json.JSONObject.get(JSONObject.java:355) ~[android-json-0.0.20131108.vaadin1.jar:0.0.20131108.vaadin1]
	at edu.neu.info5.DemoApplication.service.IndexingListener.convertMapToDocumentIndex(IndexingListener.java:152) ~[classes/:na]
	at edu.neu.info5.DemoApplication.service.IndexingListener.postDocument(IndexingListener.java:73) ~[classes/:na]
	at edu.neu.info5.DemoApplication.service.IndexingListener.receiveMessage(IndexingListener.java:51) ~[classes/:na]
	at java.base/jdk.internal.reflect.DirectMethodHandleAccessor.invoke(DirectMethodHandleAccessor.java:104) ~[na:na]
	at java.base/java.lang.reflect.Method.invoke(Method.java:578) ~[na:na]
	at org.springframework.util.MethodInvoker.invoke(MethodInvoker.java:283) ~[spring-core-6.0.9.jar:6.0.9]
	at org.springframework.amqp.rabbit.listener.adapter.MessageListenerAdapter.invokeListenerMethod(MessageListenerAdapter.java:366) ~[spring-rabbit-3.0.4.jar:3.0.4]
	... 16 common frames omitted

Message received: {body={"mapType":"class java.util.HashMap","empty":false}, operation=SAVE}
2023-08-04T21:43:33.013-04:00  WARN 4865 --- [    container-1] org.elasticsearch.client.RestClient      : request [HEAD http://localhost:9200/plan-index?ignore_throttled=false&ignore_unavailable=false&expand_wildcards=open%2Cclosed&allow_no_indices=false] returned 2 warnings: [299 Elasticsearch-7.17.12-e3b0c3d3c5c130e1dc6d567d6baef1c73eeb2059 "Elasticsearch built-in security features are not enabled. Without authentication, your cluster could be accessible to anyone. See https://www.elastic.co/guide/en/elasticsearch/reference/7.17/security-minimal-setup.html to enable security."],[299 Elasticsearch-7.17.12-e3b0c3d3c5c130e1dc6d567d6baef1c73eeb2059 "[ignore_throttled] parameter is deprecated because frozen indices have been deprecated. Consider cold or frozen tiers in place of frozen indices."]
2023-08-04T21:43:33.014-04:00  WARN 4865 --- [    container-1] s.a.r.l.ConditionalRejectingErrorHandler : Execution of Rabbit message listener failed.

org.springframework.amqp.rabbit.support.ListenerExecutionFailedException: Listener method 'receiveMessage' threw exception
	at org.springframework.amqp.rabbit.listener.adapter.MessageListenerAdapter.invokeListenerMethod(MessageListenerAdapter.java:374) ~[spring-rabbit-3.0.4.jar:3.0.4]
	at org.springframework.amqp.rabbit.listener.adapter.MessageListenerAdapter.onMessage(MessageListenerAdapter.java:293) ~[spring-rabbit-3.0.4.jar:3.0.4]
	at org.springframework.amqp.rabbit.listener.AbstractMessageListenerContainer.doInvokeListener(AbstractMessageListenerContainer.java:1719) ~[spring-rabbit-3.0.4.jar:3.0.4]
	at org.springframework.amqp.rabbit.listener.AbstractMessageListenerContainer.actualInvokeListener(AbstractMessageListenerContainer.java:1638) ~[spring-rabbit-3.0.4.jar:3.0.4]
	at org.springframework.amqp.rabbit.listener.AbstractMessageListenerContainer.invokeListener(AbstractMessageListenerContainer.java:1626) ~[spring-rabbit-3.0.4.jar:3.0.4]
	at org.springframework.amqp.rabbit.listener.AbstractMessageListenerContainer.doExecuteListener(AbstractMessageListenerContainer.java:1617) ~[spring-rabbit-3.0.4.jar:3.0.4]
	at org.springframework.amqp.rabbit.listener.AbstractMessageListenerContainer.executeListenerAndHandleException(AbstractMessageListenerContainer.java:1562) ~[spring-rabbit-3.0.4.jar:3.0.4]
	at org.springframework.amqp.rabbit.listener.AbstractMessageListenerContainer.lambda$executeListener$8(AbstractMessageListenerContainer.java:1541) ~[spring-rabbit-3.0.4.jar:3.0.4]
	at io.micrometer.observation.Observation.lambda$observe$0(Observation.java:493) ~[micrometer-observation-1.11.0.jar:1.11.0]
	at io.micrometer.observation.Observation.observeWithContext(Observation.java:603) ~[micrometer-observation-1.11.0.jar:1.11.0]
	at io.micrometer.observation.Observation.observe(Observation.java:492) ~[micrometer-observation-1.11.0.jar:1.11.0]
	at org.springframework.amqp.rabbit.listener.AbstractMessageListenerContainer.executeListener(AbstractMessageListenerContainer.java:1541) ~[spring-rabbit-3.0.4.jar:3.0.4]
	at org.springframework.amqp.rabbit.listener.SimpleMessageListenerContainer.doReceiveAndExecute(SimpleMessageListenerContainer.java:1001) ~[spring-rabbit-3.0.4.jar:3.0.4]
	at org.springframework.amqp.rabbit.listener.SimpleMessageListenerContainer.receiveAndExecute(SimpleMessageListenerContainer.java:948) ~[spring-rabbit-3.0.4.jar:3.0.4]
	at org.springframework.amqp.rabbit.listener.SimpleMessageListenerContainer$AsyncMessageProcessingConsumer.mainLoop(SimpleMessageListenerContainer.java:1326) ~[spring-rabbit-3.0.4.jar:3.0.4]
	at org.springframework.amqp.rabbit.listener.SimpleMessageListenerContainer$AsyncMessageProcessingConsumer.run(SimpleMessageListenerContainer.java:1232) ~[spring-rabbit-3.0.4.jar:3.0.4]
	at java.base/java.lang.Thread.run(Thread.java:1589) ~[na:na]
Caused by: org.json.JSONException: No value for objectType
	at org.json.JSONObject.get(JSONObject.java:355) ~[android-json-0.0.20131108.vaadin1.jar:0.0.20131108.vaadin1]
	at edu.neu.info5.DemoApplication.service.IndexingListener.convertMapToDocumentIndex(IndexingListener.java:152) ~[classes/:na]
	at edu.neu.info5.DemoApplication.service.IndexingListener.postDocument(IndexingListener.java:73) ~[classes/:na]
	at edu.neu.info5.DemoApplication.service.IndexingListener.receiveMessage(IndexingListener.java:51) ~[classes/:na]
	at java.base/jdk.internal.reflect.DirectMethodHandleAccessor.invoke(DirectMethodHandleAccessor.java:104) ~[na:na]
	at java.base/java.lang.reflect.Method.invoke(Method.java:578) ~[na:na]
	at org.springframework.util.MethodInvoker.invoke(MethodInvoker.java:283) ~[spring-core-6.0.9.jar:6.0.9]
	at org.springframework.amqp.rabbit.listener.adapter.MessageListenerAdapter.invokeListenerMethod(MessageListenerAdapter.java:366) ~[spring-rabbit-3.0.4.jar:3.0.4]
	... 16 common frames omitted

Message received: {body={"mapType":"class java.util.HashMap","empty":false}, operation=SAVE}
2023-08-04T21:43:33.029-04:00  WARN 4865 --- [    container-1] org.elasticsearch.client.RestClient      : request [HEAD http://localhost:9200/plan-index?ignore_throttled=false&ignore_unavailable=false&expand_wildcards=open%2Cclosed&allow_no_indices=false] returned 2 warnings: [299 Elasticsearch-7.17.12-e3b0c3d3c5c130e1dc6d567d6baef1c73eeb2059 "Elasticsearch built-in security features are not enabled. Without authentication, your cluster could be accessible to anyone. See https://www.elastic.co/guide/en/elasticsearch/reference/7.17/security-minimal-setup.html to enable security."],[299 Elasticsearch-7.17.12-e3b0c3d3c5c130e1dc6d567d6baef1c73eeb2059 "[ignore_throttled] parameter is deprecated because frozen indices have been deprecated. Consider cold or frozen tiers in place of frozen indices."]
2023-08-04T21:43:33.029-04:00  WARN 4865 --- [    container-1] s.a.r.l.ConditionalRejectingErrorHandler : Execution of Rabbit message listener failed.

org.springframework.amqp.rabbit.support.ListenerExecutionFailedException: Listener method 'receiveMessage' threw exception
	at org.springframework.amqp.rabbit.listener.adapter.MessageListenerAdapter.invokeListenerMethod(MessageListenerAdapter.java:374) ~[spring-rabbit-3.0.4.jar:3.0.4]
	at org.springframework.amqp.rabbit.listener.adapter.MessageListenerAdapter.onMessage(MessageListenerAdapter.java:293) ~[spring-rabbit-3.0.4.jar:3.0.4]
	at org.springframework.amqp.rabbit.listener.AbstractMessageListenerContainer.doInvokeListener(AbstractMessageListenerContainer.java:1719) ~[spring-rabbit-3.0.4.jar:3.0.4]
	at org.springframework.amqp.rabbit.listener.AbstractMessageListenerContainer.actualInvokeListener(AbstractMessageListenerContainer.java:1638) ~[spring-rabbit-3.0.4.jar:3.0.4]
	at org.springframework.amqp.rabbit.listener.AbstractMessageListenerContainer.invokeListener(AbstractMessageListenerContainer.java:1626) ~[spring-rabbit-3.0.4.jar:3.0.4]
	at org.springframework.amqp.rabbit.listener.AbstractMessageListenerContainer.doExecuteListener(AbstractMessageListenerContainer.java:1617) ~[spring-rabbit-3.0.4.jar:3.0.4]
	at org.springframework.amqp.rabbit.listener.AbstractMessageListenerContainer.executeListenerAndHandleException(AbstractMessageListenerContainer.java:1562) ~[spring-rabbit-3.0.4.jar:3.0.4]
	at org.springframework.amqp.rabbit.listener.AbstractMessageListenerContainer.lambda$executeListener$8(AbstractMessageListenerContainer.java:1541) ~[spring-rabbit-3.0.4.jar:3.0.4]
	at io.micrometer.observation.Observation.lambda$observe$0(Observation.java:493) ~[micrometer-observation-1.11.0.jar:1.11.0]
	at io.micrometer.observation.Observation.observeWithContext(Observation.java:603) ~[micrometer-observation-1.11.0.jar:1.11.0]
	at io.micrometer.observation.Observation.observe(Observation.java:492) ~[micrometer-observation-1.11.0.jar:1.11.0]
	at org.springframework.amqp.rabbit.listener.AbstractMessageListenerContainer.executeListener(AbstractMessageListenerContainer.java:1541) ~[spring-rabbit-3.0.4.jar:3.0.4]
	at org.springframework.amqp.rabbit.listener.SimpleMessageListenerContainer.doReceiveAndExecute(SimpleMessageListenerContainer.java:1001) ~[spring-rabbit-3.0.4.jar:3.0.4]
	at org.springframework.amqp.rabbit.listener.SimpleMessageListenerContainer.receiveAndExecute(SimpleMessageListenerContainer.java:948) ~[spring-rabbit-3.0.4.jar:3.0.4]
	at org.springframework.amqp.rabbit.listener.SimpleMessageListenerContainer$AsyncMessageProcessingConsumer.mainLoop(SimpleMessageListenerContainer.java:1326) ~[spring-rabbit-3.0.4.jar:3.0.4]
	at org.springframework.amqp.rabbit.listener.SimpleMessageListenerContainer$AsyncMessageProcessingConsumer.run(SimpleMessageListenerContainer.java:1232) ~[spring-rabbit-3.0.4.jar:3.0.4]
	at java.base/java.lang.Thread.run(Thread.java:1589) ~[na:na]
Caused by: org.json.JSONException: No value for objectType
	at org.json.JSONObject.get(JSONObject.java:355) ~[android-json-0.0.20131108.vaadin1.jar:0.0.20131108.vaadin1]
	at edu.neu.info5.DemoApplication.service.IndexingListener.convertMapToDocumentIndex(IndexingListener.java:152) ~[classes/:na]
	at edu.neu.info5.DemoApplication.service.IndexingListener.postDocument(IndexingListener.java:73) ~[classes/:na]
	at edu.neu.info5.DemoApplication.service.IndexingListener.receiveMessage(IndexingListener.java:51) ~[classes/:na]
	at java.base/jdk.internal.reflect.DirectMethodHandleAccessor.invoke(DirectMethodHandleAccessor.java:104) ~[na:na]
	at java.base/java.lang.reflect.Method.invoke(Method.java:578) ~[na:na]
	at org.springframework.util.MethodInvoker.invoke(MethodInvoker.java:283) ~[spring-core-6.0.9.jar:6.0.9]
	at org.springframework.amqp.rabbit.listener.adapter.MessageListenerAdapter.invokeListenerMethod(MessageListenerAdapter.java:366) ~[spring-rabbit-3.0.4.jar:3.0.4]
	... 16 common frames omitted

Message received: {body={"mapType":"class java.util.HashMap","empty":false}, operation=SAVE}
2023-08-04T21:43:33.031-04:00  WARN 4865 --- [    container-1] org.elasticsearch.client.RestClient      : request [HEAD http://localhost:9200/plan-index?ignore_throttled=false&ignore_unavailable=false&expand_wildcards=open%2Cclosed&allow_no_indices=false] returned 2 warnings: [299 Elasticsearch-7.17.12-e3b0c3d3c5c130e1dc6d567d6baef1c73eeb2059 "Elasticsearch built-in security features are not enabled. Without authentication, your cluster could be accessible to anyone. See https://www.elastic.co/guide/en/elasticsearch/reference/7.17/security-minimal-setup.html to enable security."],[299 Elasticsearch-7.17.12-e3b0c3d3c5c130e1dc6d567d6baef1c73eeb2059 "[ignore_throttled] parameter is deprecated because frozen indices have been deprecated. Consider cold or frozen tiers in place of frozen indices."]
2023-08-04T21:43:33.031-04:00  WARN 4865 --- [    container-1] s.a.r.l.ConditionalRejectingErrorHandler : Execution of Rabbit message listener failed.

org.springframework.amqp.rabbit.support.ListenerExecutionFailedException: Listener method 'receiveMessage' threw exception
	at org.springframework.amqp.rabbit.listener.adapter.MessageListenerAdapter.invokeListenerMethod(MessageListenerAdapter.java:374) ~[spring-rabbit-3.0.4.jar:3.0.4]
	at org.springframework.amqp.rabbit.listener.adapter.MessageListenerAdapter.onMessage(MessageListenerAdapter.java:293) ~[spring-rabbit-3.0.4.jar:3.0.4]
	at org.springframework.amqp.rabbit.listener.AbstractMessageListenerContainer.doInvokeListener(AbstractMessageListenerContainer.java:1719) ~[spring-rabbit-3.0.4.jar:3.0.4]
	at org.springframework.amqp.rabbit.listener.AbstractMessageListenerContainer.actualInvokeListener(AbstractMessageListenerContainer.java:1638) ~[spring-rabbit-3.0.4.jar:3.0.4]
	at org.springframework.amqp.rabbit.listener.AbstractMessageListenerContainer.invokeListener(AbstractMessageListenerContainer.java:1626) ~[spring-rabbit-3.0.4.jar:3.0.4]
	at org.springframework.amqp.rabbit.listener.AbstractMessageListenerContainer.doExecuteListener(AbstractMessageListenerContainer.java:1617) ~[spring-rabbit-3.0.4.jar:3.0.4]
	at org.springframework.amqp.rabbit.listener.AbstractMessageListenerContainer.executeListenerAndHandleException(AbstractMessageListenerContainer.java:1562) ~[spring-rabbit-3.0.4.jar:3.0.4]
	at org.springframework.amqp.rabbit.listener.AbstractMessageListenerContainer.lambda$executeListener$8(AbstractMessageListenerContainer.java:1541) ~[spring-rabbit-3.0.4.jar:3.0.4]
	at io.micrometer.observation.Observation.lambda$observe$0(Observation.java:493) ~[micrometer-observation-1.11.0.jar:1.11.0]
	at io.micrometer.observation.Observation.observeWithContext(Observation.java:603) ~[micrometer-observation-1.11.0.jar:1.11.0]
	at io.micrometer.observation.Observation.observe(Observation.java:492) ~[micrometer-observation-1.11.0.jar:1.11.0]
	at org.springframework.amqp.rabbit.listener.AbstractMessageListenerContainer.executeListener(AbstractMessageListenerContainer.java:1541) ~[spring-rabbit-3.0.4.jar:3.0.4]
	at org.springframework.amqp.rabbit.listener.SimpleMessageListenerContainer.doReceiveAndExecute(SimpleMessageListenerContainer.java:1001) ~[spring-rabbit-3.0.4.jar:3.0.4]
	at org.springframework.amqp.rabbit.listener.SimpleMessageListenerContainer.receiveAndExecute(SimpleMessageListenerContainer.java:948) ~[spring-rabbit-3.0.4.jar:3.0.4]
	at org.springframework.amqp.rabbit.listener.SimpleMessageListenerContainer$AsyncMessageProcessingConsumer.mainLoop(SimpleMessageListenerContainer.java:1326) ~[spring-rabbit-3.0.4.jar:3.0.4]
	at org.springframework.amqp.rabbit.listener.SimpleMessageListenerContainer$AsyncMessageProcessingConsumer.run(SimpleMessageListenerContainer.java:1232) ~[spring-rabbit-3.0.4.jar:3.0.4]
	at java.base/java.lang.Thread.run(Thread.java:1589) ~[na:na]
Caused by: org.json.JSONException: No value for objectType
	at org.json.JSONObject.get(JSONObject.java:355) ~[android-json-0.0.20131108.vaadin1.jar:0.0.20131108.vaadin1]
	at edu.neu.info5.DemoApplication.service.IndexingListener.convertMapToDocumentIndex(IndexingListener.java:152) ~[classes/:na]
	at edu.neu.info5.DemoApplication.service.IndexingListener.postDocument(IndexingListener.java:73) ~[classes/:na]
	at edu.neu.info5.DemoApplication.service.IndexingListener.receiveMessage(IndexingListener.java:51) ~[classes/:na]
	at java.base/jdk.internal.reflect.DirectMethodHandleAccessor.invoke(DirectMethodHandleAccessor.java:104) ~[na:na]
	at java.base/java.lang.reflect.Method.invoke(Method.java:578) ~[na:na]
	at org.springframework.util.MethodInvoker.invoke(MethodInvoker.java:283) ~[spring-core-6.0.9.jar:6.0.9]
	at org.springframework.amqp.rabbit.listener.adapter.MessageListenerAdapter.invokeListenerMethod(MessageListenerAdapter.java:366) ~[spring-rabbit-3.0.4.jar:3.0.4]
	... 16 common frames omitted

Message received: {body={"mapType":"class java.util.HashMap","empty":false}, operation=SAVE}
2023-08-04T21:43:33.033-04:00  WARN 4865 --- [    container-1] org.elasticsearch.client.RestClient      : request [HEAD http://localhost:9200/plan-index?ignore_throttled=false&ignore_unavailable=false&expand_wildcards=open%2Cclosed&allow_no_indices=false] returned 2 warnings: [299 Elasticsearch-7.17.12-e3b0c3d3c5c130e1dc6d567d6baef1c73eeb2059 "Elasticsearch built-in security features are not enabled. Without authentication, your cluster could be accessible to anyone. See https://www.elastic.co/guide/en/elasticsearch/reference/7.17/security-minimal-setup.html to enable security."],[299 Elasticsearch-7.17.12-e3b0c3d3c5c130e1dc6d567d6baef1c73eeb2059 "[ignore_throttled] parameter is deprecated because frozen indices have been deprecated. Consider cold or frozen tiers in place of frozen indices."]
2023-08-04T21:43:33.033-04:00  WARN 4865 --- [    container-1] s.a.r.l.ConditionalRejectingErrorHandler : Execution of Rabbit message listener failed.

org.springframework.amqp.rabbit.support.ListenerExecutionFailedException: Listener method 'receiveMessage' threw exception
	at org.springframework.amqp.rabbit.listener.adapter.MessageListenerAdapter.invokeListenerMethod(MessageListenerAdapter.java:374) ~[spring-rabbit-3.0.4.jar:3.0.4]
	at org.springframework.amqp.rabbit.listener.adapter.MessageListenerAdapter.onMessage(MessageListenerAdapter.java:293) ~[spring-rabbit-3.0.4.jar:3.0.4]
	at org.springframework.amqp.rabbit.listener.AbstractMessageListenerContainer.doInvokeListener(AbstractMessageListenerContainer.java:1719) ~[spring-rabbit-3.0.4.jar:3.0.4]
	at org.springframework.amqp.rabbit.listener.AbstractMessageListenerContainer.actualInvokeListener(AbstractMessageListenerContainer.java:1638) ~[spring-rabbit-3.0.4.jar:3.0.4]
	at org.springframework.amqp.rabbit.listener.AbstractMessageListenerContainer.invokeListener(AbstractMessageListenerContainer.java:1626) ~[spring-rabbit-3.0.4.jar:3.0.4]
	at org.springframework.amqp.rabbit.listener.AbstractMessageListenerContainer.doExecuteListener(AbstractMessageListenerContainer.java:1617) ~[spring-rabbit-3.0.4.jar:3.0.4]
	at org.springframework.amqp.rabbit.listener.AbstractMessageListenerContainer.executeListenerAndHandleException(AbstractMessageListenerContainer.java:1562) ~[spring-rabbit-3.0.4.jar:3.0.4]
	at org.springframework.amqp.rabbit.listener.AbstractMessageListenerContainer.lambda$executeListener$8(AbstractMessageListenerContainer.java:1541) ~[spring-rabbit-3.0.4.jar:3.0.4]
	at io.micrometer.observation.Observation.lambda$observe$0(Observation.java:493) ~[micrometer-observation-1.11.0.jar:1.11.0]
	at io.micrometer.observation.Observation.observeWithContext(Observation.java:603) ~[micrometer-observation-1.11.0.jar:1.11.0]
	at io.micrometer.observation.Observation.observe(Observation.java:492) ~[micrometer-observation-1.11.0.jar:1.11.0]
	at org.springframework.amqp.rabbit.listener.AbstractMessageListenerContainer.executeListener(AbstractMessageListenerContainer.java:1541) ~[spring-rabbit-3.0.4.jar:3.0.4]
	at org.springframework.amqp.rabbit.listener.SimpleMessageListenerContainer.doReceiveAndExecute(SimpleMessageListenerContainer.java:1001) ~[spring-rabbit-3.0.4.jar:3.0.4]
	at org.springframework.amqp.rabbit.listener.SimpleMessageListenerContainer.receiveAndExecute(SimpleMessageListenerContainer.java:948) ~[spring-rabbit-3.0.4.jar:3.0.4]
	at org.springframework.amqp.rabbit.listener.SimpleMessageListenerContainer$AsyncMessageProcessingConsumer.mainLoop(SimpleMessageListenerContainer.java:1326) ~[spring-rabbit-3.0.4.jar:3.0.4]
	at org.springframework.amqp.rabbit.listener.SimpleMessageListenerContainer$AsyncMessageProcessingConsumer.run(SimpleMessageListenerContainer.java:1232) ~[spring-rabbit-3.0.4.jar:3.0.4]
	at java.base/java.lang.Thread.run(Thread.java:1589) ~[na:na]
Caused by: org.json.JSONException: No value for objectType
	at org.json.JSONObject.get(JSONObject.java:355) ~[android-json-0.0.20131108.vaadin1.jar:0.0.20131108.vaadin1]
	at edu.neu.info5.DemoApplication.service.IndexingListener.convertMapToDocumentIndex(IndexingListener.java:152) ~[classes/:na]
	at edu.neu.info5.DemoApplication.service.IndexingListener.postDocument(IndexingListener.java:73) ~[classes/:na]
	at edu.neu.info5.DemoApplication.service.IndexingListener.receiveMessage(IndexingListener.java:51) ~[classes/:na]
	at java.base/jdk.internal.reflect.DirectMethodHandleAccessor.invoke(DirectMethodHandleAccessor.java:104) ~[na:na]
	at java.base/java.lang.reflect.Method.invoke(Method.java:578) ~[na:na]
	at org.springframework.util.MethodInvoker.invoke(MethodInvoker.java:283) ~[spring-core-6.0.9.jar:6.0.9]
	at org.springframework.amqp.rabbit.listener.adapter.MessageListenerAdapter.invokeListenerMethod(MessageListenerAdapter.java:366) ~[spring-rabbit-3.0.4.jar:3.0.4]
	... 16 common frames omitted

Message received: {body={"mapType":"class java.util.HashMap","empty":false}, operation=SAVE}
2023-08-04T21:43:33.035-04:00  WARN 4865 --- [    container-1] org.elasticsearch.client.RestClient      : request [HEAD http://localhost:9200/plan-index?ignore_throttled=false&ignore_unavailable=false&expand_wildcards=open%2Cclosed&allow_no_indices=false] returned 2 warnings: [299 Elasticsearch-7.17.12-e3b0c3d3c5c130e1dc6d567d6baef1c73eeb2059 "Elasticsearch built-in security features are not enabled. Without authentication, your cluster could be accessible to anyone. See https://www.elastic.co/guide/en/elasticsearch/reference/7.17/security-minimal-setup.html to enable security."],[299 Elasticsearch-7.17.12-e3b0c3d3c5c130e1dc6d567d6baef1c73eeb2059 "[ignore_throttled] parameter is deprecated because frozen indices have been deprecated. Consider cold or frozen tiers in place of frozen indices."]
2023-08-04T21:43:33.035-04:00  WARN 4865 --- [    container-1] s.a.r.l.ConditionalRejectingErrorHandler : Execution of Rabbit message listener failed.

org.springframework.amqp.rabbit.support.ListenerExecutionFailedException: Listener method 'receiveMessage' threw exception
	at org.springframework.amqp.rabbit.listener.adapter.MessageListenerAdapter.invokeListenerMethod(MessageListenerAdapter.java:374) ~[spring-rabbit-3.0.4.jar:3.0.4]
	at org.springframework.amqp.rabbit.listener.adapter.MessageListenerAdapter.onMessage(MessageListenerAdapter.java:293) ~[spring-rabbit-3.0.4.jar:3.0.4]
	at org.springframework.amqp.rabbit.listener.AbstractMessageListenerContainer.doInvokeListener(AbstractMessageListenerContainer.java:1719) ~[spring-rabbit-3.0.4.jar:3.0.4]
	at org.springframework.amqp.rabbit.listener.AbstractMessageListenerContainer.actualInvokeListener(AbstractMessageListenerContainer.java:1638) ~[spring-rabbit-3.0.4.jar:3.0.4]
	at org.springframework.amqp.rabbit.listener.AbstractMessageListenerContainer.invokeListener(AbstractMessageListenerContainer.java:1626) ~[spring-rabbit-3.0.4.jar:3.0.4]
	at org.springframework.amqp.rabbit.listener.AbstractMessageListenerContainer.doExecuteListener(AbstractMessageListenerContainer.java:1617) ~[spring-rabbit-3.0.4.jar:3.0.4]
	at org.springframework.amqp.rabbit.listener.AbstractMessageListenerContainer.executeListenerAndHandleException(AbstractMessageListenerContainer.java:1562) ~[spring-rabbit-3.0.4.jar:3.0.4]
	at org.springframework.amqp.rabbit.listener.AbstractMessageListenerContainer.lambda$executeListener$8(AbstractMessageListenerContainer.java:1541) ~[spring-rabbit-3.0.4.jar:3.0.4]
	at io.micrometer.observation.Observation.lambda$observe$0(Observation.java:493) ~[micrometer-observation-1.11.0.jar:1.11.0]
	at io.micrometer.observation.Observation.observeWithContext(Observation.java:603) ~[micrometer-observation-1.11.0.jar:1.11.0]
	at io.micrometer.observation.Observation.observe(Observation.java:492) ~[micrometer-observation-1.11.0.jar:1.11.0]
	at org.springframework.amqp.rabbit.listener.AbstractMessageListenerContainer.executeListener(AbstractMessageListenerContainer.java:1541) ~[spring-rabbit-3.0.4.jar:3.0.4]
	at org.springframework.amqp.rabbit.listener.SimpleMessageListenerContainer.doReceiveAndExecute(SimpleMessageListenerContainer.java:1001) ~[spring-rabbit-3.0.4.jar:3.0.4]
	at org.springframework.amqp.rabbit.listener.SimpleMessageListenerContainer.receiveAndExecute(SimpleMessageListenerContainer.java:948) ~[spring-rabbit-3.0.4.jar:3.0.4]
	at org.springframework.amqp.rabbit.listener.SimpleMessageListenerContainer$AsyncMessageProcessingConsumer.mainLoop(SimpleMessageListenerContainer.java:1326) ~[spring-rabbit-3.0.4.jar:3.0.4]
	at org.springframework.amqp.rabbit.listener.SimpleMessageListenerContainer$AsyncMessageProcessingConsumer.run(SimpleMessageListenerContainer.java:1232) ~[spring-rabbit-3.0.4.jar:3.0.4]
	at java.base/java.lang.Thread.run(Thread.java:1589) ~[na:na]
Caused by: org.json.JSONException: No value for objectType
	at org.json.JSONObject.get(JSONObject.java:355) ~[android-json-0.0.20131108.vaadin1.jar:0.0.20131108.vaadin1]
	at edu.neu.info5.DemoApplication.service.IndexingListener.convertMapToDocumentIndex(IndexingListener.java:152) ~[classes/:na]
	at edu.neu.info5.DemoApplication.service.IndexingListener.postDocument(IndexingListener.java:73) ~[classes/:na]
	at edu.neu.info5.DemoApplication.service.IndexingListener.receiveMessage(IndexingListener.java:51) ~[classes/:na]
	at java.base/jdk.internal.reflect.DirectMethodHandleAccessor.invoke(DirectMethodHandleAccessor.java:104) ~[na:na]
	at java.base/java.lang.reflect.Method.invoke(Method.java:578) ~[na:na]
	at org.springframework.util.MethodInvoker.invoke(MethodInvoker.java:283) ~[spring-core-6.0.9.jar:6.0.9]
	at org.springframework.amqp.rabbit.listener.adapter.MessageListenerAdapter.invokeListenerMethod(MessageListenerAdapter.java:366) ~[spring-rabbit-3.0.4.jar:3.0.4]
	... 16 common frames omitted

Message received: {body={"mapType":"class java.util.HashMap","empty":false}, operation=SAVE}
2023-08-04T21:43:33.038-04:00  WARN 4865 --- [    container-1] org.elasticsearch.client.RestClient      : request [HEAD http://localhost:9200/plan-index?ignore_throttled=false&ignore_unavailable=false&expand_wildcards=open%2Cclosed&allow_no_indices=false] returned 2 warnings: [299 Elasticsearch-7.17.12-e3b0c3d3c5c130e1dc6d567d6baef1c73eeb2059 "Elasticsearch built-in security features are not enabled. Without authentication, your cluster could be accessible to anyone. See https://www.elastic.co/guide/en/elasticsearch/reference/7.17/security-minimal-setup.html to enable security."],[299 Elasticsearch-7.17.12-e3b0c3d3c5c130e1dc6d567d6baef1c73eeb2059 "[ignore_throttled] parameter is deprecated because frozen indices have been deprecated. Consider cold or frozen tiers in place of frozen indices."]
2023-08-04T21:43:33.038-04:00  WARN 4865 --- [    container-1] s.a.r.l.ConditionalRejectingErrorHandler : Execution of Rabbit message listener failed.

org.springframework.amqp.rabbit.support.ListenerExecutionFailedException: Listener method 'receiveMessage' threw exception
	at org.springframework.amqp.rabbit.listener.adapter.MessageListenerAdapter.invokeListenerMethod(MessageListenerAdapter.java:374) ~[spring-rabbit-3.0.4.jar:3.0.4]
	at org.springframework.amqp.rabbit.listener.adapter.MessageListenerAdapter.onMessage(MessageListenerAdapter.java:293) ~[spring-rabbit-3.0.4.jar:3.0.4]
	at org.springframework.amqp.rabbit.listener.AbstractMessageListenerContainer.doInvokeListener(AbstractMessageListenerContainer.java:1719) ~[spring-rabbit-3.0.4.jar:3.0.4]
	at org.springframework.amqp.rabbit.listener.AbstractMessageListenerContainer.actualInvokeListener(AbstractMessageListenerContainer.java:1638) ~[spring-rabbit-3.0.4.jar:3.0.4]
	at org.springframework.amqp.rabbit.listener.AbstractMessageListenerContainer.invokeListener(AbstractMessageListenerContainer.java:1626) ~[spring-rabbit-3.0.4.jar:3.0.4]
	at org.springframework.amqp.rabbit.listener.AbstractMessageListenerContainer.doExecuteListener(AbstractMessageListenerContainer.java:1617) ~[spring-rabbit-3.0.4.jar:3.0.4]
	at org.springframework.amqp.rabbit.listener.AbstractMessageListenerContainer.executeListenerAndHandleException(AbstractMessageListenerContainer.java:1562) ~[spring-rabbit-3.0.4.jar:3.0.4]
	at org.springframework.amqp.rabbit.listener.AbstractMessageListenerContainer.lambda$executeListener$8(AbstractMessageListenerContainer.java:1541) ~[spring-rabbit-3.0.4.jar:3.0.4]
	at io.micrometer.observation.Observation.lambda$observe$0(Observation.java:493) ~[micrometer-observation-1.11.0.jar:1.11.0]
	at io.micrometer.observation.Observation.observeWithContext(Observation.java:603) ~[micrometer-observation-1.11.0.jar:1.11.0]
	at io.micrometer.observation.Observation.observe(Observation.java:492) ~[micrometer-observation-1.11.0.jar:1.11.0]
	at org.springframework.amqp.rabbit.listener.AbstractMessageListenerContainer.executeListener(AbstractMessageListenerContainer.java:1541) ~[spring-rabbit-3.0.4.jar:3.0.4]
	at org.springframework.amqp.rabbit.listener.SimpleMessageListenerContainer.doReceiveAndExecute(SimpleMessageListenerContainer.java:1001) ~[spring-rabbit-3.0.4.jar:3.0.4]
	at org.springframework.amqp.rabbit.listener.SimpleMessageListenerContainer.receiveAndExecute(SimpleMessageListenerContainer.java:948) ~[spring-rabbit-3.0.4.jar:3.0.4]
	at org.springframework.amqp.rabbit.listener.SimpleMessageListenerContainer$AsyncMessageProcessingConsumer.mainLoop(SimpleMessageListenerContainer.java:1326) ~[spring-rabbit-3.0.4.jar:3.0.4]
	at org.springframework.amqp.rabbit.listener.SimpleMessageListenerContainer$AsyncMessageProcessingConsumer.run(SimpleMessageListenerContainer.java:1232) ~[spring-rabbit-3.0.4.jar:3.0.4]
	at java.base/java.lang.Thread.run(Thread.java:1589) ~[na:na]
Caused by: org.json.JSONException: No value for objectType
	at org.json.JSONObject.get(JSONObject.java:355) ~[android-json-0.0.20131108.vaadin1.jar:0.0.20131108.vaadin1]
	at edu.neu.info5.DemoApplication.service.IndexingListener.convertMapToDocumentIndex(IndexingListener.java:152) ~[classes/:na]
	at edu.neu.info5.DemoApplication.service.IndexingListener.postDocument(IndexingListener.java:73) ~[classes/:na]
	at edu.neu.info5.DemoApplication.service.IndexingListener.receiveMessage(IndexingListener.java:51) ~[classes/:na]
	at java.base/jdk.internal.reflect.DirectMethodHandleAccessor.invoke(DirectMethodHandleAccessor.java:104) ~[na:na]
	at java.base/java.lang.reflect.Method.invoke(Method.java:578) ~[na:na]
	at org.springframework.util.MethodInvoker.invoke(MethodInvoker.java:283) ~[spring-core-6.0.9.jar:6.0.9]
	at org.springframework.amqp.rabbit.listener.adapter.MessageListenerAdapter.invokeListenerMethod(MessageListenerAdapter.java:366) ~[spring-rabbit-3.0.4.jar:3.0.4]
	... 16 common frames omitted

Message received: {body={"mapType":"class java.util.HashMap","empty":false}, operation=SAVE}
2023-08-04T21:43:33.039-04:00  WARN 4865 --- [    container-1] org.elasticsearch.client.RestClient      : request [HEAD http://localhost:9200/plan-index?ignore_throttled=false&ignore_unavailable=false&expand_wildcards=open%2Cclosed&allow_no_indices=false] returned 2 warnings: [299 Elasticsearch-7.17.12-e3b0c3d3c5c130e1dc6d567d6baef1c73eeb2059 "Elasticsearch built-in security features are not enabled. Without authentication, your cluster could be accessible to anyone. See https://www.elastic.co/guide/en/elasticsearch/reference/7.17/security-minimal-setup.html to enable security."],[299 Elasticsearch-7.17.12-e3b0c3d3c5c130e1dc6d567d6baef1c73eeb2059 "[ignore_throttled] parameter is deprecated because frozen indices have been deprecated. Consider cold or frozen tiers in place of frozen indices."]
2023-08-04T21:43:33.039-04:00  WARN 4865 --- [    container-1] s.a.r.l.ConditionalRejectingErrorHandler : Execution of Rabbit message listener failed.

org.springframework.amqp.rabbit.support.ListenerExecutionFailedException: Listener method 'receiveMessage' threw exception
	at org.springframework.amqp.rabbit.listener.adapter.MessageListenerAdapter.invokeListenerMethod(MessageListenerAdapter.java:374) ~[spring-rabbit-3.0.4.jar:3.0.4]
	at org.springframework.amqp.rabbit.listener.adapter.MessageListenerAdapter.onMessage(MessageListenerAdapter.java:293) ~[spring-rabbit-3.0.4.jar:3.0.4]
	at org.springframework.amqp.rabbit.listener.AbstractMessageListenerContainer.doInvokeListener(AbstractMessageListenerContainer.java:1719) ~[spring-rabbit-3.0.4.jar:3.0.4]
	at org.springframework.amqp.rabbit.listener.AbstractMessageListenerContainer.actualInvokeListener(AbstractMessageListenerContainer.java:1638) ~[spring-rabbit-3.0.4.jar:3.0.4]
	at org.springframework.amqp.rabbit.listener.AbstractMessageListenerContainer.invokeListener(AbstractMessageListenerContainer.java:1626) ~[spring-rabbit-3.0.4.jar:3.0.4]
	at org.springframework.amqp.rabbit.listener.AbstractMessageListenerContainer.doExecuteListener(AbstractMessageListenerContainer.java:1617) ~[spring-rabbit-3.0.4.jar:3.0.4]
	at org.springframework.amqp.rabbit.listener.AbstractMessageListenerContainer.executeListenerAndHandleException(AbstractMessageListenerContainer.java:1562) ~[spring-rabbit-3.0.4.jar:3.0.4]
	at org.springframework.amqp.rabbit.listener.AbstractMessageListenerContainer.lambda$executeListener$8(AbstractMessageListenerContainer.java:1541) ~[spring-rabbit-3.0.4.jar:3.0.4]
	at io.micrometer.observation.Observation.lambda$observe$0(Observation.java:493) ~[micrometer-observation-1.11.0.jar:1.11.0]
	at io.micrometer.observation.Observation.observeWithContext(Observation.java:603) ~[micrometer-observation-1.11.0.jar:1.11.0]
	at io.micrometer.observation.Observation.observe(Observation.java:492) ~[micrometer-observation-1.11.0.jar:1.11.0]
	at org.springframework.amqp.rabbit.listener.AbstractMessageListenerContainer.executeListener(AbstractMessageListenerContainer.java:1541) ~[spring-rabbit-3.0.4.jar:3.0.4]
	at org.springframework.amqp.rabbit.listener.SimpleMessageListenerContainer.doReceiveAndExecute(SimpleMessageListenerContainer.java:1001) ~[spring-rabbit-3.0.4.jar:3.0.4]
	at org.springframework.amqp.rabbit.listener.SimpleMessageListenerContainer.receiveAndExecute(SimpleMessageListenerContainer.java:948) ~[spring-rabbit-3.0.4.jar:3.0.4]
	at org.springframework.amqp.rabbit.listener.SimpleMessageListenerContainer$AsyncMessageProcessingConsumer.mainLoop(SimpleMessageListenerContainer.java:1326) ~[spring-rabbit-3.0.4.jar:3.0.4]
	at org.springframework.amqp.rabbit.listener.SimpleMessageListenerContainer$AsyncMessageProcessingConsumer.run(SimpleMessageListenerContainer.java:1232) ~[spring-rabbit-3.0.4.jar:3.0.4]
	at java.base/java.lang.Thread.run(Thread.java:1589) ~[na:na]
Caused by: org.json.JSONException: No value for objectType
	at org.json.JSONObject.get(JSONObject.java:355) ~[android-json-0.0.20131108.vaadin1.jar:0.0.20131108.vaadin1]
	at edu.neu.info5.DemoApplication.service.IndexingListener.convertMapToDocumentIndex(IndexingListener.java:152) ~[classes/:na]
	at edu.neu.info5.DemoApplication.service.IndexingListener.postDocument(IndexingListener.java:73) ~[classes/:na]
	at edu.neu.info5.DemoApplication.service.IndexingListener.receiveMessage(IndexingListener.java:51) ~[classes/:na]
	at java.base/jdk.internal.reflect.DirectMethodHandleAccessor.invoke(DirectMethodHandleAccessor.java:104) ~[na:na]
	at java.base/java.lang.reflect.Method.invoke(Method.java:578) ~[na:na]
	at org.springframework.util.MethodInvoker.invoke(MethodInvoker.java:283) ~[spring-core-6.0.9.jar:6.0.9]
	at org.springframework.amqp.rabbit.listener.adapter.MessageListenerAdapter.invokeListenerMethod(MessageListenerAdapter.java:366) ~[spring-rabbit-3.0.4.jar:3.0.4]
	... 16 common frames omitted

Message received: {body={"mapType":"class java.util.HashMap","empty":false}, operation=SAVE}
2023-08-04T21:43:33.041-04:00  WARN 4865 --- [    container-1] org.elasticsearch.client.RestClient      : request [HEAD http://localhost:9200/plan-index?ignore_throttled=false&ignore_unavailable=false&expand_wildcards=open%2Cclosed&allow_no_indices=false] returned 2 warnings: [299 Elasticsearch-7.17.12-e3b0c3d3c5c130e1dc6d567d6baef1c73eeb2059 "Elasticsearch built-in security features are not enabled. Without authentication, your cluster could be accessible to anyone. See https://www.elastic.co/guide/en/elasticsearch/reference/7.17/security-minimal-setup.html to enable security."],[299 Elasticsearch-7.17.12-e3b0c3d3c5c130e1dc6d567d6baef1c73eeb2059 "[ignore_throttled] parameter is deprecated because frozen indices have been deprecated. Consider cold or frozen tiers in place of frozen indices."]
2023-08-04T21:43:33.041-04:00  WARN 4865 --- [    container-1] s.a.r.l.ConditionalRejectingErrorHandler : Execution of Rabbit message listener failed.

org.springframework.amqp.rabbit.support.ListenerExecutionFailedException: Listener method 'receiveMessage' threw exception
	at org.springframework.amqp.rabbit.listener.adapter.MessageListenerAdapter.invokeListenerMethod(MessageListenerAdapter.java:374) ~[spring-rabbit-3.0.4.jar:3.0.4]
	at org.springframework.amqp.rabbit.listener.adapter.MessageListenerAdapter.onMessage(MessageListenerAdapter.java:293) ~[spring-rabbit-3.0.4.jar:3.0.4]
	at org.springframework.amqp.rabbit.listener.AbstractMessageListenerContainer.doInvokeListener(AbstractMessageListenerContainer.java:1719) ~[spring-rabbit-3.0.4.jar:3.0.4]
	at org.springframework.amqp.rabbit.listener.AbstractMessageListenerContainer.actualInvokeListener(AbstractMessageListenerContainer.java:1638) ~[spring-rabbit-3.0.4.jar:3.0.4]
	at org.springframework.amqp.rabbit.listener.AbstractMessageListenerContainer.invokeListener(AbstractMessageListenerContainer.java:1626) ~[spring-rabbit-3.0.4.jar:3.0.4]
	at org.springframework.amqp.rabbit.listener.AbstractMessageListenerContainer.doExecuteListener(AbstractMessageListenerContainer.java:1617) ~[spring-rabbit-3.0.4.jar:3.0.4]
	at org.springframework.amqp.rabbit.listener.AbstractMessageListenerContainer.executeListenerAndHandleException(AbstractMessageListenerContainer.java:1562) ~[spring-rabbit-3.0.4.jar:3.0.4]
	at org.springframework.amqp.rabbit.listener.AbstractMessageListenerContainer.lambda$executeListener$8(AbstractMessageListenerContainer.java:1541) ~[spring-rabbit-3.0.4.jar:3.0.4]
	at io.micrometer.observation.Observation.lambda$observe$0(Observation.java:493) ~[micrometer-observation-1.11.0.jar:1.11.0]
	at io.micrometer.observation.Observation.observeWithContext(Observation.java:603) ~[micrometer-observation-1.11.0.jar:1.11.0]
	at io.micrometer.observation.Observation.observe(Observation.java:492) ~[micrometer-observation-1.11.0.jar:1.11.0]
	at org.springframework.amqp.rabbit.listener.AbstractMessageListenerContainer.executeListener(AbstractMessageListenerContainer.java:1541) ~[spring-rabbit-3.0.4.jar:3.0.4]
	at org.springframework.amqp.rabbit.listener.SimpleMessageListenerContainer.doReceiveAndExecute(SimpleMessageListenerContainer.java:1001) ~[spring-rabbit-3.0.4.jar:3.0.4]
	at org.springframework.amqp.rabbit.listener.SimpleMessageListenerContainer.receiveAndExecute(SimpleMessageListenerContainer.java:948) ~[spring-rabbit-3.0.4.jar:3.0.4]
	at org.springframework.amqp.rabbit.listener.SimpleMessageListenerContainer$AsyncMessageProcessingConsumer.mainLoop(SimpleMessageListenerContainer.java:1326) ~[spring-rabbit-3.0.4.jar:3.0.4]
	at org.springframework.amqp.rabbit.listener.SimpleMessageListenerContainer$AsyncMessageProcessingConsumer.run(SimpleMessageListenerContainer.java:1232) ~[spring-rabbit-3.0.4.jar:3.0.4]
	at java.base/java.lang.Thread.run(Thread.java:1589) ~[na:na]
Caused by: org.json.JSONException: No value for objectType
	at org.json.JSONObject.get(JSONObject.java:355) ~[android-json-0.0.20131108.vaadin1.jar:0.0.20131108.vaadin1]
	at edu.neu.info5.DemoApplication.service.IndexingListener.convertMapToDocumentIndex(IndexingListener.java:152) ~[classes/:na]
	at edu.neu.info5.DemoApplication.service.IndexingListener.postDocument(IndexingListener.java:73) ~[classes/:na]
	at edu.neu.info5.DemoApplication.service.IndexingListener.receiveMessage(IndexingListener.java:51) ~[classes/:na]
	at java.base/jdk.internal.reflect.DirectMethodHandleAccessor.invoke(DirectMethodHandleAccessor.java:104) ~[na:na]
	at java.base/java.lang.reflect.Method.invoke(Method.java:578) ~[na:na]
	at org.springframework.util.MethodInvoker.invoke(MethodInvoker.java:283) ~[spring-core-6.0.9.jar:6.0.9]
	at org.springframework.amqp.rabbit.listener.adapter.MessageListenerAdapter.invokeListenerMethod(MessageListenerAdapter.java:366) ~[spring-rabbit-3.0.4.jar:3.0.4]
	... 16 common frames omitted

Message received: {body={"mapType":"class java.util.HashMap","empty":false}, operation=SAVE}
2023-08-04T21:43:33.044-04:00  WARN 4865 --- [    container-1] org.elasticsearch.client.RestClient      : request [HEAD http://localhost:9200/plan-index?ignore_throttled=false&ignore_unavailable=false&expand_wildcards=open%2Cclosed&allow_no_indices=false] returned 2 warnings: [299 Elasticsearch-7.17.12-e3b0c3d3c5c130e1dc6d567d6baef1c73eeb2059 "Elasticsearch built-in security features are not enabled. Without authentication, your cluster could be accessible to anyone. See https://www.elastic.co/guide/en/elasticsearch/reference/7.17/security-minimal-setup.html to enable security."],[299 Elasticsearch-7.17.12-e3b0c3d3c5c130e1dc6d567d6baef1c73eeb2059 "[ignore_throttled] parameter is deprecated because frozen indices have been deprecated. Consider cold or frozen tiers in place of frozen indices."]
2023-08-04T21:43:33.044-04:00  WARN 4865 --- [    container-1] s.a.r.l.ConditionalRejectingErrorHandler : Execution of Rabbit message listener failed.

org.springframework.amqp.rabbit.support.ListenerExecutionFailedException: Listener method 'receiveMessage' threw exception
	at org.springframework.amqp.rabbit.listener.adapter.MessageListenerAdapter.invokeListenerMethod(MessageListenerAdapter.java:374) ~[spring-rabbit-3.0.4.jar:3.0.4]
	at org.springframework.amqp.rabbit.listener.adapter.MessageListenerAdapter.onMessage(MessageListenerAdapter.java:293) ~[spring-rabbit-3.0.4.jar:3.0.4]
	at org.springframework.amqp.rabbit.listener.AbstractMessageListenerContainer.doInvokeListener(AbstractMessageListenerContainer.java:1719) ~[spring-rabbit-3.0.4.jar:3.0.4]
	at org.springframework.amqp.rabbit.listener.AbstractMessageListenerContainer.actualInvokeListener(AbstractMessageListenerContainer.java:1638) ~[spring-rabbit-3.0.4.jar:3.0.4]
	at org.springframework.amqp.rabbit.listener.AbstractMessageListenerContainer.invokeListener(AbstractMessageListenerContainer.java:1626) ~[spring-rabbit-3.0.4.jar:3.0.4]
	at org.springframework.amqp.rabbit.listener.AbstractMessageListenerContainer.doExecuteListener(AbstractMessageListenerContainer.java:1617) ~[spring-rabbit-3.0.4.jar:3.0.4]
	at org.springframework.amqp.rabbit.listener.AbstractMessageListenerContainer.executeListenerAndHandleException(AbstractMessageListenerContainer.java:1562) ~[spring-rabbit-3.0.4.jar:3.0.4]
	at org.springframework.amqp.rabbit.listener.AbstractMessageListenerContainer.lambda$executeListener$8(AbstractMessageListenerContainer.java:1541) ~[spring-rabbit-3.0.4.jar:3.0.4]
	at io.micrometer.observation.Observation.lambda$observe$0(Observation.java:493) ~[micrometer-observation-1.11.0.jar:1.11.0]
	at io.micrometer.observation.Observation.observeWithContext(Observation.java:603) ~[micrometer-observation-1.11.0.jar:1.11.0]
	at io.micrometer.observation.Observation.observe(Observation.java:492) ~[micrometer-observation-1.11.0.jar:1.11.0]
	at org.springframework.amqp.rabbit.listener.AbstractMessageListenerContainer.executeListener(AbstractMessageListenerContainer.java:1541) ~[spring-rabbit-3.0.4.jar:3.0.4]
	at org.springframework.amqp.rabbit.listener.SimpleMessageListenerContainer.doReceiveAndExecute(SimpleMessageListenerContainer.java:1001) ~[spring-rabbit-3.0.4.jar:3.0.4]
	at org.springframework.amqp.rabbit.listener.SimpleMessageListenerContainer.receiveAndExecute(SimpleMessageListenerContainer.java:948) ~[spring-rabbit-3.0.4.jar:3.0.4]
	at org.springframework.amqp.rabbit.listener.SimpleMessageListenerContainer$AsyncMessageProcessingConsumer.mainLoop(SimpleMessageListenerContainer.java:1326) ~[spring-rabbit-3.0.4.jar:3.0.4]
	at org.springframework.amqp.rabbit.listener.SimpleMessageListenerContainer$AsyncMessageProcessingConsumer.run(SimpleMessageListenerContainer.java:1232) ~[spring-rabbit-3.0.4.jar:3.0.4]
	at java.base/java.lang.Thread.run(Thread.java:1589) ~[na:na]
Caused by: org.json.JSONException: No value for objectType
	at org.json.JSONObject.get(JSONObject.java:355) ~[android-json-0.0.20131108.vaadin1.jar:0.0.20131108.vaadin1]
	at edu.neu.info5.DemoApplication.service.IndexingListener.convertMapToDocumentIndex(IndexingListener.java:152) ~[classes/:na]
	at edu.neu.info5.DemoApplication.service.IndexingListener.postDocument(IndexingListener.java:73) ~[classes/:na]
	at edu.neu.info5.DemoApplication.service.IndexingListener.receiveMessage(IndexingListener.java:51) ~[classes/:na]
	at java.base/jdk.internal.reflect.DirectMethodHandleAccessor.invoke(DirectMethodHandleAccessor.java:104) ~[na:na]
	at java.base/java.lang.reflect.Method.invoke(Method.java:578) ~[na:na]
	at org.springframework.util.MethodInvoker.invoke(MethodInvoker.java:283) ~[spring-core-6.0.9.jar:6.0.9]
	at org.springframework.amqp.rabbit.listener.adapter.MessageListenerAdapter.invokeListenerMethod(MessageListenerAdapter.java:366) ~[spring-rabbit-3.0.4.jar:3.0.4]
	... 16 common frames omitted

Message received: {body={"mapType":"class java.util.HashMap","empty":false}, operation=SAVE}
2023-08-04T21:43:33.048-04:00  WARN 4865 --- [    container-1] org.elasticsearch.client.RestClient      : request [HEAD http://localhost:9200/plan-index?ignore_throttled=false&ignore_unavailable=false&expand_wildcards=open%2Cclosed&allow_no_indices=false] returned 2 warnings: [299 Elasticsearch-7.17.12-e3b0c3d3c5c130e1dc6d567d6baef1c73eeb2059 "Elasticsearch built-in security features are not enabled. Without authentication, your cluster could be accessible to anyone. See https://www.elastic.co/guide/en/elasticsearch/reference/7.17/security-minimal-setup.html to enable security."],[299 Elasticsearch-7.17.12-e3b0c3d3c5c130e1dc6d567d6baef1c73eeb2059 "[ignore_throttled] parameter is deprecated because frozen indices have been deprecated. Consider cold or frozen tiers in place of frozen indices."]
2023-08-04T21:43:33.048-04:00  WARN 4865 --- [    container-1] s.a.r.l.ConditionalRejectingErrorHandler : Execution of Rabbit message listener failed.

org.springframework.amqp.rabbit.support.ListenerExecutionFailedException: Listener method 'receiveMessage' threw exception
	at org.springframework.amqp.rabbit.listener.adapter.MessageListenerAdapter.invokeListenerMethod(MessageListenerAdapter.java:374) ~[spring-rabbit-3.0.4.jar:3.0.4]
	at org.springframework.amqp.rabbit.listener.adapter.MessageListenerAdapter.onMessage(MessageListenerAdapter.java:293) ~[spring-rabbit-3.0.4.jar:3.0.4]
	at org.springframework.amqp.rabbit.listener.AbstractMessageListenerContainer.doInvokeListener(AbstractMessageListenerContainer.java:1719) ~[spring-rabbit-3.0.4.jar:3.0.4]
	at org.springframework.amqp.rabbit.listener.AbstractMessageListenerContainer.actualInvokeListener(AbstractMessageListenerContainer.java:1638) ~[spring-rabbit-3.0.4.jar:3.0.4]
	at org.springframework.amqp.rabbit.listener.AbstractMessageListenerContainer.invokeListener(AbstractMessageListenerContainer.java:1626) ~[spring-rabbit-3.0.4.jar:3.0.4]
	at org.springframework.amqp.rabbit.listener.AbstractMessageListenerContainer.doExecuteListener(AbstractMessageListenerContainer.java:1617) ~[spring-rabbit-3.0.4.jar:3.0.4]
	at org.springframework.amqp.rabbit.listener.AbstractMessageListenerContainer.executeListenerAndHandleException(AbstractMessageListenerContainer.java:1562) ~[spring-rabbit-3.0.4.jar:3.0.4]
	at org.springframework.amqp.rabbit.listener.AbstractMessageListenerContainer.lambda$executeListener$8(AbstractMessageListenerContainer.java:1541) ~[spring-rabbit-3.0.4.jar:3.0.4]
	at io.micrometer.observation.Observation.lambda$observe$0(Observation.java:493) ~[micrometer-observation-1.11.0.jar:1.11.0]
	at io.micrometer.observation.Observation.observeWithContext(Observation.java:603) ~[micrometer-observation-1.11.0.jar:1.11.0]
	at io.micrometer.observation.Observation.observe(Observation.java:492) ~[micrometer-observation-1.11.0.jar:1.11.0]
	at org.springframework.amqp.rabbit.listener.AbstractMessageListenerContainer.executeListener(AbstractMessageListenerContainer.java:1541) ~[spring-rabbit-3.0.4.jar:3.0.4]
	at org.springframework.amqp.rabbit.listener.SimpleMessageListenerContainer.doReceiveAndExecute(SimpleMessageListenerContainer.java:1001) ~[spring-rabbit-3.0.4.jar:3.0.4]
	at org.springframework.amqp.rabbit.listener.SimpleMessageListenerContainer.receiveAndExecute(SimpleMessageListenerContainer.java:948) ~[spring-rabbit-3.0.4.jar:3.0.4]
	at org.springframework.amqp.rabbit.listener.SimpleMessageListenerContainer$AsyncMessageProcessingConsumer.mainLoop(SimpleMessageListenerContainer.java:1326) ~[spring-rabbit-3.0.4.jar:3.0.4]
	at org.springframework.amqp.rabbit.listener.SimpleMessageListenerContainer$AsyncMessageProcessingConsumer.run(SimpleMessageListenerContainer.java:1232) ~[spring-rabbit-3.0.4.jar:3.0.4]
	at java.base/java.lang.Thread.run(Thread.java:1589) ~[na:na]
Caused by: org.json.JSONException: No value for objectType
	at org.json.JSONObject.get(JSONObject.java:355) ~[android-json-0.0.20131108.vaadin1.jar:0.0.20131108.vaadin1]
	at edu.neu.info5.DemoApplication.service.IndexingListener.convertMapToDocumentIndex(IndexingListener.java:152) ~[classes/:na]
	at edu.neu.info5.DemoApplication.service.IndexingListener.postDocument(IndexingListener.java:73) ~[classes/:na]
	at edu.neu.info5.DemoApplication.service.IndexingListener.receiveMessage(IndexingListener.java:51) ~[classes/:na]
	at java.base/jdk.internal.reflect.DirectMethodHandleAccessor.invoke(DirectMethodHandleAccessor.java:104) ~[na:na]
	at java.base/java.lang.reflect.Method.invoke(Method.java:578) ~[na:na]
	at org.springframework.util.MethodInvoker.invoke(MethodInvoker.java:283) ~[spring-core-6.0.9.jar:6.0.9]
	at org.springframework.amqp.rabbit.listener.adapter.MessageListenerAdapter.invokeListenerMethod(MessageListenerAdapter.java:366) ~[spring-rabbit-3.0.4.jar:3.0.4]
	... 16 common frames omitted

Message received: {body={"mapType":"class java.util.HashMap","empty":false}, operation=SAVE}
2023-08-04T21:43:33.051-04:00  WARN 4865 --- [    container-1] org.elasticsearch.client.RestClient      : request [HEAD http://localhost:9200/plan-index?ignore_throttled=false&ignore_unavailable=false&expand_wildcards=open%2Cclosed&allow_no_indices=false] returned 2 warnings: [299 Elasticsearch-7.17.12-e3b0c3d3c5c130e1dc6d567d6baef1c73eeb2059 "Elasticsearch built-in security features are not enabled. Without authentication, your cluster could be accessible to anyone. See https://www.elastic.co/guide/en/elasticsearch/reference/7.17/security-minimal-setup.html to enable security."],[299 Elasticsearch-7.17.12-e3b0c3d3c5c130e1dc6d567d6baef1c73eeb2059 "[ignore_throttled] parameter is deprecated because frozen indices have been deprecated. Consider cold or frozen tiers in place of frozen indices."]
2023-08-04T21:43:33.051-04:00  WARN 4865 --- [    container-1] s.a.r.l.ConditionalRejectingErrorHandler : Execution of Rabbit message listener failed.

org.springframework.amqp.rabbit.support.ListenerExecutionFailedException: Listener method 'receiveMessage' threw exception
	at org.springframework.amqp.rabbit.listener.adapter.MessageListenerAdapter.invokeListenerMethod(MessageListenerAdapter.java:374) ~[spring-rabbit-3.0.4.jar:3.0.4]
	at org.springframework.amqp.rabbit.listener.adapter.MessageListenerAdapter.onMessage(MessageListenerAdapter.java:293) ~[spring-rabbit-3.0.4.jar:3.0.4]
	at org.springframework.amqp.rabbit.listener.AbstractMessageListenerContainer.doInvokeListener(AbstractMessageListenerContainer.java:1719) ~[spring-rabbit-3.0.4.jar:3.0.4]
	at org.springframework.amqp.rabbit.listener.AbstractMessageListenerContainer.actualInvokeListener(AbstractMessageListenerContainer.java:1638) ~[spring-rabbit-3.0.4.jar:3.0.4]
	at org.springframework.amqp.rabbit.listener.AbstractMessageListenerContainer.invokeListener(AbstractMessageListenerContainer.java:1626) ~[spring-rabbit-3.0.4.jar:3.0.4]
	at org.springframework.amqp.rabbit.listener.AbstractMessageListenerContainer.doExecuteListener(AbstractMessageListenerContainer.java:1617) ~[spring-rabbit-3.0.4.jar:3.0.4]
	at org.springframework.amqp.rabbit.listener.AbstractMessageListenerContainer.executeListenerAndHandleException(AbstractMessageListenerContainer.java:1562) ~[spring-rabbit-3.0.4.jar:3.0.4]
	at org.springframework.amqp.rabbit.listener.AbstractMessageListenerContainer.lambda$executeListener$8(AbstractMessageListenerContainer.java:1541) ~[spring-rabbit-3.0.4.jar:3.0.4]
	at io.micrometer.observation.Observation.lambda$observe$0(Observation.java:493) ~[micrometer-observation-1.11.0.jar:1.11.0]
	at io.micrometer.observation.Observation.observeWithContext(Observation.java:603) ~[micrometer-observation-1.11.0.jar:1.11.0]
	at io.micrometer.observation.Observation.observe(Observation.java:492) ~[micrometer-observation-1.11.0.jar:1.11.0]
	at org.springframework.amqp.rabbit.listener.AbstractMessageListenerContainer.executeListener(AbstractMessageListenerContainer.java:1541) ~[spring-rabbit-3.0.4.jar:3.0.4]
	at org.springframework.amqp.rabbit.listener.SimpleMessageListenerContainer.doReceiveAndExecute(SimpleMessageListenerContainer.java:1001) ~[spring-rabbit-3.0.4.jar:3.0.4]
	at org.springframework.amqp.rabbit.listener.SimpleMessageListenerContainer.receiveAndExecute(SimpleMessageListenerContainer.java:948) ~[spring-rabbit-3.0.4.jar:3.0.4]
	at org.springframework.amqp.rabbit.listener.SimpleMessageListenerContainer$AsyncMessageProcessingConsumer.mainLoop(SimpleMessageListenerContainer.java:1326) ~[spring-rabbit-3.0.4.jar:3.0.4]
	at org.springframework.amqp.rabbit.listener.SimpleMessageListenerContainer$AsyncMessageProcessingConsumer.run(SimpleMessageListenerContainer.java:1232) ~[spring-rabbit-3.0.4.jar:3.0.4]
	at java.base/java.lang.Thread.run(Thread.java:1589) ~[na:na]
Caused by: org.json.JSONException: No value for objectType
	at org.json.JSONObject.get(JSONObject.java:355) ~[android-json-0.0.20131108.vaadin1.jar:0.0.20131108.vaadin1]
	at edu.neu.info5.DemoApplication.service.IndexingListener.convertMapToDocumentIndex(IndexingListener.java:152) ~[classes/:na]
	at edu.neu.info5.DemoApplication.service.IndexingListener.postDocument(IndexingListener.java:73) ~[classes/:na]
	at edu.neu.info5.DemoApplication.service.IndexingListener.receiveMessage(IndexingListener.java:51) ~[classes/:na]
	at java.base/jdk.internal.reflect.DirectMethodHandleAccessor.invoke(DirectMethodHandleAccessor.java:104) ~[na:na]
	at java.base/java.lang.reflect.Method.invoke(Method.java:578) ~[na:na]
	at org.springframework.util.MethodInvoker.invoke(MethodInvoker.java:283) ~[spring-core-6.0.9.jar:6.0.9]
	at org.springframework.amqp.rabbit.listener.adapter.MessageListenerAdapter.invokeListenerMethod(MessageListenerAdapter.java:366) ~[spring-rabbit-3.0.4.jar:3.0.4]
	... 16 common frames omitted

Message received: {body={"mapType":"class java.util.HashMap","empty":false}, operation=SAVE}
2023-08-04T21:43:33.054-04:00  WARN 4865 --- [    container-1] org.elasticsearch.client.RestClient      : request [HEAD http://localhost:9200/plan-index?ignore_throttled=false&ignore_unavailable=false&expand_wildcards=open%2Cclosed&allow_no_indices=false] returned 2 warnings: [299 Elasticsearch-7.17.12-e3b0c3d3c5c130e1dc6d567d6baef1c73eeb2059 "Elasticsearch built-in security features are not enabled. Without authentication, your cluster could be accessible to anyone. See https://www.elastic.co/guide/en/elasticsearch/reference/7.17/security-minimal-setup.html to enable security."],[299 Elasticsearch-7.17.12-e3b0c3d3c5c130e1dc6d567d6baef1c73eeb2059 "[ignore_throttled] parameter is deprecated because frozen indices have been deprecated. Consider cold or frozen tiers in place of frozen indices."]
2023-08-04T21:43:33.055-04:00  WARN 4865 --- [    container-1] s.a.r.l.ConditionalRejectingErrorHandler : Execution of Rabbit message listener failed.

org.springframework.amqp.rabbit.support.ListenerExecutionFailedException: Listener method 'receiveMessage' threw exception
	at org.springframework.amqp.rabbit.listener.adapter.MessageListenerAdapter.invokeListenerMethod(MessageListenerAdapter.java:374) ~[spring-rabbit-3.0.4.jar:3.0.4]
	at org.springframework.amqp.rabbit.listener.adapter.MessageListenerAdapter.onMessage(MessageListenerAdapter.java:293) ~[spring-rabbit-3.0.4.jar:3.0.4]
	at org.springframework.amqp.rabbit.listener.AbstractMessageListenerContainer.doInvokeListener(AbstractMessageListenerContainer.java:1719) ~[spring-rabbit-3.0.4.jar:3.0.4]
	at org.springframework.amqp.rabbit.listener.AbstractMessageListenerContainer.actualInvokeListener(AbstractMessageListenerContainer.java:1638) ~[spring-rabbit-3.0.4.jar:3.0.4]
	at org.springframework.amqp.rabbit.listener.AbstractMessageListenerContainer.invokeListener(AbstractMessageListenerContainer.java:1626) ~[spring-rabbit-3.0.4.jar:3.0.4]
	at org.springframework.amqp.rabbit.listener.AbstractMessageListenerContainer.doExecuteListener(AbstractMessageListenerContainer.java:1617) ~[spring-rabbit-3.0.4.jar:3.0.4]
	at org.springframework.amqp.rabbit.listener.AbstractMessageListenerContainer.executeListenerAndHandleException(AbstractMessageListenerContainer.java:1562) ~[spring-rabbit-3.0.4.jar:3.0.4]
	at org.springframework.amqp.rabbit.listener.AbstractMessageListenerContainer.lambda$executeListener$8(AbstractMessageListenerContainer.java:1541) ~[spring-rabbit-3.0.4.jar:3.0.4]
	at io.micrometer.observation.Observation.lambda$observe$0(Observation.java:493) ~[micrometer-observation-1.11.0.jar:1.11.0]
	at io.micrometer.observation.Observation.observeWithContext(Observation.java:603) ~[micrometer-observation-1.11.0.jar:1.11.0]
	at io.micrometer.observation.Observation.observe(Observation.java:492) ~[micrometer-observation-1.11.0.jar:1.11.0]
	at org.springframework.amqp.rabbit.listener.AbstractMessageListenerContainer.executeListener(AbstractMessageListenerContainer.java:1541) ~[spring-rabbit-3.0.4.jar:3.0.4]
	at org.springframework.amqp.rabbit.listener.SimpleMessageListenerContainer.doReceiveAndExecute(SimpleMessageListenerContainer.java:1001) ~[spring-rabbit-3.0.4.jar:3.0.4]
	at org.springframework.amqp.rabbit.listener.SimpleMessageListenerContainer.receiveAndExecute(SimpleMessageListenerContainer.java:948) ~[spring-rabbit-3.0.4.jar:3.0.4]
	at org.springframework.amqp.rabbit.listener.SimpleMessageListenerContainer$AsyncMessageProcessingConsumer.mainLoop(SimpleMessageListenerContainer.java:1326) ~[spring-rabbit-3.0.4.jar:3.0.4]
	at org.springframework.amqp.rabbit.listener.SimpleMessageListenerContainer$AsyncMessageProcessingConsumer.run(SimpleMessageListenerContainer.java:1232) ~[spring-rabbit-3.0.4.jar:3.0.4]
	at java.base/java.lang.Thread.run(Thread.java:1589) ~[na:na]
Caused by: org.json.JSONException: No value for objectType
	at org.json.JSONObject.get(JSONObject.java:355) ~[android-json-0.0.20131108.vaadin1.jar:0.0.20131108.vaadin1]
	at edu.neu.info5.DemoApplication.service.IndexingListener.convertMapToDocumentIndex(IndexingListener.java:152) ~[classes/:na]
	at edu.neu.info5.DemoApplication.service.IndexingListener.postDocument(IndexingListener.java:73) ~[classes/:na]
	at edu.neu.info5.DemoApplication.service.IndexingListener.receiveMessage(IndexingListener.java:51) ~[classes/:na]
	at java.base/jdk.internal.reflect.DirectMethodHandleAccessor.invoke(DirectMethodHandleAccessor.java:104) ~[na:na]
	at java.base/java.lang.reflect.Method.invoke(Method.java:578) ~[na:na]
	at org.springframework.util.MethodInvoker.invoke(MethodInvoker.java:283) ~[spring-core-6.0.9.jar:6.0.9]
	at org.springframework.amqp.rabbit.listener.adapter.MessageListenerAdapter.invokeListenerMethod(MessageListenerAdapter.java:366) ~[spring-rabbit-3.0.4.jar:3.0.4]
	... 16 common frames omitted

Message received: {body={"mapType":"class java.util.HashMap","empty":false}, operation=SAVE}
2023-08-04T21:43:33.058-04:00  WARN 4865 --- [    container-1] org.elasticsearch.client.RestClient      : request [HEAD http://localhost:9200/plan-index?ignore_throttled=false&ignore_unavailable=false&expand_wildcards=open%2Cclosed&allow_no_indices=false] returned 2 warnings: [299 Elasticsearch-7.17.12-e3b0c3d3c5c130e1dc6d567d6baef1c73eeb2059 "Elasticsearch built-in security features are not enabled. Without authentication, your cluster could be accessible to anyone. See https://www.elastic.co/guide/en/elasticsearch/reference/7.17/security-minimal-setup.html to enable security."],[299 Elasticsearch-7.17.12-e3b0c3d3c5c130e1dc6d567d6baef1c73eeb2059 "[ignore_throttled] parameter is deprecated because frozen indices have been deprecated. Consider cold or frozen tiers in place of frozen indices."]
2023-08-04T21:43:33.058-04:00  WARN 4865 --- [    container-1] s.a.r.l.ConditionalRejectingErrorHandler : Execution of Rabbit message listener failed.

org.springframework.amqp.rabbit.support.ListenerExecutionFailedException: Listener method 'receiveMessage' threw exception
	at org.springframework.amqp.rabbit.listener.adapter.MessageListenerAdapter.invokeListenerMethod(MessageListenerAdapter.java:374) ~[spring-rabbit-3.0.4.jar:3.0.4]
	at org.springframework.amqp.rabbit.listener.adapter.MessageListenerAdapter.onMessage(MessageListenerAdapter.java:293) ~[spring-rabbit-3.0.4.jar:3.0.4]
	at org.springframework.amqp.rabbit.listener.AbstractMessageListenerContainer.doInvokeListener(AbstractMessageListenerContainer.java:1719) ~[spring-rabbit-3.0.4.jar:3.0.4]
	at org.springframework.amqp.rabbit.listener.AbstractMessageListenerContainer.actualInvokeListener(AbstractMessageListenerContainer.java:1638) ~[spring-rabbit-3.0.4.jar:3.0.4]
	at org.springframework.amqp.rabbit.listener.AbstractMessageListenerContainer.invokeListener(AbstractMessageListenerContainer.java:1626) ~[spring-rabbit-3.0.4.jar:3.0.4]
	at org.springframework.amqp.rabbit.listener.AbstractMessageListenerContainer.doExecuteListener(AbstractMessageListenerContainer.java:1617) ~[spring-rabbit-3.0.4.jar:3.0.4]
	at org.springframework.amqp.rabbit.listener.AbstractMessageListenerContainer.executeListenerAndHandleException(AbstractMessageListenerContainer.java:1562) ~[spring-rabbit-3.0.4.jar:3.0.4]
	at org.springframework.amqp.rabbit.listener.AbstractMessageListenerContainer.lambda$executeListener$8(AbstractMessageListenerContainer.java:1541) ~[spring-rabbit-3.0.4.jar:3.0.4]
	at io.micrometer.observation.Observation.lambda$observe$0(Observation.java:493) ~[micrometer-observation-1.11.0.jar:1.11.0]
	at io.micrometer.observation.Observation.observeWithContext(Observation.java:603) ~[micrometer-observation-1.11.0.jar:1.11.0]
	at io.micrometer.observation.Observation.observe(Observation.java:492) ~[micrometer-observation-1.11.0.jar:1.11.0]
	at org.springframework.amqp.rabbit.listener.AbstractMessageListenerContainer.executeListener(AbstractMessageListenerContainer.java:1541) ~[spring-rabbit-3.0.4.jar:3.0.4]
	at org.springframework.amqp.rabbit.listener.SimpleMessageListenerContainer.doReceiveAndExecute(SimpleMessageListenerContainer.java:1001) ~[spring-rabbit-3.0.4.jar:3.0.4]
	at org.springframework.amqp.rabbit.listener.SimpleMessageListenerContainer.receiveAndExecute(SimpleMessageListenerContainer.java:948) ~[spring-rabbit-3.0.4.jar:3.0.4]
	at org.springframework.amqp.rabbit.listener.SimpleMessageListenerContainer$AsyncMessageProcessingConsumer.mainLoop(SimpleMessageListenerContainer.java:1326) ~[spring-rabbit-3.0.4.jar:3.0.4]
	at org.springframework.amqp.rabbit.listener.SimpleMessageListenerContainer$AsyncMessageProcessingConsumer.run(SimpleMessageListenerContainer.java:1232) ~[spring-rabbit-3.0.4.jar:3.0.4]
	at java.base/java.lang.Thread.run(Thread.java:1589) ~[na:na]
Caused by: org.json.JSONException: No value for objectType
	at org.json.JSONObject.get(JSONObject.java:355) ~[android-json-0.0.20131108.vaadin1.jar:0.0.20131108.vaadin1]
	at edu.neu.info5.DemoApplication.service.IndexingListener.convertMapToDocumentIndex(IndexingListener.java:152) ~[classes/:na]
	at edu.neu.info5.DemoApplication.service.IndexingListener.postDocument(IndexingListener.java:73) ~[classes/:na]
	at edu.neu.info5.DemoApplication.service.IndexingListener.receiveMessage(IndexingListener.java:51) ~[classes/:na]
	at java.base/jdk.internal.reflect.DirectMethodHandleAccessor.invoke(DirectMethodHandleAccessor.java:104) ~[na:na]
	at java.base/java.lang.reflect.Method.invoke(Method.java:578) ~[na:na]
	at org.springframework.util.MethodInvoker.invoke(MethodInvoker.java:283) ~[spring-core-6.0.9.jar:6.0.9]
	at org.springframework.amqp.rabbit.listener.adapter.MessageListenerAdapter.invokeListenerMethod(MessageListenerAdapter.java:366) ~[spring-rabbit-3.0.4.jar:3.0.4]
	... 16 common frames omitted

Message received: {body={"mapType":"class java.util.HashMap","empty":false}, operation=SAVE}
2023-08-04T21:43:33.061-04:00  WARN 4865 --- [    container-1] org.elasticsearch.client.RestClient      : request [HEAD http://localhost:9200/plan-index?ignore_throttled=false&ignore_unavailable=false&expand_wildcards=open%2Cclosed&allow_no_indices=false] returned 2 warnings: [299 Elasticsearch-7.17.12-e3b0c3d3c5c130e1dc6d567d6baef1c73eeb2059 "Elasticsearch built-in security features are not enabled. Without authentication, your cluster could be accessible to anyone. See https://www.elastic.co/guide/en/elasticsearch/reference/7.17/security-minimal-setup.html to enable security."],[299 Elasticsearch-7.17.12-e3b0c3d3c5c130e1dc6d567d6baef1c73eeb2059 "[ignore_throttled] parameter is deprecated because frozen indices have been deprecated. Consider cold or frozen tiers in place of frozen indices."]
2023-08-04T21:43:33.062-04:00  WARN 4865 --- [    container-1] s.a.r.l.ConditionalRejectingErrorHandler : Execution of Rabbit message listener failed.

org.springframework.amqp.rabbit.support.ListenerExecutionFailedException: Listener method 'receiveMessage' threw exception
	at org.springframework.amqp.rabbit.listener.adapter.MessageListenerAdapter.invokeListenerMethod(MessageListenerAdapter.java:374) ~[spring-rabbit-3.0.4.jar:3.0.4]
	at org.springframework.amqp.rabbit.listener.adapter.MessageListenerAdapter.onMessage(MessageListenerAdapter.java:293) ~[spring-rabbit-3.0.4.jar:3.0.4]
	at org.springframework.amqp.rabbit.listener.AbstractMessageListenerContainer.doInvokeListener(AbstractMessageListenerContainer.java:1719) ~[spring-rabbit-3.0.4.jar:3.0.4]
	at org.springframework.amqp.rabbit.listener.AbstractMessageListenerContainer.actualInvokeListener(AbstractMessageListenerContainer.java:1638) ~[spring-rabbit-3.0.4.jar:3.0.4]
	at org.springframework.amqp.rabbit.listener.AbstractMessageListenerContainer.invokeListener(AbstractMessageListenerContainer.java:1626) ~[spring-rabbit-3.0.4.jar:3.0.4]
	at org.springframework.amqp.rabbit.listener.AbstractMessageListenerContainer.doExecuteListener(AbstractMessageListenerContainer.java:1617) ~[spring-rabbit-3.0.4.jar:3.0.4]
	at org.springframework.amqp.rabbit.listener.AbstractMessageListenerContainer.executeListenerAndHandleException(AbstractMessageListenerContainer.java:1562) ~[spring-rabbit-3.0.4.jar:3.0.4]
	at org.springframework.amqp.rabbit.listener.AbstractMessageListenerContainer.lambda$executeListener$8(AbstractMessageListenerContainer.java:1541) ~[spring-rabbit-3.0.4.jar:3.0.4]
	at io.micrometer.observation.Observation.lambda$observe$0(Observation.java:493) ~[micrometer-observation-1.11.0.jar:1.11.0]
	at io.micrometer.observation.Observation.observeWithContext(Observation.java:603) ~[micrometer-observation-1.11.0.jar:1.11.0]
	at io.micrometer.observation.Observation.observe(Observation.java:492) ~[micrometer-observation-1.11.0.jar:1.11.0]
	at org.springframework.amqp.rabbit.listener.AbstractMessageListenerContainer.executeListener(AbstractMessageListenerContainer.java:1541) ~[spring-rabbit-3.0.4.jar:3.0.4]
	at org.springframework.amqp.rabbit.listener.SimpleMessageListenerContainer.doReceiveAndExecute(SimpleMessageListenerContainer.java:1001) ~[spring-rabbit-3.0.4.jar:3.0.4]
	at org.springframework.amqp.rabbit.listener.SimpleMessageListenerContainer.receiveAndExecute(SimpleMessageListenerContainer.java:948) ~[spring-rabbit-3.0.4.jar:3.0.4]
	at org.springframework.amqp.rabbit.listener.SimpleMessageListenerContainer$AsyncMessageProcessingConsumer.mainLoop(SimpleMessageListenerContainer.java:1326) ~[spring-rabbit-3.0.4.jar:3.0.4]
	at org.springframework.amqp.rabbit.listener.SimpleMessageListenerContainer$AsyncMessageProcessingConsumer.run(SimpleMessageListenerContainer.java:1232) ~[spring-rabbit-3.0.4.jar:3.0.4]
	at java.base/java.lang.Thread.run(Thread.java:1589) ~[na:na]
Caused by: org.json.JSONException: No value for objectType
	at org.json.JSONObject.get(JSONObject.java:355) ~[android-json-0.0.20131108.vaadin1.jar:0.0.20131108.vaadin1]
	at edu.neu.info5.DemoApplication.service.IndexingListener.convertMapToDocumentIndex(IndexingListener.java:152) ~[classes/:na]
	at edu.neu.info5.DemoApplication.service.IndexingListener.postDocument(IndexingListener.java:73) ~[classes/:na]
	at edu.neu.info5.DemoApplication.service.IndexingListener.receiveMessage(IndexingListener.java:51) ~[classes/:na]
	at java.base/jdk.internal.reflect.DirectMethodHandleAccessor.invoke(DirectMethodHandleAccessor.java:104) ~[na:na]
	at java.base/java.lang.reflect.Method.invoke(Method.java:578) ~[na:na]
	at org.springframework.util.MethodInvoker.invoke(MethodInvoker.java:283) ~[spring-core-6.0.9.jar:6.0.9]
	at org.springframework.amqp.rabbit.listener.adapter.MessageListenerAdapter.invokeListenerMethod(MessageListenerAdapter.java:366) ~[spring-rabbit-3.0.4.jar:3.0.4]
	... 16 common frames omitted

Message received: {body={"mapType":"class java.util.HashMap","empty":false}, operation=SAVE}
2023-08-04T21:43:33.064-04:00  WARN 4865 --- [    container-1] org.elasticsearch.client.RestClient      : request [HEAD http://localhost:9200/plan-index?ignore_throttled=false&ignore_unavailable=false&expand_wildcards=open%2Cclosed&allow_no_indices=false] returned 2 warnings: [299 Elasticsearch-7.17.12-e3b0c3d3c5c130e1dc6d567d6baef1c73eeb2059 "Elasticsearch built-in security features are not enabled. Without authentication, your cluster could be accessible to anyone. See https://www.elastic.co/guide/en/elasticsearch/reference/7.17/security-minimal-setup.html to enable security."],[299 Elasticsearch-7.17.12-e3b0c3d3c5c130e1dc6d567d6baef1c73eeb2059 "[ignore_throttled] parameter is deprecated because frozen indices have been deprecated. Consider cold or frozen tiers in place of frozen indices."]
2023-08-04T21:43:33.064-04:00  WARN 4865 --- [    container-1] s.a.r.l.ConditionalRejectingErrorHandler : Execution of Rabbit message listener failed.

org.springframework.amqp.rabbit.support.ListenerExecutionFailedException: Listener method 'receiveMessage' threw exception
	at org.springframework.amqp.rabbit.listener.adapter.MessageListenerAdapter.invokeListenerMethod(MessageListenerAdapter.java:374) ~[spring-rabbit-3.0.4.jar:3.0.4]
	at org.springframework.amqp.rabbit.listener.adapter.MessageListenerAdapter.onMessage(MessageListenerAdapter.java:293) ~[spring-rabbit-3.0.4.jar:3.0.4]
	at org.springframework.amqp.rabbit.listener.AbstractMessageListenerContainer.doInvokeListener(AbstractMessageListenerContainer.java:1719) ~[spring-rabbit-3.0.4.jar:3.0.4]
	at org.springframework.amqp.rabbit.listener.AbstractMessageListenerContainer.actualInvokeListener(AbstractMessageListenerContainer.java:1638) ~[spring-rabbit-3.0.4.jar:3.0.4]
	at org.springframework.amqp.rabbit.listener.AbstractMessageListenerContainer.invokeListener(AbstractMessageListenerContainer.java:1626) ~[spring-rabbit-3.0.4.jar:3.0.4]
	at org.springframework.amqp.rabbit.listener.AbstractMessageListenerContainer.doExecuteListener(AbstractMessageListenerContainer.java:1617) ~[spring-rabbit-3.0.4.jar:3.0.4]
	at org.springframework.amqp.rabbit.listener.AbstractMessageListenerContainer.executeListenerAndHandleException(AbstractMessageListenerContainer.java:1562) ~[spring-rabbit-3.0.4.jar:3.0.4]
	at org.springframework.amqp.rabbit.listener.AbstractMessageListenerContainer.lambda$executeListener$8(AbstractMessageListenerContainer.java:1541) ~[spring-rabbit-3.0.4.jar:3.0.4]
	at io.micrometer.observation.Observation.lambda$observe$0(Observation.java:493) ~[micrometer-observation-1.11.0.jar:1.11.0]
	at io.micrometer.observation.Observation.observeWithContext(Observation.java:603) ~[micrometer-observation-1.11.0.jar:1.11.0]
	at io.micrometer.observation.Observation.observe(Observation.java:492) ~[micrometer-observation-1.11.0.jar:1.11.0]
	at org.springframework.amqp.rabbit.listener.AbstractMessageListenerContainer.executeListener(AbstractMessageListenerContainer.java:1541) ~[spring-rabbit-3.0.4.jar:3.0.4]
	at org.springframework.amqp.rabbit.listener.SimpleMessageListenerContainer.doReceiveAndExecute(SimpleMessageListenerContainer.java:1001) ~[spring-rabbit-3.0.4.jar:3.0.4]
	at org.springframework.amqp.rabbit.listener.SimpleMessageListenerContainer.receiveAndExecute(SimpleMessageListenerContainer.java:948) ~[spring-rabbit-3.0.4.jar:3.0.4]
	at org.springframework.amqp.rabbit.listener.SimpleMessageListenerContainer$AsyncMessageProcessingConsumer.mainLoop(SimpleMessageListenerContainer.java:1326) ~[spring-rabbit-3.0.4.jar:3.0.4]
	at org.springframework.amqp.rabbit.listener.SimpleMessageListenerContainer$AsyncMessageProcessingConsumer.run(SimpleMessageListenerContainer.java:1232) ~[spring-rabbit-3.0.4.jar:3.0.4]
	at java.base/java.lang.Thread.run(Thread.java:1589) ~[na:na]
Caused by: org.json.JSONException: No value for objectType
	at org.json.JSONObject.get(JSONObject.java:355) ~[android-json-0.0.20131108.vaadin1.jar:0.0.20131108.vaadin1]
	at edu.neu.info5.DemoApplication.service.IndexingListener.convertMapToDocumentIndex(IndexingListener.java:152) ~[classes/:na]
	at edu.neu.info5.DemoApplication.service.IndexingListener.postDocument(IndexingListener.java:73) ~[classes/:na]
	at edu.neu.info5.DemoApplication.service.IndexingListener.receiveMessage(IndexingListener.java:51) ~[classes/:na]
	at java.base/jdk.internal.reflect.DirectMethodHandleAccessor.invoke(DirectMethodHandleAccessor.java:104) ~[na:na]
	at java.base/java.lang.reflect.Method.invoke(Method.java:578) ~[na:na]
	at org.springframework.util.MethodInvoker.invoke(MethodInvoker.java:283) ~[spring-core-6.0.9.jar:6.0.9]
	at org.springframework.amqp.rabbit.listener.adapter.MessageListenerAdapter.invokeListenerMethod(MessageListenerAdapter.java:366) ~[spring-rabbit-3.0.4.jar:3.0.4]
	... 16 common frames omitted

Message received: {body={"mapType":"class java.util.HashMap","empty":false}, operation=SAVE}
2023-08-04T21:43:33.067-04:00  WARN 4865 --- [    container-1] org.elasticsearch.client.RestClient      : request [HEAD http://localhost:9200/plan-index?ignore_throttled=false&ignore_unavailable=false&expand_wildcards=open%2Cclosed&allow_no_indices=false] returned 2 warnings: [299 Elasticsearch-7.17.12-e3b0c3d3c5c130e1dc6d567d6baef1c73eeb2059 "Elasticsearch built-in security features are not enabled. Without authentication, your cluster could be accessible to anyone. See https://www.elastic.co/guide/en/elasticsearch/reference/7.17/security-minimal-setup.html to enable security."],[299 Elasticsearch-7.17.12-e3b0c3d3c5c130e1dc6d567d6baef1c73eeb2059 "[ignore_throttled] parameter is deprecated because frozen indices have been deprecated. Consider cold or frozen tiers in place of frozen indices."]
2023-08-04T21:43:33.067-04:00  WARN 4865 --- [    container-1] s.a.r.l.ConditionalRejectingErrorHandler : Execution of Rabbit message listener failed.

org.springframework.amqp.rabbit.support.ListenerExecutionFailedException: Listener method 'receiveMessage' threw exception
	at org.springframework.amqp.rabbit.listener.adapter.MessageListenerAdapter.invokeListenerMethod(MessageListenerAdapter.java:374) ~[spring-rabbit-3.0.4.jar:3.0.4]
	at org.springframework.amqp.rabbit.listener.adapter.MessageListenerAdapter.onMessage(MessageListenerAdapter.java:293) ~[spring-rabbit-3.0.4.jar:3.0.4]
	at org.springframework.amqp.rabbit.listener.AbstractMessageListenerContainer.doInvokeListener(AbstractMessageListenerContainer.java:1719) ~[spring-rabbit-3.0.4.jar:3.0.4]
	at org.springframework.amqp.rabbit.listener.AbstractMessageListenerContainer.actualInvokeListener(AbstractMessageListenerContainer.java:1638) ~[spring-rabbit-3.0.4.jar:3.0.4]
	at org.springframework.amqp.rabbit.listener.AbstractMessageListenerContainer.invokeListener(AbstractMessageListenerContainer.java:1626) ~[spring-rabbit-3.0.4.jar:3.0.4]
	at org.springframework.amqp.rabbit.listener.AbstractMessageListenerContainer.doExecuteListener(AbstractMessageListenerContainer.java:1617) ~[spring-rabbit-3.0.4.jar:3.0.4]
	at org.springframework.amqp.rabbit.listener.AbstractMessageListenerContainer.executeListenerAndHandleException(AbstractMessageListenerContainer.java:1562) ~[spring-rabbit-3.0.4.jar:3.0.4]
	at org.springframework.amqp.rabbit.listener.AbstractMessageListenerContainer.lambda$executeListener$8(AbstractMessageListenerContainer.java:1541) ~[spring-rabbit-3.0.4.jar:3.0.4]
	at io.micrometer.observation.Observation.lambda$observe$0(Observation.java:493) ~[micrometer-observation-1.11.0.jar:1.11.0]
	at io.micrometer.observation.Observation.observeWithContext(Observation.java:603) ~[micrometer-observation-1.11.0.jar:1.11.0]
	at io.micrometer.observation.Observation.observe(Observation.java:492) ~[micrometer-observation-1.11.0.jar:1.11.0]
	at org.springframework.amqp.rabbit.listener.AbstractMessageListenerContainer.executeListener(AbstractMessageListenerContainer.java:1541) ~[spring-rabbit-3.0.4.jar:3.0.4]
	at org.springframework.amqp.rabbit.listener.SimpleMessageListenerContainer.doReceiveAndExecute(SimpleMessageListenerContainer.java:1001) ~[spring-rabbit-3.0.4.jar:3.0.4]
	at org.springframework.amqp.rabbit.listener.SimpleMessageListenerContainer.receiveAndExecute(SimpleMessageListenerContainer.java:948) ~[spring-rabbit-3.0.4.jar:3.0.4]
	at org.springframework.amqp.rabbit.listener.SimpleMessageListenerContainer$AsyncMessageProcessingConsumer.mainLoop(SimpleMessageListenerContainer.java:1326) ~[spring-rabbit-3.0.4.jar:3.0.4]
	at org.springframework.amqp.rabbit.listener.SimpleMessageListenerContainer$AsyncMessageProcessingConsumer.run(SimpleMessageListenerContainer.java:1232) ~[spring-rabbit-3.0.4.jar:3.0.4]
	at java.base/java.lang.Thread.run(Thread.java:1589) ~[na:na]
Caused by: org.json.JSONException: No value for objectType
	at org.json.JSONObject.get(JSONObject.java:355) ~[android-json-0.0.20131108.vaadin1.jar:0.0.20131108.vaadin1]
	at edu.neu.info5.DemoApplication.service.IndexingListener.convertMapToDocumentIndex(IndexingListener.java:152) ~[classes/:na]
	at edu.neu.info5.DemoApplication.service.IndexingListener.postDocument(IndexingListener.java:73) ~[classes/:na]
	at edu.neu.info5.DemoApplication.service.IndexingListener.receiveMessage(IndexingListener.java:51) ~[classes/:na]
	at java.base/jdk.internal.reflect.DirectMethodHandleAccessor.invoke(DirectMethodHandleAccessor.java:104) ~[na:na]
	at java.base/java.lang.reflect.Method.invoke(Method.java:578) ~[na:na]
	at org.springframework.util.MethodInvoker.invoke(MethodInvoker.java:283) ~[spring-core-6.0.9.jar:6.0.9]
	at org.springframework.amqp.rabbit.listener.adapter.MessageListenerAdapter.invokeListenerMethod(MessageListenerAdapter.java:366) ~[spring-rabbit-3.0.4.jar:3.0.4]
	... 16 common frames omitted

Message received: {body={"mapType":"class java.util.HashMap","empty":false}, operation=SAVE}
2023-08-04T21:43:33.068-04:00  WARN 4865 --- [    container-1] org.elasticsearch.client.RestClient      : request [HEAD http://localhost:9200/plan-index?ignore_throttled=false&ignore_unavailable=false&expand_wildcards=open%2Cclosed&allow_no_indices=false] returned 2 warnings: [299 Elasticsearch-7.17.12-e3b0c3d3c5c130e1dc6d567d6baef1c73eeb2059 "Elasticsearch built-in security features are not enabled. Without authentication, your cluster could be accessible to anyone. See https://www.elastic.co/guide/en/elasticsearch/reference/7.17/security-minimal-setup.html to enable security."],[299 Elasticsearch-7.17.12-e3b0c3d3c5c130e1dc6d567d6baef1c73eeb2059 "[ignore_throttled] parameter is deprecated because frozen indices have been deprecated. Consider cold or frozen tiers in place of frozen indices."]
2023-08-04T21:43:33.068-04:00  WARN 4865 --- [    container-1] s.a.r.l.ConditionalRejectingErrorHandler : Execution of Rabbit message listener failed.

org.springframework.amqp.rabbit.support.ListenerExecutionFailedException: Listener method 'receiveMessage' threw exception
	at org.springframework.amqp.rabbit.listener.adapter.MessageListenerAdapter.invokeListenerMethod(MessageListenerAdapter.java:374) ~[spring-rabbit-3.0.4.jar:3.0.4]
	at org.springframework.amqp.rabbit.listener.adapter.MessageListenerAdapter.onMessage(MessageListenerAdapter.java:293) ~[spring-rabbit-3.0.4.jar:3.0.4]
	at org.springframework.amqp.rabbit.listener.AbstractMessageListenerContainer.doInvokeListener(AbstractMessageListenerContainer.java:1719) ~[spring-rabbit-3.0.4.jar:3.0.4]
	at org.springframework.amqp.rabbit.listener.AbstractMessageListenerContainer.actualInvokeListener(AbstractMessageListenerContainer.java:1638) ~[spring-rabbit-3.0.4.jar:3.0.4]
	at org.springframework.amqp.rabbit.listener.AbstractMessageListenerContainer.invokeListener(AbstractMessageListenerContainer.java:1626) ~[spring-rabbit-3.0.4.jar:3.0.4]
	at org.springframework.amqp.rabbit.listener.AbstractMessageListenerContainer.doExecuteListener(AbstractMessageListenerContainer.java:1617) ~[spring-rabbit-3.0.4.jar:3.0.4]
	at org.springframework.amqp.rabbit.listener.AbstractMessageListenerContainer.executeListenerAndHandleException(AbstractMessageListenerContainer.java:1562) ~[spring-rabbit-3.0.4.jar:3.0.4]
	at org.springframework.amqp.rabbit.listener.AbstractMessageListenerContainer.lambda$executeListener$8(AbstractMessageListenerContainer.java:1541) ~[spring-rabbit-3.0.4.jar:3.0.4]
	at io.micrometer.observation.Observation.lambda$observe$0(Observation.java:493) ~[micrometer-observation-1.11.0.jar:1.11.0]
	at io.micrometer.observation.Observation.observeWithContext(Observation.java:603) ~[micrometer-observation-1.11.0.jar:1.11.0]
	at io.micrometer.observation.Observation.observe(Observation.java:492) ~[micrometer-observation-1.11.0.jar:1.11.0]
	at org.springframework.amqp.rabbit.listener.AbstractMessageListenerContainer.executeListener(AbstractMessageListenerContainer.java:1541) ~[spring-rabbit-3.0.4.jar:3.0.4]
	at org.springframework.amqp.rabbit.listener.SimpleMessageListenerContainer.doReceiveAndExecute(SimpleMessageListenerContainer.java:1001) ~[spring-rabbit-3.0.4.jar:3.0.4]
	at org.springframework.amqp.rabbit.listener.SimpleMessageListenerContainer.receiveAndExecute(SimpleMessageListenerContainer.java:948) ~[spring-rabbit-3.0.4.jar:3.0.4]
	at org.springframework.amqp.rabbit.listener.SimpleMessageListenerContainer$AsyncMessageProcessingConsumer.mainLoop(SimpleMessageListenerContainer.java:1326) ~[spring-rabbit-3.0.4.jar:3.0.4]
	at org.springframework.amqp.rabbit.listener.SimpleMessageListenerContainer$AsyncMessageProcessingConsumer.run(SimpleMessageListenerContainer.java:1232) ~[spring-rabbit-3.0.4.jar:3.0.4]
	at java.base/java.lang.Thread.run(Thread.java:1589) ~[na:na]
Caused by: org.json.JSONException: No value for objectType
	at org.json.JSONObject.get(JSONObject.java:355) ~[android-json-0.0.20131108.vaadin1.jar:0.0.20131108.vaadin1]
	at edu.neu.info5.DemoApplication.service.IndexingListener.convertMapToDocumentIndex(IndexingListener.java:152) ~[classes/:na]
	at edu.neu.info5.DemoApplication.service.IndexingListener.postDocument(IndexingListener.java:73) ~[classes/:na]
	at edu.neu.info5.DemoApplication.service.IndexingListener.receiveMessage(IndexingListener.java:51) ~[classes/:na]
	at java.base/jdk.internal.reflect.DirectMethodHandleAccessor.invoke(DirectMethodHandleAccessor.java:104) ~[na:na]
	at java.base/java.lang.reflect.Method.invoke(Method.java:578) ~[na:na]
	at org.springframework.util.MethodInvoker.invoke(MethodInvoker.java:283) ~[spring-core-6.0.9.jar:6.0.9]
	at org.springframework.amqp.rabbit.listener.adapter.MessageListenerAdapter.invokeListenerMethod(MessageListenerAdapter.java:366) ~[spring-rabbit-3.0.4.jar:3.0.4]
	... 16 common frames omitted

Message received: {body={"mapType":"class java.util.HashMap","empty":false}, operation=SAVE}
2023-08-04T21:43:33.071-04:00  WARN 4865 --- [    container-1] org.elasticsearch.client.RestClient      : request [HEAD http://localhost:9200/plan-index?ignore_throttled=false&ignore_unavailable=false&expand_wildcards=open%2Cclosed&allow_no_indices=false] returned 2 warnings: [299 Elasticsearch-7.17.12-e3b0c3d3c5c130e1dc6d567d6baef1c73eeb2059 "Elasticsearch built-in security features are not enabled. Without authentication, your cluster could be accessible to anyone. See https://www.elastic.co/guide/en/elasticsearch/reference/7.17/security-minimal-setup.html to enable security."],[299 Elasticsearch-7.17.12-e3b0c3d3c5c130e1dc6d567d6baef1c73eeb2059 "[ignore_throttled] parameter is deprecated because frozen indices have been deprecated. Consider cold or frozen tiers in place of frozen indices."]
2023-08-04T21:43:33.071-04:00  WARN 4865 --- [    container-1] s.a.r.l.ConditionalRejectingErrorHandler : Execution of Rabbit message listener failed.

org.springframework.amqp.rabbit.support.ListenerExecutionFailedException: Listener method 'receiveMessage' threw exception
	at org.springframework.amqp.rabbit.listener.adapter.MessageListenerAdapter.invokeListenerMethod(MessageListenerAdapter.java:374) ~[spring-rabbit-3.0.4.jar:3.0.4]
	at org.springframework.amqp.rabbit.listener.adapter.MessageListenerAdapter.onMessage(MessageListenerAdapter.java:293) ~[spring-rabbit-3.0.4.jar:3.0.4]
	at org.springframework.amqp.rabbit.listener.AbstractMessageListenerContainer.doInvokeListener(AbstractMessageListenerContainer.java:1719) ~[spring-rabbit-3.0.4.jar:3.0.4]
	at org.springframework.amqp.rabbit.listener.AbstractMessageListenerContainer.actualInvokeListener(AbstractMessageListenerContainer.java:1638) ~[spring-rabbit-3.0.4.jar:3.0.4]
	at org.springframework.amqp.rabbit.listener.AbstractMessageListenerContainer.invokeListener(AbstractMessageListenerContainer.java:1626) ~[spring-rabbit-3.0.4.jar:3.0.4]
	at org.springframework.amqp.rabbit.listener.AbstractMessageListenerContainer.doExecuteListener(AbstractMessageListenerContainer.java:1617) ~[spring-rabbit-3.0.4.jar:3.0.4]
	at org.springframework.amqp.rabbit.listener.AbstractMessageListenerContainer.executeListenerAndHandleException(AbstractMessageListenerContainer.java:1562) ~[spring-rabbit-3.0.4.jar:3.0.4]
	at org.springframework.amqp.rabbit.listener.AbstractMessageListenerContainer.lambda$executeListener$8(AbstractMessageListenerContainer.java:1541) ~[spring-rabbit-3.0.4.jar:3.0.4]
	at io.micrometer.observation.Observation.lambda$observe$0(Observation.java:493) ~[micrometer-observation-1.11.0.jar:1.11.0]
	at io.micrometer.observation.Observation.observeWithContext(Observation.java:603) ~[micrometer-observation-1.11.0.jar:1.11.0]
	at io.micrometer.observation.Observation.observe(Observation.java:492) ~[micrometer-observation-1.11.0.jar:1.11.0]
	at org.springframework.amqp.rabbit.listener.AbstractMessageListenerContainer.executeListener(AbstractMessageListenerContainer.java:1541) ~[spring-rabbit-3.0.4.jar:3.0.4]
	at org.springframework.amqp.rabbit.listener.SimpleMessageListenerContainer.doReceiveAndExecute(SimpleMessageListenerContainer.java:1001) ~[spring-rabbit-3.0.4.jar:3.0.4]
	at org.springframework.amqp.rabbit.listener.SimpleMessageListenerContainer.receiveAndExecute(SimpleMessageListenerContainer.java:948) ~[spring-rabbit-3.0.4.jar:3.0.4]
	at org.springframework.amqp.rabbit.listener.SimpleMessageListenerContainer$AsyncMessageProcessingConsumer.mainLoop(SimpleMessageListenerContainer.java:1326) ~[spring-rabbit-3.0.4.jar:3.0.4]
	at org.springframework.amqp.rabbit.listener.SimpleMessageListenerContainer$AsyncMessageProcessingConsumer.run(SimpleMessageListenerContainer.java:1232) ~[spring-rabbit-3.0.4.jar:3.0.4]
	at java.base/java.lang.Thread.run(Thread.java:1589) ~[na:na]
Caused by: org.json.JSONException: No value for objectType
	at org.json.JSONObject.get(JSONObject.java:355) ~[android-json-0.0.20131108.vaadin1.jar:0.0.20131108.vaadin1]
	at edu.neu.info5.DemoApplication.service.IndexingListener.convertMapToDocumentIndex(IndexingListener.java:152) ~[classes/:na]
	at edu.neu.info5.DemoApplication.service.IndexingListener.postDocument(IndexingListener.java:73) ~[classes/:na]
	at edu.neu.info5.DemoApplication.service.IndexingListener.receiveMessage(IndexingListener.java:51) ~[classes/:na]
	at java.base/jdk.internal.reflect.DirectMethodHandleAccessor.invoke(DirectMethodHandleAccessor.java:104) ~[na:na]
	at java.base/java.lang.reflect.Method.invoke(Method.java:578) ~[na:na]
	at org.springframework.util.MethodInvoker.invoke(MethodInvoker.java:283) ~[spring-core-6.0.9.jar:6.0.9]
	at org.springframework.amqp.rabbit.listener.adapter.MessageListenerAdapter.invokeListenerMethod(MessageListenerAdapter.java:366) ~[spring-rabbit-3.0.4.jar:3.0.4]
	... 16 common frames omitted

Message received: {body={"mapType":"class java.util.HashMap","empty":false}, operation=SAVE}
2023-08-04T21:43:33.073-04:00  WARN 4865 --- [    container-1] org.elasticsearch.client.RestClient      : request [HEAD http://localhost:9200/plan-index?ignore_throttled=false&ignore_unavailable=false&expand_wildcards=open%2Cclosed&allow_no_indices=false] returned 2 warnings: [299 Elasticsearch-7.17.12-e3b0c3d3c5c130e1dc6d567d6baef1c73eeb2059 "Elasticsearch built-in security features are not enabled. Without authentication, your cluster could be accessible to anyone. See https://www.elastic.co/guide/en/elasticsearch/reference/7.17/security-minimal-setup.html to enable security."],[299 Elasticsearch-7.17.12-e3b0c3d3c5c130e1dc6d567d6baef1c73eeb2059 "[ignore_throttled] parameter is deprecated because frozen indices have been deprecated. Consider cold or frozen tiers in place of frozen indices."]
2023-08-04T21:43:33.073-04:00  WARN 4865 --- [    container-1] s.a.r.l.ConditionalRejectingErrorHandler : Execution of Rabbit message listener failed.

org.springframework.amqp.rabbit.support.ListenerExecutionFailedException: Listener method 'receiveMessage' threw exception
	at org.springframework.amqp.rabbit.listener.adapter.MessageListenerAdapter.invokeListenerMethod(MessageListenerAdapter.java:374) ~[spring-rabbit-3.0.4.jar:3.0.4]
	at org.springframework.amqp.rabbit.listener.adapter.MessageListenerAdapter.onMessage(MessageListenerAdapter.java:293) ~[spring-rabbit-3.0.4.jar:3.0.4]
	at org.springframework.amqp.rabbit.listener.AbstractMessageListenerContainer.doInvokeListener(AbstractMessageListenerContainer.java:1719) ~[spring-rabbit-3.0.4.jar:3.0.4]
	at org.springframework.amqp.rabbit.listener.AbstractMessageListenerContainer.actualInvokeListener(AbstractMessageListenerContainer.java:1638) ~[spring-rabbit-3.0.4.jar:3.0.4]
	at org.springframework.amqp.rabbit.listener.AbstractMessageListenerContainer.invokeListener(AbstractMessageListenerContainer.java:1626) ~[spring-rabbit-3.0.4.jar:3.0.4]
	at org.springframework.amqp.rabbit.listener.AbstractMessageListenerContainer.doExecuteListener(AbstractMessageListenerContainer.java:1617) ~[spring-rabbit-3.0.4.jar:3.0.4]
	at org.springframework.amqp.rabbit.listener.AbstractMessageListenerContainer.executeListenerAndHandleException(AbstractMessageListenerContainer.java:1562) ~[spring-rabbit-3.0.4.jar:3.0.4]
	at org.springframework.amqp.rabbit.listener.AbstractMessageListenerContainer.lambda$executeListener$8(AbstractMessageListenerContainer.java:1541) ~[spring-rabbit-3.0.4.jar:3.0.4]
	at io.micrometer.observation.Observation.lambda$observe$0(Observation.java:493) ~[micrometer-observation-1.11.0.jar:1.11.0]
	at io.micrometer.observation.Observation.observeWithContext(Observation.java:603) ~[micrometer-observation-1.11.0.jar:1.11.0]
	at io.micrometer.observation.Observation.observe(Observation.java:492) ~[micrometer-observation-1.11.0.jar:1.11.0]
	at org.springframework.amqp.rabbit.listener.AbstractMessageListenerContainer.executeListener(AbstractMessageListenerContainer.java:1541) ~[spring-rabbit-3.0.4.jar:3.0.4]
	at org.springframework.amqp.rabbit.listener.SimpleMessageListenerContainer.doReceiveAndExecute(SimpleMessageListenerContainer.java:1001) ~[spring-rabbit-3.0.4.jar:3.0.4]
	at org.springframework.amqp.rabbit.listener.SimpleMessageListenerContainer.receiveAndExecute(SimpleMessageListenerContainer.java:948) ~[spring-rabbit-3.0.4.jar:3.0.4]
	at org.springframework.amqp.rabbit.listener.SimpleMessageListenerContainer$AsyncMessageProcessingConsumer.mainLoop(SimpleMessageListenerContainer.java:1326) ~[spring-rabbit-3.0.4.jar:3.0.4]
	at org.springframework.amqp.rabbit.listener.SimpleMessageListenerContainer$AsyncMessageProcessingConsumer.run(SimpleMessageListenerContainer.java:1232) ~[spring-rabbit-3.0.4.jar:3.0.4]
	at java.base/java.lang.Thread.run(Thread.java:1589) ~[na:na]
Caused by: org.json.JSONException: No value for objectType
	at org.json.JSONObject.get(JSONObject.java:355) ~[android-json-0.0.20131108.vaadin1.jar:0.0.20131108.vaadin1]
	at edu.neu.info5.DemoApplication.service.IndexingListener.convertMapToDocumentIndex(IndexingListener.java:152) ~[classes/:na]
	at edu.neu.info5.DemoApplication.service.IndexingListener.postDocument(IndexingListener.java:73) ~[classes/:na]
	at edu.neu.info5.DemoApplication.service.IndexingListener.receiveMessage(IndexingListener.java:51) ~[classes/:na]
	at java.base/jdk.internal.reflect.DirectMethodHandleAccessor.invoke(DirectMethodHandleAccessor.java:104) ~[na:na]
	at java.base/java.lang.reflect.Method.invoke(Method.java:578) ~[na:na]
	at org.springframework.util.MethodInvoker.invoke(MethodInvoker.java:283) ~[spring-core-6.0.9.jar:6.0.9]
	at org.springframework.amqp.rabbit.listener.adapter.MessageListenerAdapter.invokeListenerMethod(MessageListenerAdapter.java:366) ~[spring-rabbit-3.0.4.jar:3.0.4]
	... 16 common frames omitted

Message received: {body={"mapType":"class java.util.HashMap","empty":false}, operation=SAVE}
2023-08-04T21:43:33.075-04:00  WARN 4865 --- [    container-1] org.elasticsearch.client.RestClient      : request [HEAD http://localhost:9200/plan-index?ignore_throttled=false&ignore_unavailable=false&expand_wildcards=open%2Cclosed&allow_no_indices=false] returned 2 warnings: [299 Elasticsearch-7.17.12-e3b0c3d3c5c130e1dc6d567d6baef1c73eeb2059 "Elasticsearch built-in security features are not enabled. Without authentication, your cluster could be accessible to anyone. See https://www.elastic.co/guide/en/elasticsearch/reference/7.17/security-minimal-setup.html to enable security."],[299 Elasticsearch-7.17.12-e3b0c3d3c5c130e1dc6d567d6baef1c73eeb2059 "[ignore_throttled] parameter is deprecated because frozen indices have been deprecated. Consider cold or frozen tiers in place of frozen indices."]
2023-08-04T21:43:33.075-04:00  WARN 4865 --- [    container-1] s.a.r.l.ConditionalRejectingErrorHandler : Execution of Rabbit message listener failed.

org.springframework.amqp.rabbit.support.ListenerExecutionFailedException: Listener method 'receiveMessage' threw exception
	at org.springframework.amqp.rabbit.listener.adapter.MessageListenerAdapter.invokeListenerMethod(MessageListenerAdapter.java:374) ~[spring-rabbit-3.0.4.jar:3.0.4]
	at org.springframework.amqp.rabbit.listener.adapter.MessageListenerAdapter.onMessage(MessageListenerAdapter.java:293) ~[spring-rabbit-3.0.4.jar:3.0.4]
	at org.springframework.amqp.rabbit.listener.AbstractMessageListenerContainer.doInvokeListener(AbstractMessageListenerContainer.java:1719) ~[spring-rabbit-3.0.4.jar:3.0.4]
	at org.springframework.amqp.rabbit.listener.AbstractMessageListenerContainer.actualInvokeListener(AbstractMessageListenerContainer.java:1638) ~[spring-rabbit-3.0.4.jar:3.0.4]
	at org.springframework.amqp.rabbit.listener.AbstractMessageListenerContainer.invokeListener(AbstractMessageListenerContainer.java:1626) ~[spring-rabbit-3.0.4.jar:3.0.4]
	at org.springframework.amqp.rabbit.listener.AbstractMessageListenerContainer.doExecuteListener(AbstractMessageListenerContainer.java:1617) ~[spring-rabbit-3.0.4.jar:3.0.4]
	at org.springframework.amqp.rabbit.listener.AbstractMessageListenerContainer.executeListenerAndHandleException(AbstractMessageListenerContainer.java:1562) ~[spring-rabbit-3.0.4.jar:3.0.4]
	at org.springframework.amqp.rabbit.listener.AbstractMessageListenerContainer.lambda$executeListener$8(AbstractMessageListenerContainer.java:1541) ~[spring-rabbit-3.0.4.jar:3.0.4]
	at io.micrometer.observation.Observation.lambda$observe$0(Observation.java:493) ~[micrometer-observation-1.11.0.jar:1.11.0]
	at io.micrometer.observation.Observation.observeWithContext(Observation.java:603) ~[micrometer-observation-1.11.0.jar:1.11.0]
	at io.micrometer.observation.Observation.observe(Observation.java:492) ~[micrometer-observation-1.11.0.jar:1.11.0]
	at org.springframework.amqp.rabbit.listener.AbstractMessageListenerContainer.executeListener(AbstractMessageListenerContainer.java:1541) ~[spring-rabbit-3.0.4.jar:3.0.4]
	at org.springframework.amqp.rabbit.listener.SimpleMessageListenerContainer.doReceiveAndExecute(SimpleMessageListenerContainer.java:1001) ~[spring-rabbit-3.0.4.jar:3.0.4]
	at org.springframework.amqp.rabbit.listener.SimpleMessageListenerContainer.receiveAndExecute(SimpleMessageListenerContainer.java:948) ~[spring-rabbit-3.0.4.jar:3.0.4]
	at org.springframework.amqp.rabbit.listener.SimpleMessageListenerContainer$AsyncMessageProcessingConsumer.mainLoop(SimpleMessageListenerContainer.java:1326) ~[spring-rabbit-3.0.4.jar:3.0.4]
	at org.springframework.amqp.rabbit.listener.SimpleMessageListenerContainer$AsyncMessageProcessingConsumer.run(SimpleMessageListenerContainer.java:1232) ~[spring-rabbit-3.0.4.jar:3.0.4]
	at java.base/java.lang.Thread.run(Thread.java:1589) ~[na:na]
Caused by: org.json.JSONException: No value for objectType
	at org.json.JSONObject.get(JSONObject.java:355) ~[android-json-0.0.20131108.vaadin1.jar:0.0.20131108.vaadin1]
	at edu.neu.info5.DemoApplication.service.IndexingListener.convertMapToDocumentIndex(IndexingListener.java:152) ~[classes/:na]
	at edu.neu.info5.DemoApplication.service.IndexingListener.postDocument(IndexingListener.java:73) ~[classes/:na]
	at edu.neu.info5.DemoApplication.service.IndexingListener.receiveMessage(IndexingListener.java:51) ~[classes/:na]
	at java.base/jdk.internal.reflect.DirectMethodHandleAccessor.invoke(DirectMethodHandleAccessor.java:104) ~[na:na]
	at java.base/java.lang.reflect.Method.invoke(Method.java:578) ~[na:na]
	at org.springframework.util.MethodInvoker.invoke(MethodInvoker.java:283) ~[spring-core-6.0.9.jar:6.0.9]
	at org.springframework.amqp.rabbit.listener.adapter.MessageListenerAdapter.invokeListenerMethod(MessageListenerAdapter.java:366) ~[spring-rabbit-3.0.4.jar:3.0.4]
	... 16 common frames omitted

Message received: {body={"mapType":"class java.util.HashMap","empty":false}, operation=SAVE}
2023-08-04T21:43:33.078-04:00  WARN 4865 --- [    container-1] org.elasticsearch.client.RestClient      : request [HEAD http://localhost:9200/plan-index?ignore_throttled=false&ignore_unavailable=false&expand_wildcards=open%2Cclosed&allow_no_indices=false] returned 2 warnings: [299 Elasticsearch-7.17.12-e3b0c3d3c5c130e1dc6d567d6baef1c73eeb2059 "Elasticsearch built-in security features are not enabled. Without authentication, your cluster could be accessible to anyone. See https://www.elastic.co/guide/en/elasticsearch/reference/7.17/security-minimal-setup.html to enable security."],[299 Elasticsearch-7.17.12-e3b0c3d3c5c130e1dc6d567d6baef1c73eeb2059 "[ignore_throttled] parameter is deprecated because frozen indices have been deprecated. Consider cold or frozen tiers in place of frozen indices."]
2023-08-04T21:43:33.078-04:00  WARN 4865 --- [    container-1] s.a.r.l.ConditionalRejectingErrorHandler : Execution of Rabbit message listener failed.

org.springframework.amqp.rabbit.support.ListenerExecutionFailedException: Listener method 'receiveMessage' threw exception
	at org.springframework.amqp.rabbit.listener.adapter.MessageListenerAdapter.invokeListenerMethod(MessageListenerAdapter.java:374) ~[spring-rabbit-3.0.4.jar:3.0.4]
	at org.springframework.amqp.rabbit.listener.adapter.MessageListenerAdapter.onMessage(MessageListenerAdapter.java:293) ~[spring-rabbit-3.0.4.jar:3.0.4]
	at org.springframework.amqp.rabbit.listener.AbstractMessageListenerContainer.doInvokeListener(AbstractMessageListenerContainer.java:1719) ~[spring-rabbit-3.0.4.jar:3.0.4]
	at org.springframework.amqp.rabbit.listener.AbstractMessageListenerContainer.actualInvokeListener(AbstractMessageListenerContainer.java:1638) ~[spring-rabbit-3.0.4.jar:3.0.4]
	at org.springframework.amqp.rabbit.listener.AbstractMessageListenerContainer.invokeListener(AbstractMessageListenerContainer.java:1626) ~[spring-rabbit-3.0.4.jar:3.0.4]
	at org.springframework.amqp.rabbit.listener.AbstractMessageListenerContainer.doExecuteListener(AbstractMessageListenerContainer.java:1617) ~[spring-rabbit-3.0.4.jar:3.0.4]
	at org.springframework.amqp.rabbit.listener.AbstractMessageListenerContainer.executeListenerAndHandleException(AbstractMessageListenerContainer.java:1562) ~[spring-rabbit-3.0.4.jar:3.0.4]
	at org.springframework.amqp.rabbit.listener.AbstractMessageListenerContainer.lambda$executeListener$8(AbstractMessageListenerContainer.java:1541) ~[spring-rabbit-3.0.4.jar:3.0.4]
	at io.micrometer.observation.Observation.lambda$observe$0(Observation.java:493) ~[micrometer-observation-1.11.0.jar:1.11.0]
	at io.micrometer.observation.Observation.observeWithContext(Observation.java:603) ~[micrometer-observation-1.11.0.jar:1.11.0]
	at io.micrometer.observation.Observation.observe(Observation.java:492) ~[micrometer-observation-1.11.0.jar:1.11.0]
	at org.springframework.amqp.rabbit.listener.AbstractMessageListenerContainer.executeListener(AbstractMessageListenerContainer.java:1541) ~[spring-rabbit-3.0.4.jar:3.0.4]
	at org.springframework.amqp.rabbit.listener.SimpleMessageListenerContainer.doReceiveAndExecute(SimpleMessageListenerContainer.java:1001) ~[spring-rabbit-3.0.4.jar:3.0.4]
	at org.springframework.amqp.rabbit.listener.SimpleMessageListenerContainer.receiveAndExecute(SimpleMessageListenerContainer.java:948) ~[spring-rabbit-3.0.4.jar:3.0.4]
	at org.springframework.amqp.rabbit.listener.SimpleMessageListenerContainer$AsyncMessageProcessingConsumer.mainLoop(SimpleMessageListenerContainer.java:1326) ~[spring-rabbit-3.0.4.jar:3.0.4]
	at org.springframework.amqp.rabbit.listener.SimpleMessageListenerContainer$AsyncMessageProcessingConsumer.run(SimpleMessageListenerContainer.java:1232) ~[spring-rabbit-3.0.4.jar:3.0.4]
	at java.base/java.lang.Thread.run(Thread.java:1589) ~[na:na]
Caused by: org.json.JSONException: No value for objectType
	at org.json.JSONObject.get(JSONObject.java:355) ~[android-json-0.0.20131108.vaadin1.jar:0.0.20131108.vaadin1]
	at edu.neu.info5.DemoApplication.service.IndexingListener.convertMapToDocumentIndex(IndexingListener.java:152) ~[classes/:na]
	at edu.neu.info5.DemoApplication.service.IndexingListener.postDocument(IndexingListener.java:73) ~[classes/:na]
	at edu.neu.info5.DemoApplication.service.IndexingListener.receiveMessage(IndexingListener.java:51) ~[classes/:na]
	at java.base/jdk.internal.reflect.DirectMethodHandleAccessor.invoke(DirectMethodHandleAccessor.java:104) ~[na:na]
	at java.base/java.lang.reflect.Method.invoke(Method.java:578) ~[na:na]
	at org.springframework.util.MethodInvoker.invoke(MethodInvoker.java:283) ~[spring-core-6.0.9.jar:6.0.9]
	at org.springframework.amqp.rabbit.listener.adapter.MessageListenerAdapter.invokeListenerMethod(MessageListenerAdapter.java:366) ~[spring-rabbit-3.0.4.jar:3.0.4]
	... 16 common frames omitted

Message received: {body={"mapType":"class java.util.HashMap","empty":false}, operation=SAVE}
2023-08-04T21:43:33.081-04:00  WARN 4865 --- [    container-1] org.elasticsearch.client.RestClient      : request [HEAD http://localhost:9200/plan-index?ignore_throttled=false&ignore_unavailable=false&expand_wildcards=open%2Cclosed&allow_no_indices=false] returned 2 warnings: [299 Elasticsearch-7.17.12-e3b0c3d3c5c130e1dc6d567d6baef1c73eeb2059 "Elasticsearch built-in security features are not enabled. Without authentication, your cluster could be accessible to anyone. See https://www.elastic.co/guide/en/elasticsearch/reference/7.17/security-minimal-setup.html to enable security."],[299 Elasticsearch-7.17.12-e3b0c3d3c5c130e1dc6d567d6baef1c73eeb2059 "[ignore_throttled] parameter is deprecated because frozen indices have been deprecated. Consider cold or frozen tiers in place of frozen indices."]
2023-08-04T21:43:33.081-04:00  WARN 4865 --- [    container-1] s.a.r.l.ConditionalRejectingErrorHandler : Execution of Rabbit message listener failed.

org.springframework.amqp.rabbit.support.ListenerExecutionFailedException: Listener method 'receiveMessage' threw exception
	at org.springframework.amqp.rabbit.listener.adapter.MessageListenerAdapter.invokeListenerMethod(MessageListenerAdapter.java:374) ~[spring-rabbit-3.0.4.jar:3.0.4]
	at org.springframework.amqp.rabbit.listener.adapter.MessageListenerAdapter.onMessage(MessageListenerAdapter.java:293) ~[spring-rabbit-3.0.4.jar:3.0.4]
	at org.springframework.amqp.rabbit.listener.AbstractMessageListenerContainer.doInvokeListener(AbstractMessageListenerContainer.java:1719) ~[spring-rabbit-3.0.4.jar:3.0.4]
	at org.springframework.amqp.rabbit.listener.AbstractMessageListenerContainer.actualInvokeListener(AbstractMessageListenerContainer.java:1638) ~[spring-rabbit-3.0.4.jar:3.0.4]
	at org.springframework.amqp.rabbit.listener.AbstractMessageListenerContainer.invokeListener(AbstractMessageListenerContainer.java:1626) ~[spring-rabbit-3.0.4.jar:3.0.4]
	at org.springframework.amqp.rabbit.listener.AbstractMessageListenerContainer.doExecuteListener(AbstractMessageListenerContainer.java:1617) ~[spring-rabbit-3.0.4.jar:3.0.4]
	at org.springframework.amqp.rabbit.listener.AbstractMessageListenerContainer.executeListenerAndHandleException(AbstractMessageListenerContainer.java:1562) ~[spring-rabbit-3.0.4.jar:3.0.4]
	at org.springframework.amqp.rabbit.listener.AbstractMessageListenerContainer.lambda$executeListener$8(AbstractMessageListenerContainer.java:1541) ~[spring-rabbit-3.0.4.jar:3.0.4]
	at io.micrometer.observation.Observation.lambda$observe$0(Observation.java:493) ~[micrometer-observation-1.11.0.jar:1.11.0]
	at io.micrometer.observation.Observation.observeWithContext(Observation.java:603) ~[micrometer-observation-1.11.0.jar:1.11.0]
	at io.micrometer.observation.Observation.observe(Observation.java:492) ~[micrometer-observation-1.11.0.jar:1.11.0]
	at org.springframework.amqp.rabbit.listener.AbstractMessageListenerContainer.executeListener(AbstractMessageListenerContainer.java:1541) ~[spring-rabbit-3.0.4.jar:3.0.4]
	at org.springframework.amqp.rabbit.listener.SimpleMessageListenerContainer.doReceiveAndExecute(SimpleMessageListenerContainer.java:1001) ~[spring-rabbit-3.0.4.jar:3.0.4]
	at org.springframework.amqp.rabbit.listener.SimpleMessageListenerContainer.receiveAndExecute(SimpleMessageListenerContainer.java:948) ~[spring-rabbit-3.0.4.jar:3.0.4]
	at org.springframework.amqp.rabbit.listener.SimpleMessageListenerContainer$AsyncMessageProcessingConsumer.mainLoop(SimpleMessageListenerContainer.java:1326) ~[spring-rabbit-3.0.4.jar:3.0.4]
	at org.springframework.amqp.rabbit.listener.SimpleMessageListenerContainer$AsyncMessageProcessingConsumer.run(SimpleMessageListenerContainer.java:1232) ~[spring-rabbit-3.0.4.jar:3.0.4]
	at java.base/java.lang.Thread.run(Thread.java:1589) ~[na:na]
Caused by: org.json.JSONException: No value for objectType
	at org.json.JSONObject.get(JSONObject.java:355) ~[android-json-0.0.20131108.vaadin1.jar:0.0.20131108.vaadin1]
	at edu.neu.info5.DemoApplication.service.IndexingListener.convertMapToDocumentIndex(IndexingListener.java:152) ~[classes/:na]
	at edu.neu.info5.DemoApplication.service.IndexingListener.postDocument(IndexingListener.java:73) ~[classes/:na]
	at edu.neu.info5.DemoApplication.service.IndexingListener.receiveMessage(IndexingListener.java:51) ~[classes/:na]
	at java.base/jdk.internal.reflect.DirectMethodHandleAccessor.invoke(DirectMethodHandleAccessor.java:104) ~[na:na]
	at java.base/java.lang.reflect.Method.invoke(Method.java:578) ~[na:na]
	at org.springframework.util.MethodInvoker.invoke(MethodInvoker.java:283) ~[spring-core-6.0.9.jar:6.0.9]
	at org.springframework.amqp.rabbit.listener.adapter.MessageListenerAdapter.invokeListenerMethod(MessageListenerAdapter.java:366) ~[spring-rabbit-3.0.4.jar:3.0.4]
	... 16 common frames omitted

Message received: {body={"mapType":"class java.util.HashMap","empty":false}, operation=SAVE}
2023-08-04T21:43:33.083-04:00  WARN 4865 --- [    container-1] org.elasticsearch.client.RestClient      : request [HEAD http://localhost:9200/plan-index?ignore_throttled=false&ignore_unavailable=false&expand_wildcards=open%2Cclosed&allow_no_indices=false] returned 2 warnings: [299 Elasticsearch-7.17.12-e3b0c3d3c5c130e1dc6d567d6baef1c73eeb2059 "Elasticsearch built-in security features are not enabled. Without authentication, your cluster could be accessible to anyone. See https://www.elastic.co/guide/en/elasticsearch/reference/7.17/security-minimal-setup.html to enable security."],[299 Elasticsearch-7.17.12-e3b0c3d3c5c130e1dc6d567d6baef1c73eeb2059 "[ignore_throttled] parameter is deprecated because frozen indices have been deprecated. Consider cold or frozen tiers in place of frozen indices."]
2023-08-04T21:43:33.083-04:00  WARN 4865 --- [    container-1] s.a.r.l.ConditionalRejectingErrorHandler : Execution of Rabbit message listener failed.

org.springframework.amqp.rabbit.support.ListenerExecutionFailedException: Listener method 'receiveMessage' threw exception
	at org.springframework.amqp.rabbit.listener.adapter.MessageListenerAdapter.invokeListenerMethod(MessageListenerAdapter.java:374) ~[spring-rabbit-3.0.4.jar:3.0.4]
	at org.springframework.amqp.rabbit.listener.adapter.MessageListenerAdapter.onMessage(MessageListenerAdapter.java:293) ~[spring-rabbit-3.0.4.jar:3.0.4]
	at org.springframework.amqp.rabbit.listener.AbstractMessageListenerContainer.doInvokeListener(AbstractMessageListenerContainer.java:1719) ~[spring-rabbit-3.0.4.jar:3.0.4]
	at org.springframework.amqp.rabbit.listener.AbstractMessageListenerContainer.actualInvokeListener(AbstractMessageListenerContainer.java:1638) ~[spring-rabbit-3.0.4.jar:3.0.4]
	at org.springframework.amqp.rabbit.listener.AbstractMessageListenerContainer.invokeListener(AbstractMessageListenerContainer.java:1626) ~[spring-rabbit-3.0.4.jar:3.0.4]
	at org.springframework.amqp.rabbit.listener.AbstractMessageListenerContainer.doExecuteListener(AbstractMessageListenerContainer.java:1617) ~[spring-rabbit-3.0.4.jar:3.0.4]
	at org.springframework.amqp.rabbit.listener.AbstractMessageListenerContainer.executeListenerAndHandleException(AbstractMessageListenerContainer.java:1562) ~[spring-rabbit-3.0.4.jar:3.0.4]
	at org.springframework.amqp.rabbit.listener.AbstractMessageListenerContainer.lambda$executeListener$8(AbstractMessageListenerContainer.java:1541) ~[spring-rabbit-3.0.4.jar:3.0.4]
	at io.micrometer.observation.Observation.lambda$observe$0(Observation.java:493) ~[micrometer-observation-1.11.0.jar:1.11.0]
	at io.micrometer.observation.Observation.observeWithContext(Observation.java:603) ~[micrometer-observation-1.11.0.jar:1.11.0]
	at io.micrometer.observation.Observation.observe(Observation.java:492) ~[micrometer-observation-1.11.0.jar:1.11.0]
	at org.springframework.amqp.rabbit.listener.AbstractMessageListenerContainer.executeListener(AbstractMessageListenerContainer.java:1541) ~[spring-rabbit-3.0.4.jar:3.0.4]
	at org.springframework.amqp.rabbit.listener.SimpleMessageListenerContainer.doReceiveAndExecute(SimpleMessageListenerContainer.java:1001) ~[spring-rabbit-3.0.4.jar:3.0.4]
	at org.springframework.amqp.rabbit.listener.SimpleMessageListenerContainer.receiveAndExecute(SimpleMessageListenerContainer.java:948) ~[spring-rabbit-3.0.4.jar:3.0.4]
	at org.springframework.amqp.rabbit.listener.SimpleMessageListenerContainer$AsyncMessageProcessingConsumer.mainLoop(SimpleMessageListenerContainer.java:1326) ~[spring-rabbit-3.0.4.jar:3.0.4]
	at org.springframework.amqp.rabbit.listener.SimpleMessageListenerContainer$AsyncMessageProcessingConsumer.run(SimpleMessageListenerContainer.java:1232) ~[spring-rabbit-3.0.4.jar:3.0.4]
	at java.base/java.lang.Thread.run(Thread.java:1589) ~[na:na]
Caused by: org.json.JSONException: No value for objectType
	at org.json.JSONObject.get(JSONObject.java:355) ~[android-json-0.0.20131108.vaadin1.jar:0.0.20131108.vaadin1]
	at edu.neu.info5.DemoApplication.service.IndexingListener.convertMapToDocumentIndex(IndexingListener.java:152) ~[classes/:na]
	at edu.neu.info5.DemoApplication.service.IndexingListener.postDocument(IndexingListener.java:73) ~[classes/:na]
	at edu.neu.info5.DemoApplication.service.IndexingListener.receiveMessage(IndexingListener.java:51) ~[classes/:na]
	at java.base/jdk.internal.reflect.DirectMethodHandleAccessor.invoke(DirectMethodHandleAccessor.java:104) ~[na:na]
	at java.base/java.lang.reflect.Method.invoke(Method.java:578) ~[na:na]
	at org.springframework.util.MethodInvoker.invoke(MethodInvoker.java:283) ~[spring-core-6.0.9.jar:6.0.9]
	at org.springframework.amqp.rabbit.listener.adapter.MessageListenerAdapter.invokeListenerMethod(MessageListenerAdapter.java:366) ~[spring-rabbit-3.0.4.jar:3.0.4]
	... 16 common frames omitted

Message received: {body={"mapType":"class java.util.HashMap","empty":false}, operation=SAVE}
2023-08-04T21:43:33.084-04:00  WARN 4865 --- [    container-1] org.elasticsearch.client.RestClient      : request [HEAD http://localhost:9200/plan-index?ignore_throttled=false&ignore_unavailable=false&expand_wildcards=open%2Cclosed&allow_no_indices=false] returned 2 warnings: [299 Elasticsearch-7.17.12-e3b0c3d3c5c130e1dc6d567d6baef1c73eeb2059 "Elasticsearch built-in security features are not enabled. Without authentication, your cluster could be accessible to anyone. See https://www.elastic.co/guide/en/elasticsearch/reference/7.17/security-minimal-setup.html to enable security."],[299 Elasticsearch-7.17.12-e3b0c3d3c5c130e1dc6d567d6baef1c73eeb2059 "[ignore_throttled] parameter is deprecated because frozen indices have been deprecated. Consider cold or frozen tiers in place of frozen indices."]
2023-08-04T21:43:33.084-04:00  WARN 4865 --- [    container-1] s.a.r.l.ConditionalRejectingErrorHandler : Execution of Rabbit message listener failed.

org.springframework.amqp.rabbit.support.ListenerExecutionFailedException: Listener method 'receiveMessage' threw exception
	at org.springframework.amqp.rabbit.listener.adapter.MessageListenerAdapter.invokeListenerMethod(MessageListenerAdapter.java:374) ~[spring-rabbit-3.0.4.jar:3.0.4]
	at org.springframework.amqp.rabbit.listener.adapter.MessageListenerAdapter.onMessage(MessageListenerAdapter.java:293) ~[spring-rabbit-3.0.4.jar:3.0.4]
	at org.springframework.amqp.rabbit.listener.AbstractMessageListenerContainer.doInvokeListener(AbstractMessageListenerContainer.java:1719) ~[spring-rabbit-3.0.4.jar:3.0.4]
	at org.springframework.amqp.rabbit.listener.AbstractMessageListenerContainer.actualInvokeListener(AbstractMessageListenerContainer.java:1638) ~[spring-rabbit-3.0.4.jar:3.0.4]
	at org.springframework.amqp.rabbit.listener.AbstractMessageListenerContainer.invokeListener(AbstractMessageListenerContainer.java:1626) ~[spring-rabbit-3.0.4.jar:3.0.4]
	at org.springframework.amqp.rabbit.listener.AbstractMessageListenerContainer.doExecuteListener(AbstractMessageListenerContainer.java:1617) ~[spring-rabbit-3.0.4.jar:3.0.4]
	at org.springframework.amqp.rabbit.listener.AbstractMessageListenerContainer.executeListenerAndHandleException(AbstractMessageListenerContainer.java:1562) ~[spring-rabbit-3.0.4.jar:3.0.4]
	at org.springframework.amqp.rabbit.listener.AbstractMessageListenerContainer.lambda$executeListener$8(AbstractMessageListenerContainer.java:1541) ~[spring-rabbit-3.0.4.jar:3.0.4]
	at io.micrometer.observation.Observation.lambda$observe$0(Observation.java:493) ~[micrometer-observation-1.11.0.jar:1.11.0]
	at io.micrometer.observation.Observation.observeWithContext(Observation.java:603) ~[micrometer-observation-1.11.0.jar:1.11.0]
	at io.micrometer.observation.Observation.observe(Observation.java:492) ~[micrometer-observation-1.11.0.jar:1.11.0]
	at org.springframework.amqp.rabbit.listener.AbstractMessageListenerContainer.executeListener(AbstractMessageListenerContainer.java:1541) ~[spring-rabbit-3.0.4.jar:3.0.4]
	at org.springframework.amqp.rabbit.listener.SimpleMessageListenerContainer.doReceiveAndExecute(SimpleMessageListenerContainer.java:1001) ~[spring-rabbit-3.0.4.jar:3.0.4]
	at org.springframework.amqp.rabbit.listener.SimpleMessageListenerContainer.receiveAndExecute(SimpleMessageListenerContainer.java:948) ~[spring-rabbit-3.0.4.jar:3.0.4]
	at org.springframework.amqp.rabbit.listener.SimpleMessageListenerContainer$AsyncMessageProcessingConsumer.mainLoop(SimpleMessageListenerContainer.java:1326) ~[spring-rabbit-3.0.4.jar:3.0.4]
	at org.springframework.amqp.rabbit.listener.SimpleMessageListenerContainer$AsyncMessageProcessingConsumer.run(SimpleMessageListenerContainer.java:1232) ~[spring-rabbit-3.0.4.jar:3.0.4]
	at java.base/java.lang.Thread.run(Thread.java:1589) ~[na:na]
Caused by: org.json.JSONException: No value for objectType
	at org.json.JSONObject.get(JSONObject.java:355) ~[android-json-0.0.20131108.vaadin1.jar:0.0.20131108.vaadin1]
	at edu.neu.info5.DemoApplication.service.IndexingListener.convertMapToDocumentIndex(IndexingListener.java:152) ~[classes/:na]
	at edu.neu.info5.DemoApplication.service.IndexingListener.postDocument(IndexingListener.java:73) ~[classes/:na]
	at edu.neu.info5.DemoApplication.service.IndexingListener.receiveMessage(IndexingListener.java:51) ~[classes/:na]
	at java.base/jdk.internal.reflect.DirectMethodHandleAccessor.invoke(DirectMethodHandleAccessor.java:104) ~[na:na]
	at java.base/java.lang.reflect.Method.invoke(Method.java:578) ~[na:na]
	at org.springframework.util.MethodInvoker.invoke(MethodInvoker.java:283) ~[spring-core-6.0.9.jar:6.0.9]
	at org.springframework.amqp.rabbit.listener.adapter.MessageListenerAdapter.invokeListenerMethod(MessageListenerAdapter.java:366) ~[spring-rabbit-3.0.4.jar:3.0.4]
	... 16 common frames omitted

Message received: {body={"mapType":"class java.util.HashMap","empty":false}, operation=SAVE}
2023-08-04T21:43:33.086-04:00  WARN 4865 --- [    container-1] org.elasticsearch.client.RestClient      : request [HEAD http://localhost:9200/plan-index?ignore_throttled=false&ignore_unavailable=false&expand_wildcards=open%2Cclosed&allow_no_indices=false] returned 2 warnings: [299 Elasticsearch-7.17.12-e3b0c3d3c5c130e1dc6d567d6baef1c73eeb2059 "Elasticsearch built-in security features are not enabled. Without authentication, your cluster could be accessible to anyone. See https://www.elastic.co/guide/en/elasticsearch/reference/7.17/security-minimal-setup.html to enable security."],[299 Elasticsearch-7.17.12-e3b0c3d3c5c130e1dc6d567d6baef1c73eeb2059 "[ignore_throttled] parameter is deprecated because frozen indices have been deprecated. Consider cold or frozen tiers in place of frozen indices."]
2023-08-04T21:43:33.086-04:00  WARN 4865 --- [    container-1] s.a.r.l.ConditionalRejectingErrorHandler : Execution of Rabbit message listener failed.

org.springframework.amqp.rabbit.support.ListenerExecutionFailedException: Listener method 'receiveMessage' threw exception
	at org.springframework.amqp.rabbit.listener.adapter.MessageListenerAdapter.invokeListenerMethod(MessageListenerAdapter.java:374) ~[spring-rabbit-3.0.4.jar:3.0.4]
	at org.springframework.amqp.rabbit.listener.adapter.MessageListenerAdapter.onMessage(MessageListenerAdapter.java:293) ~[spring-rabbit-3.0.4.jar:3.0.4]
	at org.springframework.amqp.rabbit.listener.AbstractMessageListenerContainer.doInvokeListener(AbstractMessageListenerContainer.java:1719) ~[spring-rabbit-3.0.4.jar:3.0.4]
	at org.springframework.amqp.rabbit.listener.AbstractMessageListenerContainer.actualInvokeListener(AbstractMessageListenerContainer.java:1638) ~[spring-rabbit-3.0.4.jar:3.0.4]
	at org.springframework.amqp.rabbit.listener.AbstractMessageListenerContainer.invokeListener(AbstractMessageListenerContainer.java:1626) ~[spring-rabbit-3.0.4.jar:3.0.4]
	at org.springframework.amqp.rabbit.listener.AbstractMessageListenerContainer.doExecuteListener(AbstractMessageListenerContainer.java:1617) ~[spring-rabbit-3.0.4.jar:3.0.4]
	at org.springframework.amqp.rabbit.listener.AbstractMessageListenerContainer.executeListenerAndHandleException(AbstractMessageListenerContainer.java:1562) ~[spring-rabbit-3.0.4.jar:3.0.4]
	at org.springframework.amqp.rabbit.listener.AbstractMessageListenerContainer.lambda$executeListener$8(AbstractMessageListenerContainer.java:1541) ~[spring-rabbit-3.0.4.jar:3.0.4]
	at io.micrometer.observation.Observation.lambda$observe$0(Observation.java:493) ~[micrometer-observation-1.11.0.jar:1.11.0]
	at io.micrometer.observation.Observation.observeWithContext(Observation.java:603) ~[micrometer-observation-1.11.0.jar:1.11.0]
	at io.micrometer.observation.Observation.observe(Observation.java:492) ~[micrometer-observation-1.11.0.jar:1.11.0]
	at org.springframework.amqp.rabbit.listener.AbstractMessageListenerContainer.executeListener(AbstractMessageListenerContainer.java:1541) ~[spring-rabbit-3.0.4.jar:3.0.4]
	at org.springframework.amqp.rabbit.listener.SimpleMessageListenerContainer.doReceiveAndExecute(SimpleMessageListenerContainer.java:1001) ~[spring-rabbit-3.0.4.jar:3.0.4]
	at org.springframework.amqp.rabbit.listener.SimpleMessageListenerContainer.receiveAndExecute(SimpleMessageListenerContainer.java:948) ~[spring-rabbit-3.0.4.jar:3.0.4]
	at org.springframework.amqp.rabbit.listener.SimpleMessageListenerContainer$AsyncMessageProcessingConsumer.mainLoop(SimpleMessageListenerContainer.java:1326) ~[spring-rabbit-3.0.4.jar:3.0.4]
	at org.springframework.amqp.rabbit.listener.SimpleMessageListenerContainer$AsyncMessageProcessingConsumer.run(SimpleMessageListenerContainer.java:1232) ~[spring-rabbit-3.0.4.jar:3.0.4]
	at java.base/java.lang.Thread.run(Thread.java:1589) ~[na:na]
Caused by: org.json.JSONException: No value for objectType
	at org.json.JSONObject.get(JSONObject.java:355) ~[android-json-0.0.20131108.vaadin1.jar:0.0.20131108.vaadin1]
	at edu.neu.info5.DemoApplication.service.IndexingListener.convertMapToDocumentIndex(IndexingListener.java:152) ~[classes/:na]
	at edu.neu.info5.DemoApplication.service.IndexingListener.postDocument(IndexingListener.java:73) ~[classes/:na]
	at edu.neu.info5.DemoApplication.service.IndexingListener.receiveMessage(IndexingListener.java:51) ~[classes/:na]
	at java.base/jdk.internal.reflect.DirectMethodHandleAccessor.invoke(DirectMethodHandleAccessor.java:104) ~[na:na]
	at java.base/java.lang.reflect.Method.invoke(Method.java:578) ~[na:na]
	at org.springframework.util.MethodInvoker.invoke(MethodInvoker.java:283) ~[spring-core-6.0.9.jar:6.0.9]
	at org.springframework.amqp.rabbit.listener.adapter.MessageListenerAdapter.invokeListenerMethod(MessageListenerAdapter.java:366) ~[spring-rabbit-3.0.4.jar:3.0.4]
	... 16 common frames omitted

Message received: {body={"mapType":"class java.util.HashMap","empty":false}, operation=SAVE}
2023-08-04T21:43:33.089-04:00  WARN 4865 --- [    container-1] org.elasticsearch.client.RestClient      : request [HEAD http://localhost:9200/plan-index?ignore_throttled=false&ignore_unavailable=false&expand_wildcards=open%2Cclosed&allow_no_indices=false] returned 2 warnings: [299 Elasticsearch-7.17.12-e3b0c3d3c5c130e1dc6d567d6baef1c73eeb2059 "Elasticsearch built-in security features are not enabled. Without authentication, your cluster could be accessible to anyone. See https://www.elastic.co/guide/en/elasticsearch/reference/7.17/security-minimal-setup.html to enable security."],[299 Elasticsearch-7.17.12-e3b0c3d3c5c130e1dc6d567d6baef1c73eeb2059 "[ignore_throttled] parameter is deprecated because frozen indices have been deprecated. Consider cold or frozen tiers in place of frozen indices."]
2023-08-04T21:43:33.089-04:00  WARN 4865 --- [    container-1] s.a.r.l.ConditionalRejectingErrorHandler : Execution of Rabbit message listener failed.

org.springframework.amqp.rabbit.support.ListenerExecutionFailedException: Listener method 'receiveMessage' threw exception
	at org.springframework.amqp.rabbit.listener.adapter.MessageListenerAdapter.invokeListenerMethod(MessageListenerAdapter.java:374) ~[spring-rabbit-3.0.4.jar:3.0.4]
	at org.springframework.amqp.rabbit.listener.adapter.MessageListenerAdapter.onMessage(MessageListenerAdapter.java:293) ~[spring-rabbit-3.0.4.jar:3.0.4]
	at org.springframework.amqp.rabbit.listener.AbstractMessageListenerContainer.doInvokeListener(AbstractMessageListenerContainer.java:1719) ~[spring-rabbit-3.0.4.jar:3.0.4]
	at org.springframework.amqp.rabbit.listener.AbstractMessageListenerContainer.actualInvokeListener(AbstractMessageListenerContainer.java:1638) ~[spring-rabbit-3.0.4.jar:3.0.4]
	at org.springframework.amqp.rabbit.listener.AbstractMessageListenerContainer.invokeListener(AbstractMessageListenerContainer.java:1626) ~[spring-rabbit-3.0.4.jar:3.0.4]
	at org.springframework.amqp.rabbit.listener.AbstractMessageListenerContainer.doExecuteListener(AbstractMessageListenerContainer.java:1617) ~[spring-rabbit-3.0.4.jar:3.0.4]
	at org.springframework.amqp.rabbit.listener.AbstractMessageListenerContainer.executeListenerAndHandleException(AbstractMessageListenerContainer.java:1562) ~[spring-rabbit-3.0.4.jar:3.0.4]
	at org.springframework.amqp.rabbit.listener.AbstractMessageListenerContainer.lambda$executeListener$8(AbstractMessageListenerContainer.java:1541) ~[spring-rabbit-3.0.4.jar:3.0.4]
	at io.micrometer.observation.Observation.lambda$observe$0(Observation.java:493) ~[micrometer-observation-1.11.0.jar:1.11.0]
	at io.micrometer.observation.Observation.observeWithContext(Observation.java:603) ~[micrometer-observation-1.11.0.jar:1.11.0]
	at io.micrometer.observation.Observation.observe(Observation.java:492) ~[micrometer-observation-1.11.0.jar:1.11.0]
	at org.springframework.amqp.rabbit.listener.AbstractMessageListenerContainer.executeListener(AbstractMessageListenerContainer.java:1541) ~[spring-rabbit-3.0.4.jar:3.0.4]
	at org.springframework.amqp.rabbit.listener.SimpleMessageListenerContainer.doReceiveAndExecute(SimpleMessageListenerContainer.java:1001) ~[spring-rabbit-3.0.4.jar:3.0.4]
	at org.springframework.amqp.rabbit.listener.SimpleMessageListenerContainer.receiveAndExecute(SimpleMessageListenerContainer.java:948) ~[spring-rabbit-3.0.4.jar:3.0.4]
	at org.springframework.amqp.rabbit.listener.SimpleMessageListenerContainer$AsyncMessageProcessingConsumer.mainLoop(SimpleMessageListenerContainer.java:1326) ~[spring-rabbit-3.0.4.jar:3.0.4]
	at org.springframework.amqp.rabbit.listener.SimpleMessageListenerContainer$AsyncMessageProcessingConsumer.run(SimpleMessageListenerContainer.java:1232) ~[spring-rabbit-3.0.4.jar:3.0.4]
	at java.base/java.lang.Thread.run(Thread.java:1589) ~[na:na]
Caused by: org.json.JSONException: No value for objectType
	at org.json.JSONObject.get(JSONObject.java:355) ~[android-json-0.0.20131108.vaadin1.jar:0.0.20131108.vaadin1]
	at edu.neu.info5.DemoApplication.service.IndexingListener.convertMapToDocumentIndex(IndexingListener.java:152) ~[classes/:na]
	at edu.neu.info5.DemoApplication.service.IndexingListener.postDocument(IndexingListener.java:73) ~[classes/:na]
	at edu.neu.info5.DemoApplication.service.IndexingListener.receiveMessage(IndexingListener.java:51) ~[classes/:na]
	at java.base/jdk.internal.reflect.DirectMethodHandleAccessor.invoke(DirectMethodHandleAccessor.java:104) ~[na:na]
	at java.base/java.lang.reflect.Method.invoke(Method.java:578) ~[na:na]
	at org.springframework.util.MethodInvoker.invoke(MethodInvoker.java:283) ~[spring-core-6.0.9.jar:6.0.9]
	at org.springframework.amqp.rabbit.listener.adapter.MessageListenerAdapter.invokeListenerMethod(MessageListenerAdapter.java:366) ~[spring-rabbit-3.0.4.jar:3.0.4]
	... 16 common frames omitted

Message received: {body={"mapType":"class java.util.HashMap","empty":false}, operation=SAVE}
2023-08-04T21:43:33.092-04:00  WARN 4865 --- [    container-1] org.elasticsearch.client.RestClient      : request [HEAD http://localhost:9200/plan-index?ignore_throttled=false&ignore_unavailable=false&expand_wildcards=open%2Cclosed&allow_no_indices=false] returned 2 warnings: [299 Elasticsearch-7.17.12-e3b0c3d3c5c130e1dc6d567d6baef1c73eeb2059 "Elasticsearch built-in security features are not enabled. Without authentication, your cluster could be accessible to anyone. See https://www.elastic.co/guide/en/elasticsearch/reference/7.17/security-minimal-setup.html to enable security."],[299 Elasticsearch-7.17.12-e3b0c3d3c5c130e1dc6d567d6baef1c73eeb2059 "[ignore_throttled] parameter is deprecated because frozen indices have been deprecated. Consider cold or frozen tiers in place of frozen indices."]
2023-08-04T21:43:33.092-04:00  WARN 4865 --- [    container-1] s.a.r.l.ConditionalRejectingErrorHandler : Execution of Rabbit message listener failed.

org.springframework.amqp.rabbit.support.ListenerExecutionFailedException: Listener method 'receiveMessage' threw exception
	at org.springframework.amqp.rabbit.listener.adapter.MessageListenerAdapter.invokeListenerMethod(MessageListenerAdapter.java:374) ~[spring-rabbit-3.0.4.jar:3.0.4]
	at org.springframework.amqp.rabbit.listener.adapter.MessageListenerAdapter.onMessage(MessageListenerAdapter.java:293) ~[spring-rabbit-3.0.4.jar:3.0.4]
	at org.springframework.amqp.rabbit.listener.AbstractMessageListenerContainer.doInvokeListener(AbstractMessageListenerContainer.java:1719) ~[spring-rabbit-3.0.4.jar:3.0.4]
	at org.springframework.amqp.rabbit.listener.AbstractMessageListenerContainer.actualInvokeListener(AbstractMessageListenerContainer.java:1638) ~[spring-rabbit-3.0.4.jar:3.0.4]
	at org.springframework.amqp.rabbit.listener.AbstractMessageListenerContainer.invokeListener(AbstractMessageListenerContainer.java:1626) ~[spring-rabbit-3.0.4.jar:3.0.4]
	at org.springframework.amqp.rabbit.listener.AbstractMessageListenerContainer.doExecuteListener(AbstractMessageListenerContainer.java:1617) ~[spring-rabbit-3.0.4.jar:3.0.4]
	at org.springframework.amqp.rabbit.listener.AbstractMessageListenerContainer.executeListenerAndHandleException(AbstractMessageListenerContainer.java:1562) ~[spring-rabbit-3.0.4.jar:3.0.4]
	at org.springframework.amqp.rabbit.listener.AbstractMessageListenerContainer.lambda$executeListener$8(AbstractMessageListenerContainer.java:1541) ~[spring-rabbit-3.0.4.jar:3.0.4]
	at io.micrometer.observation.Observation.lambda$observe$0(Observation.java:493) ~[micrometer-observation-1.11.0.jar:1.11.0]
	at io.micrometer.observation.Observation.observeWithContext(Observation.java:603) ~[micrometer-observation-1.11.0.jar:1.11.0]
	at io.micrometer.observation.Observation.observe(Observation.java:492) ~[micrometer-observation-1.11.0.jar:1.11.0]
	at org.springframework.amqp.rabbit.listener.AbstractMessageListenerContainer.executeListener(AbstractMessageListenerContainer.java:1541) ~[spring-rabbit-3.0.4.jar:3.0.4]
	at org.springframework.amqp.rabbit.listener.SimpleMessageListenerContainer.doReceiveAndExecute(SimpleMessageListenerContainer.java:1001) ~[spring-rabbit-3.0.4.jar:3.0.4]
	at org.springframework.amqp.rabbit.listener.SimpleMessageListenerContainer.receiveAndExecute(SimpleMessageListenerContainer.java:948) ~[spring-rabbit-3.0.4.jar:3.0.4]
	at org.springframework.amqp.rabbit.listener.SimpleMessageListenerContainer$AsyncMessageProcessingConsumer.mainLoop(SimpleMessageListenerContainer.java:1326) ~[spring-rabbit-3.0.4.jar:3.0.4]
	at org.springframework.amqp.rabbit.listener.SimpleMessageListenerContainer$AsyncMessageProcessingConsumer.run(SimpleMessageListenerContainer.java:1232) ~[spring-rabbit-3.0.4.jar:3.0.4]
	at java.base/java.lang.Thread.run(Thread.java:1589) ~[na:na]
Caused by: org.json.JSONException: No value for objectType
	at org.json.JSONObject.get(JSONObject.java:355) ~[android-json-0.0.20131108.vaadin1.jar:0.0.20131108.vaadin1]
	at edu.neu.info5.DemoApplication.service.IndexingListener.convertMapToDocumentIndex(IndexingListener.java:152) ~[classes/:na]
	at edu.neu.info5.DemoApplication.service.IndexingListener.postDocument(IndexingListener.java:73) ~[classes/:na]
	at edu.neu.info5.DemoApplication.service.IndexingListener.receiveMessage(IndexingListener.java:51) ~[classes/:na]
	at java.base/jdk.internal.reflect.DirectMethodHandleAccessor.invoke(DirectMethodHandleAccessor.java:104) ~[na:na]
	at java.base/java.lang.reflect.Method.invoke(Method.java:578) ~[na:na]
	at org.springframework.util.MethodInvoker.invoke(MethodInvoker.java:283) ~[spring-core-6.0.9.jar:6.0.9]
	at org.springframework.amqp.rabbit.listener.adapter.MessageListenerAdapter.invokeListenerMethod(MessageListenerAdapter.java:366) ~[spring-rabbit-3.0.4.jar:3.0.4]
	... 16 common frames omitted

Message received: {body={"mapType":"class java.util.HashMap","empty":false}, operation=SAVE}
2023-08-04T21:43:33.094-04:00  WARN 4865 --- [    container-1] org.elasticsearch.client.RestClient      : request [HEAD http://localhost:9200/plan-index?ignore_throttled=false&ignore_unavailable=false&expand_wildcards=open%2Cclosed&allow_no_indices=false] returned 2 warnings: [299 Elasticsearch-7.17.12-e3b0c3d3c5c130e1dc6d567d6baef1c73eeb2059 "Elasticsearch built-in security features are not enabled. Without authentication, your cluster could be accessible to anyone. See https://www.elastic.co/guide/en/elasticsearch/reference/7.17/security-minimal-setup.html to enable security."],[299 Elasticsearch-7.17.12-e3b0c3d3c5c130e1dc6d567d6baef1c73eeb2059 "[ignore_throttled] parameter is deprecated because frozen indices have been deprecated. Consider cold or frozen tiers in place of frozen indices."]
2023-08-04T21:43:33.094-04:00  WARN 4865 --- [    container-1] s.a.r.l.ConditionalRejectingErrorHandler : Execution of Rabbit message listener failed.

org.springframework.amqp.rabbit.support.ListenerExecutionFailedException: Listener method 'receiveMessage' threw exception
	at org.springframework.amqp.rabbit.listener.adapter.MessageListenerAdapter.invokeListenerMethod(MessageListenerAdapter.java:374) ~[spring-rabbit-3.0.4.jar:3.0.4]
	at org.springframework.amqp.rabbit.listener.adapter.MessageListenerAdapter.onMessage(MessageListenerAdapter.java:293) ~[spring-rabbit-3.0.4.jar:3.0.4]
	at org.springframework.amqp.rabbit.listener.AbstractMessageListenerContainer.doInvokeListener(AbstractMessageListenerContainer.java:1719) ~[spring-rabbit-3.0.4.jar:3.0.4]
	at org.springframework.amqp.rabbit.listener.AbstractMessageListenerContainer.actualInvokeListener(AbstractMessageListenerContainer.java:1638) ~[spring-rabbit-3.0.4.jar:3.0.4]
	at org.springframework.amqp.rabbit.listener.AbstractMessageListenerContainer.invokeListener(AbstractMessageListenerContainer.java:1626) ~[spring-rabbit-3.0.4.jar:3.0.4]
	at org.springframework.amqp.rabbit.listener.AbstractMessageListenerContainer.doExecuteListener(AbstractMessageListenerContainer.java:1617) ~[spring-rabbit-3.0.4.jar:3.0.4]
	at org.springframework.amqp.rabbit.listener.AbstractMessageListenerContainer.executeListenerAndHandleException(AbstractMessageListenerContainer.java:1562) ~[spring-rabbit-3.0.4.jar:3.0.4]
	at org.springframework.amqp.rabbit.listener.AbstractMessageListenerContainer.lambda$executeListener$8(AbstractMessageListenerContainer.java:1541) ~[spring-rabbit-3.0.4.jar:3.0.4]
	at io.micrometer.observation.Observation.lambda$observe$0(Observation.java:493) ~[micrometer-observation-1.11.0.jar:1.11.0]
	at io.micrometer.observation.Observation.observeWithContext(Observation.java:603) ~[micrometer-observation-1.11.0.jar:1.11.0]
	at io.micrometer.observation.Observation.observe(Observation.java:492) ~[micrometer-observation-1.11.0.jar:1.11.0]
	at org.springframework.amqp.rabbit.listener.AbstractMessageListenerContainer.executeListener(AbstractMessageListenerContainer.java:1541) ~[spring-rabbit-3.0.4.jar:3.0.4]
	at org.springframework.amqp.rabbit.listener.SimpleMessageListenerContainer.doReceiveAndExecute(SimpleMessageListenerContainer.java:1001) ~[spring-rabbit-3.0.4.jar:3.0.4]
	at org.springframework.amqp.rabbit.listener.SimpleMessageListenerContainer.receiveAndExecute(SimpleMessageListenerContainer.java:948) ~[spring-rabbit-3.0.4.jar:3.0.4]
	at org.springframework.amqp.rabbit.listener.SimpleMessageListenerContainer$AsyncMessageProcessingConsumer.mainLoop(SimpleMessageListenerContainer.java:1326) ~[spring-rabbit-3.0.4.jar:3.0.4]
	at org.springframework.amqp.rabbit.listener.SimpleMessageListenerContainer$AsyncMessageProcessingConsumer.run(SimpleMessageListenerContainer.java:1232) ~[spring-rabbit-3.0.4.jar:3.0.4]
	at java.base/java.lang.Thread.run(Thread.java:1589) ~[na:na]
Caused by: org.json.JSONException: No value for objectType
	at org.json.JSONObject.get(JSONObject.java:355) ~[android-json-0.0.20131108.vaadin1.jar:0.0.20131108.vaadin1]
	at edu.neu.info5.DemoApplication.service.IndexingListener.convertMapToDocumentIndex(IndexingListener.java:152) ~[classes/:na]
	at edu.neu.info5.DemoApplication.service.IndexingListener.postDocument(IndexingListener.java:73) ~[classes/:na]
	at edu.neu.info5.DemoApplication.service.IndexingListener.receiveMessage(IndexingListener.java:51) ~[classes/:na]
	at java.base/jdk.internal.reflect.DirectMethodHandleAccessor.invoke(DirectMethodHandleAccessor.java:104) ~[na:na]
	at java.base/java.lang.reflect.Method.invoke(Method.java:578) ~[na:na]
	at org.springframework.util.MethodInvoker.invoke(MethodInvoker.java:283) ~[spring-core-6.0.9.jar:6.0.9]
	at org.springframework.amqp.rabbit.listener.adapter.MessageListenerAdapter.invokeListenerMethod(MessageListenerAdapter.java:366) ~[spring-rabbit-3.0.4.jar:3.0.4]
	... 16 common frames omitted

Message received: {body={"mapType":"class java.util.HashMap","empty":false}, operation=SAVE}
2023-08-04T21:43:33.097-04:00  WARN 4865 --- [    container-1] org.elasticsearch.client.RestClient      : request [HEAD http://localhost:9200/plan-index?ignore_throttled=false&ignore_unavailable=false&expand_wildcards=open%2Cclosed&allow_no_indices=false] returned 2 warnings: [299 Elasticsearch-7.17.12-e3b0c3d3c5c130e1dc6d567d6baef1c73eeb2059 "Elasticsearch built-in security features are not enabled. Without authentication, your cluster could be accessible to anyone. See https://www.elastic.co/guide/en/elasticsearch/reference/7.17/security-minimal-setup.html to enable security."],[299 Elasticsearch-7.17.12-e3b0c3d3c5c130e1dc6d567d6baef1c73eeb2059 "[ignore_throttled] parameter is deprecated because frozen indices have been deprecated. Consider cold or frozen tiers in place of frozen indices."]
2023-08-04T21:43:33.097-04:00  WARN 4865 --- [    container-1] s.a.r.l.ConditionalRejectingErrorHandler : Execution of Rabbit message listener failed.

org.springframework.amqp.rabbit.support.ListenerExecutionFailedException: Listener method 'receiveMessage' threw exception
	at org.springframework.amqp.rabbit.listener.adapter.MessageListenerAdapter.invokeListenerMethod(MessageListenerAdapter.java:374) ~[spring-rabbit-3.0.4.jar:3.0.4]
	at org.springframework.amqp.rabbit.listener.adapter.MessageListenerAdapter.onMessage(MessageListenerAdapter.java:293) ~[spring-rabbit-3.0.4.jar:3.0.4]
	at org.springframework.amqp.rabbit.listener.AbstractMessageListenerContainer.doInvokeListener(AbstractMessageListenerContainer.java:1719) ~[spring-rabbit-3.0.4.jar:3.0.4]
	at org.springframework.amqp.rabbit.listener.AbstractMessageListenerContainer.actualInvokeListener(AbstractMessageListenerContainer.java:1638) ~[spring-rabbit-3.0.4.jar:3.0.4]
	at org.springframework.amqp.rabbit.listener.AbstractMessageListenerContainer.invokeListener(AbstractMessageListenerContainer.java:1626) ~[spring-rabbit-3.0.4.jar:3.0.4]
	at org.springframework.amqp.rabbit.listener.AbstractMessageListenerContainer.doExecuteListener(AbstractMessageListenerContainer.java:1617) ~[spring-rabbit-3.0.4.jar:3.0.4]
	at org.springframework.amqp.rabbit.listener.AbstractMessageListenerContainer.executeListenerAndHandleException(AbstractMessageListenerContainer.java:1562) ~[spring-rabbit-3.0.4.jar:3.0.4]
	at org.springframework.amqp.rabbit.listener.AbstractMessageListenerContainer.lambda$executeListener$8(AbstractMessageListenerContainer.java:1541) ~[spring-rabbit-3.0.4.jar:3.0.4]
	at io.micrometer.observation.Observation.lambda$observe$0(Observation.java:493) ~[micrometer-observation-1.11.0.jar:1.11.0]
	at io.micrometer.observation.Observation.observeWithContext(Observation.java:603) ~[micrometer-observation-1.11.0.jar:1.11.0]
	at io.micrometer.observation.Observation.observe(Observation.java:492) ~[micrometer-observation-1.11.0.jar:1.11.0]
	at org.springframework.amqp.rabbit.listener.AbstractMessageListenerContainer.executeListener(AbstractMessageListenerContainer.java:1541) ~[spring-rabbit-3.0.4.jar:3.0.4]
	at org.springframework.amqp.rabbit.listener.SimpleMessageListenerContainer.doReceiveAndExecute(SimpleMessageListenerContainer.java:1001) ~[spring-rabbit-3.0.4.jar:3.0.4]
	at org.springframework.amqp.rabbit.listener.SimpleMessageListenerContainer.receiveAndExecute(SimpleMessageListenerContainer.java:948) ~[spring-rabbit-3.0.4.jar:3.0.4]
	at org.springframework.amqp.rabbit.listener.SimpleMessageListenerContainer$AsyncMessageProcessingConsumer.mainLoop(SimpleMessageListenerContainer.java:1326) ~[spring-rabbit-3.0.4.jar:3.0.4]
	at org.springframework.amqp.rabbit.listener.SimpleMessageListenerContainer$AsyncMessageProcessingConsumer.run(SimpleMessageListenerContainer.java:1232) ~[spring-rabbit-3.0.4.jar:3.0.4]
	at java.base/java.lang.Thread.run(Thread.java:1589) ~[na:na]
Caused by: org.json.JSONException: No value for objectType
	at org.json.JSONObject.get(JSONObject.java:355) ~[android-json-0.0.20131108.vaadin1.jar:0.0.20131108.vaadin1]
	at edu.neu.info5.DemoApplication.service.IndexingListener.convertMapToDocumentIndex(IndexingListener.java:152) ~[classes/:na]
	at edu.neu.info5.DemoApplication.service.IndexingListener.postDocument(IndexingListener.java:73) ~[classes/:na]
	at edu.neu.info5.DemoApplication.service.IndexingListener.receiveMessage(IndexingListener.java:51) ~[classes/:na]
	at java.base/jdk.internal.reflect.DirectMethodHandleAccessor.invoke(DirectMethodHandleAccessor.java:104) ~[na:na]
	at java.base/java.lang.reflect.Method.invoke(Method.java:578) ~[na:na]
	at org.springframework.util.MethodInvoker.invoke(MethodInvoker.java:283) ~[spring-core-6.0.9.jar:6.0.9]
	at org.springframework.amqp.rabbit.listener.adapter.MessageListenerAdapter.invokeListenerMethod(MessageListenerAdapter.java:366) ~[spring-rabbit-3.0.4.jar:3.0.4]
	... 16 common frames omitted

Message received: {body={"mapType":"class java.util.HashMap","empty":false}, operation=SAVE}
2023-08-04T21:43:33.099-04:00  WARN 4865 --- [    container-1] org.elasticsearch.client.RestClient      : request [HEAD http://localhost:9200/plan-index?ignore_throttled=false&ignore_unavailable=false&expand_wildcards=open%2Cclosed&allow_no_indices=false] returned 2 warnings: [299 Elasticsearch-7.17.12-e3b0c3d3c5c130e1dc6d567d6baef1c73eeb2059 "Elasticsearch built-in security features are not enabled. Without authentication, your cluster could be accessible to anyone. See https://www.elastic.co/guide/en/elasticsearch/reference/7.17/security-minimal-setup.html to enable security."],[299 Elasticsearch-7.17.12-e3b0c3d3c5c130e1dc6d567d6baef1c73eeb2059 "[ignore_throttled] parameter is deprecated because frozen indices have been deprecated. Consider cold or frozen tiers in place of frozen indices."]
2023-08-04T21:43:33.099-04:00  WARN 4865 --- [    container-1] s.a.r.l.ConditionalRejectingErrorHandler : Execution of Rabbit message listener failed.

org.springframework.amqp.rabbit.support.ListenerExecutionFailedException: Listener method 'receiveMessage' threw exception
	at org.springframework.amqp.rabbit.listener.adapter.MessageListenerAdapter.invokeListenerMethod(MessageListenerAdapter.java:374) ~[spring-rabbit-3.0.4.jar:3.0.4]
	at org.springframework.amqp.rabbit.listener.adapter.MessageListenerAdapter.onMessage(MessageListenerAdapter.java:293) ~[spring-rabbit-3.0.4.jar:3.0.4]
	at org.springframework.amqp.rabbit.listener.AbstractMessageListenerContainer.doInvokeListener(AbstractMessageListenerContainer.java:1719) ~[spring-rabbit-3.0.4.jar:3.0.4]
	at org.springframework.amqp.rabbit.listener.AbstractMessageListenerContainer.actualInvokeListener(AbstractMessageListenerContainer.java:1638) ~[spring-rabbit-3.0.4.jar:3.0.4]
	at org.springframework.amqp.rabbit.listener.AbstractMessageListenerContainer.invokeListener(AbstractMessageListenerContainer.java:1626) ~[spring-rabbit-3.0.4.jar:3.0.4]
	at org.springframework.amqp.rabbit.listener.AbstractMessageListenerContainer.doExecuteListener(AbstractMessageListenerContainer.java:1617) ~[spring-rabbit-3.0.4.jar:3.0.4]
	at org.springframework.amqp.rabbit.listener.AbstractMessageListenerContainer.executeListenerAndHandleException(AbstractMessageListenerContainer.java:1562) ~[spring-rabbit-3.0.4.jar:3.0.4]
	at org.springframework.amqp.rabbit.listener.AbstractMessageListenerContainer.lambda$executeListener$8(AbstractMessageListenerContainer.java:1541) ~[spring-rabbit-3.0.4.jar:3.0.4]
	at io.micrometer.observation.Observation.lambda$observe$0(Observation.java:493) ~[micrometer-observation-1.11.0.jar:1.11.0]
	at io.micrometer.observation.Observation.observeWithContext(Observation.java:603) ~[micrometer-observation-1.11.0.jar:1.11.0]
	at io.micrometer.observation.Observation.observe(Observation.java:492) ~[micrometer-observation-1.11.0.jar:1.11.0]
	at org.springframework.amqp.rabbit.listener.AbstractMessageListenerContainer.executeListener(AbstractMessageListenerContainer.java:1541) ~[spring-rabbit-3.0.4.jar:3.0.4]
	at org.springframework.amqp.rabbit.listener.SimpleMessageListenerContainer.doReceiveAndExecute(SimpleMessageListenerContainer.java:1001) ~[spring-rabbit-3.0.4.jar:3.0.4]
	at org.springframework.amqp.rabbit.listener.SimpleMessageListenerContainer.receiveAndExecute(SimpleMessageListenerContainer.java:948) ~[spring-rabbit-3.0.4.jar:3.0.4]
	at org.springframework.amqp.rabbit.listener.SimpleMessageListenerContainer$AsyncMessageProcessingConsumer.mainLoop(SimpleMessageListenerContainer.java:1326) ~[spring-rabbit-3.0.4.jar:3.0.4]
	at org.springframework.amqp.rabbit.listener.SimpleMessageListenerContainer$AsyncMessageProcessingConsumer.run(SimpleMessageListenerContainer.java:1232) ~[spring-rabbit-3.0.4.jar:3.0.4]
	at java.base/java.lang.Thread.run(Thread.java:1589) ~[na:na]
Caused by: org.json.JSONException: No value for objectType
	at org.json.JSONObject.get(JSONObject.java:355) ~[android-json-0.0.20131108.vaadin1.jar:0.0.20131108.vaadin1]
	at edu.neu.info5.DemoApplication.service.IndexingListener.convertMapToDocumentIndex(IndexingListener.java:152) ~[classes/:na]
	at edu.neu.info5.DemoApplication.service.IndexingListener.postDocument(IndexingListener.java:73) ~[classes/:na]
	at edu.neu.info5.DemoApplication.service.IndexingListener.receiveMessage(IndexingListener.java:51) ~[classes/:na]
	at java.base/jdk.internal.reflect.DirectMethodHandleAccessor.invoke(DirectMethodHandleAccessor.java:104) ~[na:na]
	at java.base/java.lang.reflect.Method.invoke(Method.java:578) ~[na:na]
	at org.springframework.util.MethodInvoker.invoke(MethodInvoker.java:283) ~[spring-core-6.0.9.jar:6.0.9]
	at org.springframework.amqp.rabbit.listener.adapter.MessageListenerAdapter.invokeListenerMethod(MessageListenerAdapter.java:366) ~[spring-rabbit-3.0.4.jar:3.0.4]
	... 16 common frames omitted

Message received: {body={"mapType":"class java.util.HashMap","empty":false}, operation=SAVE}
2023-08-04T21:43:33.101-04:00  WARN 4865 --- [    container-1] org.elasticsearch.client.RestClient      : request [HEAD http://localhost:9200/plan-index?ignore_throttled=false&ignore_unavailable=false&expand_wildcards=open%2Cclosed&allow_no_indices=false] returned 2 warnings: [299 Elasticsearch-7.17.12-e3b0c3d3c5c130e1dc6d567d6baef1c73eeb2059 "Elasticsearch built-in security features are not enabled. Without authentication, your cluster could be accessible to anyone. See https://www.elastic.co/guide/en/elasticsearch/reference/7.17/security-minimal-setup.html to enable security."],[299 Elasticsearch-7.17.12-e3b0c3d3c5c130e1dc6d567d6baef1c73eeb2059 "[ignore_throttled] parameter is deprecated because frozen indices have been deprecated. Consider cold or frozen tiers in place of frozen indices."]
2023-08-04T21:43:33.101-04:00  WARN 4865 --- [    container-1] s.a.r.l.ConditionalRejectingErrorHandler : Execution of Rabbit message listener failed.

org.springframework.amqp.rabbit.support.ListenerExecutionFailedException: Listener method 'receiveMessage' threw exception
	at org.springframework.amqp.rabbit.listener.adapter.MessageListenerAdapter.invokeListenerMethod(MessageListenerAdapter.java:374) ~[spring-rabbit-3.0.4.jar:3.0.4]
	at org.springframework.amqp.rabbit.listener.adapter.MessageListenerAdapter.onMessage(MessageListenerAdapter.java:293) ~[spring-rabbit-3.0.4.jar:3.0.4]
	at org.springframework.amqp.rabbit.listener.AbstractMessageListenerContainer.doInvokeListener(AbstractMessageListenerContainer.java:1719) ~[spring-rabbit-3.0.4.jar:3.0.4]
	at org.springframework.amqp.rabbit.listener.AbstractMessageListenerContainer.actualInvokeListener(AbstractMessageListenerContainer.java:1638) ~[spring-rabbit-3.0.4.jar:3.0.4]
	at org.springframework.amqp.rabbit.listener.AbstractMessageListenerContainer.invokeListener(AbstractMessageListenerContainer.java:1626) ~[spring-rabbit-3.0.4.jar:3.0.4]
	at org.springframework.amqp.rabbit.listener.AbstractMessageListenerContainer.doExecuteListener(AbstractMessageListenerContainer.java:1617) ~[spring-rabbit-3.0.4.jar:3.0.4]
	at org.springframework.amqp.rabbit.listener.AbstractMessageListenerContainer.executeListenerAndHandleException(AbstractMessageListenerContainer.java:1562) ~[spring-rabbit-3.0.4.jar:3.0.4]
	at org.springframework.amqp.rabbit.listener.AbstractMessageListenerContainer.lambda$executeListener$8(AbstractMessageListenerContainer.java:1541) ~[spring-rabbit-3.0.4.jar:3.0.4]
	at io.micrometer.observation.Observation.lambda$observe$0(Observation.java:493) ~[micrometer-observation-1.11.0.jar:1.11.0]
	at io.micrometer.observation.Observation.observeWithContext(Observation.java:603) ~[micrometer-observation-1.11.0.jar:1.11.0]
	at io.micrometer.observation.Observation.observe(Observation.java:492) ~[micrometer-observation-1.11.0.jar:1.11.0]
	at org.springframework.amqp.rabbit.listener.AbstractMessageListenerContainer.executeListener(AbstractMessageListenerContainer.java:1541) ~[spring-rabbit-3.0.4.jar:3.0.4]
	at org.springframework.amqp.rabbit.listener.SimpleMessageListenerContainer.doReceiveAndExecute(SimpleMessageListenerContainer.java:1001) ~[spring-rabbit-3.0.4.jar:3.0.4]
	at org.springframework.amqp.rabbit.listener.SimpleMessageListenerContainer.receiveAndExecute(SimpleMessageListenerContainer.java:948) ~[spring-rabbit-3.0.4.jar:3.0.4]
	at org.springframework.amqp.rabbit.listener.SimpleMessageListenerContainer$AsyncMessageProcessingConsumer.mainLoop(SimpleMessageListenerContainer.java:1326) ~[spring-rabbit-3.0.4.jar:3.0.4]
	at org.springframework.amqp.rabbit.listener.SimpleMessageListenerContainer$AsyncMessageProcessingConsumer.run(SimpleMessageListenerContainer.java:1232) ~[spring-rabbit-3.0.4.jar:3.0.4]
	at java.base/java.lang.Thread.run(Thread.java:1589) ~[na:na]
Caused by: org.json.JSONException: No value for objectType
	at org.json.JSONObject.get(JSONObject.java:355) ~[android-json-0.0.20131108.vaadin1.jar:0.0.20131108.vaadin1]
	at edu.neu.info5.DemoApplication.service.IndexingListener.convertMapToDocumentIndex(IndexingListener.java:152) ~[classes/:na]
	at edu.neu.info5.DemoApplication.service.IndexingListener.postDocument(IndexingListener.java:73) ~[classes/:na]
	at edu.neu.info5.DemoApplication.service.IndexingListener.receiveMessage(IndexingListener.java:51) ~[classes/:na]
	at java.base/jdk.internal.reflect.DirectMethodHandleAccessor.invoke(DirectMethodHandleAccessor.java:104) ~[na:na]
	at java.base/java.lang.reflect.Method.invoke(Method.java:578) ~[na:na]
	at org.springframework.util.MethodInvoker.invoke(MethodInvoker.java:283) ~[spring-core-6.0.9.jar:6.0.9]
	at org.springframework.amqp.rabbit.listener.adapter.MessageListenerAdapter.invokeListenerMethod(MessageListenerAdapter.java:366) ~[spring-rabbit-3.0.4.jar:3.0.4]
	... 16 common frames omitted

Message received: {body={"mapType":"class java.util.HashMap","empty":false}, operation=SAVE}
2023-08-04T21:43:33.104-04:00  WARN 4865 --- [    container-1] org.elasticsearch.client.RestClient      : request [HEAD http://localhost:9200/plan-index?ignore_throttled=false&ignore_unavailable=false&expand_wildcards=open%2Cclosed&allow_no_indices=false] returned 2 warnings: [299 Elasticsearch-7.17.12-e3b0c3d3c5c130e1dc6d567d6baef1c73eeb2059 "Elasticsearch built-in security features are not enabled. Without authentication, your cluster could be accessible to anyone. See https://www.elastic.co/guide/en/elasticsearch/reference/7.17/security-minimal-setup.html to enable security."],[299 Elasticsearch-7.17.12-e3b0c3d3c5c130e1dc6d567d6baef1c73eeb2059 "[ignore_throttled] parameter is deprecated because frozen indices have been deprecated. Consider cold or frozen tiers in place of frozen indices."]
2023-08-04T21:43:33.104-04:00  WARN 4865 --- [    container-1] s.a.r.l.ConditionalRejectingErrorHandler : Execution of Rabbit message listener failed.

org.springframework.amqp.rabbit.support.ListenerExecutionFailedException: Listener method 'receiveMessage' threw exception
	at org.springframework.amqp.rabbit.listener.adapter.MessageListenerAdapter.invokeListenerMethod(MessageListenerAdapter.java:374) ~[spring-rabbit-3.0.4.jar:3.0.4]
	at org.springframework.amqp.rabbit.listener.adapter.MessageListenerAdapter.onMessage(MessageListenerAdapter.java:293) ~[spring-rabbit-3.0.4.jar:3.0.4]
	at org.springframework.amqp.rabbit.listener.AbstractMessageListenerContainer.doInvokeListener(AbstractMessageListenerContainer.java:1719) ~[spring-rabbit-3.0.4.jar:3.0.4]
	at org.springframework.amqp.rabbit.listener.AbstractMessageListenerContainer.actualInvokeListener(AbstractMessageListenerContainer.java:1638) ~[spring-rabbit-3.0.4.jar:3.0.4]
	at org.springframework.amqp.rabbit.listener.AbstractMessageListenerContainer.invokeListener(AbstractMessageListenerContainer.java:1626) ~[spring-rabbit-3.0.4.jar:3.0.4]
	at org.springframework.amqp.rabbit.listener.AbstractMessageListenerContainer.doExecuteListener(AbstractMessageListenerContainer.java:1617) ~[spring-rabbit-3.0.4.jar:3.0.4]
	at org.springframework.amqp.rabbit.listener.AbstractMessageListenerContainer.executeListenerAndHandleException(AbstractMessageListenerContainer.java:1562) ~[spring-rabbit-3.0.4.jar:3.0.4]
	at org.springframework.amqp.rabbit.listener.AbstractMessageListenerContainer.lambda$executeListener$8(AbstractMessageListenerContainer.java:1541) ~[spring-rabbit-3.0.4.jar:3.0.4]
	at io.micrometer.observation.Observation.lambda$observe$0(Observation.java:493) ~[micrometer-observation-1.11.0.jar:1.11.0]
	at io.micrometer.observation.Observation.observeWithContext(Observation.java:603) ~[micrometer-observation-1.11.0.jar:1.11.0]
	at io.micrometer.observation.Observation.observe(Observation.java:492) ~[micrometer-observation-1.11.0.jar:1.11.0]
	at org.springframework.amqp.rabbit.listener.AbstractMessageListenerContainer.executeListener(AbstractMessageListenerContainer.java:1541) ~[spring-rabbit-3.0.4.jar:3.0.4]
	at org.springframework.amqp.rabbit.listener.SimpleMessageListenerContainer.doReceiveAndExecute(SimpleMessageListenerContainer.java:1001) ~[spring-rabbit-3.0.4.jar:3.0.4]
	at org.springframework.amqp.rabbit.listener.SimpleMessageListenerContainer.receiveAndExecute(SimpleMessageListenerContainer.java:948) ~[spring-rabbit-3.0.4.jar:3.0.4]
	at org.springframework.amqp.rabbit.listener.SimpleMessageListenerContainer$AsyncMessageProcessingConsumer.mainLoop(SimpleMessageListenerContainer.java:1326) ~[spring-rabbit-3.0.4.jar:3.0.4]
	at org.springframework.amqp.rabbit.listener.SimpleMessageListenerContainer$AsyncMessageProcessingConsumer.run(SimpleMessageListenerContainer.java:1232) ~[spring-rabbit-3.0.4.jar:3.0.4]
	at java.base/java.lang.Thread.run(Thread.java:1589) ~[na:na]
Caused by: org.json.JSONException: No value for objectType
	at org.json.JSONObject.get(JSONObject.java:355) ~[android-json-0.0.20131108.vaadin1.jar:0.0.20131108.vaadin1]
	at edu.neu.info5.DemoApplication.service.IndexingListener.convertMapToDocumentIndex(IndexingListener.java:152) ~[classes/:na]
	at edu.neu.info5.DemoApplication.service.IndexingListener.postDocument(IndexingListener.java:73) ~[classes/:na]
	at edu.neu.info5.DemoApplication.service.IndexingListener.receiveMessage(IndexingListener.java:51) ~[classes/:na]
	at java.base/jdk.internal.reflect.DirectMethodHandleAccessor.invoke(DirectMethodHandleAccessor.java:104) ~[na:na]
	at java.base/java.lang.reflect.Method.invoke(Method.java:578) ~[na:na]
	at org.springframework.util.MethodInvoker.invoke(MethodInvoker.java:283) ~[spring-core-6.0.9.jar:6.0.9]
	at org.springframework.amqp.rabbit.listener.adapter.MessageListenerAdapter.invokeListenerMethod(MessageListenerAdapter.java:366) ~[spring-rabbit-3.0.4.jar:3.0.4]
	... 16 common frames omitted

Message received: {body={"mapType":"class java.util.HashMap","empty":false}, operation=SAVE}
2023-08-04T21:43:33.107-04:00  WARN 4865 --- [    container-1] org.elasticsearch.client.RestClient      : request [HEAD http://localhost:9200/plan-index?ignore_throttled=false&ignore_unavailable=false&expand_wildcards=open%2Cclosed&allow_no_indices=false] returned 2 warnings: [299 Elasticsearch-7.17.12-e3b0c3d3c5c130e1dc6d567d6baef1c73eeb2059 "Elasticsearch built-in security features are not enabled. Without authentication, your cluster could be accessible to anyone. See https://www.elastic.co/guide/en/elasticsearch/reference/7.17/security-minimal-setup.html to enable security."],[299 Elasticsearch-7.17.12-e3b0c3d3c5c130e1dc6d567d6baef1c73eeb2059 "[ignore_throttled] parameter is deprecated because frozen indices have been deprecated. Consider cold or frozen tiers in place of frozen indices."]
2023-08-04T21:43:33.107-04:00  WARN 4865 --- [    container-1] s.a.r.l.ConditionalRejectingErrorHandler : Execution of Rabbit message listener failed.

org.springframework.amqp.rabbit.support.ListenerExecutionFailedException: Listener method 'receiveMessage' threw exception
	at org.springframework.amqp.rabbit.listener.adapter.MessageListenerAdapter.invokeListenerMethod(MessageListenerAdapter.java:374) ~[spring-rabbit-3.0.4.jar:3.0.4]
	at org.springframework.amqp.rabbit.listener.adapter.MessageListenerAdapter.onMessage(MessageListenerAdapter.java:293) ~[spring-rabbit-3.0.4.jar:3.0.4]
	at org.springframework.amqp.rabbit.listener.AbstractMessageListenerContainer.doInvokeListener(AbstractMessageListenerContainer.java:1719) ~[spring-rabbit-3.0.4.jar:3.0.4]
	at org.springframework.amqp.rabbit.listener.AbstractMessageListenerContainer.actualInvokeListener(AbstractMessageListenerContainer.java:1638) ~[spring-rabbit-3.0.4.jar:3.0.4]
	at org.springframework.amqp.rabbit.listener.AbstractMessageListenerContainer.invokeListener(AbstractMessageListenerContainer.java:1626) ~[spring-rabbit-3.0.4.jar:3.0.4]
	at org.springframework.amqp.rabbit.listener.AbstractMessageListenerContainer.doExecuteListener(AbstractMessageListenerContainer.java:1617) ~[spring-rabbit-3.0.4.jar:3.0.4]
	at org.springframework.amqp.rabbit.listener.AbstractMessageListenerContainer.executeListenerAndHandleException(AbstractMessageListenerContainer.java:1562) ~[spring-rabbit-3.0.4.jar:3.0.4]
	at org.springframework.amqp.rabbit.listener.AbstractMessageListenerContainer.lambda$executeListener$8(AbstractMessageListenerContainer.java:1541) ~[spring-rabbit-3.0.4.jar:3.0.4]
	at io.micrometer.observation.Observation.lambda$observe$0(Observation.java:493) ~[micrometer-observation-1.11.0.jar:1.11.0]
	at io.micrometer.observation.Observation.observeWithContext(Observation.java:603) ~[micrometer-observation-1.11.0.jar:1.11.0]
	at io.micrometer.observation.Observation.observe(Observation.java:492) ~[micrometer-observation-1.11.0.jar:1.11.0]
	at org.springframework.amqp.rabbit.listener.AbstractMessageListenerContainer.executeListener(AbstractMessageListenerContainer.java:1541) ~[spring-rabbit-3.0.4.jar:3.0.4]
	at org.springframework.amqp.rabbit.listener.SimpleMessageListenerContainer.doReceiveAndExecute(SimpleMessageListenerContainer.java:1001) ~[spring-rabbit-3.0.4.jar:3.0.4]
	at org.springframework.amqp.rabbit.listener.SimpleMessageListenerContainer.receiveAndExecute(SimpleMessageListenerContainer.java:948) ~[spring-rabbit-3.0.4.jar:3.0.4]
	at org.springframework.amqp.rabbit.listener.SimpleMessageListenerContainer$AsyncMessageProcessingConsumer.mainLoop(SimpleMessageListenerContainer.java:1326) ~[spring-rabbit-3.0.4.jar:3.0.4]
	at org.springframework.amqp.rabbit.listener.SimpleMessageListenerContainer$AsyncMessageProcessingConsumer.run(SimpleMessageListenerContainer.java:1232) ~[spring-rabbit-3.0.4.jar:3.0.4]
	at java.base/java.lang.Thread.run(Thread.java:1589) ~[na:na]
Caused by: org.json.JSONException: No value for objectType
	at org.json.JSONObject.get(JSONObject.java:355) ~[android-json-0.0.20131108.vaadin1.jar:0.0.20131108.vaadin1]
	at edu.neu.info5.DemoApplication.service.IndexingListener.convertMapToDocumentIndex(IndexingListener.java:152) ~[classes/:na]
	at edu.neu.info5.DemoApplication.service.IndexingListener.postDocument(IndexingListener.java:73) ~[classes/:na]
	at edu.neu.info5.DemoApplication.service.IndexingListener.receiveMessage(IndexingListener.java:51) ~[classes/:na]
	at java.base/jdk.internal.reflect.DirectMethodHandleAccessor.invoke(DirectMethodHandleAccessor.java:104) ~[na:na]
	at java.base/java.lang.reflect.Method.invoke(Method.java:578) ~[na:na]
	at org.springframework.util.MethodInvoker.invoke(MethodInvoker.java:283) ~[spring-core-6.0.9.jar:6.0.9]
	at org.springframework.amqp.rabbit.listener.adapter.MessageListenerAdapter.invokeListenerMethod(MessageListenerAdapter.java:366) ~[spring-rabbit-3.0.4.jar:3.0.4]
	... 16 common frames omitted

Message received: {body={"mapType":"class java.util.HashMap","empty":false}, operation=SAVE}
2023-08-04T21:43:33.110-04:00  WARN 4865 --- [    container-1] org.elasticsearch.client.RestClient      : request [HEAD http://localhost:9200/plan-index?ignore_throttled=false&ignore_unavailable=false&expand_wildcards=open%2Cclosed&allow_no_indices=false] returned 2 warnings: [299 Elasticsearch-7.17.12-e3b0c3d3c5c130e1dc6d567d6baef1c73eeb2059 "Elasticsearch built-in security features are not enabled. Without authentication, your cluster could be accessible to anyone. See https://www.elastic.co/guide/en/elasticsearch/reference/7.17/security-minimal-setup.html to enable security."],[299 Elasticsearch-7.17.12-e3b0c3d3c5c130e1dc6d567d6baef1c73eeb2059 "[ignore_throttled] parameter is deprecated because frozen indices have been deprecated. Consider cold or frozen tiers in place of frozen indices."]
2023-08-04T21:43:33.110-04:00  WARN 4865 --- [    container-1] s.a.r.l.ConditionalRejectingErrorHandler : Execution of Rabbit message listener failed.

org.springframework.amqp.rabbit.support.ListenerExecutionFailedException: Listener method 'receiveMessage' threw exception
	at org.springframework.amqp.rabbit.listener.adapter.MessageListenerAdapter.invokeListenerMethod(MessageListenerAdapter.java:374) ~[spring-rabbit-3.0.4.jar:3.0.4]
	at org.springframework.amqp.rabbit.listener.adapter.MessageListenerAdapter.onMessage(MessageListenerAdapter.java:293) ~[spring-rabbit-3.0.4.jar:3.0.4]
	at org.springframework.amqp.rabbit.listener.AbstractMessageListenerContainer.doInvokeListener(AbstractMessageListenerContainer.java:1719) ~[spring-rabbit-3.0.4.jar:3.0.4]
	at org.springframework.amqp.rabbit.listener.AbstractMessageListenerContainer.actualInvokeListener(AbstractMessageListenerContainer.java:1638) ~[spring-rabbit-3.0.4.jar:3.0.4]
	at org.springframework.amqp.rabbit.listener.AbstractMessageListenerContainer.invokeListener(AbstractMessageListenerContainer.java:1626) ~[spring-rabbit-3.0.4.jar:3.0.4]
	at org.springframework.amqp.rabbit.listener.AbstractMessageListenerContainer.doExecuteListener(AbstractMessageListenerContainer.java:1617) ~[spring-rabbit-3.0.4.jar:3.0.4]
	at org.springframework.amqp.rabbit.listener.AbstractMessageListenerContainer.executeListenerAndHandleException(AbstractMessageListenerContainer.java:1562) ~[spring-rabbit-3.0.4.jar:3.0.4]
	at org.springframework.amqp.rabbit.listener.AbstractMessageListenerContainer.lambda$executeListener$8(AbstractMessageListenerContainer.java:1541) ~[spring-rabbit-3.0.4.jar:3.0.4]
	at io.micrometer.observation.Observation.lambda$observe$0(Observation.java:493) ~[micrometer-observation-1.11.0.jar:1.11.0]
	at io.micrometer.observation.Observation.observeWithContext(Observation.java:603) ~[micrometer-observation-1.11.0.jar:1.11.0]
	at io.micrometer.observation.Observation.observe(Observation.java:492) ~[micrometer-observation-1.11.0.jar:1.11.0]
	at org.springframework.amqp.rabbit.listener.AbstractMessageListenerContainer.executeListener(AbstractMessageListenerContainer.java:1541) ~[spring-rabbit-3.0.4.jar:3.0.4]
	at org.springframework.amqp.rabbit.listener.SimpleMessageListenerContainer.doReceiveAndExecute(SimpleMessageListenerContainer.java:1001) ~[spring-rabbit-3.0.4.jar:3.0.4]
	at org.springframework.amqp.rabbit.listener.SimpleMessageListenerContainer.receiveAndExecute(SimpleMessageListenerContainer.java:948) ~[spring-rabbit-3.0.4.jar:3.0.4]
	at org.springframework.amqp.rabbit.listener.SimpleMessageListenerContainer$AsyncMessageProcessingConsumer.mainLoop(SimpleMessageListenerContainer.java:1326) ~[spring-rabbit-3.0.4.jar:3.0.4]
	at org.springframework.amqp.rabbit.listener.SimpleMessageListenerContainer$AsyncMessageProcessingConsumer.run(SimpleMessageListenerContainer.java:1232) ~[spring-rabbit-3.0.4.jar:3.0.4]
	at java.base/java.lang.Thread.run(Thread.java:1589) ~[na:na]
Caused by: org.json.JSONException: No value for objectType
	at org.json.JSONObject.get(JSONObject.java:355) ~[android-json-0.0.20131108.vaadin1.jar:0.0.20131108.vaadin1]
	at edu.neu.info5.DemoApplication.service.IndexingListener.convertMapToDocumentIndex(IndexingListener.java:152) ~[classes/:na]
	at edu.neu.info5.DemoApplication.service.IndexingListener.postDocument(IndexingListener.java:73) ~[classes/:na]
	at edu.neu.info5.DemoApplication.service.IndexingListener.receiveMessage(IndexingListener.java:51) ~[classes/:na]
	at java.base/jdk.internal.reflect.DirectMethodHandleAccessor.invoke(DirectMethodHandleAccessor.java:104) ~[na:na]
	at java.base/java.lang.reflect.Method.invoke(Method.java:578) ~[na:na]
	at org.springframework.util.MethodInvoker.invoke(MethodInvoker.java:283) ~[spring-core-6.0.9.jar:6.0.9]
	at org.springframework.amqp.rabbit.listener.adapter.MessageListenerAdapter.invokeListenerMethod(MessageListenerAdapter.java:366) ~[spring-rabbit-3.0.4.jar:3.0.4]
	... 16 common frames omitted

Message received: {body={"mapType":"class java.util.HashMap","empty":false}, operation=SAVE}
2023-08-04T21:43:33.112-04:00  WARN 4865 --- [    container-1] org.elasticsearch.client.RestClient      : request [HEAD http://localhost:9200/plan-index?ignore_throttled=false&ignore_unavailable=false&expand_wildcards=open%2Cclosed&allow_no_indices=false] returned 2 warnings: [299 Elasticsearch-7.17.12-e3b0c3d3c5c130e1dc6d567d6baef1c73eeb2059 "Elasticsearch built-in security features are not enabled. Without authentication, your cluster could be accessible to anyone. See https://www.elastic.co/guide/en/elasticsearch/reference/7.17/security-minimal-setup.html to enable security."],[299 Elasticsearch-7.17.12-e3b0c3d3c5c130e1dc6d567d6baef1c73eeb2059 "[ignore_throttled] parameter is deprecated because frozen indices have been deprecated. Consider cold or frozen tiers in place of frozen indices."]
2023-08-04T21:43:33.112-04:00  WARN 4865 --- [    container-1] s.a.r.l.ConditionalRejectingErrorHandler : Execution of Rabbit message listener failed.

org.springframework.amqp.rabbit.support.ListenerExecutionFailedException: Listener method 'receiveMessage' threw exception
	at org.springframework.amqp.rabbit.listener.adapter.MessageListenerAdapter.invokeListenerMethod(MessageListenerAdapter.java:374) ~[spring-rabbit-3.0.4.jar:3.0.4]
	at org.springframework.amqp.rabbit.listener.adapter.MessageListenerAdapter.onMessage(MessageListenerAdapter.java:293) ~[spring-rabbit-3.0.4.jar:3.0.4]
	at org.springframework.amqp.rabbit.listener.AbstractMessageListenerContainer.doInvokeListener(AbstractMessageListenerContainer.java:1719) ~[spring-rabbit-3.0.4.jar:3.0.4]
	at org.springframework.amqp.rabbit.listener.AbstractMessageListenerContainer.actualInvokeListener(AbstractMessageListenerContainer.java:1638) ~[spring-rabbit-3.0.4.jar:3.0.4]
	at org.springframework.amqp.rabbit.listener.AbstractMessageListenerContainer.invokeListener(AbstractMessageListenerContainer.java:1626) ~[spring-rabbit-3.0.4.jar:3.0.4]
	at org.springframework.amqp.rabbit.listener.AbstractMessageListenerContainer.doExecuteListener(AbstractMessageListenerContainer.java:1617) ~[spring-rabbit-3.0.4.jar:3.0.4]
	at org.springframework.amqp.rabbit.listener.AbstractMessageListenerContainer.executeListenerAndHandleException(AbstractMessageListenerContainer.java:1562) ~[spring-rabbit-3.0.4.jar:3.0.4]
	at org.springframework.amqp.rabbit.listener.AbstractMessageListenerContainer.lambda$executeListener$8(AbstractMessageListenerContainer.java:1541) ~[spring-rabbit-3.0.4.jar:3.0.4]
	at io.micrometer.observation.Observation.lambda$observe$0(Observation.java:493) ~[micrometer-observation-1.11.0.jar:1.11.0]
	at io.micrometer.observation.Observation.observeWithContext(Observation.java:603) ~[micrometer-observation-1.11.0.jar:1.11.0]
	at io.micrometer.observation.Observation.observe(Observation.java:492) ~[micrometer-observation-1.11.0.jar:1.11.0]
	at org.springframework.amqp.rabbit.listener.AbstractMessageListenerContainer.executeListener(AbstractMessageListenerContainer.java:1541) ~[spring-rabbit-3.0.4.jar:3.0.4]
	at org.springframework.amqp.rabbit.listener.SimpleMessageListenerContainer.doReceiveAndExecute(SimpleMessageListenerContainer.java:1001) ~[spring-rabbit-3.0.4.jar:3.0.4]
	at org.springframework.amqp.rabbit.listener.SimpleMessageListenerContainer.receiveAndExecute(SimpleMessageListenerContainer.java:948) ~[spring-rabbit-3.0.4.jar:3.0.4]
	at org.springframework.amqp.rabbit.listener.SimpleMessageListenerContainer$AsyncMessageProcessingConsumer.mainLoop(SimpleMessageListenerContainer.java:1326) ~[spring-rabbit-3.0.4.jar:3.0.4]
	at org.springframework.amqp.rabbit.listener.SimpleMessageListenerContainer$AsyncMessageProcessingConsumer.run(SimpleMessageListenerContainer.java:1232) ~[spring-rabbit-3.0.4.jar:3.0.4]
	at java.base/java.lang.Thread.run(Thread.java:1589) ~[na:na]
Caused by: org.json.JSONException: No value for objectType
	at org.json.JSONObject.get(JSONObject.java:355) ~[android-json-0.0.20131108.vaadin1.jar:0.0.20131108.vaadin1]
	at edu.neu.info5.DemoApplication.service.IndexingListener.convertMapToDocumentIndex(IndexingListener.java:152) ~[classes/:na]
	at edu.neu.info5.DemoApplication.service.IndexingListener.postDocument(IndexingListener.java:73) ~[classes/:na]
	at edu.neu.info5.DemoApplication.service.IndexingListener.receiveMessage(IndexingListener.java:51) ~[classes/:na]
	at java.base/jdk.internal.reflect.DirectMethodHandleAccessor.invoke(DirectMethodHandleAccessor.java:104) ~[na:na]
	at java.base/java.lang.reflect.Method.invoke(Method.java:578) ~[na:na]
	at org.springframework.util.MethodInvoker.invoke(MethodInvoker.java:283) ~[spring-core-6.0.9.jar:6.0.9]
	at org.springframework.amqp.rabbit.listener.adapter.MessageListenerAdapter.invokeListenerMethod(MessageListenerAdapter.java:366) ~[spring-rabbit-3.0.4.jar:3.0.4]
	... 16 common frames omitted

Message received: {body={"mapType":"class java.util.HashMap","empty":false}, operation=SAVE}
2023-08-04T21:43:33.114-04:00  WARN 4865 --- [    container-1] org.elasticsearch.client.RestClient      : request [HEAD http://localhost:9200/plan-index?ignore_throttled=false&ignore_unavailable=false&expand_wildcards=open%2Cclosed&allow_no_indices=false] returned 2 warnings: [299 Elasticsearch-7.17.12-e3b0c3d3c5c130e1dc6d567d6baef1c73eeb2059 "Elasticsearch built-in security features are not enabled. Without authentication, your cluster could be accessible to anyone. See https://www.elastic.co/guide/en/elasticsearch/reference/7.17/security-minimal-setup.html to enable security."],[299 Elasticsearch-7.17.12-e3b0c3d3c5c130e1dc6d567d6baef1c73eeb2059 "[ignore_throttled] parameter is deprecated because frozen indices have been deprecated. Consider cold or frozen tiers in place of frozen indices."]
2023-08-04T21:43:33.114-04:00  WARN 4865 --- [    container-1] s.a.r.l.ConditionalRejectingErrorHandler : Execution of Rabbit message listener failed.

org.springframework.amqp.rabbit.support.ListenerExecutionFailedException: Listener method 'receiveMessage' threw exception
	at org.springframework.amqp.rabbit.listener.adapter.MessageListenerAdapter.invokeListenerMethod(MessageListenerAdapter.java:374) ~[spring-rabbit-3.0.4.jar:3.0.4]
	at org.springframework.amqp.rabbit.listener.adapter.MessageListenerAdapter.onMessage(MessageListenerAdapter.java:293) ~[spring-rabbit-3.0.4.jar:3.0.4]
	at org.springframework.amqp.rabbit.listener.AbstractMessageListenerContainer.doInvokeListener(AbstractMessageListenerContainer.java:1719) ~[spring-rabbit-3.0.4.jar:3.0.4]
	at org.springframework.amqp.rabbit.listener.AbstractMessageListenerContainer.actualInvokeListener(AbstractMessageListenerContainer.java:1638) ~[spring-rabbit-3.0.4.jar:3.0.4]
	at org.springframework.amqp.rabbit.listener.AbstractMessageListenerContainer.invokeListener(AbstractMessageListenerContainer.java:1626) ~[spring-rabbit-3.0.4.jar:3.0.4]
	at org.springframework.amqp.rabbit.listener.AbstractMessageListenerContainer.doExecuteListener(AbstractMessageListenerContainer.java:1617) ~[spring-rabbit-3.0.4.jar:3.0.4]
	at org.springframework.amqp.rabbit.listener.AbstractMessageListenerContainer.executeListenerAndHandleException(AbstractMessageListenerContainer.java:1562) ~[spring-rabbit-3.0.4.jar:3.0.4]
	at org.springframework.amqp.rabbit.listener.AbstractMessageListenerContainer.lambda$executeListener$8(AbstractMessageListenerContainer.java:1541) ~[spring-rabbit-3.0.4.jar:3.0.4]
	at io.micrometer.observation.Observation.lambda$observe$0(Observation.java:493) ~[micrometer-observation-1.11.0.jar:1.11.0]
	at io.micrometer.observation.Observation.observeWithContext(Observation.java:603) ~[micrometer-observation-1.11.0.jar:1.11.0]
	at io.micrometer.observation.Observation.observe(Observation.java:492) ~[micrometer-observation-1.11.0.jar:1.11.0]
	at org.springframework.amqp.rabbit.listener.AbstractMessageListenerContainer.executeListener(AbstractMessageListenerContainer.java:1541) ~[spring-rabbit-3.0.4.jar:3.0.4]
	at org.springframework.amqp.rabbit.listener.SimpleMessageListenerContainer.doReceiveAndExecute(SimpleMessageListenerContainer.java:1001) ~[spring-rabbit-3.0.4.jar:3.0.4]
	at org.springframework.amqp.rabbit.listener.SimpleMessageListenerContainer.receiveAndExecute(SimpleMessageListenerContainer.java:948) ~[spring-rabbit-3.0.4.jar:3.0.4]
	at org.springframework.amqp.rabbit.listener.SimpleMessageListenerContainer$AsyncMessageProcessingConsumer.mainLoop(SimpleMessageListenerContainer.java:1326) ~[spring-rabbit-3.0.4.jar:3.0.4]
	at org.springframework.amqp.rabbit.listener.SimpleMessageListenerContainer$AsyncMessageProcessingConsumer.run(SimpleMessageListenerContainer.java:1232) ~[spring-rabbit-3.0.4.jar:3.0.4]
	at java.base/java.lang.Thread.run(Thread.java:1589) ~[na:na]
Caused by: org.json.JSONException: No value for objectType
	at org.json.JSONObject.get(JSONObject.java:355) ~[android-json-0.0.20131108.vaadin1.jar:0.0.20131108.vaadin1]
	at edu.neu.info5.DemoApplication.service.IndexingListener.convertMapToDocumentIndex(IndexingListener.java:152) ~[classes/:na]
	at edu.neu.info5.DemoApplication.service.IndexingListener.postDocument(IndexingListener.java:73) ~[classes/:na]
	at edu.neu.info5.DemoApplication.service.IndexingListener.receiveMessage(IndexingListener.java:51) ~[classes/:na]
	at java.base/jdk.internal.reflect.DirectMethodHandleAccessor.invoke(DirectMethodHandleAccessor.java:104) ~[na:na]
	at java.base/java.lang.reflect.Method.invoke(Method.java:578) ~[na:na]
	at org.springframework.util.MethodInvoker.invoke(MethodInvoker.java:283) ~[spring-core-6.0.9.jar:6.0.9]
	at org.springframework.amqp.rabbit.listener.adapter.MessageListenerAdapter.invokeListenerMethod(MessageListenerAdapter.java:366) ~[spring-rabbit-3.0.4.jar:3.0.4]
	... 16 common frames omitted

Message received: {body={"mapType":"class java.util.HashMap","empty":false}, operation=SAVE}
2023-08-04T21:43:33.116-04:00  WARN 4865 --- [    container-1] org.elasticsearch.client.RestClient      : request [HEAD http://localhost:9200/plan-index?ignore_throttled=false&ignore_unavailable=false&expand_wildcards=open%2Cclosed&allow_no_indices=false] returned 2 warnings: [299 Elasticsearch-7.17.12-e3b0c3d3c5c130e1dc6d567d6baef1c73eeb2059 "Elasticsearch built-in security features are not enabled. Without authentication, your cluster could be accessible to anyone. See https://www.elastic.co/guide/en/elasticsearch/reference/7.17/security-minimal-setup.html to enable security."],[299 Elasticsearch-7.17.12-e3b0c3d3c5c130e1dc6d567d6baef1c73eeb2059 "[ignore_throttled] parameter is deprecated because frozen indices have been deprecated. Consider cold or frozen tiers in place of frozen indices."]
2023-08-04T21:43:33.116-04:00  WARN 4865 --- [    container-1] s.a.r.l.ConditionalRejectingErrorHandler : Execution of Rabbit message listener failed.

org.springframework.amqp.rabbit.support.ListenerExecutionFailedException: Listener method 'receiveMessage' threw exception
	at org.springframework.amqp.rabbit.listener.adapter.MessageListenerAdapter.invokeListenerMethod(MessageListenerAdapter.java:374) ~[spring-rabbit-3.0.4.jar:3.0.4]
	at org.springframework.amqp.rabbit.listener.adapter.MessageListenerAdapter.onMessage(MessageListenerAdapter.java:293) ~[spring-rabbit-3.0.4.jar:3.0.4]
	at org.springframework.amqp.rabbit.listener.AbstractMessageListenerContainer.doInvokeListener(AbstractMessageListenerContainer.java:1719) ~[spring-rabbit-3.0.4.jar:3.0.4]
	at org.springframework.amqp.rabbit.listener.AbstractMessageListenerContainer.actualInvokeListener(AbstractMessageListenerContainer.java:1638) ~[spring-rabbit-3.0.4.jar:3.0.4]
	at org.springframework.amqp.rabbit.listener.AbstractMessageListenerContainer.invokeListener(AbstractMessageListenerContainer.java:1626) ~[spring-rabbit-3.0.4.jar:3.0.4]
	at org.springframework.amqp.rabbit.listener.AbstractMessageListenerContainer.doExecuteListener(AbstractMessageListenerContainer.java:1617) ~[spring-rabbit-3.0.4.jar:3.0.4]
	at org.springframework.amqp.rabbit.listener.AbstractMessageListenerContainer.executeListenerAndHandleException(AbstractMessageListenerContainer.java:1562) ~[spring-rabbit-3.0.4.jar:3.0.4]
	at org.springframework.amqp.rabbit.listener.AbstractMessageListenerContainer.lambda$executeListener$8(AbstractMessageListenerContainer.java:1541) ~[spring-rabbit-3.0.4.jar:3.0.4]
	at io.micrometer.observation.Observation.lambda$observe$0(Observation.java:493) ~[micrometer-observation-1.11.0.jar:1.11.0]
	at io.micrometer.observation.Observation.observeWithContext(Observation.java:603) ~[micrometer-observation-1.11.0.jar:1.11.0]
	at io.micrometer.observation.Observation.observe(Observation.java:492) ~[micrometer-observation-1.11.0.jar:1.11.0]
	at org.springframework.amqp.rabbit.listener.AbstractMessageListenerContainer.executeListener(AbstractMessageListenerContainer.java:1541) ~[spring-rabbit-3.0.4.jar:3.0.4]
	at org.springframework.amqp.rabbit.listener.SimpleMessageListenerContainer.doReceiveAndExecute(SimpleMessageListenerContainer.java:1001) ~[spring-rabbit-3.0.4.jar:3.0.4]
	at org.springframework.amqp.rabbit.listener.SimpleMessageListenerContainer.receiveAndExecute(SimpleMessageListenerContainer.java:948) ~[spring-rabbit-3.0.4.jar:3.0.4]
	at org.springframework.amqp.rabbit.listener.SimpleMessageListenerContainer$AsyncMessageProcessingConsumer.mainLoop(SimpleMessageListenerContainer.java:1326) ~[spring-rabbit-3.0.4.jar:3.0.4]
	at org.springframework.amqp.rabbit.listener.SimpleMessageListenerContainer$AsyncMessageProcessingConsumer.run(SimpleMessageListenerContainer.java:1232) ~[spring-rabbit-3.0.4.jar:3.0.4]
	at java.base/java.lang.Thread.run(Thread.java:1589) ~[na:na]
Caused by: org.json.JSONException: No value for objectType
	at org.json.JSONObject.get(JSONObject.java:355) ~[android-json-0.0.20131108.vaadin1.jar:0.0.20131108.vaadin1]
	at edu.neu.info5.DemoApplication.service.IndexingListener.convertMapToDocumentIndex(IndexingListener.java:152) ~[classes/:na]
	at edu.neu.info5.DemoApplication.service.IndexingListener.postDocument(IndexingListener.java:73) ~[classes/:na]
	at edu.neu.info5.DemoApplication.service.IndexingListener.receiveMessage(IndexingListener.java:51) ~[classes/:na]
	at java.base/jdk.internal.reflect.DirectMethodHandleAccessor.invoke(DirectMethodHandleAccessor.java:104) ~[na:na]
	at java.base/java.lang.reflect.Method.invoke(Method.java:578) ~[na:na]
	at org.springframework.util.MethodInvoker.invoke(MethodInvoker.java:283) ~[spring-core-6.0.9.jar:6.0.9]
	at org.springframework.amqp.rabbit.listener.adapter.MessageListenerAdapter.invokeListenerMethod(MessageListenerAdapter.java:366) ~[spring-rabbit-3.0.4.jar:3.0.4]
	... 16 common frames omitted

Message received: {body={"mapType":"class java.util.HashMap","empty":false}, operation=SAVE}
2023-08-04T21:43:33.118-04:00  WARN 4865 --- [    container-1] org.elasticsearch.client.RestClient      : request [HEAD http://localhost:9200/plan-index?ignore_throttled=false&ignore_unavailable=false&expand_wildcards=open%2Cclosed&allow_no_indices=false] returned 2 warnings: [299 Elasticsearch-7.17.12-e3b0c3d3c5c130e1dc6d567d6baef1c73eeb2059 "Elasticsearch built-in security features are not enabled. Without authentication, your cluster could be accessible to anyone. See https://www.elastic.co/guide/en/elasticsearch/reference/7.17/security-minimal-setup.html to enable security."],[299 Elasticsearch-7.17.12-e3b0c3d3c5c130e1dc6d567d6baef1c73eeb2059 "[ignore_throttled] parameter is deprecated because frozen indices have been deprecated. Consider cold or frozen tiers in place of frozen indices."]
2023-08-04T21:43:33.118-04:00  WARN 4865 --- [    container-1] s.a.r.l.ConditionalRejectingErrorHandler : Execution of Rabbit message listener failed.

org.springframework.amqp.rabbit.support.ListenerExecutionFailedException: Listener method 'receiveMessage' threw exception
	at org.springframework.amqp.rabbit.listener.adapter.MessageListenerAdapter.invokeListenerMethod(MessageListenerAdapter.java:374) ~[spring-rabbit-3.0.4.jar:3.0.4]
	at org.springframework.amqp.rabbit.listener.adapter.MessageListenerAdapter.onMessage(MessageListenerAdapter.java:293) ~[spring-rabbit-3.0.4.jar:3.0.4]
	at org.springframework.amqp.rabbit.listener.AbstractMessageListenerContainer.doInvokeListener(AbstractMessageListenerContainer.java:1719) ~[spring-rabbit-3.0.4.jar:3.0.4]
	at org.springframework.amqp.rabbit.listener.AbstractMessageListenerContainer.actualInvokeListener(AbstractMessageListenerContainer.java:1638) ~[spring-rabbit-3.0.4.jar:3.0.4]
	at org.springframework.amqp.rabbit.listener.AbstractMessageListenerContainer.invokeListener(AbstractMessageListenerContainer.java:1626) ~[spring-rabbit-3.0.4.jar:3.0.4]
	at org.springframework.amqp.rabbit.listener.AbstractMessageListenerContainer.doExecuteListener(AbstractMessageListenerContainer.java:1617) ~[spring-rabbit-3.0.4.jar:3.0.4]
	at org.springframework.amqp.rabbit.listener.AbstractMessageListenerContainer.executeListenerAndHandleException(AbstractMessageListenerContainer.java:1562) ~[spring-rabbit-3.0.4.jar:3.0.4]
	at org.springframework.amqp.rabbit.listener.AbstractMessageListenerContainer.lambda$executeListener$8(AbstractMessageListenerContainer.java:1541) ~[spring-rabbit-3.0.4.jar:3.0.4]
	at io.micrometer.observation.Observation.lambda$observe$0(Observation.java:493) ~[micrometer-observation-1.11.0.jar:1.11.0]
	at io.micrometer.observation.Observation.observeWithContext(Observation.java:603) ~[micrometer-observation-1.11.0.jar:1.11.0]
	at io.micrometer.observation.Observation.observe(Observation.java:492) ~[micrometer-observation-1.11.0.jar:1.11.0]
	at org.springframework.amqp.rabbit.listener.AbstractMessageListenerContainer.executeListener(AbstractMessageListenerContainer.java:1541) ~[spring-rabbit-3.0.4.jar:3.0.4]
	at org.springframework.amqp.rabbit.listener.SimpleMessageListenerContainer.doReceiveAndExecute(SimpleMessageListenerContainer.java:1001) ~[spring-rabbit-3.0.4.jar:3.0.4]
	at org.springframework.amqp.rabbit.listener.SimpleMessageListenerContainer.receiveAndExecute(SimpleMessageListenerContainer.java:948) ~[spring-rabbit-3.0.4.jar:3.0.4]
	at org.springframework.amqp.rabbit.listener.SimpleMessageListenerContainer$AsyncMessageProcessingConsumer.mainLoop(SimpleMessageListenerContainer.java:1326) ~[spring-rabbit-3.0.4.jar:3.0.4]
	at org.springframework.amqp.rabbit.listener.SimpleMessageListenerContainer$AsyncMessageProcessingConsumer.run(SimpleMessageListenerContainer.java:1232) ~[spring-rabbit-3.0.4.jar:3.0.4]
	at java.base/java.lang.Thread.run(Thread.java:1589) ~[na:na]
Caused by: org.json.JSONException: No value for objectType
	at org.json.JSONObject.get(JSONObject.java:355) ~[android-json-0.0.20131108.vaadin1.jar:0.0.20131108.vaadin1]
	at edu.neu.info5.DemoApplication.service.IndexingListener.convertMapToDocumentIndex(IndexingListener.java:152) ~[classes/:na]
	at edu.neu.info5.DemoApplication.service.IndexingListener.postDocument(IndexingListener.java:73) ~[classes/:na]
	at edu.neu.info5.DemoApplication.service.IndexingListener.receiveMessage(IndexingListener.java:51) ~[classes/:na]
	at java.base/jdk.internal.reflect.DirectMethodHandleAccessor.invoke(DirectMethodHandleAccessor.java:104) ~[na:na]
	at java.base/java.lang.reflect.Method.invoke(Method.java:578) ~[na:na]
	at org.springframework.util.MethodInvoker.invoke(MethodInvoker.java:283) ~[spring-core-6.0.9.jar:6.0.9]
	at org.springframework.amqp.rabbit.listener.adapter.MessageListenerAdapter.invokeListenerMethod(MessageListenerAdapter.java:366) ~[spring-rabbit-3.0.4.jar:3.0.4]
	... 16 common frames omitted

Message received: {body={"mapType":"class java.util.HashMap","empty":false}, operation=SAVE}
2023-08-04T21:43:33.123-04:00  WARN 4865 --- [    container-1] org.elasticsearch.client.RestClient      : request [HEAD http://localhost:9200/plan-index?ignore_throttled=false&ignore_unavailable=false&expand_wildcards=open%2Cclosed&allow_no_indices=false] returned 2 warnings: [299 Elasticsearch-7.17.12-e3b0c3d3c5c130e1dc6d567d6baef1c73eeb2059 "Elasticsearch built-in security features are not enabled. Without authentication, your cluster could be accessible to anyone. See https://www.elastic.co/guide/en/elasticsearch/reference/7.17/security-minimal-setup.html to enable security."],[299 Elasticsearch-7.17.12-e3b0c3d3c5c130e1dc6d567d6baef1c73eeb2059 "[ignore_throttled] parameter is deprecated because frozen indices have been deprecated. Consider cold or frozen tiers in place of frozen indices."]
2023-08-04T21:43:33.123-04:00  WARN 4865 --- [    container-1] s.a.r.l.ConditionalRejectingErrorHandler : Execution of Rabbit message listener failed.

org.springframework.amqp.rabbit.support.ListenerExecutionFailedException: Listener method 'receiveMessage' threw exception
	at org.springframework.amqp.rabbit.listener.adapter.MessageListenerAdapter.invokeListenerMethod(MessageListenerAdapter.java:374) ~[spring-rabbit-3.0.4.jar:3.0.4]
	at org.springframework.amqp.rabbit.listener.adapter.MessageListenerAdapter.onMessage(MessageListenerAdapter.java:293) ~[spring-rabbit-3.0.4.jar:3.0.4]
	at org.springframework.amqp.rabbit.listener.AbstractMessageListenerContainer.doInvokeListener(AbstractMessageListenerContainer.java:1719) ~[spring-rabbit-3.0.4.jar:3.0.4]
	at org.springframework.amqp.rabbit.listener.AbstractMessageListenerContainer.actualInvokeListener(AbstractMessageListenerContainer.java:1638) ~[spring-rabbit-3.0.4.jar:3.0.4]
	at org.springframework.amqp.rabbit.listener.AbstractMessageListenerContainer.invokeListener(AbstractMessageListenerContainer.java:1626) ~[spring-rabbit-3.0.4.jar:3.0.4]
	at org.springframework.amqp.rabbit.listener.AbstractMessageListenerContainer.doExecuteListener(AbstractMessageListenerContainer.java:1617) ~[spring-rabbit-3.0.4.jar:3.0.4]
	at org.springframework.amqp.rabbit.listener.AbstractMessageListenerContainer.executeListenerAndHandleException(AbstractMessageListenerContainer.java:1562) ~[spring-rabbit-3.0.4.jar:3.0.4]
	at org.springframework.amqp.rabbit.listener.AbstractMessageListenerContainer.lambda$executeListener$8(AbstractMessageListenerContainer.java:1541) ~[spring-rabbit-3.0.4.jar:3.0.4]
	at io.micrometer.observation.Observation.lambda$observe$0(Observation.java:493) ~[micrometer-observation-1.11.0.jar:1.11.0]
	at io.micrometer.observation.Observation.observeWithContext(Observation.java:603) ~[micrometer-observation-1.11.0.jar:1.11.0]
	at io.micrometer.observation.Observation.observe(Observation.java:492) ~[micrometer-observation-1.11.0.jar:1.11.0]
	at org.springframework.amqp.rabbit.listener.AbstractMessageListenerContainer.executeListener(AbstractMessageListenerContainer.java:1541) ~[spring-rabbit-3.0.4.jar:3.0.4]
	at org.springframework.amqp.rabbit.listener.SimpleMessageListenerContainer.doReceiveAndExecute(SimpleMessageListenerContainer.java:1001) ~[spring-rabbit-3.0.4.jar:3.0.4]
	at org.springframework.amqp.rabbit.listener.SimpleMessageListenerContainer.receiveAndExecute(SimpleMessageListenerContainer.java:948) ~[spring-rabbit-3.0.4.jar:3.0.4]
	at org.springframework.amqp.rabbit.listener.SimpleMessageListenerContainer$AsyncMessageProcessingConsumer.mainLoop(SimpleMessageListenerContainer.java:1326) ~[spring-rabbit-3.0.4.jar:3.0.4]
	at org.springframework.amqp.rabbit.listener.SimpleMessageListenerContainer$AsyncMessageProcessingConsumer.run(SimpleMessageListenerContainer.java:1232) ~[spring-rabbit-3.0.4.jar:3.0.4]
	at java.base/java.lang.Thread.run(Thread.java:1589) ~[na:na]
Caused by: org.json.JSONException: No value for objectType
	at org.json.JSONObject.get(JSONObject.java:355) ~[android-json-0.0.20131108.vaadin1.jar:0.0.20131108.vaadin1]
	at edu.neu.info5.DemoApplication.service.IndexingListener.convertMapToDocumentIndex(IndexingListener.java:152) ~[classes/:na]
	at edu.neu.info5.DemoApplication.service.IndexingListener.postDocument(IndexingListener.java:73) ~[classes/:na]
	at edu.neu.info5.DemoApplication.service.IndexingListener.receiveMessage(IndexingListener.java:51) ~[classes/:na]
	at java.base/jdk.internal.reflect.DirectMethodHandleAccessor.invoke(DirectMethodHandleAccessor.java:104) ~[na:na]
	at java.base/java.lang.reflect.Method.invoke(Method.java:578) ~[na:na]
	at org.springframework.util.MethodInvoker.invoke(MethodInvoker.java:283) ~[spring-core-6.0.9.jar:6.0.9]
	at org.springframework.amqp.rabbit.listener.adapter.MessageListenerAdapter.invokeListenerMethod(MessageListenerAdapter.java:366) ~[spring-rabbit-3.0.4.jar:3.0.4]
	... 16 common frames omitted

Message received: {body={"mapType":"class java.util.HashMap","empty":false}, operation=SAVE}
2023-08-04T21:43:33.128-04:00  WARN 4865 --- [    container-1] org.elasticsearch.client.RestClient      : request [HEAD http://localhost:9200/plan-index?ignore_throttled=false&ignore_unavailable=false&expand_wildcards=open%2Cclosed&allow_no_indices=false] returned 2 warnings: [299 Elasticsearch-7.17.12-e3b0c3d3c5c130e1dc6d567d6baef1c73eeb2059 "Elasticsearch built-in security features are not enabled. Without authentication, your cluster could be accessible to anyone. See https://www.elastic.co/guide/en/elasticsearch/reference/7.17/security-minimal-setup.html to enable security."],[299 Elasticsearch-7.17.12-e3b0c3d3c5c130e1dc6d567d6baef1c73eeb2059 "[ignore_throttled] parameter is deprecated because frozen indices have been deprecated. Consider cold or frozen tiers in place of frozen indices."]
2023-08-04T21:43:33.129-04:00  WARN 4865 --- [    container-1] s.a.r.l.ConditionalRejectingErrorHandler : Execution of Rabbit message listener failed.

org.springframework.amqp.rabbit.support.ListenerExecutionFailedException: Listener method 'receiveMessage' threw exception
	at org.springframework.amqp.rabbit.listener.adapter.MessageListenerAdapter.invokeListenerMethod(MessageListenerAdapter.java:374) ~[spring-rabbit-3.0.4.jar:3.0.4]
	at org.springframework.amqp.rabbit.listener.adapter.MessageListenerAdapter.onMessage(MessageListenerAdapter.java:293) ~[spring-rabbit-3.0.4.jar:3.0.4]
	at org.springframework.amqp.rabbit.listener.AbstractMessageListenerContainer.doInvokeListener(AbstractMessageListenerContainer.java:1719) ~[spring-rabbit-3.0.4.jar:3.0.4]
	at org.springframework.amqp.rabbit.listener.AbstractMessageListenerContainer.actualInvokeListener(AbstractMessageListenerContainer.java:1638) ~[spring-rabbit-3.0.4.jar:3.0.4]
	at org.springframework.amqp.rabbit.listener.AbstractMessageListenerContainer.invokeListener(AbstractMessageListenerContainer.java:1626) ~[spring-rabbit-3.0.4.jar:3.0.4]
	at org.springframework.amqp.rabbit.listener.AbstractMessageListenerContainer.doExecuteListener(AbstractMessageListenerContainer.java:1617) ~[spring-rabbit-3.0.4.jar:3.0.4]
	at org.springframework.amqp.rabbit.listener.AbstractMessageListenerContainer.executeListenerAndHandleException(AbstractMessageListenerContainer.java:1562) ~[spring-rabbit-3.0.4.jar:3.0.4]
	at org.springframework.amqp.rabbit.listener.AbstractMessageListenerContainer.lambda$executeListener$8(AbstractMessageListenerContainer.java:1541) ~[spring-rabbit-3.0.4.jar:3.0.4]
	at io.micrometer.observation.Observation.lambda$observe$0(Observation.java:493) ~[micrometer-observation-1.11.0.jar:1.11.0]
	at io.micrometer.observation.Observation.observeWithContext(Observation.java:603) ~[micrometer-observation-1.11.0.jar:1.11.0]
	at io.micrometer.observation.Observation.observe(Observation.java:492) ~[micrometer-observation-1.11.0.jar:1.11.0]
	at org.springframework.amqp.rabbit.listener.AbstractMessageListenerContainer.executeListener(AbstractMessageListenerContainer.java:1541) ~[spring-rabbit-3.0.4.jar:3.0.4]
	at org.springframework.amqp.rabbit.listener.SimpleMessageListenerContainer.doReceiveAndExecute(SimpleMessageListenerContainer.java:1001) ~[spring-rabbit-3.0.4.jar:3.0.4]
	at org.springframework.amqp.rabbit.listener.SimpleMessageListenerContainer.receiveAndExecute(SimpleMessageListenerContainer.java:948) ~[spring-rabbit-3.0.4.jar:3.0.4]
	at org.springframework.amqp.rabbit.listener.SimpleMessageListenerContainer$AsyncMessageProcessingConsumer.mainLoop(SimpleMessageListenerContainer.java:1326) ~[spring-rabbit-3.0.4.jar:3.0.4]
	at org.springframework.amqp.rabbit.listener.SimpleMessageListenerContainer$AsyncMessageProcessingConsumer.run(SimpleMessageListenerContainer.java:1232) ~[spring-rabbit-3.0.4.jar:3.0.4]
	at java.base/java.lang.Thread.run(Thread.java:1589) ~[na:na]
Caused by: org.json.JSONException: No value for objectType
	at org.json.JSONObject.get(JSONObject.java:355) ~[android-json-0.0.20131108.vaadin1.jar:0.0.20131108.vaadin1]
	at edu.neu.info5.DemoApplication.service.IndexingListener.convertMapToDocumentIndex(IndexingListener.java:152) ~[classes/:na]
	at edu.neu.info5.DemoApplication.service.IndexingListener.postDocument(IndexingListener.java:73) ~[classes/:na]
	at edu.neu.info5.DemoApplication.service.IndexingListener.receiveMessage(IndexingListener.java:51) ~[classes/:na]
	at java.base/jdk.internal.reflect.DirectMethodHandleAccessor.invoke(DirectMethodHandleAccessor.java:104) ~[na:na]
	at java.base/java.lang.reflect.Method.invoke(Method.java:578) ~[na:na]
	at org.springframework.util.MethodInvoker.invoke(MethodInvoker.java:283) ~[spring-core-6.0.9.jar:6.0.9]
	at org.springframework.amqp.rabbit.listener.adapter.MessageListenerAdapter.invokeListenerMethod(MessageListenerAdapter.java:366) ~[spring-rabbit-3.0.4.jar:3.0.4]
	... 16 common frames omitted

Message received: {body={"mapType":"class java.util.HashMap","empty":false}, operation=SAVE}
2023-08-04T21:43:33.134-04:00  WARN 4865 --- [    container-1] org.elasticsearch.client.RestClient      : request [HEAD http://localhost:9200/plan-index?ignore_throttled=false&ignore_unavailable=false&expand_wildcards=open%2Cclosed&allow_no_indices=false] returned 2 warnings: [299 Elasticsearch-7.17.12-e3b0c3d3c5c130e1dc6d567d6baef1c73eeb2059 "Elasticsearch built-in security features are not enabled. Without authentication, your cluster could be accessible to anyone. See https://www.elastic.co/guide/en/elasticsearch/reference/7.17/security-minimal-setup.html to enable security."],[299 Elasticsearch-7.17.12-e3b0c3d3c5c130e1dc6d567d6baef1c73eeb2059 "[ignore_throttled] parameter is deprecated because frozen indices have been deprecated. Consider cold or frozen tiers in place of frozen indices."]
2023-08-04T21:43:33.134-04:00  WARN 4865 --- [    container-1] s.a.r.l.ConditionalRejectingErrorHandler : Execution of Rabbit message listener failed.

org.springframework.amqp.rabbit.support.ListenerExecutionFailedException: Listener method 'receiveMessage' threw exception
	at org.springframework.amqp.rabbit.listener.adapter.MessageListenerAdapter.invokeListenerMethod(MessageListenerAdapter.java:374) ~[spring-rabbit-3.0.4.jar:3.0.4]
	at org.springframework.amqp.rabbit.listener.adapter.MessageListenerAdapter.onMessage(MessageListenerAdapter.java:293) ~[spring-rabbit-3.0.4.jar:3.0.4]
	at org.springframework.amqp.rabbit.listener.AbstractMessageListenerContainer.doInvokeListener(AbstractMessageListenerContainer.java:1719) ~[spring-rabbit-3.0.4.jar:3.0.4]
	at org.springframework.amqp.rabbit.listener.AbstractMessageListenerContainer.actualInvokeListener(AbstractMessageListenerContainer.java:1638) ~[spring-rabbit-3.0.4.jar:3.0.4]
	at org.springframework.amqp.rabbit.listener.AbstractMessageListenerContainer.invokeListener(AbstractMessageListenerContainer.java:1626) ~[spring-rabbit-3.0.4.jar:3.0.4]
	at org.springframework.amqp.rabbit.listener.AbstractMessageListenerContainer.doExecuteListener(AbstractMessageListenerContainer.java:1617) ~[spring-rabbit-3.0.4.jar:3.0.4]
	at org.springframework.amqp.rabbit.listener.AbstractMessageListenerContainer.executeListenerAndHandleException(AbstractMessageListenerContainer.java:1562) ~[spring-rabbit-3.0.4.jar:3.0.4]
	at org.springframework.amqp.rabbit.listener.AbstractMessageListenerContainer.lambda$executeListener$8(AbstractMessageListenerContainer.java:1541) ~[spring-rabbit-3.0.4.jar:3.0.4]
	at io.micrometer.observation.Observation.lambda$observe$0(Observation.java:493) ~[micrometer-observation-1.11.0.jar:1.11.0]
	at io.micrometer.observation.Observation.observeWithContext(Observation.java:603) ~[micrometer-observation-1.11.0.jar:1.11.0]
	at io.micrometer.observation.Observation.observe(Observation.java:492) ~[micrometer-observation-1.11.0.jar:1.11.0]
	at org.springframework.amqp.rabbit.listener.AbstractMessageListenerContainer.executeListener(AbstractMessageListenerContainer.java:1541) ~[spring-rabbit-3.0.4.jar:3.0.4]
	at org.springframework.amqp.rabbit.listener.SimpleMessageListenerContainer.doReceiveAndExecute(SimpleMessageListenerContainer.java:1001) ~[spring-rabbit-3.0.4.jar:3.0.4]
	at org.springframework.amqp.rabbit.listener.SimpleMessageListenerContainer.receiveAndExecute(SimpleMessageListenerContainer.java:948) ~[spring-rabbit-3.0.4.jar:3.0.4]
	at org.springframework.amqp.rabbit.listener.SimpleMessageListenerContainer$AsyncMessageProcessingConsumer.mainLoop(SimpleMessageListenerContainer.java:1326) ~[spring-rabbit-3.0.4.jar:3.0.4]
	at org.springframework.amqp.rabbit.listener.SimpleMessageListenerContainer$AsyncMessageProcessingConsumer.run(SimpleMessageListenerContainer.java:1232) ~[spring-rabbit-3.0.4.jar:3.0.4]
	at java.base/java.lang.Thread.run(Thread.java:1589) ~[na:na]
Caused by: org.json.JSONException: No value for objectType
	at org.json.JSONObject.get(JSONObject.java:355) ~[android-json-0.0.20131108.vaadin1.jar:0.0.20131108.vaadin1]
	at edu.neu.info5.DemoApplication.service.IndexingListener.convertMapToDocumentIndex(IndexingListener.java:152) ~[classes/:na]
	at edu.neu.info5.DemoApplication.service.IndexingListener.postDocument(IndexingListener.java:73) ~[classes/:na]
	at edu.neu.info5.DemoApplication.service.IndexingListener.receiveMessage(IndexingListener.java:51) ~[classes/:na]
	at java.base/jdk.internal.reflect.DirectMethodHandleAccessor.invoke(DirectMethodHandleAccessor.java:104) ~[na:na]
	at java.base/java.lang.reflect.Method.invoke(Method.java:578) ~[na:na]
	at org.springframework.util.MethodInvoker.invoke(MethodInvoker.java:283) ~[spring-core-6.0.9.jar:6.0.9]
	at org.springframework.amqp.rabbit.listener.adapter.MessageListenerAdapter.invokeListenerMethod(MessageListenerAdapter.java:366) ~[spring-rabbit-3.0.4.jar:3.0.4]
	... 16 common frames omitted

Message received: {body={"mapType":"class java.util.HashMap","empty":false}, operation=SAVE}
2023-08-04T21:43:33.137-04:00  WARN 4865 --- [    container-1] org.elasticsearch.client.RestClient      : request [HEAD http://localhost:9200/plan-index?ignore_throttled=false&ignore_unavailable=false&expand_wildcards=open%2Cclosed&allow_no_indices=false] returned 2 warnings: [299 Elasticsearch-7.17.12-e3b0c3d3c5c130e1dc6d567d6baef1c73eeb2059 "Elasticsearch built-in security features are not enabled. Without authentication, your cluster could be accessible to anyone. See https://www.elastic.co/guide/en/elasticsearch/reference/7.17/security-minimal-setup.html to enable security."],[299 Elasticsearch-7.17.12-e3b0c3d3c5c130e1dc6d567d6baef1c73eeb2059 "[ignore_throttled] parameter is deprecated because frozen indices have been deprecated. Consider cold or frozen tiers in place of frozen indices."]
2023-08-04T21:43:33.138-04:00  WARN 4865 --- [    container-1] s.a.r.l.ConditionalRejectingErrorHandler : Execution of Rabbit message listener failed.

org.springframework.amqp.rabbit.support.ListenerExecutionFailedException: Listener method 'receiveMessage' threw exception
	at org.springframework.amqp.rabbit.listener.adapter.MessageListenerAdapter.invokeListenerMethod(MessageListenerAdapter.java:374) ~[spring-rabbit-3.0.4.jar:3.0.4]
	at org.springframework.amqp.rabbit.listener.adapter.MessageListenerAdapter.onMessage(MessageListenerAdapter.java:293) ~[spring-rabbit-3.0.4.jar:3.0.4]
	at org.springframework.amqp.rabbit.listener.AbstractMessageListenerContainer.doInvokeListener(AbstractMessageListenerContainer.java:1719) ~[spring-rabbit-3.0.4.jar:3.0.4]
	at org.springframework.amqp.rabbit.listener.AbstractMessageListenerContainer.actualInvokeListener(AbstractMessageListenerContainer.java:1638) ~[spring-rabbit-3.0.4.jar:3.0.4]
	at org.springframework.amqp.rabbit.listener.AbstractMessageListenerContainer.invokeListener(AbstractMessageListenerContainer.java:1626) ~[spring-rabbit-3.0.4.jar:3.0.4]
	at org.springframework.amqp.rabbit.listener.AbstractMessageListenerContainer.doExecuteListener(AbstractMessageListenerContainer.java:1617) ~[spring-rabbit-3.0.4.jar:3.0.4]
	at org.springframework.amqp.rabbit.listener.AbstractMessageListenerContainer.executeListenerAndHandleException(AbstractMessageListenerContainer.java:1562) ~[spring-rabbit-3.0.4.jar:3.0.4]
	at org.springframework.amqp.rabbit.listener.AbstractMessageListenerContainer.lambda$executeListener$8(AbstractMessageListenerContainer.java:1541) ~[spring-rabbit-3.0.4.jar:3.0.4]
	at io.micrometer.observation.Observation.lambda$observe$0(Observation.java:493) ~[micrometer-observation-1.11.0.jar:1.11.0]
	at io.micrometer.observation.Observation.observeWithContext(Observation.java:603) ~[micrometer-observation-1.11.0.jar:1.11.0]
	at io.micrometer.observation.Observation.observe(Observation.java:492) ~[micrometer-observation-1.11.0.jar:1.11.0]
	at org.springframework.amqp.rabbit.listener.AbstractMessageListenerContainer.executeListener(AbstractMessageListenerContainer.java:1541) ~[spring-rabbit-3.0.4.jar:3.0.4]
	at org.springframework.amqp.rabbit.listener.SimpleMessageListenerContainer.doReceiveAndExecute(SimpleMessageListenerContainer.java:1001) ~[spring-rabbit-3.0.4.jar:3.0.4]
	at org.springframework.amqp.rabbit.listener.SimpleMessageListenerContainer.receiveAndExecute(SimpleMessageListenerContainer.java:948) ~[spring-rabbit-3.0.4.jar:3.0.4]
	at org.springframework.amqp.rabbit.listener.SimpleMessageListenerContainer$AsyncMessageProcessingConsumer.mainLoop(SimpleMessageListenerContainer.java:1326) ~[spring-rabbit-3.0.4.jar:3.0.4]
	at org.springframework.amqp.rabbit.listener.SimpleMessageListenerContainer$AsyncMessageProcessingConsumer.run(SimpleMessageListenerContainer.java:1232) ~[spring-rabbit-3.0.4.jar:3.0.4]
	at java.base/java.lang.Thread.run(Thread.java:1589) ~[na:na]
Caused by: org.json.JSONException: No value for objectType
	at org.json.JSONObject.get(JSONObject.java:355) ~[android-json-0.0.20131108.vaadin1.jar:0.0.20131108.vaadin1]
	at edu.neu.info5.DemoApplication.service.IndexingListener.convertMapToDocumentIndex(IndexingListener.java:152) ~[classes/:na]
	at edu.neu.info5.DemoApplication.service.IndexingListener.postDocument(IndexingListener.java:73) ~[classes/:na]
	at edu.neu.info5.DemoApplication.service.IndexingListener.receiveMessage(IndexingListener.java:51) ~[classes/:na]
	at java.base/jdk.internal.reflect.DirectMethodHandleAccessor.invoke(DirectMethodHandleAccessor.java:104) ~[na:na]
	at java.base/java.lang.reflect.Method.invoke(Method.java:578) ~[na:na]
	at org.springframework.util.MethodInvoker.invoke(MethodInvoker.java:283) ~[spring-core-6.0.9.jar:6.0.9]
	at org.springframework.amqp.rabbit.listener.adapter.MessageListenerAdapter.invokeListenerMethod(MessageListenerAdapter.java:366) ~[spring-rabbit-3.0.4.jar:3.0.4]
	... 16 common frames omitted

Message received: {body={"mapType":"class java.util.HashMap","empty":false}, operation=SAVE}
2023-08-04T21:43:33.140-04:00  WARN 4865 --- [    container-1] org.elasticsearch.client.RestClient      : request [HEAD http://localhost:9200/plan-index?ignore_throttled=false&ignore_unavailable=false&expand_wildcards=open%2Cclosed&allow_no_indices=false] returned 2 warnings: [299 Elasticsearch-7.17.12-e3b0c3d3c5c130e1dc6d567d6baef1c73eeb2059 "Elasticsearch built-in security features are not enabled. Without authentication, your cluster could be accessible to anyone. See https://www.elastic.co/guide/en/elasticsearch/reference/7.17/security-minimal-setup.html to enable security."],[299 Elasticsearch-7.17.12-e3b0c3d3c5c130e1dc6d567d6baef1c73eeb2059 "[ignore_throttled] parameter is deprecated because frozen indices have been deprecated. Consider cold or frozen tiers in place of frozen indices."]
2023-08-04T21:43:33.140-04:00  WARN 4865 --- [    container-1] s.a.r.l.ConditionalRejectingErrorHandler : Execution of Rabbit message listener failed.

org.springframework.amqp.rabbit.support.ListenerExecutionFailedException: Listener method 'receiveMessage' threw exception
	at org.springframework.amqp.rabbit.listener.adapter.MessageListenerAdapter.invokeListenerMethod(MessageListenerAdapter.java:374) ~[spring-rabbit-3.0.4.jar:3.0.4]
	at org.springframework.amqp.rabbit.listener.adapter.MessageListenerAdapter.onMessage(MessageListenerAdapter.java:293) ~[spring-rabbit-3.0.4.jar:3.0.4]
	at org.springframework.amqp.rabbit.listener.AbstractMessageListenerContainer.doInvokeListener(AbstractMessageListenerContainer.java:1719) ~[spring-rabbit-3.0.4.jar:3.0.4]
	at org.springframework.amqp.rabbit.listener.AbstractMessageListenerContainer.actualInvokeListener(AbstractMessageListenerContainer.java:1638) ~[spring-rabbit-3.0.4.jar:3.0.4]
	at org.springframework.amqp.rabbit.listener.AbstractMessageListenerContainer.invokeListener(AbstractMessageListenerContainer.java:1626) ~[spring-rabbit-3.0.4.jar:3.0.4]
	at org.springframework.amqp.rabbit.listener.AbstractMessageListenerContainer.doExecuteListener(AbstractMessageListenerContainer.java:1617) ~[spring-rabbit-3.0.4.jar:3.0.4]
	at org.springframework.amqp.rabbit.listener.AbstractMessageListenerContainer.executeListenerAndHandleException(AbstractMessageListenerContainer.java:1562) ~[spring-rabbit-3.0.4.jar:3.0.4]
	at org.springframework.amqp.rabbit.listener.AbstractMessageListenerContainer.lambda$executeListener$8(AbstractMessageListenerContainer.java:1541) ~[spring-rabbit-3.0.4.jar:3.0.4]
	at io.micrometer.observation.Observation.lambda$observe$0(Observation.java:493) ~[micrometer-observation-1.11.0.jar:1.11.0]
	at io.micrometer.observation.Observation.observeWithContext(Observation.java:603) ~[micrometer-observation-1.11.0.jar:1.11.0]
	at io.micrometer.observation.Observation.observe(Observation.java:492) ~[micrometer-observation-1.11.0.jar:1.11.0]
	at org.springframework.amqp.rabbit.listener.AbstractMessageListenerContainer.executeListener(AbstractMessageListenerContainer.java:1541) ~[spring-rabbit-3.0.4.jar:3.0.4]
	at org.springframework.amqp.rabbit.listener.SimpleMessageListenerContainer.doReceiveAndExecute(SimpleMessageListenerContainer.java:1001) ~[spring-rabbit-3.0.4.jar:3.0.4]
	at org.springframework.amqp.rabbit.listener.SimpleMessageListenerContainer.receiveAndExecute(SimpleMessageListenerContainer.java:948) ~[spring-rabbit-3.0.4.jar:3.0.4]
	at org.springframework.amqp.rabbit.listener.SimpleMessageListenerContainer$AsyncMessageProcessingConsumer.mainLoop(SimpleMessageListenerContainer.java:1326) ~[spring-rabbit-3.0.4.jar:3.0.4]
	at org.springframework.amqp.rabbit.listener.SimpleMessageListenerContainer$AsyncMessageProcessingConsumer.run(SimpleMessageListenerContainer.java:1232) ~[spring-rabbit-3.0.4.jar:3.0.4]
	at java.base/java.lang.Thread.run(Thread.java:1589) ~[na:na]
Caused by: org.json.JSONException: No value for objectType
	at org.json.JSONObject.get(JSONObject.java:355) ~[android-json-0.0.20131108.vaadin1.jar:0.0.20131108.vaadin1]
	at edu.neu.info5.DemoApplication.service.IndexingListener.convertMapToDocumentIndex(IndexingListener.java:152) ~[classes/:na]
	at edu.neu.info5.DemoApplication.service.IndexingListener.postDocument(IndexingListener.java:73) ~[classes/:na]
	at edu.neu.info5.DemoApplication.service.IndexingListener.receiveMessage(IndexingListener.java:51) ~[classes/:na]
	at java.base/jdk.internal.reflect.DirectMethodHandleAccessor.invoke(DirectMethodHandleAccessor.java:104) ~[na:na]
	at java.base/java.lang.reflect.Method.invoke(Method.java:578) ~[na:na]
	at org.springframework.util.MethodInvoker.invoke(MethodInvoker.java:283) ~[spring-core-6.0.9.jar:6.0.9]
	at org.springframework.amqp.rabbit.listener.adapter.MessageListenerAdapter.invokeListenerMethod(MessageListenerAdapter.java:366) ~[spring-rabbit-3.0.4.jar:3.0.4]
	... 16 common frames omitted

Message received: {body={"mapType":"class java.util.HashMap","empty":false}, operation=SAVE}
2023-08-04T21:43:33.143-04:00  WARN 4865 --- [    container-1] org.elasticsearch.client.RestClient      : request [HEAD http://localhost:9200/plan-index?ignore_throttled=false&ignore_unavailable=false&expand_wildcards=open%2Cclosed&allow_no_indices=false] returned 2 warnings: [299 Elasticsearch-7.17.12-e3b0c3d3c5c130e1dc6d567d6baef1c73eeb2059 "Elasticsearch built-in security features are not enabled. Without authentication, your cluster could be accessible to anyone. See https://www.elastic.co/guide/en/elasticsearch/reference/7.17/security-minimal-setup.html to enable security."],[299 Elasticsearch-7.17.12-e3b0c3d3c5c130e1dc6d567d6baef1c73eeb2059 "[ignore_throttled] parameter is deprecated because frozen indices have been deprecated. Consider cold or frozen tiers in place of frozen indices."]
2023-08-04T21:43:33.143-04:00  WARN 4865 --- [    container-1] s.a.r.l.ConditionalRejectingErrorHandler : Execution of Rabbit message listener failed.

org.springframework.amqp.rabbit.support.ListenerExecutionFailedException: Listener method 'receiveMessage' threw exception
	at org.springframework.amqp.rabbit.listener.adapter.MessageListenerAdapter.invokeListenerMethod(MessageListenerAdapter.java:374) ~[spring-rabbit-3.0.4.jar:3.0.4]
	at org.springframework.amqp.rabbit.listener.adapter.MessageListenerAdapter.onMessage(MessageListenerAdapter.java:293) ~[spring-rabbit-3.0.4.jar:3.0.4]
	at org.springframework.amqp.rabbit.listener.AbstractMessageListenerContainer.doInvokeListener(AbstractMessageListenerContainer.java:1719) ~[spring-rabbit-3.0.4.jar:3.0.4]
	at org.springframework.amqp.rabbit.listener.AbstractMessageListenerContainer.actualInvokeListener(AbstractMessageListenerContainer.java:1638) ~[spring-rabbit-3.0.4.jar:3.0.4]
	at org.springframework.amqp.rabbit.listener.AbstractMessageListenerContainer.invokeListener(AbstractMessageListenerContainer.java:1626) ~[spring-rabbit-3.0.4.jar:3.0.4]
	at org.springframework.amqp.rabbit.listener.AbstractMessageListenerContainer.doExecuteListener(AbstractMessageListenerContainer.java:1617) ~[spring-rabbit-3.0.4.jar:3.0.4]
	at org.springframework.amqp.rabbit.listener.AbstractMessageListenerContainer.executeListenerAndHandleException(AbstractMessageListenerContainer.java:1562) ~[spring-rabbit-3.0.4.jar:3.0.4]
	at org.springframework.amqp.rabbit.listener.AbstractMessageListenerContainer.lambda$executeListener$8(AbstractMessageListenerContainer.java:1541) ~[spring-rabbit-3.0.4.jar:3.0.4]
	at io.micrometer.observation.Observation.lambda$observe$0(Observation.java:493) ~[micrometer-observation-1.11.0.jar:1.11.0]
	at io.micrometer.observation.Observation.observeWithContext(Observation.java:603) ~[micrometer-observation-1.11.0.jar:1.11.0]
	at io.micrometer.observation.Observation.observe(Observation.java:492) ~[micrometer-observation-1.11.0.jar:1.11.0]
	at org.springframework.amqp.rabbit.listener.AbstractMessageListenerContainer.executeListener(AbstractMessageListenerContainer.java:1541) ~[spring-rabbit-3.0.4.jar:3.0.4]
	at org.springframework.amqp.rabbit.listener.SimpleMessageListenerContainer.doReceiveAndExecute(SimpleMessageListenerContainer.java:1001) ~[spring-rabbit-3.0.4.jar:3.0.4]
	at org.springframework.amqp.rabbit.listener.SimpleMessageListenerContainer.receiveAndExecute(SimpleMessageListenerContainer.java:948) ~[spring-rabbit-3.0.4.jar:3.0.4]
	at org.springframework.amqp.rabbit.listener.SimpleMessageListenerContainer$AsyncMessageProcessingConsumer.mainLoop(SimpleMessageListenerContainer.java:1326) ~[spring-rabbit-3.0.4.jar:3.0.4]
	at org.springframework.amqp.rabbit.listener.SimpleMessageListenerContainer$AsyncMessageProcessingConsumer.run(SimpleMessageListenerContainer.java:1232) ~[spring-rabbit-3.0.4.jar:3.0.4]
	at java.base/java.lang.Thread.run(Thread.java:1589) ~[na:na]
Caused by: org.json.JSONException: No value for objectType
	at org.json.JSONObject.get(JSONObject.java:355) ~[android-json-0.0.20131108.vaadin1.jar:0.0.20131108.vaadin1]
	at edu.neu.info5.DemoApplication.service.IndexingListener.convertMapToDocumentIndex(IndexingListener.java:152) ~[classes/:na]
	at edu.neu.info5.DemoApplication.service.IndexingListener.postDocument(IndexingListener.java:73) ~[classes/:na]
	at edu.neu.info5.DemoApplication.service.IndexingListener.receiveMessage(IndexingListener.java:51) ~[classes/:na]
	at java.base/jdk.internal.reflect.DirectMethodHandleAccessor.invoke(DirectMethodHandleAccessor.java:104) ~[na:na]
	at java.base/java.lang.reflect.Method.invoke(Method.java:578) ~[na:na]
	at org.springframework.util.MethodInvoker.invoke(MethodInvoker.java:283) ~[spring-core-6.0.9.jar:6.0.9]
	at org.springframework.amqp.rabbit.listener.adapter.MessageListenerAdapter.invokeListenerMethod(MessageListenerAdapter.java:366) ~[spring-rabbit-3.0.4.jar:3.0.4]
	... 16 common frames omitted

Message received: {body={"mapType":"class java.util.HashMap","empty":false}, operation=SAVE}
2023-08-04T21:43:33.148-04:00  WARN 4865 --- [    container-1] org.elasticsearch.client.RestClient      : request [HEAD http://localhost:9200/plan-index?ignore_throttled=false&ignore_unavailable=false&expand_wildcards=open%2Cclosed&allow_no_indices=false] returned 2 warnings: [299 Elasticsearch-7.17.12-e3b0c3d3c5c130e1dc6d567d6baef1c73eeb2059 "Elasticsearch built-in security features are not enabled. Without authentication, your cluster could be accessible to anyone. See https://www.elastic.co/guide/en/elasticsearch/reference/7.17/security-minimal-setup.html to enable security."],[299 Elasticsearch-7.17.12-e3b0c3d3c5c130e1dc6d567d6baef1c73eeb2059 "[ignore_throttled] parameter is deprecated because frozen indices have been deprecated. Consider cold or frozen tiers in place of frozen indices."]
2023-08-04T21:43:33.149-04:00  WARN 4865 --- [    container-1] s.a.r.l.ConditionalRejectingErrorHandler : Execution of Rabbit message listener failed.

org.springframework.amqp.rabbit.support.ListenerExecutionFailedException: Listener method 'receiveMessage' threw exception
	at org.springframework.amqp.rabbit.listener.adapter.MessageListenerAdapter.invokeListenerMethod(MessageListenerAdapter.java:374) ~[spring-rabbit-3.0.4.jar:3.0.4]
	at org.springframework.amqp.rabbit.listener.adapter.MessageListenerAdapter.onMessage(MessageListenerAdapter.java:293) ~[spring-rabbit-3.0.4.jar:3.0.4]
	at org.springframework.amqp.rabbit.listener.AbstractMessageListenerContainer.doInvokeListener(AbstractMessageListenerContainer.java:1719) ~[spring-rabbit-3.0.4.jar:3.0.4]
	at org.springframework.amqp.rabbit.listener.AbstractMessageListenerContainer.actualInvokeListener(AbstractMessageListenerContainer.java:1638) ~[spring-rabbit-3.0.4.jar:3.0.4]
	at org.springframework.amqp.rabbit.listener.AbstractMessageListenerContainer.invokeListener(AbstractMessageListenerContainer.java:1626) ~[spring-rabbit-3.0.4.jar:3.0.4]
	at org.springframework.amqp.rabbit.listener.AbstractMessageListenerContainer.doExecuteListener(AbstractMessageListenerContainer.java:1617) ~[spring-rabbit-3.0.4.jar:3.0.4]
	at org.springframework.amqp.rabbit.listener.AbstractMessageListenerContainer.executeListenerAndHandleException(AbstractMessageListenerContainer.java:1562) ~[spring-rabbit-3.0.4.jar:3.0.4]
	at org.springframework.amqp.rabbit.listener.AbstractMessageListenerContainer.lambda$executeListener$8(AbstractMessageListenerContainer.java:1541) ~[spring-rabbit-3.0.4.jar:3.0.4]
	at io.micrometer.observation.Observation.lambda$observe$0(Observation.java:493) ~[micrometer-observation-1.11.0.jar:1.11.0]
	at io.micrometer.observation.Observation.observeWithContext(Observation.java:603) ~[micrometer-observation-1.11.0.jar:1.11.0]
	at io.micrometer.observation.Observation.observe(Observation.java:492) ~[micrometer-observation-1.11.0.jar:1.11.0]
	at org.springframework.amqp.rabbit.listener.AbstractMessageListenerContainer.executeListener(AbstractMessageListenerContainer.java:1541) ~[spring-rabbit-3.0.4.jar:3.0.4]
	at org.springframework.amqp.rabbit.listener.SimpleMessageListenerContainer.doReceiveAndExecute(SimpleMessageListenerContainer.java:1001) ~[spring-rabbit-3.0.4.jar:3.0.4]
	at org.springframework.amqp.rabbit.listener.SimpleMessageListenerContainer.receiveAndExecute(SimpleMessageListenerContainer.java:948) ~[spring-rabbit-3.0.4.jar:3.0.4]
	at org.springframework.amqp.rabbit.listener.SimpleMessageListenerContainer$AsyncMessageProcessingConsumer.mainLoop(SimpleMessageListenerContainer.java:1326) ~[spring-rabbit-3.0.4.jar:3.0.4]
	at org.springframework.amqp.rabbit.listener.SimpleMessageListenerContainer$AsyncMessageProcessingConsumer.run(SimpleMessageListenerContainer.java:1232) ~[spring-rabbit-3.0.4.jar:3.0.4]
	at java.base/java.lang.Thread.run(Thread.java:1589) ~[na:na]
Caused by: org.json.JSONException: No value for objectType
	at org.json.JSONObject.get(JSONObject.java:355) ~[android-json-0.0.20131108.vaadin1.jar:0.0.20131108.vaadin1]
	at edu.neu.info5.DemoApplication.service.IndexingListener.convertMapToDocumentIndex(IndexingListener.java:152) ~[classes/:na]
	at edu.neu.info5.DemoApplication.service.IndexingListener.postDocument(IndexingListener.java:73) ~[classes/:na]
	at edu.neu.info5.DemoApplication.service.IndexingListener.receiveMessage(IndexingListener.java:51) ~[classes/:na]
	at java.base/jdk.internal.reflect.DirectMethodHandleAccessor.invoke(DirectMethodHandleAccessor.java:104) ~[na:na]
	at java.base/java.lang.reflect.Method.invoke(Method.java:578) ~[na:na]
	at org.springframework.util.MethodInvoker.invoke(MethodInvoker.java:283) ~[spring-core-6.0.9.jar:6.0.9]
	at org.springframework.amqp.rabbit.listener.adapter.MessageListenerAdapter.invokeListenerMethod(MessageListenerAdapter.java:366) ~[spring-rabbit-3.0.4.jar:3.0.4]
	... 16 common frames omitted

Message received: {body={"mapType":"class java.util.HashMap","empty":false}, operation=SAVE}
2023-08-04T21:43:33.157-04:00  WARN 4865 --- [    container-1] org.elasticsearch.client.RestClient      : request [HEAD http://localhost:9200/plan-index?ignore_throttled=false&ignore_unavailable=false&expand_wildcards=open%2Cclosed&allow_no_indices=false] returned 2 warnings: [299 Elasticsearch-7.17.12-e3b0c3d3c5c130e1dc6d567d6baef1c73eeb2059 "Elasticsearch built-in security features are not enabled. Without authentication, your cluster could be accessible to anyone. See https://www.elastic.co/guide/en/elasticsearch/reference/7.17/security-minimal-setup.html to enable security."],[299 Elasticsearch-7.17.12-e3b0c3d3c5c130e1dc6d567d6baef1c73eeb2059 "[ignore_throttled] parameter is deprecated because frozen indices have been deprecated. Consider cold or frozen tiers in place of frozen indices."]
2023-08-04T21:43:33.157-04:00  WARN 4865 --- [    container-1] s.a.r.l.ConditionalRejectingErrorHandler : Execution of Rabbit message listener failed.

org.springframework.amqp.rabbit.support.ListenerExecutionFailedException: Listener method 'receiveMessage' threw exception
	at org.springframework.amqp.rabbit.listener.adapter.MessageListenerAdapter.invokeListenerMethod(MessageListenerAdapter.java:374) ~[spring-rabbit-3.0.4.jar:3.0.4]
	at org.springframework.amqp.rabbit.listener.adapter.MessageListenerAdapter.onMessage(MessageListenerAdapter.java:293) ~[spring-rabbit-3.0.4.jar:3.0.4]
	at org.springframework.amqp.rabbit.listener.AbstractMessageListenerContainer.doInvokeListener(AbstractMessageListenerContainer.java:1719) ~[spring-rabbit-3.0.4.jar:3.0.4]
	at org.springframework.amqp.rabbit.listener.AbstractMessageListenerContainer.actualInvokeListener(AbstractMessageListenerContainer.java:1638) ~[spring-rabbit-3.0.4.jar:3.0.4]
	at org.springframework.amqp.rabbit.listener.AbstractMessageListenerContainer.invokeListener(AbstractMessageListenerContainer.java:1626) ~[spring-rabbit-3.0.4.jar:3.0.4]
	at org.springframework.amqp.rabbit.listener.AbstractMessageListenerContainer.doExecuteListener(AbstractMessageListenerContainer.java:1617) ~[spring-rabbit-3.0.4.jar:3.0.4]
	at org.springframework.amqp.rabbit.listener.AbstractMessageListenerContainer.executeListenerAndHandleException(AbstractMessageListenerContainer.java:1562) ~[spring-rabbit-3.0.4.jar:3.0.4]
	at org.springframework.amqp.rabbit.listener.AbstractMessageListenerContainer.lambda$executeListener$8(AbstractMessageListenerContainer.java:1541) ~[spring-rabbit-3.0.4.jar:3.0.4]
	at io.micrometer.observation.Observation.lambda$observe$0(Observation.java:493) ~[micrometer-observation-1.11.0.jar:1.11.0]
	at io.micrometer.observation.Observation.observeWithContext(Observation.java:603) ~[micrometer-observation-1.11.0.jar:1.11.0]
	at io.micrometer.observation.Observation.observe(Observation.java:492) ~[micrometer-observation-1.11.0.jar:1.11.0]
	at org.springframework.amqp.rabbit.listener.AbstractMessageListenerContainer.executeListener(AbstractMessageListenerContainer.java:1541) ~[spring-rabbit-3.0.4.jar:3.0.4]
	at org.springframework.amqp.rabbit.listener.SimpleMessageListenerContainer.doReceiveAndExecute(SimpleMessageListenerContainer.java:1001) ~[spring-rabbit-3.0.4.jar:3.0.4]
	at org.springframework.amqp.rabbit.listener.SimpleMessageListenerContainer.receiveAndExecute(SimpleMessageListenerContainer.java:948) ~[spring-rabbit-3.0.4.jar:3.0.4]
	at org.springframework.amqp.rabbit.listener.SimpleMessageListenerContainer$AsyncMessageProcessingConsumer.mainLoop(SimpleMessageListenerContainer.java:1326) ~[spring-rabbit-3.0.4.jar:3.0.4]
	at org.springframework.amqp.rabbit.listener.SimpleMessageListenerContainer$AsyncMessageProcessingConsumer.run(SimpleMessageListenerContainer.java:1232) ~[spring-rabbit-3.0.4.jar:3.0.4]
	at java.base/java.lang.Thread.run(Thread.java:1589) ~[na:na]
Caused by: org.json.JSONException: No value for objectType
	at org.json.JSONObject.get(JSONObject.java:355) ~[android-json-0.0.20131108.vaadin1.jar:0.0.20131108.vaadin1]
	at edu.neu.info5.DemoApplication.service.IndexingListener.convertMapToDocumentIndex(IndexingListener.java:152) ~[classes/:na]
	at edu.neu.info5.DemoApplication.service.IndexingListener.postDocument(IndexingListener.java:73) ~[classes/:na]
	at edu.neu.info5.DemoApplication.service.IndexingListener.receiveMessage(IndexingListener.java:51) ~[classes/:na]
	at java.base/jdk.internal.reflect.DirectMethodHandleAccessor.invoke(DirectMethodHandleAccessor.java:104) ~[na:na]
	at java.base/java.lang.reflect.Method.invoke(Method.java:578) ~[na:na]
	at org.springframework.util.MethodInvoker.invoke(MethodInvoker.java:283) ~[spring-core-6.0.9.jar:6.0.9]
	at org.springframework.amqp.rabbit.listener.adapter.MessageListenerAdapter.invokeListenerMethod(MessageListenerAdapter.java:366) ~[spring-rabbit-3.0.4.jar:3.0.4]
	... 16 common frames omitted

Message received: {body={"mapType":"class java.util.HashMap","empty":false}, operation=SAVE}
2023-08-04T21:43:33.162-04:00  WARN 4865 --- [    container-1] org.elasticsearch.client.RestClient      : request [HEAD http://localhost:9200/plan-index?ignore_throttled=false&ignore_unavailable=false&expand_wildcards=open%2Cclosed&allow_no_indices=false] returned 2 warnings: [299 Elasticsearch-7.17.12-e3b0c3d3c5c130e1dc6d567d6baef1c73eeb2059 "Elasticsearch built-in security features are not enabled. Without authentication, your cluster could be accessible to anyone. See https://www.elastic.co/guide/en/elasticsearch/reference/7.17/security-minimal-setup.html to enable security."],[299 Elasticsearch-7.17.12-e3b0c3d3c5c130e1dc6d567d6baef1c73eeb2059 "[ignore_throttled] parameter is deprecated because frozen indices have been deprecated. Consider cold or frozen tiers in place of frozen indices."]
2023-08-04T21:43:33.162-04:00  WARN 4865 --- [    container-1] s.a.r.l.ConditionalRejectingErrorHandler : Execution of Rabbit message listener failed.

org.springframework.amqp.rabbit.support.ListenerExecutionFailedException: Listener method 'receiveMessage' threw exception
	at org.springframework.amqp.rabbit.listener.adapter.MessageListenerAdapter.invokeListenerMethod(MessageListenerAdapter.java:374) ~[spring-rabbit-3.0.4.jar:3.0.4]
	at org.springframework.amqp.rabbit.listener.adapter.MessageListenerAdapter.onMessage(MessageListenerAdapter.java:293) ~[spring-rabbit-3.0.4.jar:3.0.4]
	at org.springframework.amqp.rabbit.listener.AbstractMessageListenerContainer.doInvokeListener(AbstractMessageListenerContainer.java:1719) ~[spring-rabbit-3.0.4.jar:3.0.4]
	at org.springframework.amqp.rabbit.listener.AbstractMessageListenerContainer.actualInvokeListener(AbstractMessageListenerContainer.java:1638) ~[spring-rabbit-3.0.4.jar:3.0.4]
	at org.springframework.amqp.rabbit.listener.AbstractMessageListenerContainer.invokeListener(AbstractMessageListenerContainer.java:1626) ~[spring-rabbit-3.0.4.jar:3.0.4]
	at org.springframework.amqp.rabbit.listener.AbstractMessageListenerContainer.doExecuteListener(AbstractMessageListenerContainer.java:1617) ~[spring-rabbit-3.0.4.jar:3.0.4]
	at org.springframework.amqp.rabbit.listener.AbstractMessageListenerContainer.executeListenerAndHandleException(AbstractMessageListenerContainer.java:1562) ~[spring-rabbit-3.0.4.jar:3.0.4]
	at org.springframework.amqp.rabbit.listener.AbstractMessageListenerContainer.lambda$executeListener$8(AbstractMessageListenerContainer.java:1541) ~[spring-rabbit-3.0.4.jar:3.0.4]
	at io.micrometer.observation.Observation.lambda$observe$0(Observation.java:493) ~[micrometer-observation-1.11.0.jar:1.11.0]
	at io.micrometer.observation.Observation.observeWithContext(Observation.java:603) ~[micrometer-observation-1.11.0.jar:1.11.0]
	at io.micrometer.observation.Observation.observe(Observation.java:492) ~[micrometer-observation-1.11.0.jar:1.11.0]
	at org.springframework.amqp.rabbit.listener.AbstractMessageListenerContainer.executeListener(AbstractMessageListenerContainer.java:1541) ~[spring-rabbit-3.0.4.jar:3.0.4]
	at org.springframework.amqp.rabbit.listener.SimpleMessageListenerContainer.doReceiveAndExecute(SimpleMessageListenerContainer.java:1001) ~[spring-rabbit-3.0.4.jar:3.0.4]
	at org.springframework.amqp.rabbit.listener.SimpleMessageListenerContainer.receiveAndExecute(SimpleMessageListenerContainer.java:948) ~[spring-rabbit-3.0.4.jar:3.0.4]
	at org.springframework.amqp.rabbit.listener.SimpleMessageListenerContainer$AsyncMessageProcessingConsumer.mainLoop(SimpleMessageListenerContainer.java:1326) ~[spring-rabbit-3.0.4.jar:3.0.4]
	at org.springframework.amqp.rabbit.listener.SimpleMessageListenerContainer$AsyncMessageProcessingConsumer.run(SimpleMessageListenerContainer.java:1232) ~[spring-rabbit-3.0.4.jar:3.0.4]
	at java.base/java.lang.Thread.run(Thread.java:1589) ~[na:na]
Caused by: org.json.JSONException: No value for objectType
	at org.json.JSONObject.get(JSONObject.java:355) ~[android-json-0.0.20131108.vaadin1.jar:0.0.20131108.vaadin1]
	at edu.neu.info5.DemoApplication.service.IndexingListener.convertMapToDocumentIndex(IndexingListener.java:152) ~[classes/:na]
	at edu.neu.info5.DemoApplication.service.IndexingListener.postDocument(IndexingListener.java:73) ~[classes/:na]
	at edu.neu.info5.DemoApplication.service.IndexingListener.receiveMessage(IndexingListener.java:51) ~[classes/:na]
	at java.base/jdk.internal.reflect.DirectMethodHandleAccessor.invoke(DirectMethodHandleAccessor.java:104) ~[na:na]
	at java.base/java.lang.reflect.Method.invoke(Method.java:578) ~[na:na]
	at org.springframework.util.MethodInvoker.invoke(MethodInvoker.java:283) ~[spring-core-6.0.9.jar:6.0.9]
	at org.springframework.amqp.rabbit.listener.adapter.MessageListenerAdapter.invokeListenerMethod(MessageListenerAdapter.java:366) ~[spring-rabbit-3.0.4.jar:3.0.4]
	... 16 common frames omitted

Message received: {body={"mapType":"class java.util.HashMap","empty":false}, operation=SAVE}
2023-08-04T21:43:33.166-04:00  WARN 4865 --- [    container-1] org.elasticsearch.client.RestClient      : request [HEAD http://localhost:9200/plan-index?ignore_throttled=false&ignore_unavailable=false&expand_wildcards=open%2Cclosed&allow_no_indices=false] returned 2 warnings: [299 Elasticsearch-7.17.12-e3b0c3d3c5c130e1dc6d567d6baef1c73eeb2059 "Elasticsearch built-in security features are not enabled. Without authentication, your cluster could be accessible to anyone. See https://www.elastic.co/guide/en/elasticsearch/reference/7.17/security-minimal-setup.html to enable security."],[299 Elasticsearch-7.17.12-e3b0c3d3c5c130e1dc6d567d6baef1c73eeb2059 "[ignore_throttled] parameter is deprecated because frozen indices have been deprecated. Consider cold or frozen tiers in place of frozen indices."]
2023-08-04T21:43:33.166-04:00  WARN 4865 --- [    container-1] s.a.r.l.ConditionalRejectingErrorHandler : Execution of Rabbit message listener failed.

org.springframework.amqp.rabbit.support.ListenerExecutionFailedException: Listener method 'receiveMessage' threw exception
	at org.springframework.amqp.rabbit.listener.adapter.MessageListenerAdapter.invokeListenerMethod(MessageListenerAdapter.java:374) ~[spring-rabbit-3.0.4.jar:3.0.4]
	at org.springframework.amqp.rabbit.listener.adapter.MessageListenerAdapter.onMessage(MessageListenerAdapter.java:293) ~[spring-rabbit-3.0.4.jar:3.0.4]
	at org.springframework.amqp.rabbit.listener.AbstractMessageListenerContainer.doInvokeListener(AbstractMessageListenerContainer.java:1719) ~[spring-rabbit-3.0.4.jar:3.0.4]
	at org.springframework.amqp.rabbit.listener.AbstractMessageListenerContainer.actualInvokeListener(AbstractMessageListenerContainer.java:1638) ~[spring-rabbit-3.0.4.jar:3.0.4]
	at org.springframework.amqp.rabbit.listener.AbstractMessageListenerContainer.invokeListener(AbstractMessageListenerContainer.java:1626) ~[spring-rabbit-3.0.4.jar:3.0.4]
	at org.springframework.amqp.rabbit.listener.AbstractMessageListenerContainer.doExecuteListener(AbstractMessageListenerContainer.java:1617) ~[spring-rabbit-3.0.4.jar:3.0.4]
	at org.springframework.amqp.rabbit.listener.AbstractMessageListenerContainer.executeListenerAndHandleException(AbstractMessageListenerContainer.java:1562) ~[spring-rabbit-3.0.4.jar:3.0.4]
	at org.springframework.amqp.rabbit.listener.AbstractMessageListenerContainer.lambda$executeListener$8(AbstractMessageListenerContainer.java:1541) ~[spring-rabbit-3.0.4.jar:3.0.4]
	at io.micrometer.observation.Observation.lambda$observe$0(Observation.java:493) ~[micrometer-observation-1.11.0.jar:1.11.0]
	at io.micrometer.observation.Observation.observeWithContext(Observation.java:603) ~[micrometer-observation-1.11.0.jar:1.11.0]
	at io.micrometer.observation.Observation.observe(Observation.java:492) ~[micrometer-observation-1.11.0.jar:1.11.0]
	at org.springframework.amqp.rabbit.listener.AbstractMessageListenerContainer.executeListener(AbstractMessageListenerContainer.java:1541) ~[spring-rabbit-3.0.4.jar:3.0.4]
	at org.springframework.amqp.rabbit.listener.SimpleMessageListenerContainer.doReceiveAndExecute(SimpleMessageListenerContainer.java:1001) ~[spring-rabbit-3.0.4.jar:3.0.4]
	at org.springframework.amqp.rabbit.listener.SimpleMessageListenerContainer.receiveAndExecute(SimpleMessageListenerContainer.java:948) ~[spring-rabbit-3.0.4.jar:3.0.4]
	at org.springframework.amqp.rabbit.listener.SimpleMessageListenerContainer$AsyncMessageProcessingConsumer.mainLoop(SimpleMessageListenerContainer.java:1326) ~[spring-rabbit-3.0.4.jar:3.0.4]
	at org.springframework.amqp.rabbit.listener.SimpleMessageListenerContainer$AsyncMessageProcessingConsumer.run(SimpleMessageListenerContainer.java:1232) ~[spring-rabbit-3.0.4.jar:3.0.4]
	at java.base/java.lang.Thread.run(Thread.java:1589) ~[na:na]
Caused by: org.json.JSONException: No value for objectType
	at org.json.JSONObject.get(JSONObject.java:355) ~[android-json-0.0.20131108.vaadin1.jar:0.0.20131108.vaadin1]
	at edu.neu.info5.DemoApplication.service.IndexingListener.convertMapToDocumentIndex(IndexingListener.java:152) ~[classes/:na]
	at edu.neu.info5.DemoApplication.service.IndexingListener.postDocument(IndexingListener.java:73) ~[classes/:na]
	at edu.neu.info5.DemoApplication.service.IndexingListener.receiveMessage(IndexingListener.java:51) ~[classes/:na]
	at java.base/jdk.internal.reflect.DirectMethodHandleAccessor.invoke(DirectMethodHandleAccessor.java:104) ~[na:na]
	at java.base/java.lang.reflect.Method.invoke(Method.java:578) ~[na:na]
	at org.springframework.util.MethodInvoker.invoke(MethodInvoker.java:283) ~[spring-core-6.0.9.jar:6.0.9]
	at org.springframework.amqp.rabbit.listener.adapter.MessageListenerAdapter.invokeListenerMethod(MessageListenerAdapter.java:366) ~[spring-rabbit-3.0.4.jar:3.0.4]
	... 16 common frames omitted

Message received: {body={"mapType":"class java.util.HashMap","empty":false}, operation=SAVE}
2023-08-04T21:43:33.169-04:00  WARN 4865 --- [    container-1] org.elasticsearch.client.RestClient      : request [HEAD http://localhost:9200/plan-index?ignore_throttled=false&ignore_unavailable=false&expand_wildcards=open%2Cclosed&allow_no_indices=false] returned 2 warnings: [299 Elasticsearch-7.17.12-e3b0c3d3c5c130e1dc6d567d6baef1c73eeb2059 "Elasticsearch built-in security features are not enabled. Without authentication, your cluster could be accessible to anyone. See https://www.elastic.co/guide/en/elasticsearch/reference/7.17/security-minimal-setup.html to enable security."],[299 Elasticsearch-7.17.12-e3b0c3d3c5c130e1dc6d567d6baef1c73eeb2059 "[ignore_throttled] parameter is deprecated because frozen indices have been deprecated. Consider cold or frozen tiers in place of frozen indices."]
2023-08-04T21:43:33.170-04:00  WARN 4865 --- [    container-1] s.a.r.l.ConditionalRejectingErrorHandler : Execution of Rabbit message listener failed.

org.springframework.amqp.rabbit.support.ListenerExecutionFailedException: Listener method 'receiveMessage' threw exception
	at org.springframework.amqp.rabbit.listener.adapter.MessageListenerAdapter.invokeListenerMethod(MessageListenerAdapter.java:374) ~[spring-rabbit-3.0.4.jar:3.0.4]
	at org.springframework.amqp.rabbit.listener.adapter.MessageListenerAdapter.onMessage(MessageListenerAdapter.java:293) ~[spring-rabbit-3.0.4.jar:3.0.4]
	at org.springframework.amqp.rabbit.listener.AbstractMessageListenerContainer.doInvokeListener(AbstractMessageListenerContainer.java:1719) ~[spring-rabbit-3.0.4.jar:3.0.4]
	at org.springframework.amqp.rabbit.listener.AbstractMessageListenerContainer.actualInvokeListener(AbstractMessageListenerContainer.java:1638) ~[spring-rabbit-3.0.4.jar:3.0.4]
	at org.springframework.amqp.rabbit.listener.AbstractMessageListenerContainer.invokeListener(AbstractMessageListenerContainer.java:1626) ~[spring-rabbit-3.0.4.jar:3.0.4]
	at org.springframework.amqp.rabbit.listener.AbstractMessageListenerContainer.doExecuteListener(AbstractMessageListenerContainer.java:1617) ~[spring-rabbit-3.0.4.jar:3.0.4]
	at org.springframework.amqp.rabbit.listener.AbstractMessageListenerContainer.executeListenerAndHandleException(AbstractMessageListenerContainer.java:1562) ~[spring-rabbit-3.0.4.jar:3.0.4]
	at org.springframework.amqp.rabbit.listener.AbstractMessageListenerContainer.lambda$executeListener$8(AbstractMessageListenerContainer.java:1541) ~[spring-rabbit-3.0.4.jar:3.0.4]
	at io.micrometer.observation.Observation.lambda$observe$0(Observation.java:493) ~[micrometer-observation-1.11.0.jar:1.11.0]
	at io.micrometer.observation.Observation.observeWithContext(Observation.java:603) ~[micrometer-observation-1.11.0.jar:1.11.0]
	at io.micrometer.observation.Observation.observe(Observation.java:492) ~[micrometer-observation-1.11.0.jar:1.11.0]
	at org.springframework.amqp.rabbit.listener.AbstractMessageListenerContainer.executeListener(AbstractMessageListenerContainer.java:1541) ~[spring-rabbit-3.0.4.jar:3.0.4]
	at org.springframework.amqp.rabbit.listener.SimpleMessageListenerContainer.doReceiveAndExecute(SimpleMessageListenerContainer.java:1001) ~[spring-rabbit-3.0.4.jar:3.0.4]
	at org.springframework.amqp.rabbit.listener.SimpleMessageListenerContainer.receiveAndExecute(SimpleMessageListenerContainer.java:948) ~[spring-rabbit-3.0.4.jar:3.0.4]
	at org.springframework.amqp.rabbit.listener.SimpleMessageListenerContainer$AsyncMessageProcessingConsumer.mainLoop(SimpleMessageListenerContainer.java:1326) ~[spring-rabbit-3.0.4.jar:3.0.4]
	at org.springframework.amqp.rabbit.listener.SimpleMessageListenerContainer$AsyncMessageProcessingConsumer.run(SimpleMessageListenerContainer.java:1232) ~[spring-rabbit-3.0.4.jar:3.0.4]
	at java.base/java.lang.Thread.run(Thread.java:1589) ~[na:na]
Caused by: org.json.JSONException: No value for objectType
	at org.json.JSONObject.get(JSONObject.java:355) ~[android-json-0.0.20131108.vaadin1.jar:0.0.20131108.vaadin1]
	at edu.neu.info5.DemoApplication.service.IndexingListener.convertMapToDocumentIndex(IndexingListener.java:152) ~[classes/:na]
	at edu.neu.info5.DemoApplication.service.IndexingListener.postDocument(IndexingListener.java:73) ~[classes/:na]
	at edu.neu.info5.DemoApplication.service.IndexingListener.receiveMessage(IndexingListener.java:51) ~[classes/:na]
	at java.base/jdk.internal.reflect.DirectMethodHandleAccessor.invoke(DirectMethodHandleAccessor.java:104) ~[na:na]
	at java.base/java.lang.reflect.Method.invoke(Method.java:578) ~[na:na]
	at org.springframework.util.MethodInvoker.invoke(MethodInvoker.java:283) ~[spring-core-6.0.9.jar:6.0.9]
	at org.springframework.amqp.rabbit.listener.adapter.MessageListenerAdapter.invokeListenerMethod(MessageListenerAdapter.java:366) ~[spring-rabbit-3.0.4.jar:3.0.4]
	... 16 common frames omitted

Message received: {body={"mapType":"class java.util.HashMap","empty":false}, operation=SAVE}
2023-08-04T21:43:33.174-04:00  WARN 4865 --- [    container-1] org.elasticsearch.client.RestClient      : request [HEAD http://localhost:9200/plan-index?ignore_throttled=false&ignore_unavailable=false&expand_wildcards=open%2Cclosed&allow_no_indices=false] returned 2 warnings: [299 Elasticsearch-7.17.12-e3b0c3d3c5c130e1dc6d567d6baef1c73eeb2059 "Elasticsearch built-in security features are not enabled. Without authentication, your cluster could be accessible to anyone. See https://www.elastic.co/guide/en/elasticsearch/reference/7.17/security-minimal-setup.html to enable security."],[299 Elasticsearch-7.17.12-e3b0c3d3c5c130e1dc6d567d6baef1c73eeb2059 "[ignore_throttled] parameter is deprecated because frozen indices have been deprecated. Consider cold or frozen tiers in place of frozen indices."]
2023-08-04T21:43:33.174-04:00  WARN 4865 --- [    container-1] s.a.r.l.ConditionalRejectingErrorHandler : Execution of Rabbit message listener failed.

org.springframework.amqp.rabbit.support.ListenerExecutionFailedException: Listener method 'receiveMessage' threw exception
	at org.springframework.amqp.rabbit.listener.adapter.MessageListenerAdapter.invokeListenerMethod(MessageListenerAdapter.java:374) ~[spring-rabbit-3.0.4.jar:3.0.4]
	at org.springframework.amqp.rabbit.listener.adapter.MessageListenerAdapter.onMessage(MessageListenerAdapter.java:293) ~[spring-rabbit-3.0.4.jar:3.0.4]
	at org.springframework.amqp.rabbit.listener.AbstractMessageListenerContainer.doInvokeListener(AbstractMessageListenerContainer.java:1719) ~[spring-rabbit-3.0.4.jar:3.0.4]
	at org.springframework.amqp.rabbit.listener.AbstractMessageListenerContainer.actualInvokeListener(AbstractMessageListenerContainer.java:1638) ~[spring-rabbit-3.0.4.jar:3.0.4]
	at org.springframework.amqp.rabbit.listener.AbstractMessageListenerContainer.invokeListener(AbstractMessageListenerContainer.java:1626) ~[spring-rabbit-3.0.4.jar:3.0.4]
	at org.springframework.amqp.rabbit.listener.AbstractMessageListenerContainer.doExecuteListener(AbstractMessageListenerContainer.java:1617) ~[spring-rabbit-3.0.4.jar:3.0.4]
	at org.springframework.amqp.rabbit.listener.AbstractMessageListenerContainer.executeListenerAndHandleException(AbstractMessageListenerContainer.java:1562) ~[spring-rabbit-3.0.4.jar:3.0.4]
	at org.springframework.amqp.rabbit.listener.AbstractMessageListenerContainer.lambda$executeListener$8(AbstractMessageListenerContainer.java:1541) ~[spring-rabbit-3.0.4.jar:3.0.4]
	at io.micrometer.observation.Observation.lambda$observe$0(Observation.java:493) ~[micrometer-observation-1.11.0.jar:1.11.0]
	at io.micrometer.observation.Observation.observeWithContext(Observation.java:603) ~[micrometer-observation-1.11.0.jar:1.11.0]
	at io.micrometer.observation.Observation.observe(Observation.java:492) ~[micrometer-observation-1.11.0.jar:1.11.0]
	at org.springframework.amqp.rabbit.listener.AbstractMessageListenerContainer.executeListener(AbstractMessageListenerContainer.java:1541) ~[spring-rabbit-3.0.4.jar:3.0.4]
	at org.springframework.amqp.rabbit.listener.SimpleMessageListenerContainer.doReceiveAndExecute(SimpleMessageListenerContainer.java:1001) ~[spring-rabbit-3.0.4.jar:3.0.4]
	at org.springframework.amqp.rabbit.listener.SimpleMessageListenerContainer.receiveAndExecute(SimpleMessageListenerContainer.java:948) ~[spring-rabbit-3.0.4.jar:3.0.4]
	at org.springframework.amqp.rabbit.listener.SimpleMessageListenerContainer$AsyncMessageProcessingConsumer.mainLoop(SimpleMessageListenerContainer.java:1326) ~[spring-rabbit-3.0.4.jar:3.0.4]
	at org.springframework.amqp.rabbit.listener.SimpleMessageListenerContainer$AsyncMessageProcessingConsumer.run(SimpleMessageListenerContainer.java:1232) ~[spring-rabbit-3.0.4.jar:3.0.4]
	at java.base/java.lang.Thread.run(Thread.java:1589) ~[na:na]
Caused by: org.json.JSONException: No value for objectType
	at org.json.JSONObject.get(JSONObject.java:355) ~[android-json-0.0.20131108.vaadin1.jar:0.0.20131108.vaadin1]
	at edu.neu.info5.DemoApplication.service.IndexingListener.convertMapToDocumentIndex(IndexingListener.java:152) ~[classes/:na]
	at edu.neu.info5.DemoApplication.service.IndexingListener.postDocument(IndexingListener.java:73) ~[classes/:na]
	at edu.neu.info5.DemoApplication.service.IndexingListener.receiveMessage(IndexingListener.java:51) ~[classes/:na]
	at java.base/jdk.internal.reflect.DirectMethodHandleAccessor.invoke(DirectMethodHandleAccessor.java:104) ~[na:na]
	at java.base/java.lang.reflect.Method.invoke(Method.java:578) ~[na:na]
	at org.springframework.util.MethodInvoker.invoke(MethodInvoker.java:283) ~[spring-core-6.0.9.jar:6.0.9]
	at org.springframework.amqp.rabbit.listener.adapter.MessageListenerAdapter.invokeListenerMethod(MessageListenerAdapter.java:366) ~[spring-rabbit-3.0.4.jar:3.0.4]
	... 16 common frames omitted

Message received: {body={"mapType":"class java.util.HashMap","empty":false}, operation=SAVE}
2023-08-04T21:43:33.178-04:00  WARN 4865 --- [    container-1] org.elasticsearch.client.RestClient      : request [HEAD http://localhost:9200/plan-index?ignore_throttled=false&ignore_unavailable=false&expand_wildcards=open%2Cclosed&allow_no_indices=false] returned 2 warnings: [299 Elasticsearch-7.17.12-e3b0c3d3c5c130e1dc6d567d6baef1c73eeb2059 "Elasticsearch built-in security features are not enabled. Without authentication, your cluster could be accessible to anyone. See https://www.elastic.co/guide/en/elasticsearch/reference/7.17/security-minimal-setup.html to enable security."],[299 Elasticsearch-7.17.12-e3b0c3d3c5c130e1dc6d567d6baef1c73eeb2059 "[ignore_throttled] parameter is deprecated because frozen indices have been deprecated. Consider cold or frozen tiers in place of frozen indices."]
2023-08-04T21:43:33.178-04:00  WARN 4865 --- [    container-1] s.a.r.l.ConditionalRejectingErrorHandler : Execution of Rabbit message listener failed.

org.springframework.amqp.rabbit.support.ListenerExecutionFailedException: Listener method 'receiveMessage' threw exception
	at org.springframework.amqp.rabbit.listener.adapter.MessageListenerAdapter.invokeListenerMethod(MessageListenerAdapter.java:374) ~[spring-rabbit-3.0.4.jar:3.0.4]
	at org.springframework.amqp.rabbit.listener.adapter.MessageListenerAdapter.onMessage(MessageListenerAdapter.java:293) ~[spring-rabbit-3.0.4.jar:3.0.4]
	at org.springframework.amqp.rabbit.listener.AbstractMessageListenerContainer.doInvokeListener(AbstractMessageListenerContainer.java:1719) ~[spring-rabbit-3.0.4.jar:3.0.4]
	at org.springframework.amqp.rabbit.listener.AbstractMessageListenerContainer.actualInvokeListener(AbstractMessageListenerContainer.java:1638) ~[spring-rabbit-3.0.4.jar:3.0.4]
	at org.springframework.amqp.rabbit.listener.AbstractMessageListenerContainer.invokeListener(AbstractMessageListenerContainer.java:1626) ~[spring-rabbit-3.0.4.jar:3.0.4]
	at org.springframework.amqp.rabbit.listener.AbstractMessageListenerContainer.doExecuteListener(AbstractMessageListenerContainer.java:1617) ~[spring-rabbit-3.0.4.jar:3.0.4]
	at org.springframework.amqp.rabbit.listener.AbstractMessageListenerContainer.executeListenerAndHandleException(AbstractMessageListenerContainer.java:1562) ~[spring-rabbit-3.0.4.jar:3.0.4]
	at org.springframework.amqp.rabbit.listener.AbstractMessageListenerContainer.lambda$executeListener$8(AbstractMessageListenerContainer.java:1541) ~[spring-rabbit-3.0.4.jar:3.0.4]
	at io.micrometer.observation.Observation.lambda$observe$0(Observation.java:493) ~[micrometer-observation-1.11.0.jar:1.11.0]
	at io.micrometer.observation.Observation.observeWithContext(Observation.java:603) ~[micrometer-observation-1.11.0.jar:1.11.0]
	at io.micrometer.observation.Observation.observe(Observation.java:492) ~[micrometer-observation-1.11.0.jar:1.11.0]
	at org.springframework.amqp.rabbit.listener.AbstractMessageListenerContainer.executeListener(AbstractMessageListenerContainer.java:1541) ~[spring-rabbit-3.0.4.jar:3.0.4]
	at org.springframework.amqp.rabbit.listener.SimpleMessageListenerContainer.doReceiveAndExecute(SimpleMessageListenerContainer.java:1001) ~[spring-rabbit-3.0.4.jar:3.0.4]
	at org.springframework.amqp.rabbit.listener.SimpleMessageListenerContainer.receiveAndExecute(SimpleMessageListenerContainer.java:948) ~[spring-rabbit-3.0.4.jar:3.0.4]
	at org.springframework.amqp.rabbit.listener.SimpleMessageListenerContainer$AsyncMessageProcessingConsumer.mainLoop(SimpleMessageListenerContainer.java:1326) ~[spring-rabbit-3.0.4.jar:3.0.4]
	at org.springframework.amqp.rabbit.listener.SimpleMessageListenerContainer$AsyncMessageProcessingConsumer.run(SimpleMessageListenerContainer.java:1232) ~[spring-rabbit-3.0.4.jar:3.0.4]
	at java.base/java.lang.Thread.run(Thread.java:1589) ~[na:na]
Caused by: org.json.JSONException: No value for objectType
	at org.json.JSONObject.get(JSONObject.java:355) ~[android-json-0.0.20131108.vaadin1.jar:0.0.20131108.vaadin1]
	at edu.neu.info5.DemoApplication.service.IndexingListener.convertMapToDocumentIndex(IndexingListener.java:152) ~[classes/:na]
	at edu.neu.info5.DemoApplication.service.IndexingListener.postDocument(IndexingListener.java:73) ~[classes/:na]
	at edu.neu.info5.DemoApplication.service.IndexingListener.receiveMessage(IndexingListener.java:51) ~[classes/:na]
	at java.base/jdk.internal.reflect.DirectMethodHandleAccessor.invoke(DirectMethodHandleAccessor.java:104) ~[na:na]
	at java.base/java.lang.reflect.Method.invoke(Method.java:578) ~[na:na]
	at org.springframework.util.MethodInvoker.invoke(MethodInvoker.java:283) ~[spring-core-6.0.9.jar:6.0.9]
	at org.springframework.amqp.rabbit.listener.adapter.MessageListenerAdapter.invokeListenerMethod(MessageListenerAdapter.java:366) ~[spring-rabbit-3.0.4.jar:3.0.4]
	... 16 common frames omitted

Message received: {body={"mapType":"class java.util.HashMap","empty":false}, operation=SAVE}
2023-08-04T21:43:33.187-04:00  WARN 4865 --- [    container-1] org.elasticsearch.client.RestClient      : request [HEAD http://localhost:9200/plan-index?ignore_throttled=false&ignore_unavailable=false&expand_wildcards=open%2Cclosed&allow_no_indices=false] returned 2 warnings: [299 Elasticsearch-7.17.12-e3b0c3d3c5c130e1dc6d567d6baef1c73eeb2059 "Elasticsearch built-in security features are not enabled. Without authentication, your cluster could be accessible to anyone. See https://www.elastic.co/guide/en/elasticsearch/reference/7.17/security-minimal-setup.html to enable security."],[299 Elasticsearch-7.17.12-e3b0c3d3c5c130e1dc6d567d6baef1c73eeb2059 "[ignore_throttled] parameter is deprecated because frozen indices have been deprecated. Consider cold or frozen tiers in place of frozen indices."]
2023-08-04T21:43:33.188-04:00  WARN 4865 --- [    container-1] s.a.r.l.ConditionalRejectingErrorHandler : Execution of Rabbit message listener failed.

org.springframework.amqp.rabbit.support.ListenerExecutionFailedException: Listener method 'receiveMessage' threw exception
	at org.springframework.amqp.rabbit.listener.adapter.MessageListenerAdapter.invokeListenerMethod(MessageListenerAdapter.java:374) ~[spring-rabbit-3.0.4.jar:3.0.4]
	at org.springframework.amqp.rabbit.listener.adapter.MessageListenerAdapter.onMessage(MessageListenerAdapter.java:293) ~[spring-rabbit-3.0.4.jar:3.0.4]
	at org.springframework.amqp.rabbit.listener.AbstractMessageListenerContainer.doInvokeListener(AbstractMessageListenerContainer.java:1719) ~[spring-rabbit-3.0.4.jar:3.0.4]
	at org.springframework.amqp.rabbit.listener.AbstractMessageListenerContainer.actualInvokeListener(AbstractMessageListenerContainer.java:1638) ~[spring-rabbit-3.0.4.jar:3.0.4]
	at org.springframework.amqp.rabbit.listener.AbstractMessageListenerContainer.invokeListener(AbstractMessageListenerContainer.java:1626) ~[spring-rabbit-3.0.4.jar:3.0.4]
	at org.springframework.amqp.rabbit.listener.AbstractMessageListenerContainer.doExecuteListener(AbstractMessageListenerContainer.java:1617) ~[spring-rabbit-3.0.4.jar:3.0.4]
	at org.springframework.amqp.rabbit.listener.AbstractMessageListenerContainer.executeListenerAndHandleException(AbstractMessageListenerContainer.java:1562) ~[spring-rabbit-3.0.4.jar:3.0.4]
	at org.springframework.amqp.rabbit.listener.AbstractMessageListenerContainer.lambda$executeListener$8(AbstractMessageListenerContainer.java:1541) ~[spring-rabbit-3.0.4.jar:3.0.4]
	at io.micrometer.observation.Observation.lambda$observe$0(Observation.java:493) ~[micrometer-observation-1.11.0.jar:1.11.0]
	at io.micrometer.observation.Observation.observeWithContext(Observation.java:603) ~[micrometer-observation-1.11.0.jar:1.11.0]
	at io.micrometer.observation.Observation.observe(Observation.java:492) ~[micrometer-observation-1.11.0.jar:1.11.0]
	at org.springframework.amqp.rabbit.listener.AbstractMessageListenerContainer.executeListener(AbstractMessageListenerContainer.java:1541) ~[spring-rabbit-3.0.4.jar:3.0.4]
	at org.springframework.amqp.rabbit.listener.SimpleMessageListenerContainer.doReceiveAndExecute(SimpleMessageListenerContainer.java:1001) ~[spring-rabbit-3.0.4.jar:3.0.4]
	at org.springframework.amqp.rabbit.listener.SimpleMessageListenerContainer.receiveAndExecute(SimpleMessageListenerContainer.java:948) ~[spring-rabbit-3.0.4.jar:3.0.4]
	at org.springframework.amqp.rabbit.listener.SimpleMessageListenerContainer$AsyncMessageProcessingConsumer.mainLoop(SimpleMessageListenerContainer.java:1326) ~[spring-rabbit-3.0.4.jar:3.0.4]
	at org.springframework.amqp.rabbit.listener.SimpleMessageListenerContainer$AsyncMessageProcessingConsumer.run(SimpleMessageListenerContainer.java:1232) ~[spring-rabbit-3.0.4.jar:3.0.4]
	at java.base/java.lang.Thread.run(Thread.java:1589) ~[na:na]
Caused by: org.json.JSONException: No value for objectType
	at org.json.JSONObject.get(JSONObject.java:355) ~[android-json-0.0.20131108.vaadin1.jar:0.0.20131108.vaadin1]
	at edu.neu.info5.DemoApplication.service.IndexingListener.convertMapToDocumentIndex(IndexingListener.java:152) ~[classes/:na]
	at edu.neu.info5.DemoApplication.service.IndexingListener.postDocument(IndexingListener.java:73) ~[classes/:na]
	at edu.neu.info5.DemoApplication.service.IndexingListener.receiveMessage(IndexingListener.java:51) ~[classes/:na]
	at java.base/jdk.internal.reflect.DirectMethodHandleAccessor.invoke(DirectMethodHandleAccessor.java:104) ~[na:na]
	at java.base/java.lang.reflect.Method.invoke(Method.java:578) ~[na:na]
	at org.springframework.util.MethodInvoker.invoke(MethodInvoker.java:283) ~[spring-core-6.0.9.jar:6.0.9]
	at org.springframework.amqp.rabbit.listener.adapter.MessageListenerAdapter.invokeListenerMethod(MessageListenerAdapter.java:366) ~[spring-rabbit-3.0.4.jar:3.0.4]
	... 16 common frames omitted

Message received: {body={"mapType":"class java.util.HashMap","empty":false}, operation=SAVE}
2023-08-04T21:43:33.191-04:00  WARN 4865 --- [    container-1] org.elasticsearch.client.RestClient      : request [HEAD http://localhost:9200/plan-index?ignore_throttled=false&ignore_unavailable=false&expand_wildcards=open%2Cclosed&allow_no_indices=false] returned 2 warnings: [299 Elasticsearch-7.17.12-e3b0c3d3c5c130e1dc6d567d6baef1c73eeb2059 "Elasticsearch built-in security features are not enabled. Without authentication, your cluster could be accessible to anyone. See https://www.elastic.co/guide/en/elasticsearch/reference/7.17/security-minimal-setup.html to enable security."],[299 Elasticsearch-7.17.12-e3b0c3d3c5c130e1dc6d567d6baef1c73eeb2059 "[ignore_throttled] parameter is deprecated because frozen indices have been deprecated. Consider cold or frozen tiers in place of frozen indices."]
2023-08-04T21:43:33.191-04:00  WARN 4865 --- [    container-1] s.a.r.l.ConditionalRejectingErrorHandler : Execution of Rabbit message listener failed.

org.springframework.amqp.rabbit.support.ListenerExecutionFailedException: Listener method 'receiveMessage' threw exception
	at org.springframework.amqp.rabbit.listener.adapter.MessageListenerAdapter.invokeListenerMethod(MessageListenerAdapter.java:374) ~[spring-rabbit-3.0.4.jar:3.0.4]
	at org.springframework.amqp.rabbit.listener.adapter.MessageListenerAdapter.onMessage(MessageListenerAdapter.java:293) ~[spring-rabbit-3.0.4.jar:3.0.4]
	at org.springframework.amqp.rabbit.listener.AbstractMessageListenerContainer.doInvokeListener(AbstractMessageListenerContainer.java:1719) ~[spring-rabbit-3.0.4.jar:3.0.4]
	at org.springframework.amqp.rabbit.listener.AbstractMessageListenerContainer.actualInvokeListener(AbstractMessageListenerContainer.java:1638) ~[spring-rabbit-3.0.4.jar:3.0.4]
	at org.springframework.amqp.rabbit.listener.AbstractMessageListenerContainer.invokeListener(AbstractMessageListenerContainer.java:1626) ~[spring-rabbit-3.0.4.jar:3.0.4]
	at org.springframework.amqp.rabbit.listener.AbstractMessageListenerContainer.doExecuteListener(AbstractMessageListenerContainer.java:1617) ~[spring-rabbit-3.0.4.jar:3.0.4]
	at org.springframework.amqp.rabbit.listener.AbstractMessageListenerContainer.executeListenerAndHandleException(AbstractMessageListenerContainer.java:1562) ~[spring-rabbit-3.0.4.jar:3.0.4]
	at org.springframework.amqp.rabbit.listener.AbstractMessageListenerContainer.lambda$executeListener$8(AbstractMessageListenerContainer.java:1541) ~[spring-rabbit-3.0.4.jar:3.0.4]
	at io.micrometer.observation.Observation.lambda$observe$0(Observation.java:493) ~[micrometer-observation-1.11.0.jar:1.11.0]
	at io.micrometer.observation.Observation.observeWithContext(Observation.java:603) ~[micrometer-observation-1.11.0.jar:1.11.0]
	at io.micrometer.observation.Observation.observe(Observation.java:492) ~[micrometer-observation-1.11.0.jar:1.11.0]
	at org.springframework.amqp.rabbit.listener.AbstractMessageListenerContainer.executeListener(AbstractMessageListenerContainer.java:1541) ~[spring-rabbit-3.0.4.jar:3.0.4]
	at org.springframework.amqp.rabbit.listener.SimpleMessageListenerContainer.doReceiveAndExecute(SimpleMessageListenerContainer.java:1001) ~[spring-rabbit-3.0.4.jar:3.0.4]
	at org.springframework.amqp.rabbit.listener.SimpleMessageListenerContainer.receiveAndExecute(SimpleMessageListenerContainer.java:948) ~[spring-rabbit-3.0.4.jar:3.0.4]
	at org.springframework.amqp.rabbit.listener.SimpleMessageListenerContainer$AsyncMessageProcessingConsumer.mainLoop(SimpleMessageListenerContainer.java:1326) ~[spring-rabbit-3.0.4.jar:3.0.4]
	at org.springframework.amqp.rabbit.listener.SimpleMessageListenerContainer$AsyncMessageProcessingConsumer.run(SimpleMessageListenerContainer.java:1232) ~[spring-rabbit-3.0.4.jar:3.0.4]
	at java.base/java.lang.Thread.run(Thread.java:1589) ~[na:na]
Caused by: org.json.JSONException: No value for objectType
	at org.json.JSONObject.get(JSONObject.java:355) ~[android-json-0.0.20131108.vaadin1.jar:0.0.20131108.vaadin1]
	at edu.neu.info5.DemoApplication.service.IndexingListener.convertMapToDocumentIndex(IndexingListener.java:152) ~[classes/:na]
	at edu.neu.info5.DemoApplication.service.IndexingListener.postDocument(IndexingListener.java:73) ~[classes/:na]
	at edu.neu.info5.DemoApplication.service.IndexingListener.receiveMessage(IndexingListener.java:51) ~[classes/:na]
	at java.base/jdk.internal.reflect.DirectMethodHandleAccessor.invoke(DirectMethodHandleAccessor.java:104) ~[na:na]
	at java.base/java.lang.reflect.Method.invoke(Method.java:578) ~[na:na]
	at org.springframework.util.MethodInvoker.invoke(MethodInvoker.java:283) ~[spring-core-6.0.9.jar:6.0.9]
	at org.springframework.amqp.rabbit.listener.adapter.MessageListenerAdapter.invokeListenerMethod(MessageListenerAdapter.java:366) ~[spring-rabbit-3.0.4.jar:3.0.4]
	... 16 common frames omitted

Message received: {body={"mapType":"class java.util.HashMap","empty":false}, operation=SAVE}
2023-08-04T21:43:33.194-04:00  WARN 4865 --- [    container-1] org.elasticsearch.client.RestClient      : request [HEAD http://localhost:9200/plan-index?ignore_throttled=false&ignore_unavailable=false&expand_wildcards=open%2Cclosed&allow_no_indices=false] returned 2 warnings: [299 Elasticsearch-7.17.12-e3b0c3d3c5c130e1dc6d567d6baef1c73eeb2059 "Elasticsearch built-in security features are not enabled. Without authentication, your cluster could be accessible to anyone. See https://www.elastic.co/guide/en/elasticsearch/reference/7.17/security-minimal-setup.html to enable security."],[299 Elasticsearch-7.17.12-e3b0c3d3c5c130e1dc6d567d6baef1c73eeb2059 "[ignore_throttled] parameter is deprecated because frozen indices have been deprecated. Consider cold or frozen tiers in place of frozen indices."]
2023-08-04T21:43:33.194-04:00  WARN 4865 --- [    container-1] s.a.r.l.ConditionalRejectingErrorHandler : Execution of Rabbit message listener failed.

org.springframework.amqp.rabbit.support.ListenerExecutionFailedException: Listener method 'receiveMessage' threw exception
	at org.springframework.amqp.rabbit.listener.adapter.MessageListenerAdapter.invokeListenerMethod(MessageListenerAdapter.java:374) ~[spring-rabbit-3.0.4.jar:3.0.4]
	at org.springframework.amqp.rabbit.listener.adapter.MessageListenerAdapter.onMessage(MessageListenerAdapter.java:293) ~[spring-rabbit-3.0.4.jar:3.0.4]
	at org.springframework.amqp.rabbit.listener.AbstractMessageListenerContainer.doInvokeListener(AbstractMessageListenerContainer.java:1719) ~[spring-rabbit-3.0.4.jar:3.0.4]
	at org.springframework.amqp.rabbit.listener.AbstractMessageListenerContainer.actualInvokeListener(AbstractMessageListenerContainer.java:1638) ~[spring-rabbit-3.0.4.jar:3.0.4]
	at org.springframework.amqp.rabbit.listener.AbstractMessageListenerContainer.invokeListener(AbstractMessageListenerContainer.java:1626) ~[spring-rabbit-3.0.4.jar:3.0.4]
	at org.springframework.amqp.rabbit.listener.AbstractMessageListenerContainer.doExecuteListener(AbstractMessageListenerContainer.java:1617) ~[spring-rabbit-3.0.4.jar:3.0.4]
	at org.springframework.amqp.rabbit.listener.AbstractMessageListenerContainer.executeListenerAndHandleException(AbstractMessageListenerContainer.java:1562) ~[spring-rabbit-3.0.4.jar:3.0.4]
	at org.springframework.amqp.rabbit.listener.AbstractMessageListenerContainer.lambda$executeListener$8(AbstractMessageListenerContainer.java:1541) ~[spring-rabbit-3.0.4.jar:3.0.4]
	at io.micrometer.observation.Observation.lambda$observe$0(Observation.java:493) ~[micrometer-observation-1.11.0.jar:1.11.0]
	at io.micrometer.observation.Observation.observeWithContext(Observation.java:603) ~[micrometer-observation-1.11.0.jar:1.11.0]
	at io.micrometer.observation.Observation.observe(Observation.java:492) ~[micrometer-observation-1.11.0.jar:1.11.0]
	at org.springframework.amqp.rabbit.listener.AbstractMessageListenerContainer.executeListener(AbstractMessageListenerContainer.java:1541) ~[spring-rabbit-3.0.4.jar:3.0.4]
	at org.springframework.amqp.rabbit.listener.SimpleMessageListenerContainer.doReceiveAndExecute(SimpleMessageListenerContainer.java:1001) ~[spring-rabbit-3.0.4.jar:3.0.4]
	at org.springframework.amqp.rabbit.listener.SimpleMessageListenerContainer.receiveAndExecute(SimpleMessageListenerContainer.java:948) ~[spring-rabbit-3.0.4.jar:3.0.4]
	at org.springframework.amqp.rabbit.listener.SimpleMessageListenerContainer$AsyncMessageProcessingConsumer.mainLoop(SimpleMessageListenerContainer.java:1326) ~[spring-rabbit-3.0.4.jar:3.0.4]
	at org.springframework.amqp.rabbit.listener.SimpleMessageListenerContainer$AsyncMessageProcessingConsumer.run(SimpleMessageListenerContainer.java:1232) ~[spring-rabbit-3.0.4.jar:3.0.4]
	at java.base/java.lang.Thread.run(Thread.java:1589) ~[na:na]
Caused by: org.json.JSONException: No value for objectType
	at org.json.JSONObject.get(JSONObject.java:355) ~[android-json-0.0.20131108.vaadin1.jar:0.0.20131108.vaadin1]
	at edu.neu.info5.DemoApplication.service.IndexingListener.convertMapToDocumentIndex(IndexingListener.java:152) ~[classes/:na]
	at edu.neu.info5.DemoApplication.service.IndexingListener.postDocument(IndexingListener.java:73) ~[classes/:na]
	at edu.neu.info5.DemoApplication.service.IndexingListener.receiveMessage(IndexingListener.java:51) ~[classes/:na]
	at java.base/jdk.internal.reflect.DirectMethodHandleAccessor.invoke(DirectMethodHandleAccessor.java:104) ~[na:na]
	at java.base/java.lang.reflect.Method.invoke(Method.java:578) ~[na:na]
	at org.springframework.util.MethodInvoker.invoke(MethodInvoker.java:283) ~[spring-core-6.0.9.jar:6.0.9]
	at org.springframework.amqp.rabbit.listener.adapter.MessageListenerAdapter.invokeListenerMethod(MessageListenerAdapter.java:366) ~[spring-rabbit-3.0.4.jar:3.0.4]
	... 16 common frames omitted

Message received: {body={"mapType":"class java.util.HashMap","empty":false}, operation=SAVE}
2023-08-04T21:43:33.197-04:00  WARN 4865 --- [    container-1] org.elasticsearch.client.RestClient      : request [HEAD http://localhost:9200/plan-index?ignore_throttled=false&ignore_unavailable=false&expand_wildcards=open%2Cclosed&allow_no_indices=false] returned 2 warnings: [299 Elasticsearch-7.17.12-e3b0c3d3c5c130e1dc6d567d6baef1c73eeb2059 "Elasticsearch built-in security features are not enabled. Without authentication, your cluster could be accessible to anyone. See https://www.elastic.co/guide/en/elasticsearch/reference/7.17/security-minimal-setup.html to enable security."],[299 Elasticsearch-7.17.12-e3b0c3d3c5c130e1dc6d567d6baef1c73eeb2059 "[ignore_throttled] parameter is deprecated because frozen indices have been deprecated. Consider cold or frozen tiers in place of frozen indices."]
2023-08-04T21:43:33.197-04:00  WARN 4865 --- [    container-1] s.a.r.l.ConditionalRejectingErrorHandler : Execution of Rabbit message listener failed.

org.springframework.amqp.rabbit.support.ListenerExecutionFailedException: Listener method 'receiveMessage' threw exception
	at org.springframework.amqp.rabbit.listener.adapter.MessageListenerAdapter.invokeListenerMethod(MessageListenerAdapter.java:374) ~[spring-rabbit-3.0.4.jar:3.0.4]
	at org.springframework.amqp.rabbit.listener.adapter.MessageListenerAdapter.onMessage(MessageListenerAdapter.java:293) ~[spring-rabbit-3.0.4.jar:3.0.4]
	at org.springframework.amqp.rabbit.listener.AbstractMessageListenerContainer.doInvokeListener(AbstractMessageListenerContainer.java:1719) ~[spring-rabbit-3.0.4.jar:3.0.4]
	at org.springframework.amqp.rabbit.listener.AbstractMessageListenerContainer.actualInvokeListener(AbstractMessageListenerContainer.java:1638) ~[spring-rabbit-3.0.4.jar:3.0.4]
	at org.springframework.amqp.rabbit.listener.AbstractMessageListenerContainer.invokeListener(AbstractMessageListenerContainer.java:1626) ~[spring-rabbit-3.0.4.jar:3.0.4]
	at org.springframework.amqp.rabbit.listener.AbstractMessageListenerContainer.doExecuteListener(AbstractMessageListenerContainer.java:1617) ~[spring-rabbit-3.0.4.jar:3.0.4]
	at org.springframework.amqp.rabbit.listener.AbstractMessageListenerContainer.executeListenerAndHandleException(AbstractMessageListenerContainer.java:1562) ~[spring-rabbit-3.0.4.jar:3.0.4]
	at org.springframework.amqp.rabbit.listener.AbstractMessageListenerContainer.lambda$executeListener$8(AbstractMessageListenerContainer.java:1541) ~[spring-rabbit-3.0.4.jar:3.0.4]
	at io.micrometer.observation.Observation.lambda$observe$0(Observation.java:493) ~[micrometer-observation-1.11.0.jar:1.11.0]
	at io.micrometer.observation.Observation.observeWithContext(Observation.java:603) ~[micrometer-observation-1.11.0.jar:1.11.0]
	at io.micrometer.observation.Observation.observe(Observation.java:492) ~[micrometer-observation-1.11.0.jar:1.11.0]
	at org.springframework.amqp.rabbit.listener.AbstractMessageListenerContainer.executeListener(AbstractMessageListenerContainer.java:1541) ~[spring-rabbit-3.0.4.jar:3.0.4]
	at org.springframework.amqp.rabbit.listener.SimpleMessageListenerContainer.doReceiveAndExecute(SimpleMessageListenerContainer.java:1001) ~[spring-rabbit-3.0.4.jar:3.0.4]
	at org.springframework.amqp.rabbit.listener.SimpleMessageListenerContainer.receiveAndExecute(SimpleMessageListenerContainer.java:948) ~[spring-rabbit-3.0.4.jar:3.0.4]
	at org.springframework.amqp.rabbit.listener.SimpleMessageListenerContainer$AsyncMessageProcessingConsumer.mainLoop(SimpleMessageListenerContainer.java:1326) ~[spring-rabbit-3.0.4.jar:3.0.4]
	at org.springframework.amqp.rabbit.listener.SimpleMessageListenerContainer$AsyncMessageProcessingConsumer.run(SimpleMessageListenerContainer.java:1232) ~[spring-rabbit-3.0.4.jar:3.0.4]
	at java.base/java.lang.Thread.run(Thread.java:1589) ~[na:na]
Caused by: org.json.JSONException: No value for objectType
	at org.json.JSONObject.get(JSONObject.java:355) ~[android-json-0.0.20131108.vaadin1.jar:0.0.20131108.vaadin1]
	at edu.neu.info5.DemoApplication.service.IndexingListener.convertMapToDocumentIndex(IndexingListener.java:152) ~[classes/:na]
	at edu.neu.info5.DemoApplication.service.IndexingListener.postDocument(IndexingListener.java:73) ~[classes/:na]
	at edu.neu.info5.DemoApplication.service.IndexingListener.receiveMessage(IndexingListener.java:51) ~[classes/:na]
	at java.base/jdk.internal.reflect.DirectMethodHandleAccessor.invoke(DirectMethodHandleAccessor.java:104) ~[na:na]
	at java.base/java.lang.reflect.Method.invoke(Method.java:578) ~[na:na]
	at org.springframework.util.MethodInvoker.invoke(MethodInvoker.java:283) ~[spring-core-6.0.9.jar:6.0.9]
	at org.springframework.amqp.rabbit.listener.adapter.MessageListenerAdapter.invokeListenerMethod(MessageListenerAdapter.java:366) ~[spring-rabbit-3.0.4.jar:3.0.4]
	... 16 common frames omitted

Message received: {body={"mapType":"class java.util.HashMap","empty":false}, operation=SAVE}
2023-08-04T21:43:33.198-04:00  WARN 4865 --- [    container-1] org.elasticsearch.client.RestClient      : request [HEAD http://localhost:9200/plan-index?ignore_throttled=false&ignore_unavailable=false&expand_wildcards=open%2Cclosed&allow_no_indices=false] returned 2 warnings: [299 Elasticsearch-7.17.12-e3b0c3d3c5c130e1dc6d567d6baef1c73eeb2059 "Elasticsearch built-in security features are not enabled. Without authentication, your cluster could be accessible to anyone. See https://www.elastic.co/guide/en/elasticsearch/reference/7.17/security-minimal-setup.html to enable security."],[299 Elasticsearch-7.17.12-e3b0c3d3c5c130e1dc6d567d6baef1c73eeb2059 "[ignore_throttled] parameter is deprecated because frozen indices have been deprecated. Consider cold or frozen tiers in place of frozen indices."]
2023-08-04T21:43:33.199-04:00  WARN 4865 --- [    container-1] s.a.r.l.ConditionalRejectingErrorHandler : Execution of Rabbit message listener failed.

org.springframework.amqp.rabbit.support.ListenerExecutionFailedException: Listener method 'receiveMessage' threw exception
	at org.springframework.amqp.rabbit.listener.adapter.MessageListenerAdapter.invokeListenerMethod(MessageListenerAdapter.java:374) ~[spring-rabbit-3.0.4.jar:3.0.4]
	at org.springframework.amqp.rabbit.listener.adapter.MessageListenerAdapter.onMessage(MessageListenerAdapter.java:293) ~[spring-rabbit-3.0.4.jar:3.0.4]
	at org.springframework.amqp.rabbit.listener.AbstractMessageListenerContainer.doInvokeListener(AbstractMessageListenerContainer.java:1719) ~[spring-rabbit-3.0.4.jar:3.0.4]
	at org.springframework.amqp.rabbit.listener.AbstractMessageListenerContainer.actualInvokeListener(AbstractMessageListenerContainer.java:1638) ~[spring-rabbit-3.0.4.jar:3.0.4]
	at org.springframework.amqp.rabbit.listener.AbstractMessageListenerContainer.invokeListener(AbstractMessageListenerContainer.java:1626) ~[spring-rabbit-3.0.4.jar:3.0.4]
	at org.springframework.amqp.rabbit.listener.AbstractMessageListenerContainer.doExecuteListener(AbstractMessageListenerContainer.java:1617) ~[spring-rabbit-3.0.4.jar:3.0.4]
	at org.springframework.amqp.rabbit.listener.AbstractMessageListenerContainer.executeListenerAndHandleException(AbstractMessageListenerContainer.java:1562) ~[spring-rabbit-3.0.4.jar:3.0.4]
	at org.springframework.amqp.rabbit.listener.AbstractMessageListenerContainer.lambda$executeListener$8(AbstractMessageListenerContainer.java:1541) ~[spring-rabbit-3.0.4.jar:3.0.4]
	at io.micrometer.observation.Observation.lambda$observe$0(Observation.java:493) ~[micrometer-observation-1.11.0.jar:1.11.0]
	at io.micrometer.observation.Observation.observeWithContext(Observation.java:603) ~[micrometer-observation-1.11.0.jar:1.11.0]
	at io.micrometer.observation.Observation.observe(Observation.java:492) ~[micrometer-observation-1.11.0.jar:1.11.0]
	at org.springframework.amqp.rabbit.listener.AbstractMessageListenerContainer.executeListener(AbstractMessageListenerContainer.java:1541) ~[spring-rabbit-3.0.4.jar:3.0.4]
	at org.springframework.amqp.rabbit.listener.SimpleMessageListenerContainer.doReceiveAndExecute(SimpleMessageListenerContainer.java:1001) ~[spring-rabbit-3.0.4.jar:3.0.4]
	at org.springframework.amqp.rabbit.listener.SimpleMessageListenerContainer.receiveAndExecute(SimpleMessageListenerContainer.java:948) ~[spring-rabbit-3.0.4.jar:3.0.4]
	at org.springframework.amqp.rabbit.listener.SimpleMessageListenerContainer$AsyncMessageProcessingConsumer.mainLoop(SimpleMessageListenerContainer.java:1326) ~[spring-rabbit-3.0.4.jar:3.0.4]
	at org.springframework.amqp.rabbit.listener.SimpleMessageListenerContainer$AsyncMessageProcessingConsumer.run(SimpleMessageListenerContainer.java:1232) ~[spring-rabbit-3.0.4.jar:3.0.4]
	at java.base/java.lang.Thread.run(Thread.java:1589) ~[na:na]
Caused by: org.json.JSONException: No value for objectType
	at org.json.JSONObject.get(JSONObject.java:355) ~[android-json-0.0.20131108.vaadin1.jar:0.0.20131108.vaadin1]
	at edu.neu.info5.DemoApplication.service.IndexingListener.convertMapToDocumentIndex(IndexingListener.java:152) ~[classes/:na]
	at edu.neu.info5.DemoApplication.service.IndexingListener.postDocument(IndexingListener.java:73) ~[classes/:na]
	at edu.neu.info5.DemoApplication.service.IndexingListener.receiveMessage(IndexingListener.java:51) ~[classes/:na]
	at java.base/jdk.internal.reflect.DirectMethodHandleAccessor.invoke(DirectMethodHandleAccessor.java:104) ~[na:na]
	at java.base/java.lang.reflect.Method.invoke(Method.java:578) ~[na:na]
	at org.springframework.util.MethodInvoker.invoke(MethodInvoker.java:283) ~[spring-core-6.0.9.jar:6.0.9]
	at org.springframework.amqp.rabbit.listener.adapter.MessageListenerAdapter.invokeListenerMethod(MessageListenerAdapter.java:366) ~[spring-rabbit-3.0.4.jar:3.0.4]
	... 16 common frames omitted

Message received: {body={"mapType":"class java.util.HashMap","empty":false}, operation=SAVE}
2023-08-04T21:43:33.200-04:00  WARN 4865 --- [    container-1] org.elasticsearch.client.RestClient      : request [HEAD http://localhost:9200/plan-index?ignore_throttled=false&ignore_unavailable=false&expand_wildcards=open%2Cclosed&allow_no_indices=false] returned 2 warnings: [299 Elasticsearch-7.17.12-e3b0c3d3c5c130e1dc6d567d6baef1c73eeb2059 "Elasticsearch built-in security features are not enabled. Without authentication, your cluster could be accessible to anyone. See https://www.elastic.co/guide/en/elasticsearch/reference/7.17/security-minimal-setup.html to enable security."],[299 Elasticsearch-7.17.12-e3b0c3d3c5c130e1dc6d567d6baef1c73eeb2059 "[ignore_throttled] parameter is deprecated because frozen indices have been deprecated. Consider cold or frozen tiers in place of frozen indices."]
2023-08-04T21:43:33.200-04:00  WARN 4865 --- [    container-1] s.a.r.l.ConditionalRejectingErrorHandler : Execution of Rabbit message listener failed.

org.springframework.amqp.rabbit.support.ListenerExecutionFailedException: Listener method 'receiveMessage' threw exception
	at org.springframework.amqp.rabbit.listener.adapter.MessageListenerAdapter.invokeListenerMethod(MessageListenerAdapter.java:374) ~[spring-rabbit-3.0.4.jar:3.0.4]
	at org.springframework.amqp.rabbit.listener.adapter.MessageListenerAdapter.onMessage(MessageListenerAdapter.java:293) ~[spring-rabbit-3.0.4.jar:3.0.4]
	at org.springframework.amqp.rabbit.listener.AbstractMessageListenerContainer.doInvokeListener(AbstractMessageListenerContainer.java:1719) ~[spring-rabbit-3.0.4.jar:3.0.4]
	at org.springframework.amqp.rabbit.listener.AbstractMessageListenerContainer.actualInvokeListener(AbstractMessageListenerContainer.java:1638) ~[spring-rabbit-3.0.4.jar:3.0.4]
	at org.springframework.amqp.rabbit.listener.AbstractMessageListenerContainer.invokeListener(AbstractMessageListenerContainer.java:1626) ~[spring-rabbit-3.0.4.jar:3.0.4]
	at org.springframework.amqp.rabbit.listener.AbstractMessageListenerContainer.doExecuteListener(AbstractMessageListenerContainer.java:1617) ~[spring-rabbit-3.0.4.jar:3.0.4]
	at org.springframework.amqp.rabbit.listener.AbstractMessageListenerContainer.executeListenerAndHandleException(AbstractMessageListenerContainer.java:1562) ~[spring-rabbit-3.0.4.jar:3.0.4]
	at org.springframework.amqp.rabbit.listener.AbstractMessageListenerContainer.lambda$executeListener$8(AbstractMessageListenerContainer.java:1541) ~[spring-rabbit-3.0.4.jar:3.0.4]
	at io.micrometer.observation.Observation.lambda$observe$0(Observation.java:493) ~[micrometer-observation-1.11.0.jar:1.11.0]
	at io.micrometer.observation.Observation.observeWithContext(Observation.java:603) ~[micrometer-observation-1.11.0.jar:1.11.0]
	at io.micrometer.observation.Observation.observe(Observation.java:492) ~[micrometer-observation-1.11.0.jar:1.11.0]
	at org.springframework.amqp.rabbit.listener.AbstractMessageListenerContainer.executeListener(AbstractMessageListenerContainer.java:1541) ~[spring-rabbit-3.0.4.jar:3.0.4]
	at org.springframework.amqp.rabbit.listener.SimpleMessageListenerContainer.doReceiveAndExecute(SimpleMessageListenerContainer.java:1001) ~[spring-rabbit-3.0.4.jar:3.0.4]
	at org.springframework.amqp.rabbit.listener.SimpleMessageListenerContainer.receiveAndExecute(SimpleMessageListenerContainer.java:948) ~[spring-rabbit-3.0.4.jar:3.0.4]
	at org.springframework.amqp.rabbit.listener.SimpleMessageListenerContainer$AsyncMessageProcessingConsumer.mainLoop(SimpleMessageListenerContainer.java:1326) ~[spring-rabbit-3.0.4.jar:3.0.4]
	at org.springframework.amqp.rabbit.listener.SimpleMessageListenerContainer$AsyncMessageProcessingConsumer.run(SimpleMessageListenerContainer.java:1232) ~[spring-rabbit-3.0.4.jar:3.0.4]
	at java.base/java.lang.Thread.run(Thread.java:1589) ~[na:na]
Caused by: org.json.JSONException: No value for objectType
	at org.json.JSONObject.get(JSONObject.java:355) ~[android-json-0.0.20131108.vaadin1.jar:0.0.20131108.vaadin1]
	at edu.neu.info5.DemoApplication.service.IndexingListener.convertMapToDocumentIndex(IndexingListener.java:152) ~[classes/:na]
	at edu.neu.info5.DemoApplication.service.IndexingListener.postDocument(IndexingListener.java:73) ~[classes/:na]
	at edu.neu.info5.DemoApplication.service.IndexingListener.receiveMessage(IndexingListener.java:51) ~[classes/:na]
	at java.base/jdk.internal.reflect.DirectMethodHandleAccessor.invoke(DirectMethodHandleAccessor.java:104) ~[na:na]
	at java.base/java.lang.reflect.Method.invoke(Method.java:578) ~[na:na]
	at org.springframework.util.MethodInvoker.invoke(MethodInvoker.java:283) ~[spring-core-6.0.9.jar:6.0.9]
	at org.springframework.amqp.rabbit.listener.adapter.MessageListenerAdapter.invokeListenerMethod(MessageListenerAdapter.java:366) ~[spring-rabbit-3.0.4.jar:3.0.4]
	... 16 common frames omitted

Message received: {body={"mapType":"class java.util.HashMap","empty":false}, operation=SAVE}
2023-08-04T21:43:33.203-04:00  WARN 4865 --- [    container-1] org.elasticsearch.client.RestClient      : request [HEAD http://localhost:9200/plan-index?ignore_throttled=false&ignore_unavailable=false&expand_wildcards=open%2Cclosed&allow_no_indices=false] returned 2 warnings: [299 Elasticsearch-7.17.12-e3b0c3d3c5c130e1dc6d567d6baef1c73eeb2059 "Elasticsearch built-in security features are not enabled. Without authentication, your cluster could be accessible to anyone. See https://www.elastic.co/guide/en/elasticsearch/reference/7.17/security-minimal-setup.html to enable security."],[299 Elasticsearch-7.17.12-e3b0c3d3c5c130e1dc6d567d6baef1c73eeb2059 "[ignore_throttled] parameter is deprecated because frozen indices have been deprecated. Consider cold or frozen tiers in place of frozen indices."]
2023-08-04T21:43:33.203-04:00  WARN 4865 --- [    container-1] s.a.r.l.ConditionalRejectingErrorHandler : Execution of Rabbit message listener failed.

org.springframework.amqp.rabbit.support.ListenerExecutionFailedException: Listener method 'receiveMessage' threw exception
	at org.springframework.amqp.rabbit.listener.adapter.MessageListenerAdapter.invokeListenerMethod(MessageListenerAdapter.java:374) ~[spring-rabbit-3.0.4.jar:3.0.4]
	at org.springframework.amqp.rabbit.listener.adapter.MessageListenerAdapter.onMessage(MessageListenerAdapter.java:293) ~[spring-rabbit-3.0.4.jar:3.0.4]
	at org.springframework.amqp.rabbit.listener.AbstractMessageListenerContainer.doInvokeListener(AbstractMessageListenerContainer.java:1719) ~[spring-rabbit-3.0.4.jar:3.0.4]
	at org.springframework.amqp.rabbit.listener.AbstractMessageListenerContainer.actualInvokeListener(AbstractMessageListenerContainer.java:1638) ~[spring-rabbit-3.0.4.jar:3.0.4]
	at org.springframework.amqp.rabbit.listener.AbstractMessageListenerContainer.invokeListener(AbstractMessageListenerContainer.java:1626) ~[spring-rabbit-3.0.4.jar:3.0.4]
	at org.springframework.amqp.rabbit.listener.AbstractMessageListenerContainer.doExecuteListener(AbstractMessageListenerContainer.java:1617) ~[spring-rabbit-3.0.4.jar:3.0.4]
	at org.springframework.amqp.rabbit.listener.AbstractMessageListenerContainer.executeListenerAndHandleException(AbstractMessageListenerContainer.java:1562) ~[spring-rabbit-3.0.4.jar:3.0.4]
	at org.springframework.amqp.rabbit.listener.AbstractMessageListenerContainer.lambda$executeListener$8(AbstractMessageListenerContainer.java:1541) ~[spring-rabbit-3.0.4.jar:3.0.4]
	at io.micrometer.observation.Observation.lambda$observe$0(Observation.java:493) ~[micrometer-observation-1.11.0.jar:1.11.0]
	at io.micrometer.observation.Observation.observeWithContext(Observation.java:603) ~[micrometer-observation-1.11.0.jar:1.11.0]
	at io.micrometer.observation.Observation.observe(Observation.java:492) ~[micrometer-observation-1.11.0.jar:1.11.0]
	at org.springframework.amqp.rabbit.listener.AbstractMessageListenerContainer.executeListener(AbstractMessageListenerContainer.java:1541) ~[spring-rabbit-3.0.4.jar:3.0.4]
	at org.springframework.amqp.rabbit.listener.SimpleMessageListenerContainer.doReceiveAndExecute(SimpleMessageListenerContainer.java:1001) ~[spring-rabbit-3.0.4.jar:3.0.4]
	at org.springframework.amqp.rabbit.listener.SimpleMessageListenerContainer.receiveAndExecute(SimpleMessageListenerContainer.java:948) ~[spring-rabbit-3.0.4.jar:3.0.4]
	at org.springframework.amqp.rabbit.listener.SimpleMessageListenerContainer$AsyncMessageProcessingConsumer.mainLoop(SimpleMessageListenerContainer.java:1326) ~[spring-rabbit-3.0.4.jar:3.0.4]
	at org.springframework.amqp.rabbit.listener.SimpleMessageListenerContainer$AsyncMessageProcessingConsumer.run(SimpleMessageListenerContainer.java:1232) ~[spring-rabbit-3.0.4.jar:3.0.4]
	at java.base/java.lang.Thread.run(Thread.java:1589) ~[na:na]
Caused by: org.json.JSONException: No value for objectType
	at org.json.JSONObject.get(JSONObject.java:355) ~[android-json-0.0.20131108.vaadin1.jar:0.0.20131108.vaadin1]
	at edu.neu.info5.DemoApplication.service.IndexingListener.convertMapToDocumentIndex(IndexingListener.java:152) ~[classes/:na]
	at edu.neu.info5.DemoApplication.service.IndexingListener.postDocument(IndexingListener.java:73) ~[classes/:na]
	at edu.neu.info5.DemoApplication.service.IndexingListener.receiveMessage(IndexingListener.java:51) ~[classes/:na]
	at java.base/jdk.internal.reflect.DirectMethodHandleAccessor.invoke(DirectMethodHandleAccessor.java:104) ~[na:na]
	at java.base/java.lang.reflect.Method.invoke(Method.java:578) ~[na:na]
	at org.springframework.util.MethodInvoker.invoke(MethodInvoker.java:283) ~[spring-core-6.0.9.jar:6.0.9]
	at org.springframework.amqp.rabbit.listener.adapter.MessageListenerAdapter.invokeListenerMethod(MessageListenerAdapter.java:366) ~[spring-rabbit-3.0.4.jar:3.0.4]
	... 16 common frames omitted

Message received: {body={"mapType":"class java.util.HashMap","empty":false}, operation=SAVE}
2023-08-04T21:43:33.209-04:00  WARN 4865 --- [    container-1] org.elasticsearch.client.RestClient      : request [HEAD http://localhost:9200/plan-index?ignore_throttled=false&ignore_unavailable=false&expand_wildcards=open%2Cclosed&allow_no_indices=false] returned 2 warnings: [299 Elasticsearch-7.17.12-e3b0c3d3c5c130e1dc6d567d6baef1c73eeb2059 "Elasticsearch built-in security features are not enabled. Without authentication, your cluster could be accessible to anyone. See https://www.elastic.co/guide/en/elasticsearch/reference/7.17/security-minimal-setup.html to enable security."],[299 Elasticsearch-7.17.12-e3b0c3d3c5c130e1dc6d567d6baef1c73eeb2059 "[ignore_throttled] parameter is deprecated because frozen indices have been deprecated. Consider cold or frozen tiers in place of frozen indices."]
2023-08-04T21:43:33.209-04:00  WARN 4865 --- [    container-1] s.a.r.l.ConditionalRejectingErrorHandler : Execution of Rabbit message listener failed.

org.springframework.amqp.rabbit.support.ListenerExecutionFailedException: Listener method 'receiveMessage' threw exception
	at org.springframework.amqp.rabbit.listener.adapter.MessageListenerAdapter.invokeListenerMethod(MessageListenerAdapter.java:374) ~[spring-rabbit-3.0.4.jar:3.0.4]
	at org.springframework.amqp.rabbit.listener.adapter.MessageListenerAdapter.onMessage(MessageListenerAdapter.java:293) ~[spring-rabbit-3.0.4.jar:3.0.4]
	at org.springframework.amqp.rabbit.listener.AbstractMessageListenerContainer.doInvokeListener(AbstractMessageListenerContainer.java:1719) ~[spring-rabbit-3.0.4.jar:3.0.4]
	at org.springframework.amqp.rabbit.listener.AbstractMessageListenerContainer.actualInvokeListener(AbstractMessageListenerContainer.java:1638) ~[spring-rabbit-3.0.4.jar:3.0.4]
	at org.springframework.amqp.rabbit.listener.AbstractMessageListenerContainer.invokeListener(AbstractMessageListenerContainer.java:1626) ~[spring-rabbit-3.0.4.jar:3.0.4]
	at org.springframework.amqp.rabbit.listener.AbstractMessageListenerContainer.doExecuteListener(AbstractMessageListenerContainer.java:1617) ~[spring-rabbit-3.0.4.jar:3.0.4]
	at org.springframework.amqp.rabbit.listener.AbstractMessageListenerContainer.executeListenerAndHandleException(AbstractMessageListenerContainer.java:1562) ~[spring-rabbit-3.0.4.jar:3.0.4]
	at org.springframework.amqp.rabbit.listener.AbstractMessageListenerContainer.lambda$executeListener$8(AbstractMessageListenerContainer.java:1541) ~[spring-rabbit-3.0.4.jar:3.0.4]
	at io.micrometer.observation.Observation.lambda$observe$0(Observation.java:493) ~[micrometer-observation-1.11.0.jar:1.11.0]
	at io.micrometer.observation.Observation.observeWithContext(Observation.java:603) ~[micrometer-observation-1.11.0.jar:1.11.0]
	at io.micrometer.observation.Observation.observe(Observation.java:492) ~[micrometer-observation-1.11.0.jar:1.11.0]
	at org.springframework.amqp.rabbit.listener.AbstractMessageListenerContainer.executeListener(AbstractMessageListenerContainer.java:1541) ~[spring-rabbit-3.0.4.jar:3.0.4]
	at org.springframework.amqp.rabbit.listener.SimpleMessageListenerContainer.doReceiveAndExecute(SimpleMessageListenerContainer.java:1001) ~[spring-rabbit-3.0.4.jar:3.0.4]
	at org.springframework.amqp.rabbit.listener.SimpleMessageListenerContainer.receiveAndExecute(SimpleMessageListenerContainer.java:948) ~[spring-rabbit-3.0.4.jar:3.0.4]
	at org.springframework.amqp.rabbit.listener.SimpleMessageListenerContainer$AsyncMessageProcessingConsumer.mainLoop(SimpleMessageListenerContainer.java:1326) ~[spring-rabbit-3.0.4.jar:3.0.4]
	at org.springframework.amqp.rabbit.listener.SimpleMessageListenerContainer$AsyncMessageProcessingConsumer.run(SimpleMessageListenerContainer.java:1232) ~[spring-rabbit-3.0.4.jar:3.0.4]
	at java.base/java.lang.Thread.run(Thread.java:1589) ~[na:na]
Caused by: org.json.JSONException: No value for objectType
	at org.json.JSONObject.get(JSONObject.java:355) ~[android-json-0.0.20131108.vaadin1.jar:0.0.20131108.vaadin1]
	at edu.neu.info5.DemoApplication.service.IndexingListener.convertMapToDocumentIndex(IndexingListener.java:152) ~[classes/:na]
	at edu.neu.info5.DemoApplication.service.IndexingListener.postDocument(IndexingListener.java:73) ~[classes/:na]
	at edu.neu.info5.DemoApplication.service.IndexingListener.receiveMessage(IndexingListener.java:51) ~[classes/:na]
	at java.base/jdk.internal.reflect.DirectMethodHandleAccessor.invoke(DirectMethodHandleAccessor.java:104) ~[na:na]
	at java.base/java.lang.reflect.Method.invoke(Method.java:578) ~[na:na]
	at org.springframework.util.MethodInvoker.invoke(MethodInvoker.java:283) ~[spring-core-6.0.9.jar:6.0.9]
	at org.springframework.amqp.rabbit.listener.adapter.MessageListenerAdapter.invokeListenerMethod(MessageListenerAdapter.java:366) ~[spring-rabbit-3.0.4.jar:3.0.4]
	... 16 common frames omitted

Message received: {body={"mapType":"class java.util.HashMap","empty":false}, operation=SAVE}
2023-08-04T21:43:33.212-04:00  WARN 4865 --- [    container-1] org.elasticsearch.client.RestClient      : request [HEAD http://localhost:9200/plan-index?ignore_throttled=false&ignore_unavailable=false&expand_wildcards=open%2Cclosed&allow_no_indices=false] returned 2 warnings: [299 Elasticsearch-7.17.12-e3b0c3d3c5c130e1dc6d567d6baef1c73eeb2059 "Elasticsearch built-in security features are not enabled. Without authentication, your cluster could be accessible to anyone. See https://www.elastic.co/guide/en/elasticsearch/reference/7.17/security-minimal-setup.html to enable security."],[299 Elasticsearch-7.17.12-e3b0c3d3c5c130e1dc6d567d6baef1c73eeb2059 "[ignore_throttled] parameter is deprecated because frozen indices have been deprecated. Consider cold or frozen tiers in place of frozen indices."]
2023-08-04T21:43:33.212-04:00  WARN 4865 --- [    container-1] s.a.r.l.ConditionalRejectingErrorHandler : Execution of Rabbit message listener failed.

org.springframework.amqp.rabbit.support.ListenerExecutionFailedException: Listener method 'receiveMessage' threw exception
	at org.springframework.amqp.rabbit.listener.adapter.MessageListenerAdapter.invokeListenerMethod(MessageListenerAdapter.java:374) ~[spring-rabbit-3.0.4.jar:3.0.4]
	at org.springframework.amqp.rabbit.listener.adapter.MessageListenerAdapter.onMessage(MessageListenerAdapter.java:293) ~[spring-rabbit-3.0.4.jar:3.0.4]
	at org.springframework.amqp.rabbit.listener.AbstractMessageListenerContainer.doInvokeListener(AbstractMessageListenerContainer.java:1719) ~[spring-rabbit-3.0.4.jar:3.0.4]
	at org.springframework.amqp.rabbit.listener.AbstractMessageListenerContainer.actualInvokeListener(AbstractMessageListenerContainer.java:1638) ~[spring-rabbit-3.0.4.jar:3.0.4]
	at org.springframework.amqp.rabbit.listener.AbstractMessageListenerContainer.invokeListener(AbstractMessageListenerContainer.java:1626) ~[spring-rabbit-3.0.4.jar:3.0.4]
	at org.springframework.amqp.rabbit.listener.AbstractMessageListenerContainer.doExecuteListener(AbstractMessageListenerContainer.java:1617) ~[spring-rabbit-3.0.4.jar:3.0.4]
	at org.springframework.amqp.rabbit.listener.AbstractMessageListenerContainer.executeListenerAndHandleException(AbstractMessageListenerContainer.java:1562) ~[spring-rabbit-3.0.4.jar:3.0.4]
	at org.springframework.amqp.rabbit.listener.AbstractMessageListenerContainer.lambda$executeListener$8(AbstractMessageListenerContainer.java:1541) ~[spring-rabbit-3.0.4.jar:3.0.4]
	at io.micrometer.observation.Observation.lambda$observe$0(Observation.java:493) ~[micrometer-observation-1.11.0.jar:1.11.0]
	at io.micrometer.observation.Observation.observeWithContext(Observation.java:603) ~[micrometer-observation-1.11.0.jar:1.11.0]
	at io.micrometer.observation.Observation.observe(Observation.java:492) ~[micrometer-observation-1.11.0.jar:1.11.0]
	at org.springframework.amqp.rabbit.listener.AbstractMessageListenerContainer.executeListener(AbstractMessageListenerContainer.java:1541) ~[spring-rabbit-3.0.4.jar:3.0.4]
	at org.springframework.amqp.rabbit.listener.SimpleMessageListenerContainer.doReceiveAndExecute(SimpleMessageListenerContainer.java:1001) ~[spring-rabbit-3.0.4.jar:3.0.4]
	at org.springframework.amqp.rabbit.listener.SimpleMessageListenerContainer.receiveAndExecute(SimpleMessageListenerContainer.java:948) ~[spring-rabbit-3.0.4.jar:3.0.4]
	at org.springframework.amqp.rabbit.listener.SimpleMessageListenerContainer$AsyncMessageProcessingConsumer.mainLoop(SimpleMessageListenerContainer.java:1326) ~[spring-rabbit-3.0.4.jar:3.0.4]
	at org.springframework.amqp.rabbit.listener.SimpleMessageListenerContainer$AsyncMessageProcessingConsumer.run(SimpleMessageListenerContainer.java:1232) ~[spring-rabbit-3.0.4.jar:3.0.4]
	at java.base/java.lang.Thread.run(Thread.java:1589) ~[na:na]
Caused by: org.json.JSONException: No value for objectType
	at org.json.JSONObject.get(JSONObject.java:355) ~[android-json-0.0.20131108.vaadin1.jar:0.0.20131108.vaadin1]
	at edu.neu.info5.DemoApplication.service.IndexingListener.convertMapToDocumentIndex(IndexingListener.java:152) ~[classes/:na]
	at edu.neu.info5.DemoApplication.service.IndexingListener.postDocument(IndexingListener.java:73) ~[classes/:na]
	at edu.neu.info5.DemoApplication.service.IndexingListener.receiveMessage(IndexingListener.java:51) ~[classes/:na]
	at java.base/jdk.internal.reflect.DirectMethodHandleAccessor.invoke(DirectMethodHandleAccessor.java:104) ~[na:na]
	at java.base/java.lang.reflect.Method.invoke(Method.java:578) ~[na:na]
	at org.springframework.util.MethodInvoker.invoke(MethodInvoker.java:283) ~[spring-core-6.0.9.jar:6.0.9]
	at org.springframework.amqp.rabbit.listener.adapter.MessageListenerAdapter.invokeListenerMethod(MessageListenerAdapter.java:366) ~[spring-rabbit-3.0.4.jar:3.0.4]
	... 16 common frames omitted

Message received: {body={"mapType":"class java.util.HashMap","empty":false}, operation=SAVE}
2023-08-04T21:43:33.215-04:00  WARN 4865 --- [    container-1] org.elasticsearch.client.RestClient      : request [HEAD http://localhost:9200/plan-index?ignore_throttled=false&ignore_unavailable=false&expand_wildcards=open%2Cclosed&allow_no_indices=false] returned 2 warnings: [299 Elasticsearch-7.17.12-e3b0c3d3c5c130e1dc6d567d6baef1c73eeb2059 "Elasticsearch built-in security features are not enabled. Without authentication, your cluster could be accessible to anyone. See https://www.elastic.co/guide/en/elasticsearch/reference/7.17/security-minimal-setup.html to enable security."],[299 Elasticsearch-7.17.12-e3b0c3d3c5c130e1dc6d567d6baef1c73eeb2059 "[ignore_throttled] parameter is deprecated because frozen indices have been deprecated. Consider cold or frozen tiers in place of frozen indices."]
2023-08-04T21:43:33.216-04:00  WARN 4865 --- [    container-1] s.a.r.l.ConditionalRejectingErrorHandler : Execution of Rabbit message listener failed.

org.springframework.amqp.rabbit.support.ListenerExecutionFailedException: Listener method 'receiveMessage' threw exception
	at org.springframework.amqp.rabbit.listener.adapter.MessageListenerAdapter.invokeListenerMethod(MessageListenerAdapter.java:374) ~[spring-rabbit-3.0.4.jar:3.0.4]
	at org.springframework.amqp.rabbit.listener.adapter.MessageListenerAdapter.onMessage(MessageListenerAdapter.java:293) ~[spring-rabbit-3.0.4.jar:3.0.4]
	at org.springframework.amqp.rabbit.listener.AbstractMessageListenerContainer.doInvokeListener(AbstractMessageListenerContainer.java:1719) ~[spring-rabbit-3.0.4.jar:3.0.4]
	at org.springframework.amqp.rabbit.listener.AbstractMessageListenerContainer.actualInvokeListener(AbstractMessageListenerContainer.java:1638) ~[spring-rabbit-3.0.4.jar:3.0.4]
	at org.springframework.amqp.rabbit.listener.AbstractMessageListenerContainer.invokeListener(AbstractMessageListenerContainer.java:1626) ~[spring-rabbit-3.0.4.jar:3.0.4]
	at org.springframework.amqp.rabbit.listener.AbstractMessageListenerContainer.doExecuteListener(AbstractMessageListenerContainer.java:1617) ~[spring-rabbit-3.0.4.jar:3.0.4]
	at org.springframework.amqp.rabbit.listener.AbstractMessageListenerContainer.executeListenerAndHandleException(AbstractMessageListenerContainer.java:1562) ~[spring-rabbit-3.0.4.jar:3.0.4]
	at org.springframework.amqp.rabbit.listener.AbstractMessageListenerContainer.lambda$executeListener$8(AbstractMessageListenerContainer.java:1541) ~[spring-rabbit-3.0.4.jar:3.0.4]
	at io.micrometer.observation.Observation.lambda$observe$0(Observation.java:493) ~[micrometer-observation-1.11.0.jar:1.11.0]
	at io.micrometer.observation.Observation.observeWithContext(Observation.java:603) ~[micrometer-observation-1.11.0.jar:1.11.0]
	at io.micrometer.observation.Observation.observe(Observation.java:492) ~[micrometer-observation-1.11.0.jar:1.11.0]
	at org.springframework.amqp.rabbit.listener.AbstractMessageListenerContainer.executeListener(AbstractMessageListenerContainer.java:1541) ~[spring-rabbit-3.0.4.jar:3.0.4]
	at org.springframework.amqp.rabbit.listener.SimpleMessageListenerContainer.doReceiveAndExecute(SimpleMessageListenerContainer.java:1001) ~[spring-rabbit-3.0.4.jar:3.0.4]
	at org.springframework.amqp.rabbit.listener.SimpleMessageListenerContainer.receiveAndExecute(SimpleMessageListenerContainer.java:948) ~[spring-rabbit-3.0.4.jar:3.0.4]
	at org.springframework.amqp.rabbit.listener.SimpleMessageListenerContainer$AsyncMessageProcessingConsumer.mainLoop(SimpleMessageListenerContainer.java:1326) ~[spring-rabbit-3.0.4.jar:3.0.4]
	at org.springframework.amqp.rabbit.listener.SimpleMessageListenerContainer$AsyncMessageProcessingConsumer.run(SimpleMessageListenerContainer.java:1232) ~[spring-rabbit-3.0.4.jar:3.0.4]
	at java.base/java.lang.Thread.run(Thread.java:1589) ~[na:na]
Caused by: org.json.JSONException: No value for objectType
	at org.json.JSONObject.get(JSONObject.java:355) ~[android-json-0.0.20131108.vaadin1.jar:0.0.20131108.vaadin1]
	at edu.neu.info5.DemoApplication.service.IndexingListener.convertMapToDocumentIndex(IndexingListener.java:152) ~[classes/:na]
	at edu.neu.info5.DemoApplication.service.IndexingListener.postDocument(IndexingListener.java:73) ~[classes/:na]
	at edu.neu.info5.DemoApplication.service.IndexingListener.receiveMessage(IndexingListener.java:51) ~[classes/:na]
	at java.base/jdk.internal.reflect.DirectMethodHandleAccessor.invoke(DirectMethodHandleAccessor.java:104) ~[na:na]
	at java.base/java.lang.reflect.Method.invoke(Method.java:578) ~[na:na]
	at org.springframework.util.MethodInvoker.invoke(MethodInvoker.java:283) ~[spring-core-6.0.9.jar:6.0.9]
	at org.springframework.amqp.rabbit.listener.adapter.MessageListenerAdapter.invokeListenerMethod(MessageListenerAdapter.java:366) ~[spring-rabbit-3.0.4.jar:3.0.4]
	... 16 common frames omitted

Message received: {body={"mapType":"class java.util.HashMap","empty":false}, operation=SAVE}
2023-08-04T21:43:33.219-04:00  WARN 4865 --- [    container-1] org.elasticsearch.client.RestClient      : request [HEAD http://localhost:9200/plan-index?ignore_throttled=false&ignore_unavailable=false&expand_wildcards=open%2Cclosed&allow_no_indices=false] returned 2 warnings: [299 Elasticsearch-7.17.12-e3b0c3d3c5c130e1dc6d567d6baef1c73eeb2059 "Elasticsearch built-in security features are not enabled. Without authentication, your cluster could be accessible to anyone. See https://www.elastic.co/guide/en/elasticsearch/reference/7.17/security-minimal-setup.html to enable security."],[299 Elasticsearch-7.17.12-e3b0c3d3c5c130e1dc6d567d6baef1c73eeb2059 "[ignore_throttled] parameter is deprecated because frozen indices have been deprecated. Consider cold or frozen tiers in place of frozen indices."]
2023-08-04T21:43:33.219-04:00  WARN 4865 --- [    container-1] s.a.r.l.ConditionalRejectingErrorHandler : Execution of Rabbit message listener failed.

org.springframework.amqp.rabbit.support.ListenerExecutionFailedException: Listener method 'receiveMessage' threw exception
	at org.springframework.amqp.rabbit.listener.adapter.MessageListenerAdapter.invokeListenerMethod(MessageListenerAdapter.java:374) ~[spring-rabbit-3.0.4.jar:3.0.4]
	at org.springframework.amqp.rabbit.listener.adapter.MessageListenerAdapter.onMessage(MessageListenerAdapter.java:293) ~[spring-rabbit-3.0.4.jar:3.0.4]
	at org.springframework.amqp.rabbit.listener.AbstractMessageListenerContainer.doInvokeListener(AbstractMessageListenerContainer.java:1719) ~[spring-rabbit-3.0.4.jar:3.0.4]
	at org.springframework.amqp.rabbit.listener.AbstractMessageListenerContainer.actualInvokeListener(AbstractMessageListenerContainer.java:1638) ~[spring-rabbit-3.0.4.jar:3.0.4]
	at org.springframework.amqp.rabbit.listener.AbstractMessageListenerContainer.invokeListener(AbstractMessageListenerContainer.java:1626) ~[spring-rabbit-3.0.4.jar:3.0.4]
	at org.springframework.amqp.rabbit.listener.AbstractMessageListenerContainer.doExecuteListener(AbstractMessageListenerContainer.java:1617) ~[spring-rabbit-3.0.4.jar:3.0.4]
	at org.springframework.amqp.rabbit.listener.AbstractMessageListenerContainer.executeListenerAndHandleException(AbstractMessageListenerContainer.java:1562) ~[spring-rabbit-3.0.4.jar:3.0.4]
	at org.springframework.amqp.rabbit.listener.AbstractMessageListenerContainer.lambda$executeListener$8(AbstractMessageListenerContainer.java:1541) ~[spring-rabbit-3.0.4.jar:3.0.4]
	at io.micrometer.observation.Observation.lambda$observe$0(Observation.java:493) ~[micrometer-observation-1.11.0.jar:1.11.0]
	at io.micrometer.observation.Observation.observeWithContext(Observation.java:603) ~[micrometer-observation-1.11.0.jar:1.11.0]
	at io.micrometer.observation.Observation.observe(Observation.java:492) ~[micrometer-observation-1.11.0.jar:1.11.0]
	at org.springframework.amqp.rabbit.listener.AbstractMessageListenerContainer.executeListener(AbstractMessageListenerContainer.java:1541) ~[spring-rabbit-3.0.4.jar:3.0.4]
	at org.springframework.amqp.rabbit.listener.SimpleMessageListenerContainer.doReceiveAndExecute(SimpleMessageListenerContainer.java:1001) ~[spring-rabbit-3.0.4.jar:3.0.4]
	at org.springframework.amqp.rabbit.listener.SimpleMessageListenerContainer.receiveAndExecute(SimpleMessageListenerContainer.java:948) ~[spring-rabbit-3.0.4.jar:3.0.4]
	at org.springframework.amqp.rabbit.listener.SimpleMessageListenerContainer$AsyncMessageProcessingConsumer.mainLoop(SimpleMessageListenerContainer.java:1326) ~[spring-rabbit-3.0.4.jar:3.0.4]
	at org.springframework.amqp.rabbit.listener.SimpleMessageListenerContainer$AsyncMessageProcessingConsumer.run(SimpleMessageListenerContainer.java:1232) ~[spring-rabbit-3.0.4.jar:3.0.4]
	at java.base/java.lang.Thread.run(Thread.java:1589) ~[na:na]
Caused by: org.json.JSONException: No value for objectType
	at org.json.JSONObject.get(JSONObject.java:355) ~[android-json-0.0.20131108.vaadin1.jar:0.0.20131108.vaadin1]
	at edu.neu.info5.DemoApplication.service.IndexingListener.convertMapToDocumentIndex(IndexingListener.java:152) ~[classes/:na]
	at edu.neu.info5.DemoApplication.service.IndexingListener.postDocument(IndexingListener.java:73) ~[classes/:na]
	at edu.neu.info5.DemoApplication.service.IndexingListener.receiveMessage(IndexingListener.java:51) ~[classes/:na]
	at java.base/jdk.internal.reflect.DirectMethodHandleAccessor.invoke(DirectMethodHandleAccessor.java:104) ~[na:na]
	at java.base/java.lang.reflect.Method.invoke(Method.java:578) ~[na:na]
	at org.springframework.util.MethodInvoker.invoke(MethodInvoker.java:283) ~[spring-core-6.0.9.jar:6.0.9]
	at org.springframework.amqp.rabbit.listener.adapter.MessageListenerAdapter.invokeListenerMethod(MessageListenerAdapter.java:366) ~[spring-rabbit-3.0.4.jar:3.0.4]
	... 16 common frames omitted

Message received: {body={"mapType":"class java.util.HashMap","empty":false}, operation=SAVE}
2023-08-04T21:43:33.222-04:00  WARN 4865 --- [    container-1] org.elasticsearch.client.RestClient      : request [HEAD http://localhost:9200/plan-index?ignore_throttled=false&ignore_unavailable=false&expand_wildcards=open%2Cclosed&allow_no_indices=false] returned 2 warnings: [299 Elasticsearch-7.17.12-e3b0c3d3c5c130e1dc6d567d6baef1c73eeb2059 "Elasticsearch built-in security features are not enabled. Without authentication, your cluster could be accessible to anyone. See https://www.elastic.co/guide/en/elasticsearch/reference/7.17/security-minimal-setup.html to enable security."],[299 Elasticsearch-7.17.12-e3b0c3d3c5c130e1dc6d567d6baef1c73eeb2059 "[ignore_throttled] parameter is deprecated because frozen indices have been deprecated. Consider cold or frozen tiers in place of frozen indices."]
2023-08-04T21:43:33.223-04:00  WARN 4865 --- [    container-1] s.a.r.l.ConditionalRejectingErrorHandler : Execution of Rabbit message listener failed.

org.springframework.amqp.rabbit.support.ListenerExecutionFailedException: Listener method 'receiveMessage' threw exception
	at org.springframework.amqp.rabbit.listener.adapter.MessageListenerAdapter.invokeListenerMethod(MessageListenerAdapter.java:374) ~[spring-rabbit-3.0.4.jar:3.0.4]
	at org.springframework.amqp.rabbit.listener.adapter.MessageListenerAdapter.onMessage(MessageListenerAdapter.java:293) ~[spring-rabbit-3.0.4.jar:3.0.4]
	at org.springframework.amqp.rabbit.listener.AbstractMessageListenerContainer.doInvokeListener(AbstractMessageListenerContainer.java:1719) ~[spring-rabbit-3.0.4.jar:3.0.4]
	at org.springframework.amqp.rabbit.listener.AbstractMessageListenerContainer.actualInvokeListener(AbstractMessageListenerContainer.java:1638) ~[spring-rabbit-3.0.4.jar:3.0.4]
	at org.springframework.amqp.rabbit.listener.AbstractMessageListenerContainer.invokeListener(AbstractMessageListenerContainer.java:1626) ~[spring-rabbit-3.0.4.jar:3.0.4]
	at org.springframework.amqp.rabbit.listener.AbstractMessageListenerContainer.doExecuteListener(AbstractMessageListenerContainer.java:1617) ~[spring-rabbit-3.0.4.jar:3.0.4]
	at org.springframework.amqp.rabbit.listener.AbstractMessageListenerContainer.executeListenerAndHandleException(AbstractMessageListenerContainer.java:1562) ~[spring-rabbit-3.0.4.jar:3.0.4]
	at org.springframework.amqp.rabbit.listener.AbstractMessageListenerContainer.lambda$executeListener$8(AbstractMessageListenerContainer.java:1541) ~[spring-rabbit-3.0.4.jar:3.0.4]
	at io.micrometer.observation.Observation.lambda$observe$0(Observation.java:493) ~[micrometer-observation-1.11.0.jar:1.11.0]
	at io.micrometer.observation.Observation.observeWithContext(Observation.java:603) ~[micrometer-observation-1.11.0.jar:1.11.0]
	at io.micrometer.observation.Observation.observe(Observation.java:492) ~[micrometer-observation-1.11.0.jar:1.11.0]
	at org.springframework.amqp.rabbit.listener.AbstractMessageListenerContainer.executeListener(AbstractMessageListenerContainer.java:1541) ~[spring-rabbit-3.0.4.jar:3.0.4]
	at org.springframework.amqp.rabbit.listener.SimpleMessageListenerContainer.doReceiveAndExecute(SimpleMessageListenerContainer.java:1001) ~[spring-rabbit-3.0.4.jar:3.0.4]
	at org.springframework.amqp.rabbit.listener.SimpleMessageListenerContainer.receiveAndExecute(SimpleMessageListenerContainer.java:948) ~[spring-rabbit-3.0.4.jar:3.0.4]
	at org.springframework.amqp.rabbit.listener.SimpleMessageListenerContainer$AsyncMessageProcessingConsumer.mainLoop(SimpleMessageListenerContainer.java:1326) ~[spring-rabbit-3.0.4.jar:3.0.4]
	at org.springframework.amqp.rabbit.listener.SimpleMessageListenerContainer$AsyncMessageProcessingConsumer.run(SimpleMessageListenerContainer.java:1232) ~[spring-rabbit-3.0.4.jar:3.0.4]
	at java.base/java.lang.Thread.run(Thread.java:1589) ~[na:na]
Caused by: org.json.JSONException: No value for objectType
	at org.json.JSONObject.get(JSONObject.java:355) ~[android-json-0.0.20131108.vaadin1.jar:0.0.20131108.vaadin1]
	at edu.neu.info5.DemoApplication.service.IndexingListener.convertMapToDocumentIndex(IndexingListener.java:152) ~[classes/:na]
	at edu.neu.info5.DemoApplication.service.IndexingListener.postDocument(IndexingListener.java:73) ~[classes/:na]
	at edu.neu.info5.DemoApplication.service.IndexingListener.receiveMessage(IndexingListener.java:51) ~[classes/:na]
	at java.base/jdk.internal.reflect.DirectMethodHandleAccessor.invoke(DirectMethodHandleAccessor.java:104) ~[na:na]
	at java.base/java.lang.reflect.Method.invoke(Method.java:578) ~[na:na]
	at org.springframework.util.MethodInvoker.invoke(MethodInvoker.java:283) ~[spring-core-6.0.9.jar:6.0.9]
	at org.springframework.amqp.rabbit.listener.adapter.MessageListenerAdapter.invokeListenerMethod(MessageListenerAdapter.java:366) ~[spring-rabbit-3.0.4.jar:3.0.4]
	... 16 common frames omitted

Message received: {body={"mapType":"class java.util.HashMap","empty":false}, operation=SAVE}
2023-08-04T21:43:33.225-04:00  WARN 4865 --- [    container-1] org.elasticsearch.client.RestClient      : request [HEAD http://localhost:9200/plan-index?ignore_throttled=false&ignore_unavailable=false&expand_wildcards=open%2Cclosed&allow_no_indices=false] returned 2 warnings: [299 Elasticsearch-7.17.12-e3b0c3d3c5c130e1dc6d567d6baef1c73eeb2059 "Elasticsearch built-in security features are not enabled. Without authentication, your cluster could be accessible to anyone. See https://www.elastic.co/guide/en/elasticsearch/reference/7.17/security-minimal-setup.html to enable security."],[299 Elasticsearch-7.17.12-e3b0c3d3c5c130e1dc6d567d6baef1c73eeb2059 "[ignore_throttled] parameter is deprecated because frozen indices have been deprecated. Consider cold or frozen tiers in place of frozen indices."]
2023-08-04T21:43:33.225-04:00  WARN 4865 --- [    container-1] s.a.r.l.ConditionalRejectingErrorHandler : Execution of Rabbit message listener failed.

org.springframework.amqp.rabbit.support.ListenerExecutionFailedException: Listener method 'receiveMessage' threw exception
	at org.springframework.amqp.rabbit.listener.adapter.MessageListenerAdapter.invokeListenerMethod(MessageListenerAdapter.java:374) ~[spring-rabbit-3.0.4.jar:3.0.4]
	at org.springframework.amqp.rabbit.listener.adapter.MessageListenerAdapter.onMessage(MessageListenerAdapter.java:293) ~[spring-rabbit-3.0.4.jar:3.0.4]
	at org.springframework.amqp.rabbit.listener.AbstractMessageListenerContainer.doInvokeListener(AbstractMessageListenerContainer.java:1719) ~[spring-rabbit-3.0.4.jar:3.0.4]
	at org.springframework.amqp.rabbit.listener.AbstractMessageListenerContainer.actualInvokeListener(AbstractMessageListenerContainer.java:1638) ~[spring-rabbit-3.0.4.jar:3.0.4]
	at org.springframework.amqp.rabbit.listener.AbstractMessageListenerContainer.invokeListener(AbstractMessageListenerContainer.java:1626) ~[spring-rabbit-3.0.4.jar:3.0.4]
	at org.springframework.amqp.rabbit.listener.AbstractMessageListenerContainer.doExecuteListener(AbstractMessageListenerContainer.java:1617) ~[spring-rabbit-3.0.4.jar:3.0.4]
	at org.springframework.amqp.rabbit.listener.AbstractMessageListenerContainer.executeListenerAndHandleException(AbstractMessageListenerContainer.java:1562) ~[spring-rabbit-3.0.4.jar:3.0.4]
	at org.springframework.amqp.rabbit.listener.AbstractMessageListenerContainer.lambda$executeListener$8(AbstractMessageListenerContainer.java:1541) ~[spring-rabbit-3.0.4.jar:3.0.4]
	at io.micrometer.observation.Observation.lambda$observe$0(Observation.java:493) ~[micrometer-observation-1.11.0.jar:1.11.0]
	at io.micrometer.observation.Observation.observeWithContext(Observation.java:603) ~[micrometer-observation-1.11.0.jar:1.11.0]
	at io.micrometer.observation.Observation.observe(Observation.java:492) ~[micrometer-observation-1.11.0.jar:1.11.0]
	at org.springframework.amqp.rabbit.listener.AbstractMessageListenerContainer.executeListener(AbstractMessageListenerContainer.java:1541) ~[spring-rabbit-3.0.4.jar:3.0.4]
	at org.springframework.amqp.rabbit.listener.SimpleMessageListenerContainer.doReceiveAndExecute(SimpleMessageListenerContainer.java:1001) ~[spring-rabbit-3.0.4.jar:3.0.4]
	at org.springframework.amqp.rabbit.listener.SimpleMessageListenerContainer.receiveAndExecute(SimpleMessageListenerContainer.java:948) ~[spring-rabbit-3.0.4.jar:3.0.4]
	at org.springframework.amqp.rabbit.listener.SimpleMessageListenerContainer$AsyncMessageProcessingConsumer.mainLoop(SimpleMessageListenerContainer.java:1326) ~[spring-rabbit-3.0.4.jar:3.0.4]
	at org.springframework.amqp.rabbit.listener.SimpleMessageListenerContainer$AsyncMessageProcessingConsumer.run(SimpleMessageListenerContainer.java:1232) ~[spring-rabbit-3.0.4.jar:3.0.4]
	at java.base/java.lang.Thread.run(Thread.java:1589) ~[na:na]
Caused by: org.json.JSONException: No value for objectType
	at org.json.JSONObject.get(JSONObject.java:355) ~[android-json-0.0.20131108.vaadin1.jar:0.0.20131108.vaadin1]
	at edu.neu.info5.DemoApplication.service.IndexingListener.convertMapToDocumentIndex(IndexingListener.java:152) ~[classes/:na]
	at edu.neu.info5.DemoApplication.service.IndexingListener.postDocument(IndexingListener.java:73) ~[classes/:na]
	at edu.neu.info5.DemoApplication.service.IndexingListener.receiveMessage(IndexingListener.java:51) ~[classes/:na]
	at java.base/jdk.internal.reflect.DirectMethodHandleAccessor.invoke(DirectMethodHandleAccessor.java:104) ~[na:na]
	at java.base/java.lang.reflect.Method.invoke(Method.java:578) ~[na:na]
	at org.springframework.util.MethodInvoker.invoke(MethodInvoker.java:283) ~[spring-core-6.0.9.jar:6.0.9]
	at org.springframework.amqp.rabbit.listener.adapter.MessageListenerAdapter.invokeListenerMethod(MessageListenerAdapter.java:366) ~[spring-rabbit-3.0.4.jar:3.0.4]
	... 16 common frames omitted

Message received: {body={"mapType":"class java.util.HashMap","empty":false}, operation=SAVE}
2023-08-04T21:43:33.228-04:00  WARN 4865 --- [    container-1] org.elasticsearch.client.RestClient      : request [HEAD http://localhost:9200/plan-index?ignore_throttled=false&ignore_unavailable=false&expand_wildcards=open%2Cclosed&allow_no_indices=false] returned 2 warnings: [299 Elasticsearch-7.17.12-e3b0c3d3c5c130e1dc6d567d6baef1c73eeb2059 "Elasticsearch built-in security features are not enabled. Without authentication, your cluster could be accessible to anyone. See https://www.elastic.co/guide/en/elasticsearch/reference/7.17/security-minimal-setup.html to enable security."],[299 Elasticsearch-7.17.12-e3b0c3d3c5c130e1dc6d567d6baef1c73eeb2059 "[ignore_throttled] parameter is deprecated because frozen indices have been deprecated. Consider cold or frozen tiers in place of frozen indices."]
2023-08-04T21:43:33.228-04:00  WARN 4865 --- [    container-1] s.a.r.l.ConditionalRejectingErrorHandler : Execution of Rabbit message listener failed.

org.springframework.amqp.rabbit.support.ListenerExecutionFailedException: Listener method 'receiveMessage' threw exception
	at org.springframework.amqp.rabbit.listener.adapter.MessageListenerAdapter.invokeListenerMethod(MessageListenerAdapter.java:374) ~[spring-rabbit-3.0.4.jar:3.0.4]
	at org.springframework.amqp.rabbit.listener.adapter.MessageListenerAdapter.onMessage(MessageListenerAdapter.java:293) ~[spring-rabbit-3.0.4.jar:3.0.4]
	at org.springframework.amqp.rabbit.listener.AbstractMessageListenerContainer.doInvokeListener(AbstractMessageListenerContainer.java:1719) ~[spring-rabbit-3.0.4.jar:3.0.4]
	at org.springframework.amqp.rabbit.listener.AbstractMessageListenerContainer.actualInvokeListener(AbstractMessageListenerContainer.java:1638) ~[spring-rabbit-3.0.4.jar:3.0.4]
	at org.springframework.amqp.rabbit.listener.AbstractMessageListenerContainer.invokeListener(AbstractMessageListenerContainer.java:1626) ~[spring-rabbit-3.0.4.jar:3.0.4]
	at org.springframework.amqp.rabbit.listener.AbstractMessageListenerContainer.doExecuteListener(AbstractMessageListenerContainer.java:1617) ~[spring-rabbit-3.0.4.jar:3.0.4]
	at org.springframework.amqp.rabbit.listener.AbstractMessageListenerContainer.executeListenerAndHandleException(AbstractMessageListenerContainer.java:1562) ~[spring-rabbit-3.0.4.jar:3.0.4]
	at org.springframework.amqp.rabbit.listener.AbstractMessageListenerContainer.lambda$executeListener$8(AbstractMessageListenerContainer.java:1541) ~[spring-rabbit-3.0.4.jar:3.0.4]
	at io.micrometer.observation.Observation.lambda$observe$0(Observation.java:493) ~[micrometer-observation-1.11.0.jar:1.11.0]
	at io.micrometer.observation.Observation.observeWithContext(Observation.java:603) ~[micrometer-observation-1.11.0.jar:1.11.0]
	at io.micrometer.observation.Observation.observe(Observation.java:492) ~[micrometer-observation-1.11.0.jar:1.11.0]
	at org.springframework.amqp.rabbit.listener.AbstractMessageListenerContainer.executeListener(AbstractMessageListenerContainer.java:1541) ~[spring-rabbit-3.0.4.jar:3.0.4]
	at org.springframework.amqp.rabbit.listener.SimpleMessageListenerContainer.doReceiveAndExecute(SimpleMessageListenerContainer.java:1001) ~[spring-rabbit-3.0.4.jar:3.0.4]
	at org.springframework.amqp.rabbit.listener.SimpleMessageListenerContainer.receiveAndExecute(SimpleMessageListenerContainer.java:948) ~[spring-rabbit-3.0.4.jar:3.0.4]
	at org.springframework.amqp.rabbit.listener.SimpleMessageListenerContainer$AsyncMessageProcessingConsumer.mainLoop(SimpleMessageListenerContainer.java:1326) ~[spring-rabbit-3.0.4.jar:3.0.4]
	at org.springframework.amqp.rabbit.listener.SimpleMessageListenerContainer$AsyncMessageProcessingConsumer.run(SimpleMessageListenerContainer.java:1232) ~[spring-rabbit-3.0.4.jar:3.0.4]
	at java.base/java.lang.Thread.run(Thread.java:1589) ~[na:na]
Caused by: org.json.JSONException: No value for objectType
	at org.json.JSONObject.get(JSONObject.java:355) ~[android-json-0.0.20131108.vaadin1.jar:0.0.20131108.vaadin1]
	at edu.neu.info5.DemoApplication.service.IndexingListener.convertMapToDocumentIndex(IndexingListener.java:152) ~[classes/:na]
	at edu.neu.info5.DemoApplication.service.IndexingListener.postDocument(IndexingListener.java:73) ~[classes/:na]
	at edu.neu.info5.DemoApplication.service.IndexingListener.receiveMessage(IndexingListener.java:51) ~[classes/:na]
	at java.base/jdk.internal.reflect.DirectMethodHandleAccessor.invoke(DirectMethodHandleAccessor.java:104) ~[na:na]
	at java.base/java.lang.reflect.Method.invoke(Method.java:578) ~[na:na]
	at org.springframework.util.MethodInvoker.invoke(MethodInvoker.java:283) ~[spring-core-6.0.9.jar:6.0.9]
	at org.springframework.amqp.rabbit.listener.adapter.MessageListenerAdapter.invokeListenerMethod(MessageListenerAdapter.java:366) ~[spring-rabbit-3.0.4.jar:3.0.4]
	... 16 common frames omitted

Message received: {body={"mapType":"class java.util.HashMap","empty":false}, operation=SAVE}
2023-08-04T21:43:33.230-04:00  WARN 4865 --- [    container-1] org.elasticsearch.client.RestClient      : request [HEAD http://localhost:9200/plan-index?ignore_throttled=false&ignore_unavailable=false&expand_wildcards=open%2Cclosed&allow_no_indices=false] returned 2 warnings: [299 Elasticsearch-7.17.12-e3b0c3d3c5c130e1dc6d567d6baef1c73eeb2059 "Elasticsearch built-in security features are not enabled. Without authentication, your cluster could be accessible to anyone. See https://www.elastic.co/guide/en/elasticsearch/reference/7.17/security-minimal-setup.html to enable security."],[299 Elasticsearch-7.17.12-e3b0c3d3c5c130e1dc6d567d6baef1c73eeb2059 "[ignore_throttled] parameter is deprecated because frozen indices have been deprecated. Consider cold or frozen tiers in place of frozen indices."]
2023-08-04T21:43:33.230-04:00  WARN 4865 --- [    container-1] s.a.r.l.ConditionalRejectingErrorHandler : Execution of Rabbit message listener failed.

org.springframework.amqp.rabbit.support.ListenerExecutionFailedException: Listener method 'receiveMessage' threw exception
	at org.springframework.amqp.rabbit.listener.adapter.MessageListenerAdapter.invokeListenerMethod(MessageListenerAdapter.java:374) ~[spring-rabbit-3.0.4.jar:3.0.4]
	at org.springframework.amqp.rabbit.listener.adapter.MessageListenerAdapter.onMessage(MessageListenerAdapter.java:293) ~[spring-rabbit-3.0.4.jar:3.0.4]
	at org.springframework.amqp.rabbit.listener.AbstractMessageListenerContainer.doInvokeListener(AbstractMessageListenerContainer.java:1719) ~[spring-rabbit-3.0.4.jar:3.0.4]
	at org.springframework.amqp.rabbit.listener.AbstractMessageListenerContainer.actualInvokeListener(AbstractMessageListenerContainer.java:1638) ~[spring-rabbit-3.0.4.jar:3.0.4]
	at org.springframework.amqp.rabbit.listener.AbstractMessageListenerContainer.invokeListener(AbstractMessageListenerContainer.java:1626) ~[spring-rabbit-3.0.4.jar:3.0.4]
	at org.springframework.amqp.rabbit.listener.AbstractMessageListenerContainer.doExecuteListener(AbstractMessageListenerContainer.java:1617) ~[spring-rabbit-3.0.4.jar:3.0.4]
	at org.springframework.amqp.rabbit.listener.AbstractMessageListenerContainer.executeListenerAndHandleException(AbstractMessageListenerContainer.java:1562) ~[spring-rabbit-3.0.4.jar:3.0.4]
	at org.springframework.amqp.rabbit.listener.AbstractMessageListenerContainer.lambda$executeListener$8(AbstractMessageListenerContainer.java:1541) ~[spring-rabbit-3.0.4.jar:3.0.4]
	at io.micrometer.observation.Observation.lambda$observe$0(Observation.java:493) ~[micrometer-observation-1.11.0.jar:1.11.0]
	at io.micrometer.observation.Observation.observeWithContext(Observation.java:603) ~[micrometer-observation-1.11.0.jar:1.11.0]
	at io.micrometer.observation.Observation.observe(Observation.java:492) ~[micrometer-observation-1.11.0.jar:1.11.0]
	at org.springframework.amqp.rabbit.listener.AbstractMessageListenerContainer.executeListener(AbstractMessageListenerContainer.java:1541) ~[spring-rabbit-3.0.4.jar:3.0.4]
	at org.springframework.amqp.rabbit.listener.SimpleMessageListenerContainer.doReceiveAndExecute(SimpleMessageListenerContainer.java:1001) ~[spring-rabbit-3.0.4.jar:3.0.4]
	at org.springframework.amqp.rabbit.listener.SimpleMessageListenerContainer.receiveAndExecute(SimpleMessageListenerContainer.java:948) ~[spring-rabbit-3.0.4.jar:3.0.4]
	at org.springframework.amqp.rabbit.listener.SimpleMessageListenerContainer$AsyncMessageProcessingConsumer.mainLoop(SimpleMessageListenerContainer.java:1326) ~[spring-rabbit-3.0.4.jar:3.0.4]
	at org.springframework.amqp.rabbit.listener.SimpleMessageListenerContainer$AsyncMessageProcessingConsumer.run(SimpleMessageListenerContainer.java:1232) ~[spring-rabbit-3.0.4.jar:3.0.4]
	at java.base/java.lang.Thread.run(Thread.java:1589) ~[na:na]
Caused by: org.json.JSONException: No value for objectType
	at org.json.JSONObject.get(JSONObject.java:355) ~[android-json-0.0.20131108.vaadin1.jar:0.0.20131108.vaadin1]
	at edu.neu.info5.DemoApplication.service.IndexingListener.convertMapToDocumentIndex(IndexingListener.java:152) ~[classes/:na]
	at edu.neu.info5.DemoApplication.service.IndexingListener.postDocument(IndexingListener.java:73) ~[classes/:na]
	at edu.neu.info5.DemoApplication.service.IndexingListener.receiveMessage(IndexingListener.java:51) ~[classes/:na]
	at java.base/jdk.internal.reflect.DirectMethodHandleAccessor.invoke(DirectMethodHandleAccessor.java:104) ~[na:na]
	at java.base/java.lang.reflect.Method.invoke(Method.java:578) ~[na:na]
	at org.springframework.util.MethodInvoker.invoke(MethodInvoker.java:283) ~[spring-core-6.0.9.jar:6.0.9]
	at org.springframework.amqp.rabbit.listener.adapter.MessageListenerAdapter.invokeListenerMethod(MessageListenerAdapter.java:366) ~[spring-rabbit-3.0.4.jar:3.0.4]
	... 16 common frames omitted

Message received: {body={"mapType":"class java.util.HashMap","empty":false}, operation=SAVE}
2023-08-04T21:43:33.233-04:00  WARN 4865 --- [    container-1] org.elasticsearch.client.RestClient      : request [HEAD http://localhost:9200/plan-index?ignore_throttled=false&ignore_unavailable=false&expand_wildcards=open%2Cclosed&allow_no_indices=false] returned 2 warnings: [299 Elasticsearch-7.17.12-e3b0c3d3c5c130e1dc6d567d6baef1c73eeb2059 "Elasticsearch built-in security features are not enabled. Without authentication, your cluster could be accessible to anyone. See https://www.elastic.co/guide/en/elasticsearch/reference/7.17/security-minimal-setup.html to enable security."],[299 Elasticsearch-7.17.12-e3b0c3d3c5c130e1dc6d567d6baef1c73eeb2059 "[ignore_throttled] parameter is deprecated because frozen indices have been deprecated. Consider cold or frozen tiers in place of frozen indices."]
2023-08-04T21:43:33.233-04:00  WARN 4865 --- [    container-1] s.a.r.l.ConditionalRejectingErrorHandler : Execution of Rabbit message listener failed.

org.springframework.amqp.rabbit.support.ListenerExecutionFailedException: Listener method 'receiveMessage' threw exception
	at org.springframework.amqp.rabbit.listener.adapter.MessageListenerAdapter.invokeListenerMethod(MessageListenerAdapter.java:374) ~[spring-rabbit-3.0.4.jar:3.0.4]
	at org.springframework.amqp.rabbit.listener.adapter.MessageListenerAdapter.onMessage(MessageListenerAdapter.java:293) ~[spring-rabbit-3.0.4.jar:3.0.4]
	at org.springframework.amqp.rabbit.listener.AbstractMessageListenerContainer.doInvokeListener(AbstractMessageListenerContainer.java:1719) ~[spring-rabbit-3.0.4.jar:3.0.4]
	at org.springframework.amqp.rabbit.listener.AbstractMessageListenerContainer.actualInvokeListener(AbstractMessageListenerContainer.java:1638) ~[spring-rabbit-3.0.4.jar:3.0.4]
	at org.springframework.amqp.rabbit.listener.AbstractMessageListenerContainer.invokeListener(AbstractMessageListenerContainer.java:1626) ~[spring-rabbit-3.0.4.jar:3.0.4]
	at org.springframework.amqp.rabbit.listener.AbstractMessageListenerContainer.doExecuteListener(AbstractMessageListenerContainer.java:1617) ~[spring-rabbit-3.0.4.jar:3.0.4]
	at org.springframework.amqp.rabbit.listener.AbstractMessageListenerContainer.executeListenerAndHandleException(AbstractMessageListenerContainer.java:1562) ~[spring-rabbit-3.0.4.jar:3.0.4]
	at org.springframework.amqp.rabbit.listener.AbstractMessageListenerContainer.lambda$executeListener$8(AbstractMessageListenerContainer.java:1541) ~[spring-rabbit-3.0.4.jar:3.0.4]
	at io.micrometer.observation.Observation.lambda$observe$0(Observation.java:493) ~[micrometer-observation-1.11.0.jar:1.11.0]
	at io.micrometer.observation.Observation.observeWithContext(Observation.java:603) ~[micrometer-observation-1.11.0.jar:1.11.0]
	at io.micrometer.observation.Observation.observe(Observation.java:492) ~[micrometer-observation-1.11.0.jar:1.11.0]
	at org.springframework.amqp.rabbit.listener.AbstractMessageListenerContainer.executeListener(AbstractMessageListenerContainer.java:1541) ~[spring-rabbit-3.0.4.jar:3.0.4]
	at org.springframework.amqp.rabbit.listener.SimpleMessageListenerContainer.doReceiveAndExecute(SimpleMessageListenerContainer.java:1001) ~[spring-rabbit-3.0.4.jar:3.0.4]
	at org.springframework.amqp.rabbit.listener.SimpleMessageListenerContainer.receiveAndExecute(SimpleMessageListenerContainer.java:948) ~[spring-rabbit-3.0.4.jar:3.0.4]
	at org.springframework.amqp.rabbit.listener.SimpleMessageListenerContainer$AsyncMessageProcessingConsumer.mainLoop(SimpleMessageListenerContainer.java:1326) ~[spring-rabbit-3.0.4.jar:3.0.4]
	at org.springframework.amqp.rabbit.listener.SimpleMessageListenerContainer$AsyncMessageProcessingConsumer.run(SimpleMessageListenerContainer.java:1232) ~[spring-rabbit-3.0.4.jar:3.0.4]
	at java.base/java.lang.Thread.run(Thread.java:1589) ~[na:na]
Caused by: org.json.JSONException: No value for objectType
	at org.json.JSONObject.get(JSONObject.java:355) ~[android-json-0.0.20131108.vaadin1.jar:0.0.20131108.vaadin1]
	at edu.neu.info5.DemoApplication.service.IndexingListener.convertMapToDocumentIndex(IndexingListener.java:152) ~[classes/:na]
	at edu.neu.info5.DemoApplication.service.IndexingListener.postDocument(IndexingListener.java:73) ~[classes/:na]
	at edu.neu.info5.DemoApplication.service.IndexingListener.receiveMessage(IndexingListener.java:51) ~[classes/:na]
	at java.base/jdk.internal.reflect.DirectMethodHandleAccessor.invoke(DirectMethodHandleAccessor.java:104) ~[na:na]
	at java.base/java.lang.reflect.Method.invoke(Method.java:578) ~[na:na]
	at org.springframework.util.MethodInvoker.invoke(MethodInvoker.java:283) ~[spring-core-6.0.9.jar:6.0.9]
	at org.springframework.amqp.rabbit.listener.adapter.MessageListenerAdapter.invokeListenerMethod(MessageListenerAdapter.java:366) ~[spring-rabbit-3.0.4.jar:3.0.4]
	... 16 common frames omitted

Message received: {body={"mapType":"class java.util.HashMap","empty":false}, operation=SAVE}
2023-08-04T21:43:33.236-04:00  WARN 4865 --- [    container-1] org.elasticsearch.client.RestClient      : request [HEAD http://localhost:9200/plan-index?ignore_throttled=false&ignore_unavailable=false&expand_wildcards=open%2Cclosed&allow_no_indices=false] returned 2 warnings: [299 Elasticsearch-7.17.12-e3b0c3d3c5c130e1dc6d567d6baef1c73eeb2059 "Elasticsearch built-in security features are not enabled. Without authentication, your cluster could be accessible to anyone. See https://www.elastic.co/guide/en/elasticsearch/reference/7.17/security-minimal-setup.html to enable security."],[299 Elasticsearch-7.17.12-e3b0c3d3c5c130e1dc6d567d6baef1c73eeb2059 "[ignore_throttled] parameter is deprecated because frozen indices have been deprecated. Consider cold or frozen tiers in place of frozen indices."]
2023-08-04T21:43:33.236-04:00  WARN 4865 --- [    container-1] s.a.r.l.ConditionalRejectingErrorHandler : Execution of Rabbit message listener failed.

org.springframework.amqp.rabbit.support.ListenerExecutionFailedException: Listener method 'receiveMessage' threw exception
	at org.springframework.amqp.rabbit.listener.adapter.MessageListenerAdapter.invokeListenerMethod(MessageListenerAdapter.java:374) ~[spring-rabbit-3.0.4.jar:3.0.4]
	at org.springframework.amqp.rabbit.listener.adapter.MessageListenerAdapter.onMessage(MessageListenerAdapter.java:293) ~[spring-rabbit-3.0.4.jar:3.0.4]
	at org.springframework.amqp.rabbit.listener.AbstractMessageListenerContainer.doInvokeListener(AbstractMessageListenerContainer.java:1719) ~[spring-rabbit-3.0.4.jar:3.0.4]
	at org.springframework.amqp.rabbit.listener.AbstractMessageListenerContainer.actualInvokeListener(AbstractMessageListenerContainer.java:1638) ~[spring-rabbit-3.0.4.jar:3.0.4]
	at org.springframework.amqp.rabbit.listener.AbstractMessageListenerContainer.invokeListener(AbstractMessageListenerContainer.java:1626) ~[spring-rabbit-3.0.4.jar:3.0.4]
	at org.springframework.amqp.rabbit.listener.AbstractMessageListenerContainer.doExecuteListener(AbstractMessageListenerContainer.java:1617) ~[spring-rabbit-3.0.4.jar:3.0.4]
	at org.springframework.amqp.rabbit.listener.AbstractMessageListenerContainer.executeListenerAndHandleException(AbstractMessageListenerContainer.java:1562) ~[spring-rabbit-3.0.4.jar:3.0.4]
	at org.springframework.amqp.rabbit.listener.AbstractMessageListenerContainer.lambda$executeListener$8(AbstractMessageListenerContainer.java:1541) ~[spring-rabbit-3.0.4.jar:3.0.4]
	at io.micrometer.observation.Observation.lambda$observe$0(Observation.java:493) ~[micrometer-observation-1.11.0.jar:1.11.0]
	at io.micrometer.observation.Observation.observeWithContext(Observation.java:603) ~[micrometer-observation-1.11.0.jar:1.11.0]
	at io.micrometer.observation.Observation.observe(Observation.java:492) ~[micrometer-observation-1.11.0.jar:1.11.0]
	at org.springframework.amqp.rabbit.listener.AbstractMessageListenerContainer.executeListener(AbstractMessageListenerContainer.java:1541) ~[spring-rabbit-3.0.4.jar:3.0.4]
	at org.springframework.amqp.rabbit.listener.SimpleMessageListenerContainer.doReceiveAndExecute(SimpleMessageListenerContainer.java:1001) ~[spring-rabbit-3.0.4.jar:3.0.4]
	at org.springframework.amqp.rabbit.listener.SimpleMessageListenerContainer.receiveAndExecute(SimpleMessageListenerContainer.java:948) ~[spring-rabbit-3.0.4.jar:3.0.4]
	at org.springframework.amqp.rabbit.listener.SimpleMessageListenerContainer$AsyncMessageProcessingConsumer.mainLoop(SimpleMessageListenerContainer.java:1326) ~[spring-rabbit-3.0.4.jar:3.0.4]
	at org.springframework.amqp.rabbit.listener.SimpleMessageListenerContainer$AsyncMessageProcessingConsumer.run(SimpleMessageListenerContainer.java:1232) ~[spring-rabbit-3.0.4.jar:3.0.4]
	at java.base/java.lang.Thread.run(Thread.java:1589) ~[na:na]
Caused by: org.json.JSONException: No value for objectType
	at org.json.JSONObject.get(JSONObject.java:355) ~[android-json-0.0.20131108.vaadin1.jar:0.0.20131108.vaadin1]
	at edu.neu.info5.DemoApplication.service.IndexingListener.convertMapToDocumentIndex(IndexingListener.java:152) ~[classes/:na]
	at edu.neu.info5.DemoApplication.service.IndexingListener.postDocument(IndexingListener.java:73) ~[classes/:na]
	at edu.neu.info5.DemoApplication.service.IndexingListener.receiveMessage(IndexingListener.java:51) ~[classes/:na]
	at java.base/jdk.internal.reflect.DirectMethodHandleAccessor.invoke(DirectMethodHandleAccessor.java:104) ~[na:na]
	at java.base/java.lang.reflect.Method.invoke(Method.java:578) ~[na:na]
	at org.springframework.util.MethodInvoker.invoke(MethodInvoker.java:283) ~[spring-core-6.0.9.jar:6.0.9]
	at org.springframework.amqp.rabbit.listener.adapter.MessageListenerAdapter.invokeListenerMethod(MessageListenerAdapter.java:366) ~[spring-rabbit-3.0.4.jar:3.0.4]
	... 16 common frames omitted

Message received: {body={"mapType":"class java.util.HashMap","empty":false}, operation=SAVE}
2023-08-04T21:43:33.238-04:00  WARN 4865 --- [    container-1] org.elasticsearch.client.RestClient      : request [HEAD http://localhost:9200/plan-index?ignore_throttled=false&ignore_unavailable=false&expand_wildcards=open%2Cclosed&allow_no_indices=false] returned 2 warnings: [299 Elasticsearch-7.17.12-e3b0c3d3c5c130e1dc6d567d6baef1c73eeb2059 "Elasticsearch built-in security features are not enabled. Without authentication, your cluster could be accessible to anyone. See https://www.elastic.co/guide/en/elasticsearch/reference/7.17/security-minimal-setup.html to enable security."],[299 Elasticsearch-7.17.12-e3b0c3d3c5c130e1dc6d567d6baef1c73eeb2059 "[ignore_throttled] parameter is deprecated because frozen indices have been deprecated. Consider cold or frozen tiers in place of frozen indices."]
2023-08-04T21:43:33.238-04:00  WARN 4865 --- [    container-1] s.a.r.l.ConditionalRejectingErrorHandler : Execution of Rabbit message listener failed.

org.springframework.amqp.rabbit.support.ListenerExecutionFailedException: Listener method 'receiveMessage' threw exception
	at org.springframework.amqp.rabbit.listener.adapter.MessageListenerAdapter.invokeListenerMethod(MessageListenerAdapter.java:374) ~[spring-rabbit-3.0.4.jar:3.0.4]
	at org.springframework.amqp.rabbit.listener.adapter.MessageListenerAdapter.onMessage(MessageListenerAdapter.java:293) ~[spring-rabbit-3.0.4.jar:3.0.4]
	at org.springframework.amqp.rabbit.listener.AbstractMessageListenerContainer.doInvokeListener(AbstractMessageListenerContainer.java:1719) ~[spring-rabbit-3.0.4.jar:3.0.4]
	at org.springframework.amqp.rabbit.listener.AbstractMessageListenerContainer.actualInvokeListener(AbstractMessageListenerContainer.java:1638) ~[spring-rabbit-3.0.4.jar:3.0.4]
	at org.springframework.amqp.rabbit.listener.AbstractMessageListenerContainer.invokeListener(AbstractMessageListenerContainer.java:1626) ~[spring-rabbit-3.0.4.jar:3.0.4]
	at org.springframework.amqp.rabbit.listener.AbstractMessageListenerContainer.doExecuteListener(AbstractMessageListenerContainer.java:1617) ~[spring-rabbit-3.0.4.jar:3.0.4]
	at org.springframework.amqp.rabbit.listener.AbstractMessageListenerContainer.executeListenerAndHandleException(AbstractMessageListenerContainer.java:1562) ~[spring-rabbit-3.0.4.jar:3.0.4]
	at org.springframework.amqp.rabbit.listener.AbstractMessageListenerContainer.lambda$executeListener$8(AbstractMessageListenerContainer.java:1541) ~[spring-rabbit-3.0.4.jar:3.0.4]
	at io.micrometer.observation.Observation.lambda$observe$0(Observation.java:493) ~[micrometer-observation-1.11.0.jar:1.11.0]
	at io.micrometer.observation.Observation.observeWithContext(Observation.java:603) ~[micrometer-observation-1.11.0.jar:1.11.0]
	at io.micrometer.observation.Observation.observe(Observation.java:492) ~[micrometer-observation-1.11.0.jar:1.11.0]
	at org.springframework.amqp.rabbit.listener.AbstractMessageListenerContainer.executeListener(AbstractMessageListenerContainer.java:1541) ~[spring-rabbit-3.0.4.jar:3.0.4]
	at org.springframework.amqp.rabbit.listener.SimpleMessageListenerContainer.doReceiveAndExecute(SimpleMessageListenerContainer.java:1001) ~[spring-rabbit-3.0.4.jar:3.0.4]
	at org.springframework.amqp.rabbit.listener.SimpleMessageListenerContainer.receiveAndExecute(SimpleMessageListenerContainer.java:948) ~[spring-rabbit-3.0.4.jar:3.0.4]
	at org.springframework.amqp.rabbit.listener.SimpleMessageListenerContainer$AsyncMessageProcessingConsumer.mainLoop(SimpleMessageListenerContainer.java:1326) ~[spring-rabbit-3.0.4.jar:3.0.4]
	at org.springframework.amqp.rabbit.listener.SimpleMessageListenerContainer$AsyncMessageProcessingConsumer.run(SimpleMessageListenerContainer.java:1232) ~[spring-rabbit-3.0.4.jar:3.0.4]
	at java.base/java.lang.Thread.run(Thread.java:1589) ~[na:na]
Caused by: org.json.JSONException: No value for objectType
	at org.json.JSONObject.get(JSONObject.java:355) ~[android-json-0.0.20131108.vaadin1.jar:0.0.20131108.vaadin1]
	at edu.neu.info5.DemoApplication.service.IndexingListener.convertMapToDocumentIndex(IndexingListener.java:152) ~[classes/:na]
	at edu.neu.info5.DemoApplication.service.IndexingListener.postDocument(IndexingListener.java:73) ~[classes/:na]
	at edu.neu.info5.DemoApplication.service.IndexingListener.receiveMessage(IndexingListener.java:51) ~[classes/:na]
	at java.base/jdk.internal.reflect.DirectMethodHandleAccessor.invoke(DirectMethodHandleAccessor.java:104) ~[na:na]
	at java.base/java.lang.reflect.Method.invoke(Method.java:578) ~[na:na]
	at org.springframework.util.MethodInvoker.invoke(MethodInvoker.java:283) ~[spring-core-6.0.9.jar:6.0.9]
	at org.springframework.amqp.rabbit.listener.adapter.MessageListenerAdapter.invokeListenerMethod(MessageListenerAdapter.java:366) ~[spring-rabbit-3.0.4.jar:3.0.4]
	... 16 common frames omitted

Message received: {body={"mapType":"class java.util.HashMap","empty":false}, operation=SAVE}
2023-08-04T21:43:33.241-04:00  WARN 4865 --- [    container-1] org.elasticsearch.client.RestClient      : request [HEAD http://localhost:9200/plan-index?ignore_throttled=false&ignore_unavailable=false&expand_wildcards=open%2Cclosed&allow_no_indices=false] returned 2 warnings: [299 Elasticsearch-7.17.12-e3b0c3d3c5c130e1dc6d567d6baef1c73eeb2059 "Elasticsearch built-in security features are not enabled. Without authentication, your cluster could be accessible to anyone. See https://www.elastic.co/guide/en/elasticsearch/reference/7.17/security-minimal-setup.html to enable security."],[299 Elasticsearch-7.17.12-e3b0c3d3c5c130e1dc6d567d6baef1c73eeb2059 "[ignore_throttled] parameter is deprecated because frozen indices have been deprecated. Consider cold or frozen tiers in place of frozen indices."]
2023-08-04T21:43:33.241-04:00  WARN 4865 --- [    container-1] s.a.r.l.ConditionalRejectingErrorHandler : Execution of Rabbit message listener failed.

org.springframework.amqp.rabbit.support.ListenerExecutionFailedException: Listener method 'receiveMessage' threw exception
	at org.springframework.amqp.rabbit.listener.adapter.MessageListenerAdapter.invokeListenerMethod(MessageListenerAdapter.java:374) ~[spring-rabbit-3.0.4.jar:3.0.4]
	at org.springframework.amqp.rabbit.listener.adapter.MessageListenerAdapter.onMessage(MessageListenerAdapter.java:293) ~[spring-rabbit-3.0.4.jar:3.0.4]
	at org.springframework.amqp.rabbit.listener.AbstractMessageListenerContainer.doInvokeListener(AbstractMessageListenerContainer.java:1719) ~[spring-rabbit-3.0.4.jar:3.0.4]
	at org.springframework.amqp.rabbit.listener.AbstractMessageListenerContainer.actualInvokeListener(AbstractMessageListenerContainer.java:1638) ~[spring-rabbit-3.0.4.jar:3.0.4]
	at org.springframework.amqp.rabbit.listener.AbstractMessageListenerContainer.invokeListener(AbstractMessageListenerContainer.java:1626) ~[spring-rabbit-3.0.4.jar:3.0.4]
	at org.springframework.amqp.rabbit.listener.AbstractMessageListenerContainer.doExecuteListener(AbstractMessageListenerContainer.java:1617) ~[spring-rabbit-3.0.4.jar:3.0.4]
	at org.springframework.amqp.rabbit.listener.AbstractMessageListenerContainer.executeListenerAndHandleException(AbstractMessageListenerContainer.java:1562) ~[spring-rabbit-3.0.4.jar:3.0.4]
	at org.springframework.amqp.rabbit.listener.AbstractMessageListenerContainer.lambda$executeListener$8(AbstractMessageListenerContainer.java:1541) ~[spring-rabbit-3.0.4.jar:3.0.4]
	at io.micrometer.observation.Observation.lambda$observe$0(Observation.java:493) ~[micrometer-observation-1.11.0.jar:1.11.0]
	at io.micrometer.observation.Observation.observeWithContext(Observation.java:603) ~[micrometer-observation-1.11.0.jar:1.11.0]
	at io.micrometer.observation.Observation.observe(Observation.java:492) ~[micrometer-observation-1.11.0.jar:1.11.0]
	at org.springframework.amqp.rabbit.listener.AbstractMessageListenerContainer.executeListener(AbstractMessageListenerContainer.java:1541) ~[spring-rabbit-3.0.4.jar:3.0.4]
	at org.springframework.amqp.rabbit.listener.SimpleMessageListenerContainer.doReceiveAndExecute(SimpleMessageListenerContainer.java:1001) ~[spring-rabbit-3.0.4.jar:3.0.4]
	at org.springframework.amqp.rabbit.listener.SimpleMessageListenerContainer.receiveAndExecute(SimpleMessageListenerContainer.java:948) ~[spring-rabbit-3.0.4.jar:3.0.4]
	at org.springframework.amqp.rabbit.listener.SimpleMessageListenerContainer$AsyncMessageProcessingConsumer.mainLoop(SimpleMessageListenerContainer.java:1326) ~[spring-rabbit-3.0.4.jar:3.0.4]
	at org.springframework.amqp.rabbit.listener.SimpleMessageListenerContainer$AsyncMessageProcessingConsumer.run(SimpleMessageListenerContainer.java:1232) ~[spring-rabbit-3.0.4.jar:3.0.4]
	at java.base/java.lang.Thread.run(Thread.java:1589) ~[na:na]
Caused by: org.json.JSONException: No value for objectType
	at org.json.JSONObject.get(JSONObject.java:355) ~[android-json-0.0.20131108.vaadin1.jar:0.0.20131108.vaadin1]
	at edu.neu.info5.DemoApplication.service.IndexingListener.convertMapToDocumentIndex(IndexingListener.java:152) ~[classes/:na]
	at edu.neu.info5.DemoApplication.service.IndexingListener.postDocument(IndexingListener.java:73) ~[classes/:na]
	at edu.neu.info5.DemoApplication.service.IndexingListener.receiveMessage(IndexingListener.java:51) ~[classes/:na]
	at java.base/jdk.internal.reflect.DirectMethodHandleAccessor.invoke(DirectMethodHandleAccessor.java:104) ~[na:na]
	at java.base/java.lang.reflect.Method.invoke(Method.java:578) ~[na:na]
	at org.springframework.util.MethodInvoker.invoke(MethodInvoker.java:283) ~[spring-core-6.0.9.jar:6.0.9]
	at org.springframework.amqp.rabbit.listener.adapter.MessageListenerAdapter.invokeListenerMethod(MessageListenerAdapter.java:366) ~[spring-rabbit-3.0.4.jar:3.0.4]
	... 16 common frames omitted

Message received: {body={"mapType":"class java.util.HashMap","empty":false}, operation=SAVE}
2023-08-04T21:43:33.244-04:00  WARN 4865 --- [    container-1] org.elasticsearch.client.RestClient      : request [HEAD http://localhost:9200/plan-index?ignore_throttled=false&ignore_unavailable=false&expand_wildcards=open%2Cclosed&allow_no_indices=false] returned 2 warnings: [299 Elasticsearch-7.17.12-e3b0c3d3c5c130e1dc6d567d6baef1c73eeb2059 "Elasticsearch built-in security features are not enabled. Without authentication, your cluster could be accessible to anyone. See https://www.elastic.co/guide/en/elasticsearch/reference/7.17/security-minimal-setup.html to enable security."],[299 Elasticsearch-7.17.12-e3b0c3d3c5c130e1dc6d567d6baef1c73eeb2059 "[ignore_throttled] parameter is deprecated because frozen indices have been deprecated. Consider cold or frozen tiers in place of frozen indices."]
2023-08-04T21:43:33.244-04:00  WARN 4865 --- [    container-1] s.a.r.l.ConditionalRejectingErrorHandler : Execution of Rabbit message listener failed.

org.springframework.amqp.rabbit.support.ListenerExecutionFailedException: Listener method 'receiveMessage' threw exception
	at org.springframework.amqp.rabbit.listener.adapter.MessageListenerAdapter.invokeListenerMethod(MessageListenerAdapter.java:374) ~[spring-rabbit-3.0.4.jar:3.0.4]
	at org.springframework.amqp.rabbit.listener.adapter.MessageListenerAdapter.onMessage(MessageListenerAdapter.java:293) ~[spring-rabbit-3.0.4.jar:3.0.4]
	at org.springframework.amqp.rabbit.listener.AbstractMessageListenerContainer.doInvokeListener(AbstractMessageListenerContainer.java:1719) ~[spring-rabbit-3.0.4.jar:3.0.4]
	at org.springframework.amqp.rabbit.listener.AbstractMessageListenerContainer.actualInvokeListener(AbstractMessageListenerContainer.java:1638) ~[spring-rabbit-3.0.4.jar:3.0.4]
	at org.springframework.amqp.rabbit.listener.AbstractMessageListenerContainer.invokeListener(AbstractMessageListenerContainer.java:1626) ~[spring-rabbit-3.0.4.jar:3.0.4]
	at org.springframework.amqp.rabbit.listener.AbstractMessageListenerContainer.doExecuteListener(AbstractMessageListenerContainer.java:1617) ~[spring-rabbit-3.0.4.jar:3.0.4]
	at org.springframework.amqp.rabbit.listener.AbstractMessageListenerContainer.executeListenerAndHandleException(AbstractMessageListenerContainer.java:1562) ~[spring-rabbit-3.0.4.jar:3.0.4]
	at org.springframework.amqp.rabbit.listener.AbstractMessageListenerContainer.lambda$executeListener$8(AbstractMessageListenerContainer.java:1541) ~[spring-rabbit-3.0.4.jar:3.0.4]
	at io.micrometer.observation.Observation.lambda$observe$0(Observation.java:493) ~[micrometer-observation-1.11.0.jar:1.11.0]
	at io.micrometer.observation.Observation.observeWithContext(Observation.java:603) ~[micrometer-observation-1.11.0.jar:1.11.0]
	at io.micrometer.observation.Observation.observe(Observation.java:492) ~[micrometer-observation-1.11.0.jar:1.11.0]
	at org.springframework.amqp.rabbit.listener.AbstractMessageListenerContainer.executeListener(AbstractMessageListenerContainer.java:1541) ~[spring-rabbit-3.0.4.jar:3.0.4]
	at org.springframework.amqp.rabbit.listener.SimpleMessageListenerContainer.doReceiveAndExecute(SimpleMessageListenerContainer.java:1001) ~[spring-rabbit-3.0.4.jar:3.0.4]
	at org.springframework.amqp.rabbit.listener.SimpleMessageListenerContainer.receiveAndExecute(SimpleMessageListenerContainer.java:948) ~[spring-rabbit-3.0.4.jar:3.0.4]
	at org.springframework.amqp.rabbit.listener.SimpleMessageListenerContainer$AsyncMessageProcessingConsumer.mainLoop(SimpleMessageListenerContainer.java:1326) ~[spring-rabbit-3.0.4.jar:3.0.4]
	at org.springframework.amqp.rabbit.listener.SimpleMessageListenerContainer$AsyncMessageProcessingConsumer.run(SimpleMessageListenerContainer.java:1232) ~[spring-rabbit-3.0.4.jar:3.0.4]
	at java.base/java.lang.Thread.run(Thread.java:1589) ~[na:na]
Caused by: org.json.JSONException: No value for objectType
	at org.json.JSONObject.get(JSONObject.java:355) ~[android-json-0.0.20131108.vaadin1.jar:0.0.20131108.vaadin1]
	at edu.neu.info5.DemoApplication.service.IndexingListener.convertMapToDocumentIndex(IndexingListener.java:152) ~[classes/:na]
	at edu.neu.info5.DemoApplication.service.IndexingListener.postDocument(IndexingListener.java:73) ~[classes/:na]
	at edu.neu.info5.DemoApplication.service.IndexingListener.receiveMessage(IndexingListener.java:51) ~[classes/:na]
	at java.base/jdk.internal.reflect.DirectMethodHandleAccessor.invoke(DirectMethodHandleAccessor.java:104) ~[na:na]
	at java.base/java.lang.reflect.Method.invoke(Method.java:578) ~[na:na]
	at org.springframework.util.MethodInvoker.invoke(MethodInvoker.java:283) ~[spring-core-6.0.9.jar:6.0.9]
	at org.springframework.amqp.rabbit.listener.adapter.MessageListenerAdapter.invokeListenerMethod(MessageListenerAdapter.java:366) ~[spring-rabbit-3.0.4.jar:3.0.4]
	... 16 common frames omitted

Message received: {body={"mapType":"class java.util.HashMap","empty":false}, operation=SAVE}
2023-08-04T21:43:33.246-04:00  WARN 4865 --- [    container-1] org.elasticsearch.client.RestClient      : request [HEAD http://localhost:9200/plan-index?ignore_throttled=false&ignore_unavailable=false&expand_wildcards=open%2Cclosed&allow_no_indices=false] returned 2 warnings: [299 Elasticsearch-7.17.12-e3b0c3d3c5c130e1dc6d567d6baef1c73eeb2059 "Elasticsearch built-in security features are not enabled. Without authentication, your cluster could be accessible to anyone. See https://www.elastic.co/guide/en/elasticsearch/reference/7.17/security-minimal-setup.html to enable security."],[299 Elasticsearch-7.17.12-e3b0c3d3c5c130e1dc6d567d6baef1c73eeb2059 "[ignore_throttled] parameter is deprecated because frozen indices have been deprecated. Consider cold or frozen tiers in place of frozen indices."]
2023-08-04T21:43:33.246-04:00  WARN 4865 --- [    container-1] s.a.r.l.ConditionalRejectingErrorHandler : Execution of Rabbit message listener failed.

org.springframework.amqp.rabbit.support.ListenerExecutionFailedException: Listener method 'receiveMessage' threw exception
	at org.springframework.amqp.rabbit.listener.adapter.MessageListenerAdapter.invokeListenerMethod(MessageListenerAdapter.java:374) ~[spring-rabbit-3.0.4.jar:3.0.4]
	at org.springframework.amqp.rabbit.listener.adapter.MessageListenerAdapter.onMessage(MessageListenerAdapter.java:293) ~[spring-rabbit-3.0.4.jar:3.0.4]
	at org.springframework.amqp.rabbit.listener.AbstractMessageListenerContainer.doInvokeListener(AbstractMessageListenerContainer.java:1719) ~[spring-rabbit-3.0.4.jar:3.0.4]
	at org.springframework.amqp.rabbit.listener.AbstractMessageListenerContainer.actualInvokeListener(AbstractMessageListenerContainer.java:1638) ~[spring-rabbit-3.0.4.jar:3.0.4]
	at org.springframework.amqp.rabbit.listener.AbstractMessageListenerContainer.invokeListener(AbstractMessageListenerContainer.java:1626) ~[spring-rabbit-3.0.4.jar:3.0.4]
	at org.springframework.amqp.rabbit.listener.AbstractMessageListenerContainer.doExecuteListener(AbstractMessageListenerContainer.java:1617) ~[spring-rabbit-3.0.4.jar:3.0.4]
	at org.springframework.amqp.rabbit.listener.AbstractMessageListenerContainer.executeListenerAndHandleException(AbstractMessageListenerContainer.java:1562) ~[spring-rabbit-3.0.4.jar:3.0.4]
	at org.springframework.amqp.rabbit.listener.AbstractMessageListenerContainer.lambda$executeListener$8(AbstractMessageListenerContainer.java:1541) ~[spring-rabbit-3.0.4.jar:3.0.4]
	at io.micrometer.observation.Observation.lambda$observe$0(Observation.java:493) ~[micrometer-observation-1.11.0.jar:1.11.0]
	at io.micrometer.observation.Observation.observeWithContext(Observation.java:603) ~[micrometer-observation-1.11.0.jar:1.11.0]
	at io.micrometer.observation.Observation.observe(Observation.java:492) ~[micrometer-observation-1.11.0.jar:1.11.0]
	at org.springframework.amqp.rabbit.listener.AbstractMessageListenerContainer.executeListener(AbstractMessageListenerContainer.java:1541) ~[spring-rabbit-3.0.4.jar:3.0.4]
	at org.springframework.amqp.rabbit.listener.SimpleMessageListenerContainer.doReceiveAndExecute(SimpleMessageListenerContainer.java:1001) ~[spring-rabbit-3.0.4.jar:3.0.4]
	at org.springframework.amqp.rabbit.listener.SimpleMessageListenerContainer.receiveAndExecute(SimpleMessageListenerContainer.java:948) ~[spring-rabbit-3.0.4.jar:3.0.4]
	at org.springframework.amqp.rabbit.listener.SimpleMessageListenerContainer$AsyncMessageProcessingConsumer.mainLoop(SimpleMessageListenerContainer.java:1326) ~[spring-rabbit-3.0.4.jar:3.0.4]
	at org.springframework.amqp.rabbit.listener.SimpleMessageListenerContainer$AsyncMessageProcessingConsumer.run(SimpleMessageListenerContainer.java:1232) ~[spring-rabbit-3.0.4.jar:3.0.4]
	at java.base/java.lang.Thread.run(Thread.java:1589) ~[na:na]
Caused by: org.json.JSONException: No value for objectType
	at org.json.JSONObject.get(JSONObject.java:355) ~[android-json-0.0.20131108.vaadin1.jar:0.0.20131108.vaadin1]
	at edu.neu.info5.DemoApplication.service.IndexingListener.convertMapToDocumentIndex(IndexingListener.java:152) ~[classes/:na]
	at edu.neu.info5.DemoApplication.service.IndexingListener.postDocument(IndexingListener.java:73) ~[classes/:na]
	at edu.neu.info5.DemoApplication.service.IndexingListener.receiveMessage(IndexingListener.java:51) ~[classes/:na]
	at java.base/jdk.internal.reflect.DirectMethodHandleAccessor.invoke(DirectMethodHandleAccessor.java:104) ~[na:na]
	at java.base/java.lang.reflect.Method.invoke(Method.java:578) ~[na:na]
	at org.springframework.util.MethodInvoker.invoke(MethodInvoker.java:283) ~[spring-core-6.0.9.jar:6.0.9]
	at org.springframework.amqp.rabbit.listener.adapter.MessageListenerAdapter.invokeListenerMethod(MessageListenerAdapter.java:366) ~[spring-rabbit-3.0.4.jar:3.0.4]
	... 16 common frames omitted

Message received: {body={"mapType":"class java.util.HashMap","empty":false}, operation=SAVE}
2023-08-04T21:43:33.249-04:00  WARN 4865 --- [    container-1] org.elasticsearch.client.RestClient      : request [HEAD http://localhost:9200/plan-index?ignore_throttled=false&ignore_unavailable=false&expand_wildcards=open%2Cclosed&allow_no_indices=false] returned 2 warnings: [299 Elasticsearch-7.17.12-e3b0c3d3c5c130e1dc6d567d6baef1c73eeb2059 "Elasticsearch built-in security features are not enabled. Without authentication, your cluster could be accessible to anyone. See https://www.elastic.co/guide/en/elasticsearch/reference/7.17/security-minimal-setup.html to enable security."],[299 Elasticsearch-7.17.12-e3b0c3d3c5c130e1dc6d567d6baef1c73eeb2059 "[ignore_throttled] parameter is deprecated because frozen indices have been deprecated. Consider cold or frozen tiers in place of frozen indices."]
2023-08-04T21:43:33.250-04:00  WARN 4865 --- [    container-1] s.a.r.l.ConditionalRejectingErrorHandler : Execution of Rabbit message listener failed.

org.springframework.amqp.rabbit.support.ListenerExecutionFailedException: Listener method 'receiveMessage' threw exception
	at org.springframework.amqp.rabbit.listener.adapter.MessageListenerAdapter.invokeListenerMethod(MessageListenerAdapter.java:374) ~[spring-rabbit-3.0.4.jar:3.0.4]
	at org.springframework.amqp.rabbit.listener.adapter.MessageListenerAdapter.onMessage(MessageListenerAdapter.java:293) ~[spring-rabbit-3.0.4.jar:3.0.4]
	at org.springframework.amqp.rabbit.listener.AbstractMessageListenerContainer.doInvokeListener(AbstractMessageListenerContainer.java:1719) ~[spring-rabbit-3.0.4.jar:3.0.4]
	at org.springframework.amqp.rabbit.listener.AbstractMessageListenerContainer.actualInvokeListener(AbstractMessageListenerContainer.java:1638) ~[spring-rabbit-3.0.4.jar:3.0.4]
	at org.springframework.amqp.rabbit.listener.AbstractMessageListenerContainer.invokeListener(AbstractMessageListenerContainer.java:1626) ~[spring-rabbit-3.0.4.jar:3.0.4]
	at org.springframework.amqp.rabbit.listener.AbstractMessageListenerContainer.doExecuteListener(AbstractMessageListenerContainer.java:1617) ~[spring-rabbit-3.0.4.jar:3.0.4]
	at org.springframework.amqp.rabbit.listener.AbstractMessageListenerContainer.executeListenerAndHandleException(AbstractMessageListenerContainer.java:1562) ~[spring-rabbit-3.0.4.jar:3.0.4]
	at org.springframework.amqp.rabbit.listener.AbstractMessageListenerContainer.lambda$executeListener$8(AbstractMessageListenerContainer.java:1541) ~[spring-rabbit-3.0.4.jar:3.0.4]
	at io.micrometer.observation.Observation.lambda$observe$0(Observation.java:493) ~[micrometer-observation-1.11.0.jar:1.11.0]
	at io.micrometer.observation.Observation.observeWithContext(Observation.java:603) ~[micrometer-observation-1.11.0.jar:1.11.0]
	at io.micrometer.observation.Observation.observe(Observation.java:492) ~[micrometer-observation-1.11.0.jar:1.11.0]
	at org.springframework.amqp.rabbit.listener.AbstractMessageListenerContainer.executeListener(AbstractMessageListenerContainer.java:1541) ~[spring-rabbit-3.0.4.jar:3.0.4]
	at org.springframework.amqp.rabbit.listener.SimpleMessageListenerContainer.doReceiveAndExecute(SimpleMessageListenerContainer.java:1001) ~[spring-rabbit-3.0.4.jar:3.0.4]
	at org.springframework.amqp.rabbit.listener.SimpleMessageListenerContainer.receiveAndExecute(SimpleMessageListenerContainer.java:948) ~[spring-rabbit-3.0.4.jar:3.0.4]
	at org.springframework.amqp.rabbit.listener.SimpleMessageListenerContainer$AsyncMessageProcessingConsumer.mainLoop(SimpleMessageListenerContainer.java:1326) ~[spring-rabbit-3.0.4.jar:3.0.4]
	at org.springframework.amqp.rabbit.listener.SimpleMessageListenerContainer$AsyncMessageProcessingConsumer.run(SimpleMessageListenerContainer.java:1232) ~[spring-rabbit-3.0.4.jar:3.0.4]
	at java.base/java.lang.Thread.run(Thread.java:1589) ~[na:na]
Caused by: org.json.JSONException: No value for objectType
	at org.json.JSONObject.get(JSONObject.java:355) ~[android-json-0.0.20131108.vaadin1.jar:0.0.20131108.vaadin1]
	at edu.neu.info5.DemoApplication.service.IndexingListener.convertMapToDocumentIndex(IndexingListener.java:152) ~[classes/:na]
	at edu.neu.info5.DemoApplication.service.IndexingListener.postDocument(IndexingListener.java:73) ~[classes/:na]
	at edu.neu.info5.DemoApplication.service.IndexingListener.receiveMessage(IndexingListener.java:51) ~[classes/:na]
	at java.base/jdk.internal.reflect.DirectMethodHandleAccessor.invoke(DirectMethodHandleAccessor.java:104) ~[na:na]
	at java.base/java.lang.reflect.Method.invoke(Method.java:578) ~[na:na]
	at org.springframework.util.MethodInvoker.invoke(MethodInvoker.java:283) ~[spring-core-6.0.9.jar:6.0.9]
	at org.springframework.amqp.rabbit.listener.adapter.MessageListenerAdapter.invokeListenerMethod(MessageListenerAdapter.java:366) ~[spring-rabbit-3.0.4.jar:3.0.4]
	... 16 common frames omitted

Message received: {body={"mapType":"class java.util.HashMap","empty":false}, operation=SAVE}
2023-08-04T21:43:33.252-04:00  WARN 4865 --- [    container-1] org.elasticsearch.client.RestClient      : request [HEAD http://localhost:9200/plan-index?ignore_throttled=false&ignore_unavailable=false&expand_wildcards=open%2Cclosed&allow_no_indices=false] returned 2 warnings: [299 Elasticsearch-7.17.12-e3b0c3d3c5c130e1dc6d567d6baef1c73eeb2059 "Elasticsearch built-in security features are not enabled. Without authentication, your cluster could be accessible to anyone. See https://www.elastic.co/guide/en/elasticsearch/reference/7.17/security-minimal-setup.html to enable security."],[299 Elasticsearch-7.17.12-e3b0c3d3c5c130e1dc6d567d6baef1c73eeb2059 "[ignore_throttled] parameter is deprecated because frozen indices have been deprecated. Consider cold or frozen tiers in place of frozen indices."]
2023-08-04T21:43:33.253-04:00  WARN 4865 --- [    container-1] s.a.r.l.ConditionalRejectingErrorHandler : Execution of Rabbit message listener failed.

org.springframework.amqp.rabbit.support.ListenerExecutionFailedException: Listener method 'receiveMessage' threw exception
	at org.springframework.amqp.rabbit.listener.adapter.MessageListenerAdapter.invokeListenerMethod(MessageListenerAdapter.java:374) ~[spring-rabbit-3.0.4.jar:3.0.4]
	at org.springframework.amqp.rabbit.listener.adapter.MessageListenerAdapter.onMessage(MessageListenerAdapter.java:293) ~[spring-rabbit-3.0.4.jar:3.0.4]
	at org.springframework.amqp.rabbit.listener.AbstractMessageListenerContainer.doInvokeListener(AbstractMessageListenerContainer.java:1719) ~[spring-rabbit-3.0.4.jar:3.0.4]
	at org.springframework.amqp.rabbit.listener.AbstractMessageListenerContainer.actualInvokeListener(AbstractMessageListenerContainer.java:1638) ~[spring-rabbit-3.0.4.jar:3.0.4]
	at org.springframework.amqp.rabbit.listener.AbstractMessageListenerContainer.invokeListener(AbstractMessageListenerContainer.java:1626) ~[spring-rabbit-3.0.4.jar:3.0.4]
	at org.springframework.amqp.rabbit.listener.AbstractMessageListenerContainer.doExecuteListener(AbstractMessageListenerContainer.java:1617) ~[spring-rabbit-3.0.4.jar:3.0.4]
	at org.springframework.amqp.rabbit.listener.AbstractMessageListenerContainer.executeListenerAndHandleException(AbstractMessageListenerContainer.java:1562) ~[spring-rabbit-3.0.4.jar:3.0.4]
	at org.springframework.amqp.rabbit.listener.AbstractMessageListenerContainer.lambda$executeListener$8(AbstractMessageListenerContainer.java:1541) ~[spring-rabbit-3.0.4.jar:3.0.4]
	at io.micrometer.observation.Observation.lambda$observe$0(Observation.java:493) ~[micrometer-observation-1.11.0.jar:1.11.0]
	at io.micrometer.observation.Observation.observeWithContext(Observation.java:603) ~[micrometer-observation-1.11.0.jar:1.11.0]
	at io.micrometer.observation.Observation.observe(Observation.java:492) ~[micrometer-observation-1.11.0.jar:1.11.0]
	at org.springframework.amqp.rabbit.listener.AbstractMessageListenerContainer.executeListener(AbstractMessageListenerContainer.java:1541) ~[spring-rabbit-3.0.4.jar:3.0.4]
	at org.springframework.amqp.rabbit.listener.SimpleMessageListenerContainer.doReceiveAndExecute(SimpleMessageListenerContainer.java:1001) ~[spring-rabbit-3.0.4.jar:3.0.4]
	at org.springframework.amqp.rabbit.listener.SimpleMessageListenerContainer.receiveAndExecute(SimpleMessageListenerContainer.java:948) ~[spring-rabbit-3.0.4.jar:3.0.4]
	at org.springframework.amqp.rabbit.listener.SimpleMessageListenerContainer$AsyncMessageProcessingConsumer.mainLoop(SimpleMessageListenerContainer.java:1326) ~[spring-rabbit-3.0.4.jar:3.0.4]
	at org.springframework.amqp.rabbit.listener.SimpleMessageListenerContainer$AsyncMessageProcessingConsumer.run(SimpleMessageListenerContainer.java:1232) ~[spring-rabbit-3.0.4.jar:3.0.4]
	at java.base/java.lang.Thread.run(Thread.java:1589) ~[na:na]
Caused by: org.json.JSONException: No value for objectType
	at org.json.JSONObject.get(JSONObject.java:355) ~[android-json-0.0.20131108.vaadin1.jar:0.0.20131108.vaadin1]
	at edu.neu.info5.DemoApplication.service.IndexingListener.convertMapToDocumentIndex(IndexingListener.java:152) ~[classes/:na]
	at edu.neu.info5.DemoApplication.service.IndexingListener.postDocument(IndexingListener.java:73) ~[classes/:na]
	at edu.neu.info5.DemoApplication.service.IndexingListener.receiveMessage(IndexingListener.java:51) ~[classes/:na]
	at java.base/jdk.internal.reflect.DirectMethodHandleAccessor.invoke(DirectMethodHandleAccessor.java:104) ~[na:na]
	at java.base/java.lang.reflect.Method.invoke(Method.java:578) ~[na:na]
	at org.springframework.util.MethodInvoker.invoke(MethodInvoker.java:283) ~[spring-core-6.0.9.jar:6.0.9]
	at org.springframework.amqp.rabbit.listener.adapter.MessageListenerAdapter.invokeListenerMethod(MessageListenerAdapter.java:366) ~[spring-rabbit-3.0.4.jar:3.0.4]
	... 16 common frames omitted

Message received: {body={"mapType":"class java.util.HashMap","empty":false}, operation=SAVE}
2023-08-04T21:43:33.255-04:00  WARN 4865 --- [    container-1] org.elasticsearch.client.RestClient      : request [HEAD http://localhost:9200/plan-index?ignore_throttled=false&ignore_unavailable=false&expand_wildcards=open%2Cclosed&allow_no_indices=false] returned 2 warnings: [299 Elasticsearch-7.17.12-e3b0c3d3c5c130e1dc6d567d6baef1c73eeb2059 "Elasticsearch built-in security features are not enabled. Without authentication, your cluster could be accessible to anyone. See https://www.elastic.co/guide/en/elasticsearch/reference/7.17/security-minimal-setup.html to enable security."],[299 Elasticsearch-7.17.12-e3b0c3d3c5c130e1dc6d567d6baef1c73eeb2059 "[ignore_throttled] parameter is deprecated because frozen indices have been deprecated. Consider cold or frozen tiers in place of frozen indices."]
2023-08-04T21:43:33.256-04:00  WARN 4865 --- [    container-1] s.a.r.l.ConditionalRejectingErrorHandler : Execution of Rabbit message listener failed.

org.springframework.amqp.rabbit.support.ListenerExecutionFailedException: Listener method 'receiveMessage' threw exception
	at org.springframework.amqp.rabbit.listener.adapter.MessageListenerAdapter.invokeListenerMethod(MessageListenerAdapter.java:374) ~[spring-rabbit-3.0.4.jar:3.0.4]
	at org.springframework.amqp.rabbit.listener.adapter.MessageListenerAdapter.onMessage(MessageListenerAdapter.java:293) ~[spring-rabbit-3.0.4.jar:3.0.4]
	at org.springframework.amqp.rabbit.listener.AbstractMessageListenerContainer.doInvokeListener(AbstractMessageListenerContainer.java:1719) ~[spring-rabbit-3.0.4.jar:3.0.4]
	at org.springframework.amqp.rabbit.listener.AbstractMessageListenerContainer.actualInvokeListener(AbstractMessageListenerContainer.java:1638) ~[spring-rabbit-3.0.4.jar:3.0.4]
	at org.springframework.amqp.rabbit.listener.AbstractMessageListenerContainer.invokeListener(AbstractMessageListenerContainer.java:1626) ~[spring-rabbit-3.0.4.jar:3.0.4]
	at org.springframework.amqp.rabbit.listener.AbstractMessageListenerContainer.doExecuteListener(AbstractMessageListenerContainer.java:1617) ~[spring-rabbit-3.0.4.jar:3.0.4]
	at org.springframework.amqp.rabbit.listener.AbstractMessageListenerContainer.executeListenerAndHandleException(AbstractMessageListenerContainer.java:1562) ~[spring-rabbit-3.0.4.jar:3.0.4]
	at org.springframework.amqp.rabbit.listener.AbstractMessageListenerContainer.lambda$executeListener$8(AbstractMessageListenerContainer.java:1541) ~[spring-rabbit-3.0.4.jar:3.0.4]
	at io.micrometer.observation.Observation.lambda$observe$0(Observation.java:493) ~[micrometer-observation-1.11.0.jar:1.11.0]
	at io.micrometer.observation.Observation.observeWithContext(Observation.java:603) ~[micrometer-observation-1.11.0.jar:1.11.0]
	at io.micrometer.observation.Observation.observe(Observation.java:492) ~[micrometer-observation-1.11.0.jar:1.11.0]
	at org.springframework.amqp.rabbit.listener.AbstractMessageListenerContainer.executeListener(AbstractMessageListenerContainer.java:1541) ~[spring-rabbit-3.0.4.jar:3.0.4]
	at org.springframework.amqp.rabbit.listener.SimpleMessageListenerContainer.doReceiveAndExecute(SimpleMessageListenerContainer.java:1001) ~[spring-rabbit-3.0.4.jar:3.0.4]
	at org.springframework.amqp.rabbit.listener.SimpleMessageListenerContainer.receiveAndExecute(SimpleMessageListenerContainer.java:948) ~[spring-rabbit-3.0.4.jar:3.0.4]
	at org.springframework.amqp.rabbit.listener.SimpleMessageListenerContainer$AsyncMessageProcessingConsumer.mainLoop(SimpleMessageListenerContainer.java:1326) ~[spring-rabbit-3.0.4.jar:3.0.4]
	at org.springframework.amqp.rabbit.listener.SimpleMessageListenerContainer$AsyncMessageProcessingConsumer.run(SimpleMessageListenerContainer.java:1232) ~[spring-rabbit-3.0.4.jar:3.0.4]
	at java.base/java.lang.Thread.run(Thread.java:1589) ~[na:na]
Caused by: org.json.JSONException: No value for objectType
	at org.json.JSONObject.get(JSONObject.java:355) ~[android-json-0.0.20131108.vaadin1.jar:0.0.20131108.vaadin1]
	at edu.neu.info5.DemoApplication.service.IndexingListener.convertMapToDocumentIndex(IndexingListener.java:152) ~[classes/:na]
	at edu.neu.info5.DemoApplication.service.IndexingListener.postDocument(IndexingListener.java:73) ~[classes/:na]
	at edu.neu.info5.DemoApplication.service.IndexingListener.receiveMessage(IndexingListener.java:51) ~[classes/:na]
	at java.base/jdk.internal.reflect.DirectMethodHandleAccessor.invoke(DirectMethodHandleAccessor.java:104) ~[na:na]
	at java.base/java.lang.reflect.Method.invoke(Method.java:578) ~[na:na]
	at org.springframework.util.MethodInvoker.invoke(MethodInvoker.java:283) ~[spring-core-6.0.9.jar:6.0.9]
	at org.springframework.amqp.rabbit.listener.adapter.MessageListenerAdapter.invokeListenerMethod(MessageListenerAdapter.java:366) ~[spring-rabbit-3.0.4.jar:3.0.4]
	... 16 common frames omitted

Message received: {body={"mapType":"class java.util.HashMap","empty":false}, operation=SAVE}
2023-08-04T21:43:33.259-04:00  WARN 4865 --- [    container-1] org.elasticsearch.client.RestClient      : request [HEAD http://localhost:9200/plan-index?ignore_throttled=false&ignore_unavailable=false&expand_wildcards=open%2Cclosed&allow_no_indices=false] returned 2 warnings: [299 Elasticsearch-7.17.12-e3b0c3d3c5c130e1dc6d567d6baef1c73eeb2059 "Elasticsearch built-in security features are not enabled. Without authentication, your cluster could be accessible to anyone. See https://www.elastic.co/guide/en/elasticsearch/reference/7.17/security-minimal-setup.html to enable security."],[299 Elasticsearch-7.17.12-e3b0c3d3c5c130e1dc6d567d6baef1c73eeb2059 "[ignore_throttled] parameter is deprecated because frozen indices have been deprecated. Consider cold or frozen tiers in place of frozen indices."]
2023-08-04T21:43:33.259-04:00  WARN 4865 --- [    container-1] s.a.r.l.ConditionalRejectingErrorHandler : Execution of Rabbit message listener failed.

org.springframework.amqp.rabbit.support.ListenerExecutionFailedException: Listener method 'receiveMessage' threw exception
	at org.springframework.amqp.rabbit.listener.adapter.MessageListenerAdapter.invokeListenerMethod(MessageListenerAdapter.java:374) ~[spring-rabbit-3.0.4.jar:3.0.4]
	at org.springframework.amqp.rabbit.listener.adapter.MessageListenerAdapter.onMessage(MessageListenerAdapter.java:293) ~[spring-rabbit-3.0.4.jar:3.0.4]
	at org.springframework.amqp.rabbit.listener.AbstractMessageListenerContainer.doInvokeListener(AbstractMessageListenerContainer.java:1719) ~[spring-rabbit-3.0.4.jar:3.0.4]
	at org.springframework.amqp.rabbit.listener.AbstractMessageListenerContainer.actualInvokeListener(AbstractMessageListenerContainer.java:1638) ~[spring-rabbit-3.0.4.jar:3.0.4]
	at org.springframework.amqp.rabbit.listener.AbstractMessageListenerContainer.invokeListener(AbstractMessageListenerContainer.java:1626) ~[spring-rabbit-3.0.4.jar:3.0.4]
	at org.springframework.amqp.rabbit.listener.AbstractMessageListenerContainer.doExecuteListener(AbstractMessageListenerContainer.java:1617) ~[spring-rabbit-3.0.4.jar:3.0.4]
	at org.springframework.amqp.rabbit.listener.AbstractMessageListenerContainer.executeListenerAndHandleException(AbstractMessageListenerContainer.java:1562) ~[spring-rabbit-3.0.4.jar:3.0.4]
	at org.springframework.amqp.rabbit.listener.AbstractMessageListenerContainer.lambda$executeListener$8(AbstractMessageListenerContainer.java:1541) ~[spring-rabbit-3.0.4.jar:3.0.4]
	at io.micrometer.observation.Observation.lambda$observe$0(Observation.java:493) ~[micrometer-observation-1.11.0.jar:1.11.0]
	at io.micrometer.observation.Observation.observeWithContext(Observation.java:603) ~[micrometer-observation-1.11.0.jar:1.11.0]
	at io.micrometer.observation.Observation.observe(Observation.java:492) ~[micrometer-observation-1.11.0.jar:1.11.0]
	at org.springframework.amqp.rabbit.listener.AbstractMessageListenerContainer.executeListener(AbstractMessageListenerContainer.java:1541) ~[spring-rabbit-3.0.4.jar:3.0.4]
	at org.springframework.amqp.rabbit.listener.SimpleMessageListenerContainer.doReceiveAndExecute(SimpleMessageListenerContainer.java:1001) ~[spring-rabbit-3.0.4.jar:3.0.4]
	at org.springframework.amqp.rabbit.listener.SimpleMessageListenerContainer.receiveAndExecute(SimpleMessageListenerContainer.java:948) ~[spring-rabbit-3.0.4.jar:3.0.4]
	at org.springframework.amqp.rabbit.listener.SimpleMessageListenerContainer$AsyncMessageProcessingConsumer.mainLoop(SimpleMessageListenerContainer.java:1326) ~[spring-rabbit-3.0.4.jar:3.0.4]
	at org.springframework.amqp.rabbit.listener.SimpleMessageListenerContainer$AsyncMessageProcessingConsumer.run(SimpleMessageListenerContainer.java:1232) ~[spring-rabbit-3.0.4.jar:3.0.4]
	at java.base/java.lang.Thread.run(Thread.java:1589) ~[na:na]
Caused by: org.json.JSONException: No value for objectType
	at org.json.JSONObject.get(JSONObject.java:355) ~[android-json-0.0.20131108.vaadin1.jar:0.0.20131108.vaadin1]
	at edu.neu.info5.DemoApplication.service.IndexingListener.convertMapToDocumentIndex(IndexingListener.java:152) ~[classes/:na]
	at edu.neu.info5.DemoApplication.service.IndexingListener.postDocument(IndexingListener.java:73) ~[classes/:na]
	at edu.neu.info5.DemoApplication.service.IndexingListener.receiveMessage(IndexingListener.java:51) ~[classes/:na]
	at java.base/jdk.internal.reflect.DirectMethodHandleAccessor.invoke(DirectMethodHandleAccessor.java:104) ~[na:na]
	at java.base/java.lang.reflect.Method.invoke(Method.java:578) ~[na:na]
	at org.springframework.util.MethodInvoker.invoke(MethodInvoker.java:283) ~[spring-core-6.0.9.jar:6.0.9]
	at org.springframework.amqp.rabbit.listener.adapter.MessageListenerAdapter.invokeListenerMethod(MessageListenerAdapter.java:366) ~[spring-rabbit-3.0.4.jar:3.0.4]
	... 16 common frames omitted

Message received: {body={"mapType":"class java.util.HashMap","empty":false}, operation=SAVE}
2023-08-04T21:43:33.261-04:00  WARN 4865 --- [    container-1] org.elasticsearch.client.RestClient      : request [HEAD http://localhost:9200/plan-index?ignore_throttled=false&ignore_unavailable=false&expand_wildcards=open%2Cclosed&allow_no_indices=false] returned 2 warnings: [299 Elasticsearch-7.17.12-e3b0c3d3c5c130e1dc6d567d6baef1c73eeb2059 "Elasticsearch built-in security features are not enabled. Without authentication, your cluster could be accessible to anyone. See https://www.elastic.co/guide/en/elasticsearch/reference/7.17/security-minimal-setup.html to enable security."],[299 Elasticsearch-7.17.12-e3b0c3d3c5c130e1dc6d567d6baef1c73eeb2059 "[ignore_throttled] parameter is deprecated because frozen indices have been deprecated. Consider cold or frozen tiers in place of frozen indices."]
2023-08-04T21:43:33.261-04:00  WARN 4865 --- [    container-1] s.a.r.l.ConditionalRejectingErrorHandler : Execution of Rabbit message listener failed.

org.springframework.amqp.rabbit.support.ListenerExecutionFailedException: Listener method 'receiveMessage' threw exception
	at org.springframework.amqp.rabbit.listener.adapter.MessageListenerAdapter.invokeListenerMethod(MessageListenerAdapter.java:374) ~[spring-rabbit-3.0.4.jar:3.0.4]
	at org.springframework.amqp.rabbit.listener.adapter.MessageListenerAdapter.onMessage(MessageListenerAdapter.java:293) ~[spring-rabbit-3.0.4.jar:3.0.4]
	at org.springframework.amqp.rabbit.listener.AbstractMessageListenerContainer.doInvokeListener(AbstractMessageListenerContainer.java:1719) ~[spring-rabbit-3.0.4.jar:3.0.4]
	at org.springframework.amqp.rabbit.listener.AbstractMessageListenerContainer.actualInvokeListener(AbstractMessageListenerContainer.java:1638) ~[spring-rabbit-3.0.4.jar:3.0.4]
	at org.springframework.amqp.rabbit.listener.AbstractMessageListenerContainer.invokeListener(AbstractMessageListenerContainer.java:1626) ~[spring-rabbit-3.0.4.jar:3.0.4]
	at org.springframework.amqp.rabbit.listener.AbstractMessageListenerContainer.doExecuteListener(AbstractMessageListenerContainer.java:1617) ~[spring-rabbit-3.0.4.jar:3.0.4]
	at org.springframework.amqp.rabbit.listener.AbstractMessageListenerContainer.executeListenerAndHandleException(AbstractMessageListenerContainer.java:1562) ~[spring-rabbit-3.0.4.jar:3.0.4]
	at org.springframework.amqp.rabbit.listener.AbstractMessageListenerContainer.lambda$executeListener$8(AbstractMessageListenerContainer.java:1541) ~[spring-rabbit-3.0.4.jar:3.0.4]
	at io.micrometer.observation.Observation.lambda$observe$0(Observation.java:493) ~[micrometer-observation-1.11.0.jar:1.11.0]
	at io.micrometer.observation.Observation.observeWithContext(Observation.java:603) ~[micrometer-observation-1.11.0.jar:1.11.0]
	at io.micrometer.observation.Observation.observe(Observation.java:492) ~[micrometer-observation-1.11.0.jar:1.11.0]
	at org.springframework.amqp.rabbit.listener.AbstractMessageListenerContainer.executeListener(AbstractMessageListenerContainer.java:1541) ~[spring-rabbit-3.0.4.jar:3.0.4]
	at org.springframework.amqp.rabbit.listener.SimpleMessageListenerContainer.doReceiveAndExecute(SimpleMessageListenerContainer.java:1001) ~[spring-rabbit-3.0.4.jar:3.0.4]
	at org.springframework.amqp.rabbit.listener.SimpleMessageListenerContainer.receiveAndExecute(SimpleMessageListenerContainer.java:948) ~[spring-rabbit-3.0.4.jar:3.0.4]
	at org.springframework.amqp.rabbit.listener.SimpleMessageListenerContainer$AsyncMessageProcessingConsumer.mainLoop(SimpleMessageListenerContainer.java:1326) ~[spring-rabbit-3.0.4.jar:3.0.4]
	at org.springframework.amqp.rabbit.listener.SimpleMessageListenerContainer$AsyncMessageProcessingConsumer.run(SimpleMessageListenerContainer.java:1232) ~[spring-rabbit-3.0.4.jar:3.0.4]
	at java.base/java.lang.Thread.run(Thread.java:1589) ~[na:na]
Caused by: org.json.JSONException: No value for objectType
	at org.json.JSONObject.get(JSONObject.java:355) ~[android-json-0.0.20131108.vaadin1.jar:0.0.20131108.vaadin1]
	at edu.neu.info5.DemoApplication.service.IndexingListener.convertMapToDocumentIndex(IndexingListener.java:152) ~[classes/:na]
	at edu.neu.info5.DemoApplication.service.IndexingListener.postDocument(IndexingListener.java:73) ~[classes/:na]
	at edu.neu.info5.DemoApplication.service.IndexingListener.receiveMessage(IndexingListener.java:51) ~[classes/:na]
	at java.base/jdk.internal.reflect.DirectMethodHandleAccessor.invoke(DirectMethodHandleAccessor.java:104) ~[na:na]
	at java.base/java.lang.reflect.Method.invoke(Method.java:578) ~[na:na]
	at org.springframework.util.MethodInvoker.invoke(MethodInvoker.java:283) ~[spring-core-6.0.9.jar:6.0.9]
	at org.springframework.amqp.rabbit.listener.adapter.MessageListenerAdapter.invokeListenerMethod(MessageListenerAdapter.java:366) ~[spring-rabbit-3.0.4.jar:3.0.4]
	... 16 common frames omitted

Message received: {body={"mapType":"class java.util.HashMap","empty":false}, operation=SAVE}
2023-08-04T21:43:33.263-04:00  WARN 4865 --- [    container-1] org.elasticsearch.client.RestClient      : request [HEAD http://localhost:9200/plan-index?ignore_throttled=false&ignore_unavailable=false&expand_wildcards=open%2Cclosed&allow_no_indices=false] returned 2 warnings: [299 Elasticsearch-7.17.12-e3b0c3d3c5c130e1dc6d567d6baef1c73eeb2059 "Elasticsearch built-in security features are not enabled. Without authentication, your cluster could be accessible to anyone. See https://www.elastic.co/guide/en/elasticsearch/reference/7.17/security-minimal-setup.html to enable security."],[299 Elasticsearch-7.17.12-e3b0c3d3c5c130e1dc6d567d6baef1c73eeb2059 "[ignore_throttled] parameter is deprecated because frozen indices have been deprecated. Consider cold or frozen tiers in place of frozen indices."]
2023-08-04T21:43:33.264-04:00  WARN 4865 --- [    container-1] s.a.r.l.ConditionalRejectingErrorHandler : Execution of Rabbit message listener failed.

org.springframework.amqp.rabbit.support.ListenerExecutionFailedException: Listener method 'receiveMessage' threw exception
	at org.springframework.amqp.rabbit.listener.adapter.MessageListenerAdapter.invokeListenerMethod(MessageListenerAdapter.java:374) ~[spring-rabbit-3.0.4.jar:3.0.4]
	at org.springframework.amqp.rabbit.listener.adapter.MessageListenerAdapter.onMessage(MessageListenerAdapter.java:293) ~[spring-rabbit-3.0.4.jar:3.0.4]
	at org.springframework.amqp.rabbit.listener.AbstractMessageListenerContainer.doInvokeListener(AbstractMessageListenerContainer.java:1719) ~[spring-rabbit-3.0.4.jar:3.0.4]
	at org.springframework.amqp.rabbit.listener.AbstractMessageListenerContainer.actualInvokeListener(AbstractMessageListenerContainer.java:1638) ~[spring-rabbit-3.0.4.jar:3.0.4]
	at org.springframework.amqp.rabbit.listener.AbstractMessageListenerContainer.invokeListener(AbstractMessageListenerContainer.java:1626) ~[spring-rabbit-3.0.4.jar:3.0.4]
	at org.springframework.amqp.rabbit.listener.AbstractMessageListenerContainer.doExecuteListener(AbstractMessageListenerContainer.java:1617) ~[spring-rabbit-3.0.4.jar:3.0.4]
	at org.springframework.amqp.rabbit.listener.AbstractMessageListenerContainer.executeListenerAndHandleException(AbstractMessageListenerContainer.java:1562) ~[spring-rabbit-3.0.4.jar:3.0.4]
	at org.springframework.amqp.rabbit.listener.AbstractMessageListenerContainer.lambda$executeListener$8(AbstractMessageListenerContainer.java:1541) ~[spring-rabbit-3.0.4.jar:3.0.4]
	at io.micrometer.observation.Observation.lambda$observe$0(Observation.java:493) ~[micrometer-observation-1.11.0.jar:1.11.0]
	at io.micrometer.observation.Observation.observeWithContext(Observation.java:603) ~[micrometer-observation-1.11.0.jar:1.11.0]
	at io.micrometer.observation.Observation.observe(Observation.java:492) ~[micrometer-observation-1.11.0.jar:1.11.0]
	at org.springframework.amqp.rabbit.listener.AbstractMessageListenerContainer.executeListener(AbstractMessageListenerContainer.java:1541) ~[spring-rabbit-3.0.4.jar:3.0.4]
	at org.springframework.amqp.rabbit.listener.SimpleMessageListenerContainer.doReceiveAndExecute(SimpleMessageListenerContainer.java:1001) ~[spring-rabbit-3.0.4.jar:3.0.4]
	at org.springframework.amqp.rabbit.listener.SimpleMessageListenerContainer.receiveAndExecute(SimpleMessageListenerContainer.java:948) ~[spring-rabbit-3.0.4.jar:3.0.4]
	at org.springframework.amqp.rabbit.listener.SimpleMessageListenerContainer$AsyncMessageProcessingConsumer.mainLoop(SimpleMessageListenerContainer.java:1326) ~[spring-rabbit-3.0.4.jar:3.0.4]
	at org.springframework.amqp.rabbit.listener.SimpleMessageListenerContainer$AsyncMessageProcessingConsumer.run(SimpleMessageListenerContainer.java:1232) ~[spring-rabbit-3.0.4.jar:3.0.4]
	at java.base/java.lang.Thread.run(Thread.java:1589) ~[na:na]
Caused by: org.json.JSONException: No value for objectType
	at org.json.JSONObject.get(JSONObject.java:355) ~[android-json-0.0.20131108.vaadin1.jar:0.0.20131108.vaadin1]
	at edu.neu.info5.DemoApplication.service.IndexingListener.convertMapToDocumentIndex(IndexingListener.java:152) ~[classes/:na]
	at edu.neu.info5.DemoApplication.service.IndexingListener.postDocument(IndexingListener.java:73) ~[classes/:na]
	at edu.neu.info5.DemoApplication.service.IndexingListener.receiveMessage(IndexingListener.java:51) ~[classes/:na]
	at java.base/jdk.internal.reflect.DirectMethodHandleAccessor.invoke(DirectMethodHandleAccessor.java:104) ~[na:na]
	at java.base/java.lang.reflect.Method.invoke(Method.java:578) ~[na:na]
	at org.springframework.util.MethodInvoker.invoke(MethodInvoker.java:283) ~[spring-core-6.0.9.jar:6.0.9]
	at org.springframework.amqp.rabbit.listener.adapter.MessageListenerAdapter.invokeListenerMethod(MessageListenerAdapter.java:366) ~[spring-rabbit-3.0.4.jar:3.0.4]
	... 16 common frames omitted

Message received: {body={"mapType":"class java.util.HashMap","empty":false}, operation=SAVE}
2023-08-04T21:43:33.266-04:00  WARN 4865 --- [    container-1] org.elasticsearch.client.RestClient      : request [HEAD http://localhost:9200/plan-index?ignore_throttled=false&ignore_unavailable=false&expand_wildcards=open%2Cclosed&allow_no_indices=false] returned 2 warnings: [299 Elasticsearch-7.17.12-e3b0c3d3c5c130e1dc6d567d6baef1c73eeb2059 "Elasticsearch built-in security features are not enabled. Without authentication, your cluster could be accessible to anyone. See https://www.elastic.co/guide/en/elasticsearch/reference/7.17/security-minimal-setup.html to enable security."],[299 Elasticsearch-7.17.12-e3b0c3d3c5c130e1dc6d567d6baef1c73eeb2059 "[ignore_throttled] parameter is deprecated because frozen indices have been deprecated. Consider cold or frozen tiers in place of frozen indices."]
2023-08-04T21:43:33.266-04:00  WARN 4865 --- [    container-1] s.a.r.l.ConditionalRejectingErrorHandler : Execution of Rabbit message listener failed.

org.springframework.amqp.rabbit.support.ListenerExecutionFailedException: Listener method 'receiveMessage' threw exception
	at org.springframework.amqp.rabbit.listener.adapter.MessageListenerAdapter.invokeListenerMethod(MessageListenerAdapter.java:374) ~[spring-rabbit-3.0.4.jar:3.0.4]
	at org.springframework.amqp.rabbit.listener.adapter.MessageListenerAdapter.onMessage(MessageListenerAdapter.java:293) ~[spring-rabbit-3.0.4.jar:3.0.4]
	at org.springframework.amqp.rabbit.listener.AbstractMessageListenerContainer.doInvokeListener(AbstractMessageListenerContainer.java:1719) ~[spring-rabbit-3.0.4.jar:3.0.4]
	at org.springframework.amqp.rabbit.listener.AbstractMessageListenerContainer.actualInvokeListener(AbstractMessageListenerContainer.java:1638) ~[spring-rabbit-3.0.4.jar:3.0.4]
	at org.springframework.amqp.rabbit.listener.AbstractMessageListenerContainer.invokeListener(AbstractMessageListenerContainer.java:1626) ~[spring-rabbit-3.0.4.jar:3.0.4]
	at org.springframework.amqp.rabbit.listener.AbstractMessageListenerContainer.doExecuteListener(AbstractMessageListenerContainer.java:1617) ~[spring-rabbit-3.0.4.jar:3.0.4]
	at org.springframework.amqp.rabbit.listener.AbstractMessageListenerContainer.executeListenerAndHandleException(AbstractMessageListenerContainer.java:1562) ~[spring-rabbit-3.0.4.jar:3.0.4]
	at org.springframework.amqp.rabbit.listener.AbstractMessageListenerContainer.lambda$executeListener$8(AbstractMessageListenerContainer.java:1541) ~[spring-rabbit-3.0.4.jar:3.0.4]
	at io.micrometer.observation.Observation.lambda$observe$0(Observation.java:493) ~[micrometer-observation-1.11.0.jar:1.11.0]
	at io.micrometer.observation.Observation.observeWithContext(Observation.java:603) ~[micrometer-observation-1.11.0.jar:1.11.0]
	at io.micrometer.observation.Observation.observe(Observation.java:492) ~[micrometer-observation-1.11.0.jar:1.11.0]
	at org.springframework.amqp.rabbit.listener.AbstractMessageListenerContainer.executeListener(AbstractMessageListenerContainer.java:1541) ~[spring-rabbit-3.0.4.jar:3.0.4]
	at org.springframework.amqp.rabbit.listener.SimpleMessageListenerContainer.doReceiveAndExecute(SimpleMessageListenerContainer.java:1001) ~[spring-rabbit-3.0.4.jar:3.0.4]
	at org.springframework.amqp.rabbit.listener.SimpleMessageListenerContainer.receiveAndExecute(SimpleMessageListenerContainer.java:948) ~[spring-rabbit-3.0.4.jar:3.0.4]
	at org.springframework.amqp.rabbit.listener.SimpleMessageListenerContainer$AsyncMessageProcessingConsumer.mainLoop(SimpleMessageListenerContainer.java:1326) ~[spring-rabbit-3.0.4.jar:3.0.4]
	at org.springframework.amqp.rabbit.listener.SimpleMessageListenerContainer$AsyncMessageProcessingConsumer.run(SimpleMessageListenerContainer.java:1232) ~[spring-rabbit-3.0.4.jar:3.0.4]
	at java.base/java.lang.Thread.run(Thread.java:1589) ~[na:na]
Caused by: org.json.JSONException: No value for objectType
	at org.json.JSONObject.get(JSONObject.java:355) ~[android-json-0.0.20131108.vaadin1.jar:0.0.20131108.vaadin1]
	at edu.neu.info5.DemoApplication.service.IndexingListener.convertMapToDocumentIndex(IndexingListener.java:152) ~[classes/:na]
	at edu.neu.info5.DemoApplication.service.IndexingListener.postDocument(IndexingListener.java:73) ~[classes/:na]
	at edu.neu.info5.DemoApplication.service.IndexingListener.receiveMessage(IndexingListener.java:51) ~[classes/:na]
	at java.base/jdk.internal.reflect.DirectMethodHandleAccessor.invoke(DirectMethodHandleAccessor.java:104) ~[na:na]
	at java.base/java.lang.reflect.Method.invoke(Method.java:578) ~[na:na]
	at org.springframework.util.MethodInvoker.invoke(MethodInvoker.java:283) ~[spring-core-6.0.9.jar:6.0.9]
	at org.springframework.amqp.rabbit.listener.adapter.MessageListenerAdapter.invokeListenerMethod(MessageListenerAdapter.java:366) ~[spring-rabbit-3.0.4.jar:3.0.4]
	... 16 common frames omitted

Message received: {body={"mapType":"class java.util.HashMap","empty":false}, operation=SAVE}
2023-08-04T21:43:33.267-04:00  WARN 4865 --- [    container-1] org.elasticsearch.client.RestClient      : request [HEAD http://localhost:9200/plan-index?ignore_throttled=false&ignore_unavailable=false&expand_wildcards=open%2Cclosed&allow_no_indices=false] returned 2 warnings: [299 Elasticsearch-7.17.12-e3b0c3d3c5c130e1dc6d567d6baef1c73eeb2059 "Elasticsearch built-in security features are not enabled. Without authentication, your cluster could be accessible to anyone. See https://www.elastic.co/guide/en/elasticsearch/reference/7.17/security-minimal-setup.html to enable security."],[299 Elasticsearch-7.17.12-e3b0c3d3c5c130e1dc6d567d6baef1c73eeb2059 "[ignore_throttled] parameter is deprecated because frozen indices have been deprecated. Consider cold or frozen tiers in place of frozen indices."]
2023-08-04T21:43:33.268-04:00  WARN 4865 --- [    container-1] s.a.r.l.ConditionalRejectingErrorHandler : Execution of Rabbit message listener failed.

org.springframework.amqp.rabbit.support.ListenerExecutionFailedException: Listener method 'receiveMessage' threw exception
	at org.springframework.amqp.rabbit.listener.adapter.MessageListenerAdapter.invokeListenerMethod(MessageListenerAdapter.java:374) ~[spring-rabbit-3.0.4.jar:3.0.4]
	at org.springframework.amqp.rabbit.listener.adapter.MessageListenerAdapter.onMessage(MessageListenerAdapter.java:293) ~[spring-rabbit-3.0.4.jar:3.0.4]
	at org.springframework.amqp.rabbit.listener.AbstractMessageListenerContainer.doInvokeListener(AbstractMessageListenerContainer.java:1719) ~[spring-rabbit-3.0.4.jar:3.0.4]
	at org.springframework.amqp.rabbit.listener.AbstractMessageListenerContainer.actualInvokeListener(AbstractMessageListenerContainer.java:1638) ~[spring-rabbit-3.0.4.jar:3.0.4]
	at org.springframework.amqp.rabbit.listener.AbstractMessageListenerContainer.invokeListener(AbstractMessageListenerContainer.java:1626) ~[spring-rabbit-3.0.4.jar:3.0.4]
	at org.springframework.amqp.rabbit.listener.AbstractMessageListenerContainer.doExecuteListener(AbstractMessageListenerContainer.java:1617) ~[spring-rabbit-3.0.4.jar:3.0.4]
	at org.springframework.amqp.rabbit.listener.AbstractMessageListenerContainer.executeListenerAndHandleException(AbstractMessageListenerContainer.java:1562) ~[spring-rabbit-3.0.4.jar:3.0.4]
	at org.springframework.amqp.rabbit.listener.AbstractMessageListenerContainer.lambda$executeListener$8(AbstractMessageListenerContainer.java:1541) ~[spring-rabbit-3.0.4.jar:3.0.4]
	at io.micrometer.observation.Observation.lambda$observe$0(Observation.java:493) ~[micrometer-observation-1.11.0.jar:1.11.0]
	at io.micrometer.observation.Observation.observeWithContext(Observation.java:603) ~[micrometer-observation-1.11.0.jar:1.11.0]
	at io.micrometer.observation.Observation.observe(Observation.java:492) ~[micrometer-observation-1.11.0.jar:1.11.0]
	at org.springframework.amqp.rabbit.listener.AbstractMessageListenerContainer.executeListener(AbstractMessageListenerContainer.java:1541) ~[spring-rabbit-3.0.4.jar:3.0.4]
	at org.springframework.amqp.rabbit.listener.SimpleMessageListenerContainer.doReceiveAndExecute(SimpleMessageListenerContainer.java:1001) ~[spring-rabbit-3.0.4.jar:3.0.4]
	at org.springframework.amqp.rabbit.listener.SimpleMessageListenerContainer.receiveAndExecute(SimpleMessageListenerContainer.java:948) ~[spring-rabbit-3.0.4.jar:3.0.4]
	at org.springframework.amqp.rabbit.listener.SimpleMessageListenerContainer$AsyncMessageProcessingConsumer.mainLoop(SimpleMessageListenerContainer.java:1326) ~[spring-rabbit-3.0.4.jar:3.0.4]
	at org.springframework.amqp.rabbit.listener.SimpleMessageListenerContainer$AsyncMessageProcessingConsumer.run(SimpleMessageListenerContainer.java:1232) ~[spring-rabbit-3.0.4.jar:3.0.4]
	at java.base/java.lang.Thread.run(Thread.java:1589) ~[na:na]
Caused by: org.json.JSONException: No value for objectType
	at org.json.JSONObject.get(JSONObject.java:355) ~[android-json-0.0.20131108.vaadin1.jar:0.0.20131108.vaadin1]
	at edu.neu.info5.DemoApplication.service.IndexingListener.convertMapToDocumentIndex(IndexingListener.java:152) ~[classes/:na]
	at edu.neu.info5.DemoApplication.service.IndexingListener.postDocument(IndexingListener.java:73) ~[classes/:na]
	at edu.neu.info5.DemoApplication.service.IndexingListener.receiveMessage(IndexingListener.java:51) ~[classes/:na]
	at java.base/jdk.internal.reflect.DirectMethodHandleAccessor.invoke(DirectMethodHandleAccessor.java:104) ~[na:na]
	at java.base/java.lang.reflect.Method.invoke(Method.java:578) ~[na:na]
	at org.springframework.util.MethodInvoker.invoke(MethodInvoker.java:283) ~[spring-core-6.0.9.jar:6.0.9]
	at org.springframework.amqp.rabbit.listener.adapter.MessageListenerAdapter.invokeListenerMethod(MessageListenerAdapter.java:366) ~[spring-rabbit-3.0.4.jar:3.0.4]
	... 16 common frames omitted

Message received: {body={"mapType":"class java.util.HashMap","empty":false}, operation=SAVE}
2023-08-04T21:43:33.270-04:00  WARN 4865 --- [    container-1] org.elasticsearch.client.RestClient      : request [HEAD http://localhost:9200/plan-index?ignore_throttled=false&ignore_unavailable=false&expand_wildcards=open%2Cclosed&allow_no_indices=false] returned 2 warnings: [299 Elasticsearch-7.17.12-e3b0c3d3c5c130e1dc6d567d6baef1c73eeb2059 "Elasticsearch built-in security features are not enabled. Without authentication, your cluster could be accessible to anyone. See https://www.elastic.co/guide/en/elasticsearch/reference/7.17/security-minimal-setup.html to enable security."],[299 Elasticsearch-7.17.12-e3b0c3d3c5c130e1dc6d567d6baef1c73eeb2059 "[ignore_throttled] parameter is deprecated because frozen indices have been deprecated. Consider cold or frozen tiers in place of frozen indices."]
2023-08-04T21:43:33.270-04:00  WARN 4865 --- [    container-1] s.a.r.l.ConditionalRejectingErrorHandler : Execution of Rabbit message listener failed.

org.springframework.amqp.rabbit.support.ListenerExecutionFailedException: Listener method 'receiveMessage' threw exception
	at org.springframework.amqp.rabbit.listener.adapter.MessageListenerAdapter.invokeListenerMethod(MessageListenerAdapter.java:374) ~[spring-rabbit-3.0.4.jar:3.0.4]
	at org.springframework.amqp.rabbit.listener.adapter.MessageListenerAdapter.onMessage(MessageListenerAdapter.java:293) ~[spring-rabbit-3.0.4.jar:3.0.4]
	at org.springframework.amqp.rabbit.listener.AbstractMessageListenerContainer.doInvokeListener(AbstractMessageListenerContainer.java:1719) ~[spring-rabbit-3.0.4.jar:3.0.4]
	at org.springframework.amqp.rabbit.listener.AbstractMessageListenerContainer.actualInvokeListener(AbstractMessageListenerContainer.java:1638) ~[spring-rabbit-3.0.4.jar:3.0.4]
	at org.springframework.amqp.rabbit.listener.AbstractMessageListenerContainer.invokeListener(AbstractMessageListenerContainer.java:1626) ~[spring-rabbit-3.0.4.jar:3.0.4]
	at org.springframework.amqp.rabbit.listener.AbstractMessageListenerContainer.doExecuteListener(AbstractMessageListenerContainer.java:1617) ~[spring-rabbit-3.0.4.jar:3.0.4]
	at org.springframework.amqp.rabbit.listener.AbstractMessageListenerContainer.executeListenerAndHandleException(AbstractMessageListenerContainer.java:1562) ~[spring-rabbit-3.0.4.jar:3.0.4]
	at org.springframework.amqp.rabbit.listener.AbstractMessageListenerContainer.lambda$executeListener$8(AbstractMessageListenerContainer.java:1541) ~[spring-rabbit-3.0.4.jar:3.0.4]
	at io.micrometer.observation.Observation.lambda$observe$0(Observation.java:493) ~[micrometer-observation-1.11.0.jar:1.11.0]
	at io.micrometer.observation.Observation.observeWithContext(Observation.java:603) ~[micrometer-observation-1.11.0.jar:1.11.0]
	at io.micrometer.observation.Observation.observe(Observation.java:492) ~[micrometer-observation-1.11.0.jar:1.11.0]
	at org.springframework.amqp.rabbit.listener.AbstractMessageListenerContainer.executeListener(AbstractMessageListenerContainer.java:1541) ~[spring-rabbit-3.0.4.jar:3.0.4]
	at org.springframework.amqp.rabbit.listener.SimpleMessageListenerContainer.doReceiveAndExecute(SimpleMessageListenerContainer.java:1001) ~[spring-rabbit-3.0.4.jar:3.0.4]
	at org.springframework.amqp.rabbit.listener.SimpleMessageListenerContainer.receiveAndExecute(SimpleMessageListenerContainer.java:948) ~[spring-rabbit-3.0.4.jar:3.0.4]
	at org.springframework.amqp.rabbit.listener.SimpleMessageListenerContainer$AsyncMessageProcessingConsumer.mainLoop(SimpleMessageListenerContainer.java:1326) ~[spring-rabbit-3.0.4.jar:3.0.4]
	at org.springframework.amqp.rabbit.listener.SimpleMessageListenerContainer$AsyncMessageProcessingConsumer.run(SimpleMessageListenerContainer.java:1232) ~[spring-rabbit-3.0.4.jar:3.0.4]
	at java.base/java.lang.Thread.run(Thread.java:1589) ~[na:na]
Caused by: org.json.JSONException: No value for objectType
	at org.json.JSONObject.get(JSONObject.java:355) ~[android-json-0.0.20131108.vaadin1.jar:0.0.20131108.vaadin1]
	at edu.neu.info5.DemoApplication.service.IndexingListener.convertMapToDocumentIndex(IndexingListener.java:152) ~[classes/:na]
	at edu.neu.info5.DemoApplication.service.IndexingListener.postDocument(IndexingListener.java:73) ~[classes/:na]
	at edu.neu.info5.DemoApplication.service.IndexingListener.receiveMessage(IndexingListener.java:51) ~[classes/:na]
	at java.base/jdk.internal.reflect.DirectMethodHandleAccessor.invoke(DirectMethodHandleAccessor.java:104) ~[na:na]
	at java.base/java.lang.reflect.Method.invoke(Method.java:578) ~[na:na]
	at org.springframework.util.MethodInvoker.invoke(MethodInvoker.java:283) ~[spring-core-6.0.9.jar:6.0.9]
	at org.springframework.amqp.rabbit.listener.adapter.MessageListenerAdapter.invokeListenerMethod(MessageListenerAdapter.java:366) ~[spring-rabbit-3.0.4.jar:3.0.4]
	... 16 common frames omitted

Message received: {body={"mapType":"class java.util.HashMap","empty":false}, operation=SAVE}
2023-08-04T21:43:33.272-04:00  WARN 4865 --- [    container-1] org.elasticsearch.client.RestClient      : request [HEAD http://localhost:9200/plan-index?ignore_throttled=false&ignore_unavailable=false&expand_wildcards=open%2Cclosed&allow_no_indices=false] returned 2 warnings: [299 Elasticsearch-7.17.12-e3b0c3d3c5c130e1dc6d567d6baef1c73eeb2059 "Elasticsearch built-in security features are not enabled. Without authentication, your cluster could be accessible to anyone. See https://www.elastic.co/guide/en/elasticsearch/reference/7.17/security-minimal-setup.html to enable security."],[299 Elasticsearch-7.17.12-e3b0c3d3c5c130e1dc6d567d6baef1c73eeb2059 "[ignore_throttled] parameter is deprecated because frozen indices have been deprecated. Consider cold or frozen tiers in place of frozen indices."]
2023-08-04T21:43:33.272-04:00  WARN 4865 --- [    container-1] s.a.r.l.ConditionalRejectingErrorHandler : Execution of Rabbit message listener failed.

org.springframework.amqp.rabbit.support.ListenerExecutionFailedException: Listener method 'receiveMessage' threw exception
	at org.springframework.amqp.rabbit.listener.adapter.MessageListenerAdapter.invokeListenerMethod(MessageListenerAdapter.java:374) ~[spring-rabbit-3.0.4.jar:3.0.4]
	at org.springframework.amqp.rabbit.listener.adapter.MessageListenerAdapter.onMessage(MessageListenerAdapter.java:293) ~[spring-rabbit-3.0.4.jar:3.0.4]
	at org.springframework.amqp.rabbit.listener.AbstractMessageListenerContainer.doInvokeListener(AbstractMessageListenerContainer.java:1719) ~[spring-rabbit-3.0.4.jar:3.0.4]
	at org.springframework.amqp.rabbit.listener.AbstractMessageListenerContainer.actualInvokeListener(AbstractMessageListenerContainer.java:1638) ~[spring-rabbit-3.0.4.jar:3.0.4]
	at org.springframework.amqp.rabbit.listener.AbstractMessageListenerContainer.invokeListener(AbstractMessageListenerContainer.java:1626) ~[spring-rabbit-3.0.4.jar:3.0.4]
	at org.springframework.amqp.rabbit.listener.AbstractMessageListenerContainer.doExecuteListener(AbstractMessageListenerContainer.java:1617) ~[spring-rabbit-3.0.4.jar:3.0.4]
	at org.springframework.amqp.rabbit.listener.AbstractMessageListenerContainer.executeListenerAndHandleException(AbstractMessageListenerContainer.java:1562) ~[spring-rabbit-3.0.4.jar:3.0.4]
	at org.springframework.amqp.rabbit.listener.AbstractMessageListenerContainer.lambda$executeListener$8(AbstractMessageListenerContainer.java:1541) ~[spring-rabbit-3.0.4.jar:3.0.4]
	at io.micrometer.observation.Observation.lambda$observe$0(Observation.java:493) ~[micrometer-observation-1.11.0.jar:1.11.0]
	at io.micrometer.observation.Observation.observeWithContext(Observation.java:603) ~[micrometer-observation-1.11.0.jar:1.11.0]
	at io.micrometer.observation.Observation.observe(Observation.java:492) ~[micrometer-observation-1.11.0.jar:1.11.0]
	at org.springframework.amqp.rabbit.listener.AbstractMessageListenerContainer.executeListener(AbstractMessageListenerContainer.java:1541) ~[spring-rabbit-3.0.4.jar:3.0.4]
	at org.springframework.amqp.rabbit.listener.SimpleMessageListenerContainer.doReceiveAndExecute(SimpleMessageListenerContainer.java:1001) ~[spring-rabbit-3.0.4.jar:3.0.4]
	at org.springframework.amqp.rabbit.listener.SimpleMessageListenerContainer.receiveAndExecute(SimpleMessageListenerContainer.java:948) ~[spring-rabbit-3.0.4.jar:3.0.4]
	at org.springframework.amqp.rabbit.listener.SimpleMessageListenerContainer$AsyncMessageProcessingConsumer.mainLoop(SimpleMessageListenerContainer.java:1326) ~[spring-rabbit-3.0.4.jar:3.0.4]
	at org.springframework.amqp.rabbit.listener.SimpleMessageListenerContainer$AsyncMessageProcessingConsumer.run(SimpleMessageListenerContainer.java:1232) ~[spring-rabbit-3.0.4.jar:3.0.4]
	at java.base/java.lang.Thread.run(Thread.java:1589) ~[na:na]
Caused by: org.json.JSONException: No value for objectType
	at org.json.JSONObject.get(JSONObject.java:355) ~[android-json-0.0.20131108.vaadin1.jar:0.0.20131108.vaadin1]
	at edu.neu.info5.DemoApplication.service.IndexingListener.convertMapToDocumentIndex(IndexingListener.java:152) ~[classes/:na]
	at edu.neu.info5.DemoApplication.service.IndexingListener.postDocument(IndexingListener.java:73) ~[classes/:na]
	at edu.neu.info5.DemoApplication.service.IndexingListener.receiveMessage(IndexingListener.java:51) ~[classes/:na]
	at java.base/jdk.internal.reflect.DirectMethodHandleAccessor.invoke(DirectMethodHandleAccessor.java:104) ~[na:na]
	at java.base/java.lang.reflect.Method.invoke(Method.java:578) ~[na:na]
	at org.springframework.util.MethodInvoker.invoke(MethodInvoker.java:283) ~[spring-core-6.0.9.jar:6.0.9]
	at org.springframework.amqp.rabbit.listener.adapter.MessageListenerAdapter.invokeListenerMethod(MessageListenerAdapter.java:366) ~[spring-rabbit-3.0.4.jar:3.0.4]
	... 16 common frames omitted

Message received: {body={"mapType":"class java.util.HashMap","empty":false}, operation=SAVE}
2023-08-04T21:43:33.273-04:00  WARN 4865 --- [    container-1] org.elasticsearch.client.RestClient      : request [HEAD http://localhost:9200/plan-index?ignore_throttled=false&ignore_unavailable=false&expand_wildcards=open%2Cclosed&allow_no_indices=false] returned 2 warnings: [299 Elasticsearch-7.17.12-e3b0c3d3c5c130e1dc6d567d6baef1c73eeb2059 "Elasticsearch built-in security features are not enabled. Without authentication, your cluster could be accessible to anyone. See https://www.elastic.co/guide/en/elasticsearch/reference/7.17/security-minimal-setup.html to enable security."],[299 Elasticsearch-7.17.12-e3b0c3d3c5c130e1dc6d567d6baef1c73eeb2059 "[ignore_throttled] parameter is deprecated because frozen indices have been deprecated. Consider cold or frozen tiers in place of frozen indices."]
2023-08-04T21:43:33.273-04:00  WARN 4865 --- [    container-1] s.a.r.l.ConditionalRejectingErrorHandler : Execution of Rabbit message listener failed.

org.springframework.amqp.rabbit.support.ListenerExecutionFailedException: Listener method 'receiveMessage' threw exception
	at org.springframework.amqp.rabbit.listener.adapter.MessageListenerAdapter.invokeListenerMethod(MessageListenerAdapter.java:374) ~[spring-rabbit-3.0.4.jar:3.0.4]
	at org.springframework.amqp.rabbit.listener.adapter.MessageListenerAdapter.onMessage(MessageListenerAdapter.java:293) ~[spring-rabbit-3.0.4.jar:3.0.4]
	at org.springframework.amqp.rabbit.listener.AbstractMessageListenerContainer.doInvokeListener(AbstractMessageListenerContainer.java:1719) ~[spring-rabbit-3.0.4.jar:3.0.4]
	at org.springframework.amqp.rabbit.listener.AbstractMessageListenerContainer.actualInvokeListener(AbstractMessageListenerContainer.java:1638) ~[spring-rabbit-3.0.4.jar:3.0.4]
	at org.springframework.amqp.rabbit.listener.AbstractMessageListenerContainer.invokeListener(AbstractMessageListenerContainer.java:1626) ~[spring-rabbit-3.0.4.jar:3.0.4]
	at org.springframework.amqp.rabbit.listener.AbstractMessageListenerContainer.doExecuteListener(AbstractMessageListenerContainer.java:1617) ~[spring-rabbit-3.0.4.jar:3.0.4]
	at org.springframework.amqp.rabbit.listener.AbstractMessageListenerContainer.executeListenerAndHandleException(AbstractMessageListenerContainer.java:1562) ~[spring-rabbit-3.0.4.jar:3.0.4]
	at org.springframework.amqp.rabbit.listener.AbstractMessageListenerContainer.lambda$executeListener$8(AbstractMessageListenerContainer.java:1541) ~[spring-rabbit-3.0.4.jar:3.0.4]
	at io.micrometer.observation.Observation.lambda$observe$0(Observation.java:493) ~[micrometer-observation-1.11.0.jar:1.11.0]
	at io.micrometer.observation.Observation.observeWithContext(Observation.java:603) ~[micrometer-observation-1.11.0.jar:1.11.0]
	at io.micrometer.observation.Observation.observe(Observation.java:492) ~[micrometer-observation-1.11.0.jar:1.11.0]
	at org.springframework.amqp.rabbit.listener.AbstractMessageListenerContainer.executeListener(AbstractMessageListenerContainer.java:1541) ~[spring-rabbit-3.0.4.jar:3.0.4]
	at org.springframework.amqp.rabbit.listener.SimpleMessageListenerContainer.doReceiveAndExecute(SimpleMessageListenerContainer.java:1001) ~[spring-rabbit-3.0.4.jar:3.0.4]
	at org.springframework.amqp.rabbit.listener.SimpleMessageListenerContainer.receiveAndExecute(SimpleMessageListenerContainer.java:948) ~[spring-rabbit-3.0.4.jar:3.0.4]
	at org.springframework.amqp.rabbit.listener.SimpleMessageListenerContainer$AsyncMessageProcessingConsumer.mainLoop(SimpleMessageListenerContainer.java:1326) ~[spring-rabbit-3.0.4.jar:3.0.4]
	at org.springframework.amqp.rabbit.listener.SimpleMessageListenerContainer$AsyncMessageProcessingConsumer.run(SimpleMessageListenerContainer.java:1232) ~[spring-rabbit-3.0.4.jar:3.0.4]
	at java.base/java.lang.Thread.run(Thread.java:1589) ~[na:na]
Caused by: org.json.JSONException: No value for objectType
	at org.json.JSONObject.get(JSONObject.java:355) ~[android-json-0.0.20131108.vaadin1.jar:0.0.20131108.vaadin1]
	at edu.neu.info5.DemoApplication.service.IndexingListener.convertMapToDocumentIndex(IndexingListener.java:152) ~[classes/:na]
	at edu.neu.info5.DemoApplication.service.IndexingListener.postDocument(IndexingListener.java:73) ~[classes/:na]
	at edu.neu.info5.DemoApplication.service.IndexingListener.receiveMessage(IndexingListener.java:51) ~[classes/:na]
	at java.base/jdk.internal.reflect.DirectMethodHandleAccessor.invoke(DirectMethodHandleAccessor.java:104) ~[na:na]
	at java.base/java.lang.reflect.Method.invoke(Method.java:578) ~[na:na]
	at org.springframework.util.MethodInvoker.invoke(MethodInvoker.java:283) ~[spring-core-6.0.9.jar:6.0.9]
	at org.springframework.amqp.rabbit.listener.adapter.MessageListenerAdapter.invokeListenerMethod(MessageListenerAdapter.java:366) ~[spring-rabbit-3.0.4.jar:3.0.4]
	... 16 common frames omitted

Message received: {body={"mapType":"class java.util.HashMap","empty":false}, operation=SAVE}
2023-08-04T21:43:33.278-04:00  WARN 4865 --- [    container-1] org.elasticsearch.client.RestClient      : request [HEAD http://localhost:9200/plan-index?ignore_throttled=false&ignore_unavailable=false&expand_wildcards=open%2Cclosed&allow_no_indices=false] returned 2 warnings: [299 Elasticsearch-7.17.12-e3b0c3d3c5c130e1dc6d567d6baef1c73eeb2059 "Elasticsearch built-in security features are not enabled. Without authentication, your cluster could be accessible to anyone. See https://www.elastic.co/guide/en/elasticsearch/reference/7.17/security-minimal-setup.html to enable security."],[299 Elasticsearch-7.17.12-e3b0c3d3c5c130e1dc6d567d6baef1c73eeb2059 "[ignore_throttled] parameter is deprecated because frozen indices have been deprecated. Consider cold or frozen tiers in place of frozen indices."]
2023-08-04T21:43:33.278-04:00  WARN 4865 --- [    container-1] s.a.r.l.ConditionalRejectingErrorHandler : Execution of Rabbit message listener failed.

org.springframework.amqp.rabbit.support.ListenerExecutionFailedException: Listener method 'receiveMessage' threw exception
	at org.springframework.amqp.rabbit.listener.adapter.MessageListenerAdapter.invokeListenerMethod(MessageListenerAdapter.java:374) ~[spring-rabbit-3.0.4.jar:3.0.4]
	at org.springframework.amqp.rabbit.listener.adapter.MessageListenerAdapter.onMessage(MessageListenerAdapter.java:293) ~[spring-rabbit-3.0.4.jar:3.0.4]
	at org.springframework.amqp.rabbit.listener.AbstractMessageListenerContainer.doInvokeListener(AbstractMessageListenerContainer.java:1719) ~[spring-rabbit-3.0.4.jar:3.0.4]
	at org.springframework.amqp.rabbit.listener.AbstractMessageListenerContainer.actualInvokeListener(AbstractMessageListenerContainer.java:1638) ~[spring-rabbit-3.0.4.jar:3.0.4]
	at org.springframework.amqp.rabbit.listener.AbstractMessageListenerContainer.invokeListener(AbstractMessageListenerContainer.java:1626) ~[spring-rabbit-3.0.4.jar:3.0.4]
	at org.springframework.amqp.rabbit.listener.AbstractMessageListenerContainer.doExecuteListener(AbstractMessageListenerContainer.java:1617) ~[spring-rabbit-3.0.4.jar:3.0.4]
	at org.springframework.amqp.rabbit.listener.AbstractMessageListenerContainer.executeListenerAndHandleException(AbstractMessageListenerContainer.java:1562) ~[spring-rabbit-3.0.4.jar:3.0.4]
	at org.springframework.amqp.rabbit.listener.AbstractMessageListenerContainer.lambda$executeListener$8(AbstractMessageListenerContainer.java:1541) ~[spring-rabbit-3.0.4.jar:3.0.4]
	at io.micrometer.observation.Observation.lambda$observe$0(Observation.java:493) ~[micrometer-observation-1.11.0.jar:1.11.0]
	at io.micrometer.observation.Observation.observeWithContext(Observation.java:603) ~[micrometer-observation-1.11.0.jar:1.11.0]
	at io.micrometer.observation.Observation.observe(Observation.java:492) ~[micrometer-observation-1.11.0.jar:1.11.0]
	at org.springframework.amqp.rabbit.listener.AbstractMessageListenerContainer.executeListener(AbstractMessageListenerContainer.java:1541) ~[spring-rabbit-3.0.4.jar:3.0.4]
	at org.springframework.amqp.rabbit.listener.SimpleMessageListenerContainer.doReceiveAndExecute(SimpleMessageListenerContainer.java:1001) ~[spring-rabbit-3.0.4.jar:3.0.4]
	at org.springframework.amqp.rabbit.listener.SimpleMessageListenerContainer.receiveAndExecute(SimpleMessageListenerContainer.java:948) ~[spring-rabbit-3.0.4.jar:3.0.4]
	at org.springframework.amqp.rabbit.listener.SimpleMessageListenerContainer$AsyncMessageProcessingConsumer.mainLoop(SimpleMessageListenerContainer.java:1326) ~[spring-rabbit-3.0.4.jar:3.0.4]
	at org.springframework.amqp.rabbit.listener.SimpleMessageListenerContainer$AsyncMessageProcessingConsumer.run(SimpleMessageListenerContainer.java:1232) ~[spring-rabbit-3.0.4.jar:3.0.4]
	at java.base/java.lang.Thread.run(Thread.java:1589) ~[na:na]
Caused by: org.json.JSONException: No value for objectType
	at org.json.JSONObject.get(JSONObject.java:355) ~[android-json-0.0.20131108.vaadin1.jar:0.0.20131108.vaadin1]
	at edu.neu.info5.DemoApplication.service.IndexingListener.convertMapToDocumentIndex(IndexingListener.java:152) ~[classes/:na]
	at edu.neu.info5.DemoApplication.service.IndexingListener.postDocument(IndexingListener.java:73) ~[classes/:na]
	at edu.neu.info5.DemoApplication.service.IndexingListener.receiveMessage(IndexingListener.java:51) ~[classes/:na]
	at java.base/jdk.internal.reflect.DirectMethodHandleAccessor.invoke(DirectMethodHandleAccessor.java:104) ~[na:na]
	at java.base/java.lang.reflect.Method.invoke(Method.java:578) ~[na:na]
	at org.springframework.util.MethodInvoker.invoke(MethodInvoker.java:283) ~[spring-core-6.0.9.jar:6.0.9]
	at org.springframework.amqp.rabbit.listener.adapter.MessageListenerAdapter.invokeListenerMethod(MessageListenerAdapter.java:366) ~[spring-rabbit-3.0.4.jar:3.0.4]
	... 16 common frames omitted

Message received: {body={"mapType":"class java.util.HashMap","empty":false}, operation=SAVE}
2023-08-04T21:43:33.281-04:00  WARN 4865 --- [    container-1] org.elasticsearch.client.RestClient      : request [HEAD http://localhost:9200/plan-index?ignore_throttled=false&ignore_unavailable=false&expand_wildcards=open%2Cclosed&allow_no_indices=false] returned 2 warnings: [299 Elasticsearch-7.17.12-e3b0c3d3c5c130e1dc6d567d6baef1c73eeb2059 "Elasticsearch built-in security features are not enabled. Without authentication, your cluster could be accessible to anyone. See https://www.elastic.co/guide/en/elasticsearch/reference/7.17/security-minimal-setup.html to enable security."],[299 Elasticsearch-7.17.12-e3b0c3d3c5c130e1dc6d567d6baef1c73eeb2059 "[ignore_throttled] parameter is deprecated because frozen indices have been deprecated. Consider cold or frozen tiers in place of frozen indices."]
2023-08-04T21:43:33.281-04:00  WARN 4865 --- [    container-1] s.a.r.l.ConditionalRejectingErrorHandler : Execution of Rabbit message listener failed.

org.springframework.amqp.rabbit.support.ListenerExecutionFailedException: Listener method 'receiveMessage' threw exception
	at org.springframework.amqp.rabbit.listener.adapter.MessageListenerAdapter.invokeListenerMethod(MessageListenerAdapter.java:374) ~[spring-rabbit-3.0.4.jar:3.0.4]
	at org.springframework.amqp.rabbit.listener.adapter.MessageListenerAdapter.onMessage(MessageListenerAdapter.java:293) ~[spring-rabbit-3.0.4.jar:3.0.4]
	at org.springframework.amqp.rabbit.listener.AbstractMessageListenerContainer.doInvokeListener(AbstractMessageListenerContainer.java:1719) ~[spring-rabbit-3.0.4.jar:3.0.4]
	at org.springframework.amqp.rabbit.listener.AbstractMessageListenerContainer.actualInvokeListener(AbstractMessageListenerContainer.java:1638) ~[spring-rabbit-3.0.4.jar:3.0.4]
	at org.springframework.amqp.rabbit.listener.AbstractMessageListenerContainer.invokeListener(AbstractMessageListenerContainer.java:1626) ~[spring-rabbit-3.0.4.jar:3.0.4]
	at org.springframework.amqp.rabbit.listener.AbstractMessageListenerContainer.doExecuteListener(AbstractMessageListenerContainer.java:1617) ~[spring-rabbit-3.0.4.jar:3.0.4]
	at org.springframework.amqp.rabbit.listener.AbstractMessageListenerContainer.executeListenerAndHandleException(AbstractMessageListenerContainer.java:1562) ~[spring-rabbit-3.0.4.jar:3.0.4]
	at org.springframework.amqp.rabbit.listener.AbstractMessageListenerContainer.lambda$executeListener$8(AbstractMessageListenerContainer.java:1541) ~[spring-rabbit-3.0.4.jar:3.0.4]
	at io.micrometer.observation.Observation.lambda$observe$0(Observation.java:493) ~[micrometer-observation-1.11.0.jar:1.11.0]
	at io.micrometer.observation.Observation.observeWithContext(Observation.java:603) ~[micrometer-observation-1.11.0.jar:1.11.0]
	at io.micrometer.observation.Observation.observe(Observation.java:492) ~[micrometer-observation-1.11.0.jar:1.11.0]
	at org.springframework.amqp.rabbit.listener.AbstractMessageListenerContainer.executeListener(AbstractMessageListenerContainer.java:1541) ~[spring-rabbit-3.0.4.jar:3.0.4]
	at org.springframework.amqp.rabbit.listener.SimpleMessageListenerContainer.doReceiveAndExecute(SimpleMessageListenerContainer.java:1001) ~[spring-rabbit-3.0.4.jar:3.0.4]
	at org.springframework.amqp.rabbit.listener.SimpleMessageListenerContainer.receiveAndExecute(SimpleMessageListenerContainer.java:948) ~[spring-rabbit-3.0.4.jar:3.0.4]
	at org.springframework.amqp.rabbit.listener.SimpleMessageListenerContainer$AsyncMessageProcessingConsumer.mainLoop(SimpleMessageListenerContainer.java:1326) ~[spring-rabbit-3.0.4.jar:3.0.4]
	at org.springframework.amqp.rabbit.listener.SimpleMessageListenerContainer$AsyncMessageProcessingConsumer.run(SimpleMessageListenerContainer.java:1232) ~[spring-rabbit-3.0.4.jar:3.0.4]
	at java.base/java.lang.Thread.run(Thread.java:1589) ~[na:na]
Caused by: org.json.JSONException: No value for objectType
	at org.json.JSONObject.get(JSONObject.java:355) ~[android-json-0.0.20131108.vaadin1.jar:0.0.20131108.vaadin1]
	at edu.neu.info5.DemoApplication.service.IndexingListener.convertMapToDocumentIndex(IndexingListener.java:152) ~[classes/:na]
	at edu.neu.info5.DemoApplication.service.IndexingListener.postDocument(IndexingListener.java:73) ~[classes/:na]
	at edu.neu.info5.DemoApplication.service.IndexingListener.receiveMessage(IndexingListener.java:51) ~[classes/:na]
	at java.base/jdk.internal.reflect.DirectMethodHandleAccessor.invoke(DirectMethodHandleAccessor.java:104) ~[na:na]
	at java.base/java.lang.reflect.Method.invoke(Method.java:578) ~[na:na]
	at org.springframework.util.MethodInvoker.invoke(MethodInvoker.java:283) ~[spring-core-6.0.9.jar:6.0.9]
	at org.springframework.amqp.rabbit.listener.adapter.MessageListenerAdapter.invokeListenerMethod(MessageListenerAdapter.java:366) ~[spring-rabbit-3.0.4.jar:3.0.4]
	... 16 common frames omitted

Message received: {body={"mapType":"class java.util.HashMap","empty":false}, operation=SAVE}
2023-08-04T21:43:33.283-04:00  WARN 4865 --- [    container-1] org.elasticsearch.client.RestClient      : request [HEAD http://localhost:9200/plan-index?ignore_throttled=false&ignore_unavailable=false&expand_wildcards=open%2Cclosed&allow_no_indices=false] returned 2 warnings: [299 Elasticsearch-7.17.12-e3b0c3d3c5c130e1dc6d567d6baef1c73eeb2059 "Elasticsearch built-in security features are not enabled. Without authentication, your cluster could be accessible to anyone. See https://www.elastic.co/guide/en/elasticsearch/reference/7.17/security-minimal-setup.html to enable security."],[299 Elasticsearch-7.17.12-e3b0c3d3c5c130e1dc6d567d6baef1c73eeb2059 "[ignore_throttled] parameter is deprecated because frozen indices have been deprecated. Consider cold or frozen tiers in place of frozen indices."]
2023-08-04T21:43:33.283-04:00  WARN 4865 --- [    container-1] s.a.r.l.ConditionalRejectingErrorHandler : Execution of Rabbit message listener failed.

org.springframework.amqp.rabbit.support.ListenerExecutionFailedException: Listener method 'receiveMessage' threw exception
	at org.springframework.amqp.rabbit.listener.adapter.MessageListenerAdapter.invokeListenerMethod(MessageListenerAdapter.java:374) ~[spring-rabbit-3.0.4.jar:3.0.4]
	at org.springframework.amqp.rabbit.listener.adapter.MessageListenerAdapter.onMessage(MessageListenerAdapter.java:293) ~[spring-rabbit-3.0.4.jar:3.0.4]
	at org.springframework.amqp.rabbit.listener.AbstractMessageListenerContainer.doInvokeListener(AbstractMessageListenerContainer.java:1719) ~[spring-rabbit-3.0.4.jar:3.0.4]
	at org.springframework.amqp.rabbit.listener.AbstractMessageListenerContainer.actualInvokeListener(AbstractMessageListenerContainer.java:1638) ~[spring-rabbit-3.0.4.jar:3.0.4]
	at org.springframework.amqp.rabbit.listener.AbstractMessageListenerContainer.invokeListener(AbstractMessageListenerContainer.java:1626) ~[spring-rabbit-3.0.4.jar:3.0.4]
	at org.springframework.amqp.rabbit.listener.AbstractMessageListenerContainer.doExecuteListener(AbstractMessageListenerContainer.java:1617) ~[spring-rabbit-3.0.4.jar:3.0.4]
	at org.springframework.amqp.rabbit.listener.AbstractMessageListenerContainer.executeListenerAndHandleException(AbstractMessageListenerContainer.java:1562) ~[spring-rabbit-3.0.4.jar:3.0.4]
	at org.springframework.amqp.rabbit.listener.AbstractMessageListenerContainer.lambda$executeListener$8(AbstractMessageListenerContainer.java:1541) ~[spring-rabbit-3.0.4.jar:3.0.4]
	at io.micrometer.observation.Observation.lambda$observe$0(Observation.java:493) ~[micrometer-observation-1.11.0.jar:1.11.0]
	at io.micrometer.observation.Observation.observeWithContext(Observation.java:603) ~[micrometer-observation-1.11.0.jar:1.11.0]
	at io.micrometer.observation.Observation.observe(Observation.java:492) ~[micrometer-observation-1.11.0.jar:1.11.0]
	at org.springframework.amqp.rabbit.listener.AbstractMessageListenerContainer.executeListener(AbstractMessageListenerContainer.java:1541) ~[spring-rabbit-3.0.4.jar:3.0.4]
	at org.springframework.amqp.rabbit.listener.SimpleMessageListenerContainer.doReceiveAndExecute(SimpleMessageListenerContainer.java:1001) ~[spring-rabbit-3.0.4.jar:3.0.4]
	at org.springframework.amqp.rabbit.listener.SimpleMessageListenerContainer.receiveAndExecute(SimpleMessageListenerContainer.java:948) ~[spring-rabbit-3.0.4.jar:3.0.4]
	at org.springframework.amqp.rabbit.listener.SimpleMessageListenerContainer$AsyncMessageProcessingConsumer.mainLoop(SimpleMessageListenerContainer.java:1326) ~[spring-rabbit-3.0.4.jar:3.0.4]
	at org.springframework.amqp.rabbit.listener.SimpleMessageListenerContainer$AsyncMessageProcessingConsumer.run(SimpleMessageListenerContainer.java:1232) ~[spring-rabbit-3.0.4.jar:3.0.4]
	at java.base/java.lang.Thread.run(Thread.java:1589) ~[na:na]
Caused by: org.json.JSONException: No value for objectType
	at org.json.JSONObject.get(JSONObject.java:355) ~[android-json-0.0.20131108.vaadin1.jar:0.0.20131108.vaadin1]
	at edu.neu.info5.DemoApplication.service.IndexingListener.convertMapToDocumentIndex(IndexingListener.java:152) ~[classes/:na]
	at edu.neu.info5.DemoApplication.service.IndexingListener.postDocument(IndexingListener.java:73) ~[classes/:na]
	at edu.neu.info5.DemoApplication.service.IndexingListener.receiveMessage(IndexingListener.java:51) ~[classes/:na]
	at java.base/jdk.internal.reflect.DirectMethodHandleAccessor.invoke(DirectMethodHandleAccessor.java:104) ~[na:na]
	at java.base/java.lang.reflect.Method.invoke(Method.java:578) ~[na:na]
	at org.springframework.util.MethodInvoker.invoke(MethodInvoker.java:283) ~[spring-core-6.0.9.jar:6.0.9]
	at org.springframework.amqp.rabbit.listener.adapter.MessageListenerAdapter.invokeListenerMethod(MessageListenerAdapter.java:366) ~[spring-rabbit-3.0.4.jar:3.0.4]
	... 16 common frames omitted

Message received: {body={"mapType":"class java.util.HashMap","empty":false}, operation=SAVE}
2023-08-04T21:43:33.285-04:00  WARN 4865 --- [    container-1] org.elasticsearch.client.RestClient      : request [HEAD http://localhost:9200/plan-index?ignore_throttled=false&ignore_unavailable=false&expand_wildcards=open%2Cclosed&allow_no_indices=false] returned 2 warnings: [299 Elasticsearch-7.17.12-e3b0c3d3c5c130e1dc6d567d6baef1c73eeb2059 "Elasticsearch built-in security features are not enabled. Without authentication, your cluster could be accessible to anyone. See https://www.elastic.co/guide/en/elasticsearch/reference/7.17/security-minimal-setup.html to enable security."],[299 Elasticsearch-7.17.12-e3b0c3d3c5c130e1dc6d567d6baef1c73eeb2059 "[ignore_throttled] parameter is deprecated because frozen indices have been deprecated. Consider cold or frozen tiers in place of frozen indices."]
2023-08-04T21:43:33.285-04:00  WARN 4865 --- [    container-1] s.a.r.l.ConditionalRejectingErrorHandler : Execution of Rabbit message listener failed.

org.springframework.amqp.rabbit.support.ListenerExecutionFailedException: Listener method 'receiveMessage' threw exception
	at org.springframework.amqp.rabbit.listener.adapter.MessageListenerAdapter.invokeListenerMethod(MessageListenerAdapter.java:374) ~[spring-rabbit-3.0.4.jar:3.0.4]
	at org.springframework.amqp.rabbit.listener.adapter.MessageListenerAdapter.onMessage(MessageListenerAdapter.java:293) ~[spring-rabbit-3.0.4.jar:3.0.4]
	at org.springframework.amqp.rabbit.listener.AbstractMessageListenerContainer.doInvokeListener(AbstractMessageListenerContainer.java:1719) ~[spring-rabbit-3.0.4.jar:3.0.4]
	at org.springframework.amqp.rabbit.listener.AbstractMessageListenerContainer.actualInvokeListener(AbstractMessageListenerContainer.java:1638) ~[spring-rabbit-3.0.4.jar:3.0.4]
	at org.springframework.amqp.rabbit.listener.AbstractMessageListenerContainer.invokeListener(AbstractMessageListenerContainer.java:1626) ~[spring-rabbit-3.0.4.jar:3.0.4]
	at org.springframework.amqp.rabbit.listener.AbstractMessageListenerContainer.doExecuteListener(AbstractMessageListenerContainer.java:1617) ~[spring-rabbit-3.0.4.jar:3.0.4]
	at org.springframework.amqp.rabbit.listener.AbstractMessageListenerContainer.executeListenerAndHandleException(AbstractMessageListenerContainer.java:1562) ~[spring-rabbit-3.0.4.jar:3.0.4]
	at org.springframework.amqp.rabbit.listener.AbstractMessageListenerContainer.lambda$executeListener$8(AbstractMessageListenerContainer.java:1541) ~[spring-rabbit-3.0.4.jar:3.0.4]
	at io.micrometer.observation.Observation.lambda$observe$0(Observation.java:493) ~[micrometer-observation-1.11.0.jar:1.11.0]
	at io.micrometer.observation.Observation.observeWithContext(Observation.java:603) ~[micrometer-observation-1.11.0.jar:1.11.0]
	at io.micrometer.observation.Observation.observe(Observation.java:492) ~[micrometer-observation-1.11.0.jar:1.11.0]
	at org.springframework.amqp.rabbit.listener.AbstractMessageListenerContainer.executeListener(AbstractMessageListenerContainer.java:1541) ~[spring-rabbit-3.0.4.jar:3.0.4]
	at org.springframework.amqp.rabbit.listener.SimpleMessageListenerContainer.doReceiveAndExecute(SimpleMessageListenerContainer.java:1001) ~[spring-rabbit-3.0.4.jar:3.0.4]
	at org.springframework.amqp.rabbit.listener.SimpleMessageListenerContainer.receiveAndExecute(SimpleMessageListenerContainer.java:948) ~[spring-rabbit-3.0.4.jar:3.0.4]
	at org.springframework.amqp.rabbit.listener.SimpleMessageListenerContainer$AsyncMessageProcessingConsumer.mainLoop(SimpleMessageListenerContainer.java:1326) ~[spring-rabbit-3.0.4.jar:3.0.4]
	at org.springframework.amqp.rabbit.listener.SimpleMessageListenerContainer$AsyncMessageProcessingConsumer.run(SimpleMessageListenerContainer.java:1232) ~[spring-rabbit-3.0.4.jar:3.0.4]
	at java.base/java.lang.Thread.run(Thread.java:1589) ~[na:na]
Caused by: org.json.JSONException: No value for objectType
	at org.json.JSONObject.get(JSONObject.java:355) ~[android-json-0.0.20131108.vaadin1.jar:0.0.20131108.vaadin1]
	at edu.neu.info5.DemoApplication.service.IndexingListener.convertMapToDocumentIndex(IndexingListener.java:152) ~[classes/:na]
	at edu.neu.info5.DemoApplication.service.IndexingListener.postDocument(IndexingListener.java:73) ~[classes/:na]
	at edu.neu.info5.DemoApplication.service.IndexingListener.receiveMessage(IndexingListener.java:51) ~[classes/:na]
	at java.base/jdk.internal.reflect.DirectMethodHandleAccessor.invoke(DirectMethodHandleAccessor.java:104) ~[na:na]
	at java.base/java.lang.reflect.Method.invoke(Method.java:578) ~[na:na]
	at org.springframework.util.MethodInvoker.invoke(MethodInvoker.java:283) ~[spring-core-6.0.9.jar:6.0.9]
	at org.springframework.amqp.rabbit.listener.adapter.MessageListenerAdapter.invokeListenerMethod(MessageListenerAdapter.java:366) ~[spring-rabbit-3.0.4.jar:3.0.4]
	... 16 common frames omitted

Message received: {body={"mapType":"class java.util.HashMap","empty":false}, operation=SAVE}
2023-08-04T21:43:33.286-04:00  WARN 4865 --- [    container-1] org.elasticsearch.client.RestClient      : request [HEAD http://localhost:9200/plan-index?ignore_throttled=false&ignore_unavailable=false&expand_wildcards=open%2Cclosed&allow_no_indices=false] returned 2 warnings: [299 Elasticsearch-7.17.12-e3b0c3d3c5c130e1dc6d567d6baef1c73eeb2059 "Elasticsearch built-in security features are not enabled. Without authentication, your cluster could be accessible to anyone. See https://www.elastic.co/guide/en/elasticsearch/reference/7.17/security-minimal-setup.html to enable security."],[299 Elasticsearch-7.17.12-e3b0c3d3c5c130e1dc6d567d6baef1c73eeb2059 "[ignore_throttled] parameter is deprecated because frozen indices have been deprecated. Consider cold or frozen tiers in place of frozen indices."]
2023-08-04T21:43:33.286-04:00  WARN 4865 --- [    container-1] s.a.r.l.ConditionalRejectingErrorHandler : Execution of Rabbit message listener failed.

org.springframework.amqp.rabbit.support.ListenerExecutionFailedException: Listener method 'receiveMessage' threw exception
	at org.springframework.amqp.rabbit.listener.adapter.MessageListenerAdapter.invokeListenerMethod(MessageListenerAdapter.java:374) ~[spring-rabbit-3.0.4.jar:3.0.4]
	at org.springframework.amqp.rabbit.listener.adapter.MessageListenerAdapter.onMessage(MessageListenerAdapter.java:293) ~[spring-rabbit-3.0.4.jar:3.0.4]
	at org.springframework.amqp.rabbit.listener.AbstractMessageListenerContainer.doInvokeListener(AbstractMessageListenerContainer.java:1719) ~[spring-rabbit-3.0.4.jar:3.0.4]
	at org.springframework.amqp.rabbit.listener.AbstractMessageListenerContainer.actualInvokeListener(AbstractMessageListenerContainer.java:1638) ~[spring-rabbit-3.0.4.jar:3.0.4]
	at org.springframework.amqp.rabbit.listener.AbstractMessageListenerContainer.invokeListener(AbstractMessageListenerContainer.java:1626) ~[spring-rabbit-3.0.4.jar:3.0.4]
	at org.springframework.amqp.rabbit.listener.AbstractMessageListenerContainer.doExecuteListener(AbstractMessageListenerContainer.java:1617) ~[spring-rabbit-3.0.4.jar:3.0.4]
	at org.springframework.amqp.rabbit.listener.AbstractMessageListenerContainer.executeListenerAndHandleException(AbstractMessageListenerContainer.java:1562) ~[spring-rabbit-3.0.4.jar:3.0.4]
	at org.springframework.amqp.rabbit.listener.AbstractMessageListenerContainer.lambda$executeListener$8(AbstractMessageListenerContainer.java:1541) ~[spring-rabbit-3.0.4.jar:3.0.4]
	at io.micrometer.observation.Observation.lambda$observe$0(Observation.java:493) ~[micrometer-observation-1.11.0.jar:1.11.0]
	at io.micrometer.observation.Observation.observeWithContext(Observation.java:603) ~[micrometer-observation-1.11.0.jar:1.11.0]
	at io.micrometer.observation.Observation.observe(Observation.java:492) ~[micrometer-observation-1.11.0.jar:1.11.0]
	at org.springframework.amqp.rabbit.listener.AbstractMessageListenerContainer.executeListener(AbstractMessageListenerContainer.java:1541) ~[spring-rabbit-3.0.4.jar:3.0.4]
	at org.springframework.amqp.rabbit.listener.SimpleMessageListenerContainer.doReceiveAndExecute(SimpleMessageListenerContainer.java:1001) ~[spring-rabbit-3.0.4.jar:3.0.4]
	at org.springframework.amqp.rabbit.listener.SimpleMessageListenerContainer.receiveAndExecute(SimpleMessageListenerContainer.java:948) ~[spring-rabbit-3.0.4.jar:3.0.4]
	at org.springframework.amqp.rabbit.listener.SimpleMessageListenerContainer$AsyncMessageProcessingConsumer.mainLoop(SimpleMessageListenerContainer.java:1326) ~[spring-rabbit-3.0.4.jar:3.0.4]
	at org.springframework.amqp.rabbit.listener.SimpleMessageListenerContainer$AsyncMessageProcessingConsumer.run(SimpleMessageListenerContainer.java:1232) ~[spring-rabbit-3.0.4.jar:3.0.4]
	at java.base/java.lang.Thread.run(Thread.java:1589) ~[na:na]
Caused by: org.json.JSONException: No value for objectType
	at org.json.JSONObject.get(JSONObject.java:355) ~[android-json-0.0.20131108.vaadin1.jar:0.0.20131108.vaadin1]
	at edu.neu.info5.DemoApplication.service.IndexingListener.convertMapToDocumentIndex(IndexingListener.java:152) ~[classes/:na]
	at edu.neu.info5.DemoApplication.service.IndexingListener.postDocument(IndexingListener.java:73) ~[classes/:na]
	at edu.neu.info5.DemoApplication.service.IndexingListener.receiveMessage(IndexingListener.java:51) ~[classes/:na]
	at java.base/jdk.internal.reflect.DirectMethodHandleAccessor.invoke(DirectMethodHandleAccessor.java:104) ~[na:na]
	at java.base/java.lang.reflect.Method.invoke(Method.java:578) ~[na:na]
	at org.springframework.util.MethodInvoker.invoke(MethodInvoker.java:283) ~[spring-core-6.0.9.jar:6.0.9]
	at org.springframework.amqp.rabbit.listener.adapter.MessageListenerAdapter.invokeListenerMethod(MessageListenerAdapter.java:366) ~[spring-rabbit-3.0.4.jar:3.0.4]
	... 16 common frames omitted

Message received: {body={"mapType":"class java.util.HashMap","empty":false}, operation=SAVE}
2023-08-04T21:43:33.288-04:00  WARN 4865 --- [    container-1] org.elasticsearch.client.RestClient      : request [HEAD http://localhost:9200/plan-index?ignore_throttled=false&ignore_unavailable=false&expand_wildcards=open%2Cclosed&allow_no_indices=false] returned 2 warnings: [299 Elasticsearch-7.17.12-e3b0c3d3c5c130e1dc6d567d6baef1c73eeb2059 "Elasticsearch built-in security features are not enabled. Without authentication, your cluster could be accessible to anyone. See https://www.elastic.co/guide/en/elasticsearch/reference/7.17/security-minimal-setup.html to enable security."],[299 Elasticsearch-7.17.12-e3b0c3d3c5c130e1dc6d567d6baef1c73eeb2059 "[ignore_throttled] parameter is deprecated because frozen indices have been deprecated. Consider cold or frozen tiers in place of frozen indices."]
2023-08-04T21:43:33.288-04:00  WARN 4865 --- [    container-1] s.a.r.l.ConditionalRejectingErrorHandler : Execution of Rabbit message listener failed.

org.springframework.amqp.rabbit.support.ListenerExecutionFailedException: Listener method 'receiveMessage' threw exception
	at org.springframework.amqp.rabbit.listener.adapter.MessageListenerAdapter.invokeListenerMethod(MessageListenerAdapter.java:374) ~[spring-rabbit-3.0.4.jar:3.0.4]
	at org.springframework.amqp.rabbit.listener.adapter.MessageListenerAdapter.onMessage(MessageListenerAdapter.java:293) ~[spring-rabbit-3.0.4.jar:3.0.4]
	at org.springframework.amqp.rabbit.listener.AbstractMessageListenerContainer.doInvokeListener(AbstractMessageListenerContainer.java:1719) ~[spring-rabbit-3.0.4.jar:3.0.4]
	at org.springframework.amqp.rabbit.listener.AbstractMessageListenerContainer.actualInvokeListener(AbstractMessageListenerContainer.java:1638) ~[spring-rabbit-3.0.4.jar:3.0.4]
	at org.springframework.amqp.rabbit.listener.AbstractMessageListenerContainer.invokeListener(AbstractMessageListenerContainer.java:1626) ~[spring-rabbit-3.0.4.jar:3.0.4]
	at org.springframework.amqp.rabbit.listener.AbstractMessageListenerContainer.doExecuteListener(AbstractMessageListenerContainer.java:1617) ~[spring-rabbit-3.0.4.jar:3.0.4]
	at org.springframework.amqp.rabbit.listener.AbstractMessageListenerContainer.executeListenerAndHandleException(AbstractMessageListenerContainer.java:1562) ~[spring-rabbit-3.0.4.jar:3.0.4]
	at org.springframework.amqp.rabbit.listener.AbstractMessageListenerContainer.lambda$executeListener$8(AbstractMessageListenerContainer.java:1541) ~[spring-rabbit-3.0.4.jar:3.0.4]
	at io.micrometer.observation.Observation.lambda$observe$0(Observation.java:493) ~[micrometer-observation-1.11.0.jar:1.11.0]
	at io.micrometer.observation.Observation.observeWithContext(Observation.java:603) ~[micrometer-observation-1.11.0.jar:1.11.0]
	at io.micrometer.observation.Observation.observe(Observation.java:492) ~[micrometer-observation-1.11.0.jar:1.11.0]
	at org.springframework.amqp.rabbit.listener.AbstractMessageListenerContainer.executeListener(AbstractMessageListenerContainer.java:1541) ~[spring-rabbit-3.0.4.jar:3.0.4]
	at org.springframework.amqp.rabbit.listener.SimpleMessageListenerContainer.doReceiveAndExecute(SimpleMessageListenerContainer.java:1001) ~[spring-rabbit-3.0.4.jar:3.0.4]
	at org.springframework.amqp.rabbit.listener.SimpleMessageListenerContainer.receiveAndExecute(SimpleMessageListenerContainer.java:948) ~[spring-rabbit-3.0.4.jar:3.0.4]
	at org.springframework.amqp.rabbit.listener.SimpleMessageListenerContainer$AsyncMessageProcessingConsumer.mainLoop(SimpleMessageListenerContainer.java:1326) ~[spring-rabbit-3.0.4.jar:3.0.4]
	at org.springframework.amqp.rabbit.listener.SimpleMessageListenerContainer$AsyncMessageProcessingConsumer.run(SimpleMessageListenerContainer.java:1232) ~[spring-rabbit-3.0.4.jar:3.0.4]
	at java.base/java.lang.Thread.run(Thread.java:1589) ~[na:na]
Caused by: org.json.JSONException: No value for objectType
	at org.json.JSONObject.get(JSONObject.java:355) ~[android-json-0.0.20131108.vaadin1.jar:0.0.20131108.vaadin1]
	at edu.neu.info5.DemoApplication.service.IndexingListener.convertMapToDocumentIndex(IndexingListener.java:152) ~[classes/:na]
	at edu.neu.info5.DemoApplication.service.IndexingListener.postDocument(IndexingListener.java:73) ~[classes/:na]
	at edu.neu.info5.DemoApplication.service.IndexingListener.receiveMessage(IndexingListener.java:51) ~[classes/:na]
	at java.base/jdk.internal.reflect.DirectMethodHandleAccessor.invoke(DirectMethodHandleAccessor.java:104) ~[na:na]
	at java.base/java.lang.reflect.Method.invoke(Method.java:578) ~[na:na]
	at org.springframework.util.MethodInvoker.invoke(MethodInvoker.java:283) ~[spring-core-6.0.9.jar:6.0.9]
	at org.springframework.amqp.rabbit.listener.adapter.MessageListenerAdapter.invokeListenerMethod(MessageListenerAdapter.java:366) ~[spring-rabbit-3.0.4.jar:3.0.4]
	... 16 common frames omitted

Message received: {body={"mapType":"class java.util.HashMap","empty":false}, operation=SAVE}
2023-08-04T21:43:33.290-04:00  WARN 4865 --- [    container-1] org.elasticsearch.client.RestClient      : request [HEAD http://localhost:9200/plan-index?ignore_throttled=false&ignore_unavailable=false&expand_wildcards=open%2Cclosed&allow_no_indices=false] returned 2 warnings: [299 Elasticsearch-7.17.12-e3b0c3d3c5c130e1dc6d567d6baef1c73eeb2059 "Elasticsearch built-in security features are not enabled. Without authentication, your cluster could be accessible to anyone. See https://www.elastic.co/guide/en/elasticsearch/reference/7.17/security-minimal-setup.html to enable security."],[299 Elasticsearch-7.17.12-e3b0c3d3c5c130e1dc6d567d6baef1c73eeb2059 "[ignore_throttled] parameter is deprecated because frozen indices have been deprecated. Consider cold or frozen tiers in place of frozen indices."]
2023-08-04T21:43:33.290-04:00  WARN 4865 --- [    container-1] s.a.r.l.ConditionalRejectingErrorHandler : Execution of Rabbit message listener failed.

org.springframework.amqp.rabbit.support.ListenerExecutionFailedException: Listener method 'receiveMessage' threw exception
	at org.springframework.amqp.rabbit.listener.adapter.MessageListenerAdapter.invokeListenerMethod(MessageListenerAdapter.java:374) ~[spring-rabbit-3.0.4.jar:3.0.4]
	at org.springframework.amqp.rabbit.listener.adapter.MessageListenerAdapter.onMessage(MessageListenerAdapter.java:293) ~[spring-rabbit-3.0.4.jar:3.0.4]
	at org.springframework.amqp.rabbit.listener.AbstractMessageListenerContainer.doInvokeListener(AbstractMessageListenerContainer.java:1719) ~[spring-rabbit-3.0.4.jar:3.0.4]
	at org.springframework.amqp.rabbit.listener.AbstractMessageListenerContainer.actualInvokeListener(AbstractMessageListenerContainer.java:1638) ~[spring-rabbit-3.0.4.jar:3.0.4]
	at org.springframework.amqp.rabbit.listener.AbstractMessageListenerContainer.invokeListener(AbstractMessageListenerContainer.java:1626) ~[spring-rabbit-3.0.4.jar:3.0.4]
	at org.springframework.amqp.rabbit.listener.AbstractMessageListenerContainer.doExecuteListener(AbstractMessageListenerContainer.java:1617) ~[spring-rabbit-3.0.4.jar:3.0.4]
	at org.springframework.amqp.rabbit.listener.AbstractMessageListenerContainer.executeListenerAndHandleException(AbstractMessageListenerContainer.java:1562) ~[spring-rabbit-3.0.4.jar:3.0.4]
	at org.springframework.amqp.rabbit.listener.AbstractMessageListenerContainer.lambda$executeListener$8(AbstractMessageListenerContainer.java:1541) ~[spring-rabbit-3.0.4.jar:3.0.4]
	at io.micrometer.observation.Observation.lambda$observe$0(Observation.java:493) ~[micrometer-observation-1.11.0.jar:1.11.0]
	at io.micrometer.observation.Observation.observeWithContext(Observation.java:603) ~[micrometer-observation-1.11.0.jar:1.11.0]
	at io.micrometer.observation.Observation.observe(Observation.java:492) ~[micrometer-observation-1.11.0.jar:1.11.0]
	at org.springframework.amqp.rabbit.listener.AbstractMessageListenerContainer.executeListener(AbstractMessageListenerContainer.java:1541) ~[spring-rabbit-3.0.4.jar:3.0.4]
	at org.springframework.amqp.rabbit.listener.SimpleMessageListenerContainer.doReceiveAndExecute(SimpleMessageListenerContainer.java:1001) ~[spring-rabbit-3.0.4.jar:3.0.4]
	at org.springframework.amqp.rabbit.listener.SimpleMessageListenerContainer.receiveAndExecute(SimpleMessageListenerContainer.java:948) ~[spring-rabbit-3.0.4.jar:3.0.4]
	at org.springframework.amqp.rabbit.listener.SimpleMessageListenerContainer$AsyncMessageProcessingConsumer.mainLoop(SimpleMessageListenerContainer.java:1326) ~[spring-rabbit-3.0.4.jar:3.0.4]
	at org.springframework.amqp.rabbit.listener.SimpleMessageListenerContainer$AsyncMessageProcessingConsumer.run(SimpleMessageListenerContainer.java:1232) ~[spring-rabbit-3.0.4.jar:3.0.4]
	at java.base/java.lang.Thread.run(Thread.java:1589) ~[na:na]
Caused by: org.json.JSONException: No value for objectType
	at org.json.JSONObject.get(JSONObject.java:355) ~[android-json-0.0.20131108.vaadin1.jar:0.0.20131108.vaadin1]
	at edu.neu.info5.DemoApplication.service.IndexingListener.convertMapToDocumentIndex(IndexingListener.java:152) ~[classes/:na]
	at edu.neu.info5.DemoApplication.service.IndexingListener.postDocument(IndexingListener.java:73) ~[classes/:na]
	at edu.neu.info5.DemoApplication.service.IndexingListener.receiveMessage(IndexingListener.java:51) ~[classes/:na]
	at java.base/jdk.internal.reflect.DirectMethodHandleAccessor.invoke(DirectMethodHandleAccessor.java:104) ~[na:na]
	at java.base/java.lang.reflect.Method.invoke(Method.java:578) ~[na:na]
	at org.springframework.util.MethodInvoker.invoke(MethodInvoker.java:283) ~[spring-core-6.0.9.jar:6.0.9]
	at org.springframework.amqp.rabbit.listener.adapter.MessageListenerAdapter.invokeListenerMethod(MessageListenerAdapter.java:366) ~[spring-rabbit-3.0.4.jar:3.0.4]
	... 16 common frames omitted

Message received: {body={"mapType":"class java.util.HashMap","empty":false}, operation=SAVE}
2023-08-04T21:43:33.293-04:00  WARN 4865 --- [    container-1] org.elasticsearch.client.RestClient      : request [HEAD http://localhost:9200/plan-index?ignore_throttled=false&ignore_unavailable=false&expand_wildcards=open%2Cclosed&allow_no_indices=false] returned 2 warnings: [299 Elasticsearch-7.17.12-e3b0c3d3c5c130e1dc6d567d6baef1c73eeb2059 "Elasticsearch built-in security features are not enabled. Without authentication, your cluster could be accessible to anyone. See https://www.elastic.co/guide/en/elasticsearch/reference/7.17/security-minimal-setup.html to enable security."],[299 Elasticsearch-7.17.12-e3b0c3d3c5c130e1dc6d567d6baef1c73eeb2059 "[ignore_throttled] parameter is deprecated because frozen indices have been deprecated. Consider cold or frozen tiers in place of frozen indices."]
2023-08-04T21:43:33.293-04:00  WARN 4865 --- [    container-1] s.a.r.l.ConditionalRejectingErrorHandler : Execution of Rabbit message listener failed.

org.springframework.amqp.rabbit.support.ListenerExecutionFailedException: Listener method 'receiveMessage' threw exception
	at org.springframework.amqp.rabbit.listener.adapter.MessageListenerAdapter.invokeListenerMethod(MessageListenerAdapter.java:374) ~[spring-rabbit-3.0.4.jar:3.0.4]
	at org.springframework.amqp.rabbit.listener.adapter.MessageListenerAdapter.onMessage(MessageListenerAdapter.java:293) ~[spring-rabbit-3.0.4.jar:3.0.4]
	at org.springframework.amqp.rabbit.listener.AbstractMessageListenerContainer.doInvokeListener(AbstractMessageListenerContainer.java:1719) ~[spring-rabbit-3.0.4.jar:3.0.4]
	at org.springframework.amqp.rabbit.listener.AbstractMessageListenerContainer.actualInvokeListener(AbstractMessageListenerContainer.java:1638) ~[spring-rabbit-3.0.4.jar:3.0.4]
	at org.springframework.amqp.rabbit.listener.AbstractMessageListenerContainer.invokeListener(AbstractMessageListenerContainer.java:1626) ~[spring-rabbit-3.0.4.jar:3.0.4]
	at org.springframework.amqp.rabbit.listener.AbstractMessageListenerContainer.doExecuteListener(AbstractMessageListenerContainer.java:1617) ~[spring-rabbit-3.0.4.jar:3.0.4]
	at org.springframework.amqp.rabbit.listener.AbstractMessageListenerContainer.executeListenerAndHandleException(AbstractMessageListenerContainer.java:1562) ~[spring-rabbit-3.0.4.jar:3.0.4]
	at org.springframework.amqp.rabbit.listener.AbstractMessageListenerContainer.lambda$executeListener$8(AbstractMessageListenerContainer.java:1541) ~[spring-rabbit-3.0.4.jar:3.0.4]
	at io.micrometer.observation.Observation.lambda$observe$0(Observation.java:493) ~[micrometer-observation-1.11.0.jar:1.11.0]
	at io.micrometer.observation.Observation.observeWithContext(Observation.java:603) ~[micrometer-observation-1.11.0.jar:1.11.0]
	at io.micrometer.observation.Observation.observe(Observation.java:492) ~[micrometer-observation-1.11.0.jar:1.11.0]
	at org.springframework.amqp.rabbit.listener.AbstractMessageListenerContainer.executeListener(AbstractMessageListenerContainer.java:1541) ~[spring-rabbit-3.0.4.jar:3.0.4]
	at org.springframework.amqp.rabbit.listener.SimpleMessageListenerContainer.doReceiveAndExecute(SimpleMessageListenerContainer.java:1001) ~[spring-rabbit-3.0.4.jar:3.0.4]
	at org.springframework.amqp.rabbit.listener.SimpleMessageListenerContainer.receiveAndExecute(SimpleMessageListenerContainer.java:948) ~[spring-rabbit-3.0.4.jar:3.0.4]
	at org.springframework.amqp.rabbit.listener.SimpleMessageListenerContainer$AsyncMessageProcessingConsumer.mainLoop(SimpleMessageListenerContainer.java:1326) ~[spring-rabbit-3.0.4.jar:3.0.4]
	at org.springframework.amqp.rabbit.listener.SimpleMessageListenerContainer$AsyncMessageProcessingConsumer.run(SimpleMessageListenerContainer.java:1232) ~[spring-rabbit-3.0.4.jar:3.0.4]
	at java.base/java.lang.Thread.run(Thread.java:1589) ~[na:na]
Caused by: org.json.JSONException: No value for objectType
	at org.json.JSONObject.get(JSONObject.java:355) ~[android-json-0.0.20131108.vaadin1.jar:0.0.20131108.vaadin1]
	at edu.neu.info5.DemoApplication.service.IndexingListener.convertMapToDocumentIndex(IndexingListener.java:152) ~[classes/:na]
	at edu.neu.info5.DemoApplication.service.IndexingListener.postDocument(IndexingListener.java:73) ~[classes/:na]
	at edu.neu.info5.DemoApplication.service.IndexingListener.receiveMessage(IndexingListener.java:51) ~[classes/:na]
	at java.base/jdk.internal.reflect.DirectMethodHandleAccessor.invoke(DirectMethodHandleAccessor.java:104) ~[na:na]
	at java.base/java.lang.reflect.Method.invoke(Method.java:578) ~[na:na]
	at org.springframework.util.MethodInvoker.invoke(MethodInvoker.java:283) ~[spring-core-6.0.9.jar:6.0.9]
	at org.springframework.amqp.rabbit.listener.adapter.MessageListenerAdapter.invokeListenerMethod(MessageListenerAdapter.java:366) ~[spring-rabbit-3.0.4.jar:3.0.4]
	... 16 common frames omitted

Message received: {body={"mapType":"class java.util.HashMap","empty":false}, operation=SAVE}
2023-08-04T21:43:33.296-04:00  WARN 4865 --- [    container-1] org.elasticsearch.client.RestClient      : request [HEAD http://localhost:9200/plan-index?ignore_throttled=false&ignore_unavailable=false&expand_wildcards=open%2Cclosed&allow_no_indices=false] returned 2 warnings: [299 Elasticsearch-7.17.12-e3b0c3d3c5c130e1dc6d567d6baef1c73eeb2059 "Elasticsearch built-in security features are not enabled. Without authentication, your cluster could be accessible to anyone. See https://www.elastic.co/guide/en/elasticsearch/reference/7.17/security-minimal-setup.html to enable security."],[299 Elasticsearch-7.17.12-e3b0c3d3c5c130e1dc6d567d6baef1c73eeb2059 "[ignore_throttled] parameter is deprecated because frozen indices have been deprecated. Consider cold or frozen tiers in place of frozen indices."]
2023-08-04T21:43:33.299-04:00  WARN 4865 --- [    container-1] s.a.r.l.ConditionalRejectingErrorHandler : Execution of Rabbit message listener failed.

org.springframework.amqp.rabbit.support.ListenerExecutionFailedException: Listener method 'receiveMessage' threw exception
	at org.springframework.amqp.rabbit.listener.adapter.MessageListenerAdapter.invokeListenerMethod(MessageListenerAdapter.java:374) ~[spring-rabbit-3.0.4.jar:3.0.4]
	at org.springframework.amqp.rabbit.listener.adapter.MessageListenerAdapter.onMessage(MessageListenerAdapter.java:293) ~[spring-rabbit-3.0.4.jar:3.0.4]
	at org.springframework.amqp.rabbit.listener.AbstractMessageListenerContainer.doInvokeListener(AbstractMessageListenerContainer.java:1719) ~[spring-rabbit-3.0.4.jar:3.0.4]
	at org.springframework.amqp.rabbit.listener.AbstractMessageListenerContainer.actualInvokeListener(AbstractMessageListenerContainer.java:1638) ~[spring-rabbit-3.0.4.jar:3.0.4]
	at org.springframework.amqp.rabbit.listener.AbstractMessageListenerContainer.invokeListener(AbstractMessageListenerContainer.java:1626) ~[spring-rabbit-3.0.4.jar:3.0.4]
	at org.springframework.amqp.rabbit.listener.AbstractMessageListenerContainer.doExecuteListener(AbstractMessageListenerContainer.java:1617) ~[spring-rabbit-3.0.4.jar:3.0.4]
	at org.springframework.amqp.rabbit.listener.AbstractMessageListenerContainer.executeListenerAndHandleException(AbstractMessageListenerContainer.java:1562) ~[spring-rabbit-3.0.4.jar:3.0.4]
	at org.springframework.amqp.rabbit.listener.AbstractMessageListenerContainer.lambda$executeListener$8(AbstractMessageListenerContainer.java:1541) ~[spring-rabbit-3.0.4.jar:3.0.4]
	at io.micrometer.observation.Observation.lambda$observe$0(Observation.java:493) ~[micrometer-observation-1.11.0.jar:1.11.0]
	at io.micrometer.observation.Observation.observeWithContext(Observation.java:603) ~[micrometer-observation-1.11.0.jar:1.11.0]
	at io.micrometer.observation.Observation.observe(Observation.java:492) ~[micrometer-observation-1.11.0.jar:1.11.0]
	at org.springframework.amqp.rabbit.listener.AbstractMessageListenerContainer.executeListener(AbstractMessageListenerContainer.java:1541) ~[spring-rabbit-3.0.4.jar:3.0.4]
	at org.springframework.amqp.rabbit.listener.SimpleMessageListenerContainer.doReceiveAndExecute(SimpleMessageListenerContainer.java:1001) ~[spring-rabbit-3.0.4.jar:3.0.4]
	at org.springframework.amqp.rabbit.listener.SimpleMessageListenerContainer.receiveAndExecute(SimpleMessageListenerContainer.java:948) ~[spring-rabbit-3.0.4.jar:3.0.4]
	at org.springframework.amqp.rabbit.listener.SimpleMessageListenerContainer$AsyncMessageProcessingConsumer.mainLoop(SimpleMessageListenerContainer.java:1326) ~[spring-rabbit-3.0.4.jar:3.0.4]
	at org.springframework.amqp.rabbit.listener.SimpleMessageListenerContainer$AsyncMessageProcessingConsumer.run(SimpleMessageListenerContainer.java:1232) ~[spring-rabbit-3.0.4.jar:3.0.4]
	at java.base/java.lang.Thread.run(Thread.java:1589) ~[na:na]
Caused by: org.json.JSONException: No value for objectType
	at org.json.JSONObject.get(JSONObject.java:355) ~[android-json-0.0.20131108.vaadin1.jar:0.0.20131108.vaadin1]
	at edu.neu.info5.DemoApplication.service.IndexingListener.convertMapToDocumentIndex(IndexingListener.java:152) ~[classes/:na]
	at edu.neu.info5.DemoApplication.service.IndexingListener.postDocument(IndexingListener.java:73) ~[classes/:na]
	at edu.neu.info5.DemoApplication.service.IndexingListener.receiveMessage(IndexingListener.java:51) ~[classes/:na]
	at java.base/jdk.internal.reflect.DirectMethodHandleAccessor.invoke(DirectMethodHandleAccessor.java:104) ~[na:na]
	at java.base/java.lang.reflect.Method.invoke(Method.java:578) ~[na:na]
	at org.springframework.util.MethodInvoker.invoke(MethodInvoker.java:283) ~[spring-core-6.0.9.jar:6.0.9]
	at org.springframework.amqp.rabbit.listener.adapter.MessageListenerAdapter.invokeListenerMethod(MessageListenerAdapter.java:366) ~[spring-rabbit-3.0.4.jar:3.0.4]
	... 16 common frames omitted

Message received: {body={"mapType":"class java.util.HashMap","empty":false}, operation=SAVE}
2023-08-04T21:43:33.301-04:00  WARN 4865 --- [    container-1] org.elasticsearch.client.RestClient      : request [HEAD http://localhost:9200/plan-index?ignore_throttled=false&ignore_unavailable=false&expand_wildcards=open%2Cclosed&allow_no_indices=false] returned 2 warnings: [299 Elasticsearch-7.17.12-e3b0c3d3c5c130e1dc6d567d6baef1c73eeb2059 "Elasticsearch built-in security features are not enabled. Without authentication, your cluster could be accessible to anyone. See https://www.elastic.co/guide/en/elasticsearch/reference/7.17/security-minimal-setup.html to enable security."],[299 Elasticsearch-7.17.12-e3b0c3d3c5c130e1dc6d567d6baef1c73eeb2059 "[ignore_throttled] parameter is deprecated because frozen indices have been deprecated. Consider cold or frozen tiers in place of frozen indices."]
2023-08-04T21:43:33.301-04:00  WARN 4865 --- [    container-1] s.a.r.l.ConditionalRejectingErrorHandler : Execution of Rabbit message listener failed.

org.springframework.amqp.rabbit.support.ListenerExecutionFailedException: Listener method 'receiveMessage' threw exception
	at org.springframework.amqp.rabbit.listener.adapter.MessageListenerAdapter.invokeListenerMethod(MessageListenerAdapter.java:374) ~[spring-rabbit-3.0.4.jar:3.0.4]
	at org.springframework.amqp.rabbit.listener.adapter.MessageListenerAdapter.onMessage(MessageListenerAdapter.java:293) ~[spring-rabbit-3.0.4.jar:3.0.4]
	at org.springframework.amqp.rabbit.listener.AbstractMessageListenerContainer.doInvokeListener(AbstractMessageListenerContainer.java:1719) ~[spring-rabbit-3.0.4.jar:3.0.4]
	at org.springframework.amqp.rabbit.listener.AbstractMessageListenerContainer.actualInvokeListener(AbstractMessageListenerContainer.java:1638) ~[spring-rabbit-3.0.4.jar:3.0.4]
	at org.springframework.amqp.rabbit.listener.AbstractMessageListenerContainer.invokeListener(AbstractMessageListenerContainer.java:1626) ~[spring-rabbit-3.0.4.jar:3.0.4]
	at org.springframework.amqp.rabbit.listener.AbstractMessageListenerContainer.doExecuteListener(AbstractMessageListenerContainer.java:1617) ~[spring-rabbit-3.0.4.jar:3.0.4]
	at org.springframework.amqp.rabbit.listener.AbstractMessageListenerContainer.executeListenerAndHandleException(AbstractMessageListenerContainer.java:1562) ~[spring-rabbit-3.0.4.jar:3.0.4]
	at org.springframework.amqp.rabbit.listener.AbstractMessageListenerContainer.lambda$executeListener$8(AbstractMessageListenerContainer.java:1541) ~[spring-rabbit-3.0.4.jar:3.0.4]
	at io.micrometer.observation.Observation.lambda$observe$0(Observation.java:493) ~[micrometer-observation-1.11.0.jar:1.11.0]
	at io.micrometer.observation.Observation.observeWithContext(Observation.java:603) ~[micrometer-observation-1.11.0.jar:1.11.0]
	at io.micrometer.observation.Observation.observe(Observation.java:492) ~[micrometer-observation-1.11.0.jar:1.11.0]
	at org.springframework.amqp.rabbit.listener.AbstractMessageListenerContainer.executeListener(AbstractMessageListenerContainer.java:1541) ~[spring-rabbit-3.0.4.jar:3.0.4]
	at org.springframework.amqp.rabbit.listener.SimpleMessageListenerContainer.doReceiveAndExecute(SimpleMessageListenerContainer.java:1001) ~[spring-rabbit-3.0.4.jar:3.0.4]
	at org.springframework.amqp.rabbit.listener.SimpleMessageListenerContainer.receiveAndExecute(SimpleMessageListenerContainer.java:948) ~[spring-rabbit-3.0.4.jar:3.0.4]
	at org.springframework.amqp.rabbit.listener.SimpleMessageListenerContainer$AsyncMessageProcessingConsumer.mainLoop(SimpleMessageListenerContainer.java:1326) ~[spring-rabbit-3.0.4.jar:3.0.4]
	at org.springframework.amqp.rabbit.listener.SimpleMessageListenerContainer$AsyncMessageProcessingConsumer.run(SimpleMessageListenerContainer.java:1232) ~[spring-rabbit-3.0.4.jar:3.0.4]
	at java.base/java.lang.Thread.run(Thread.java:1589) ~[na:na]
Caused by: org.json.JSONException: No value for objectType
	at org.json.JSONObject.get(JSONObject.java:355) ~[android-json-0.0.20131108.vaadin1.jar:0.0.20131108.vaadin1]
	at edu.neu.info5.DemoApplication.service.IndexingListener.convertMapToDocumentIndex(IndexingListener.java:152) ~[classes/:na]
	at edu.neu.info5.DemoApplication.service.IndexingListener.postDocument(IndexingListener.java:73) ~[classes/:na]
	at edu.neu.info5.DemoApplication.service.IndexingListener.receiveMessage(IndexingListener.java:51) ~[classes/:na]
	at java.base/jdk.internal.reflect.DirectMethodHandleAccessor.invoke(DirectMethodHandleAccessor.java:104) ~[na:na]
	at java.base/java.lang.reflect.Method.invoke(Method.java:578) ~[na:na]
	at org.springframework.util.MethodInvoker.invoke(MethodInvoker.java:283) ~[spring-core-6.0.9.jar:6.0.9]
	at org.springframework.amqp.rabbit.listener.adapter.MessageListenerAdapter.invokeListenerMethod(MessageListenerAdapter.java:366) ~[spring-rabbit-3.0.4.jar:3.0.4]
	... 16 common frames omitted

Message received: {body={"mapType":"class java.util.HashMap","empty":false}, operation=SAVE}
2023-08-04T21:43:33.303-04:00  WARN 4865 --- [    container-1] org.elasticsearch.client.RestClient      : request [HEAD http://localhost:9200/plan-index?ignore_throttled=false&ignore_unavailable=false&expand_wildcards=open%2Cclosed&allow_no_indices=false] returned 2 warnings: [299 Elasticsearch-7.17.12-e3b0c3d3c5c130e1dc6d567d6baef1c73eeb2059 "Elasticsearch built-in security features are not enabled. Without authentication, your cluster could be accessible to anyone. See https://www.elastic.co/guide/en/elasticsearch/reference/7.17/security-minimal-setup.html to enable security."],[299 Elasticsearch-7.17.12-e3b0c3d3c5c130e1dc6d567d6baef1c73eeb2059 "[ignore_throttled] parameter is deprecated because frozen indices have been deprecated. Consider cold or frozen tiers in place of frozen indices."]
2023-08-04T21:43:33.303-04:00  WARN 4865 --- [    container-1] s.a.r.l.ConditionalRejectingErrorHandler : Execution of Rabbit message listener failed.

org.springframework.amqp.rabbit.support.ListenerExecutionFailedException: Listener method 'receiveMessage' threw exception
	at org.springframework.amqp.rabbit.listener.adapter.MessageListenerAdapter.invokeListenerMethod(MessageListenerAdapter.java:374) ~[spring-rabbit-3.0.4.jar:3.0.4]
	at org.springframework.amqp.rabbit.listener.adapter.MessageListenerAdapter.onMessage(MessageListenerAdapter.java:293) ~[spring-rabbit-3.0.4.jar:3.0.4]
	at org.springframework.amqp.rabbit.listener.AbstractMessageListenerContainer.doInvokeListener(AbstractMessageListenerContainer.java:1719) ~[spring-rabbit-3.0.4.jar:3.0.4]
	at org.springframework.amqp.rabbit.listener.AbstractMessageListenerContainer.actualInvokeListener(AbstractMessageListenerContainer.java:1638) ~[spring-rabbit-3.0.4.jar:3.0.4]
	at org.springframework.amqp.rabbit.listener.AbstractMessageListenerContainer.invokeListener(AbstractMessageListenerContainer.java:1626) ~[spring-rabbit-3.0.4.jar:3.0.4]
	at org.springframework.amqp.rabbit.listener.AbstractMessageListenerContainer.doExecuteListener(AbstractMessageListenerContainer.java:1617) ~[spring-rabbit-3.0.4.jar:3.0.4]
	at org.springframework.amqp.rabbit.listener.AbstractMessageListenerContainer.executeListenerAndHandleException(AbstractMessageListenerContainer.java:1562) ~[spring-rabbit-3.0.4.jar:3.0.4]
	at org.springframework.amqp.rabbit.listener.AbstractMessageListenerContainer.lambda$executeListener$8(AbstractMessageListenerContainer.java:1541) ~[spring-rabbit-3.0.4.jar:3.0.4]
	at io.micrometer.observation.Observation.lambda$observe$0(Observation.java:493) ~[micrometer-observation-1.11.0.jar:1.11.0]
	at io.micrometer.observation.Observation.observeWithContext(Observation.java:603) ~[micrometer-observation-1.11.0.jar:1.11.0]
	at io.micrometer.observation.Observation.observe(Observation.java:492) ~[micrometer-observation-1.11.0.jar:1.11.0]
	at org.springframework.amqp.rabbit.listener.AbstractMessageListenerContainer.executeListener(AbstractMessageListenerContainer.java:1541) ~[spring-rabbit-3.0.4.jar:3.0.4]
	at org.springframework.amqp.rabbit.listener.SimpleMessageListenerContainer.doReceiveAndExecute(SimpleMessageListenerContainer.java:1001) ~[spring-rabbit-3.0.4.jar:3.0.4]
	at org.springframework.amqp.rabbit.listener.SimpleMessageListenerContainer.receiveAndExecute(SimpleMessageListenerContainer.java:948) ~[spring-rabbit-3.0.4.jar:3.0.4]
	at org.springframework.amqp.rabbit.listener.SimpleMessageListenerContainer$AsyncMessageProcessingConsumer.mainLoop(SimpleMessageListenerContainer.java:1326) ~[spring-rabbit-3.0.4.jar:3.0.4]
	at org.springframework.amqp.rabbit.listener.SimpleMessageListenerContainer$AsyncMessageProcessingConsumer.run(SimpleMessageListenerContainer.java:1232) ~[spring-rabbit-3.0.4.jar:3.0.4]
	at java.base/java.lang.Thread.run(Thread.java:1589) ~[na:na]
Caused by: org.json.JSONException: No value for objectType
	at org.json.JSONObject.get(JSONObject.java:355) ~[android-json-0.0.20131108.vaadin1.jar:0.0.20131108.vaadin1]
	at edu.neu.info5.DemoApplication.service.IndexingListener.convertMapToDocumentIndex(IndexingListener.java:152) ~[classes/:na]
	at edu.neu.info5.DemoApplication.service.IndexingListener.postDocument(IndexingListener.java:73) ~[classes/:na]
	at edu.neu.info5.DemoApplication.service.IndexingListener.receiveMessage(IndexingListener.java:51) ~[classes/:na]
	at java.base/jdk.internal.reflect.DirectMethodHandleAccessor.invoke(DirectMethodHandleAccessor.java:104) ~[na:na]
	at java.base/java.lang.reflect.Method.invoke(Method.java:578) ~[na:na]
	at org.springframework.util.MethodInvoker.invoke(MethodInvoker.java:283) ~[spring-core-6.0.9.jar:6.0.9]
	at org.springframework.amqp.rabbit.listener.adapter.MessageListenerAdapter.invokeListenerMethod(MessageListenerAdapter.java:366) ~[spring-rabbit-3.0.4.jar:3.0.4]
	... 16 common frames omitted

Message received: {body={"mapType":"class java.util.HashMap","empty":false}, operation=SAVE}
2023-08-04T21:43:33.305-04:00  WARN 4865 --- [    container-1] org.elasticsearch.client.RestClient      : request [HEAD http://localhost:9200/plan-index?ignore_throttled=false&ignore_unavailable=false&expand_wildcards=open%2Cclosed&allow_no_indices=false] returned 2 warnings: [299 Elasticsearch-7.17.12-e3b0c3d3c5c130e1dc6d567d6baef1c73eeb2059 "Elasticsearch built-in security features are not enabled. Without authentication, your cluster could be accessible to anyone. See https://www.elastic.co/guide/en/elasticsearch/reference/7.17/security-minimal-setup.html to enable security."],[299 Elasticsearch-7.17.12-e3b0c3d3c5c130e1dc6d567d6baef1c73eeb2059 "[ignore_throttled] parameter is deprecated because frozen indices have been deprecated. Consider cold or frozen tiers in place of frozen indices."]
2023-08-04T21:43:33.305-04:00  WARN 4865 --- [    container-1] s.a.r.l.ConditionalRejectingErrorHandler : Execution of Rabbit message listener failed.

org.springframework.amqp.rabbit.support.ListenerExecutionFailedException: Listener method 'receiveMessage' threw exception
	at org.springframework.amqp.rabbit.listener.adapter.MessageListenerAdapter.invokeListenerMethod(MessageListenerAdapter.java:374) ~[spring-rabbit-3.0.4.jar:3.0.4]
	at org.springframework.amqp.rabbit.listener.adapter.MessageListenerAdapter.onMessage(MessageListenerAdapter.java:293) ~[spring-rabbit-3.0.4.jar:3.0.4]
	at org.springframework.amqp.rabbit.listener.AbstractMessageListenerContainer.doInvokeListener(AbstractMessageListenerContainer.java:1719) ~[spring-rabbit-3.0.4.jar:3.0.4]
	at org.springframework.amqp.rabbit.listener.AbstractMessageListenerContainer.actualInvokeListener(AbstractMessageListenerContainer.java:1638) ~[spring-rabbit-3.0.4.jar:3.0.4]
	at org.springframework.amqp.rabbit.listener.AbstractMessageListenerContainer.invokeListener(AbstractMessageListenerContainer.java:1626) ~[spring-rabbit-3.0.4.jar:3.0.4]
	at org.springframework.amqp.rabbit.listener.AbstractMessageListenerContainer.doExecuteListener(AbstractMessageListenerContainer.java:1617) ~[spring-rabbit-3.0.4.jar:3.0.4]
	at org.springframework.amqp.rabbit.listener.AbstractMessageListenerContainer.executeListenerAndHandleException(AbstractMessageListenerContainer.java:1562) ~[spring-rabbit-3.0.4.jar:3.0.4]
	at org.springframework.amqp.rabbit.listener.AbstractMessageListenerContainer.lambda$executeListener$8(AbstractMessageListenerContainer.java:1541) ~[spring-rabbit-3.0.4.jar:3.0.4]
	at io.micrometer.observation.Observation.lambda$observe$0(Observation.java:493) ~[micrometer-observation-1.11.0.jar:1.11.0]
	at io.micrometer.observation.Observation.observeWithContext(Observation.java:603) ~[micrometer-observation-1.11.0.jar:1.11.0]
	at io.micrometer.observation.Observation.observe(Observation.java:492) ~[micrometer-observation-1.11.0.jar:1.11.0]
	at org.springframework.amqp.rabbit.listener.AbstractMessageListenerContainer.executeListener(AbstractMessageListenerContainer.java:1541) ~[spring-rabbit-3.0.4.jar:3.0.4]
	at org.springframework.amqp.rabbit.listener.SimpleMessageListenerContainer.doReceiveAndExecute(SimpleMessageListenerContainer.java:1001) ~[spring-rabbit-3.0.4.jar:3.0.4]
	at org.springframework.amqp.rabbit.listener.SimpleMessageListenerContainer.receiveAndExecute(SimpleMessageListenerContainer.java:948) ~[spring-rabbit-3.0.4.jar:3.0.4]
	at org.springframework.amqp.rabbit.listener.SimpleMessageListenerContainer$AsyncMessageProcessingConsumer.mainLoop(SimpleMessageListenerContainer.java:1326) ~[spring-rabbit-3.0.4.jar:3.0.4]
	at org.springframework.amqp.rabbit.listener.SimpleMessageListenerContainer$AsyncMessageProcessingConsumer.run(SimpleMessageListenerContainer.java:1232) ~[spring-rabbit-3.0.4.jar:3.0.4]
	at java.base/java.lang.Thread.run(Thread.java:1589) ~[na:na]
Caused by: org.json.JSONException: No value for objectType
	at org.json.JSONObject.get(JSONObject.java:355) ~[android-json-0.0.20131108.vaadin1.jar:0.0.20131108.vaadin1]
	at edu.neu.info5.DemoApplication.service.IndexingListener.convertMapToDocumentIndex(IndexingListener.java:152) ~[classes/:na]
	at edu.neu.info5.DemoApplication.service.IndexingListener.postDocument(IndexingListener.java:73) ~[classes/:na]
	at edu.neu.info5.DemoApplication.service.IndexingListener.receiveMessage(IndexingListener.java:51) ~[classes/:na]
	at java.base/jdk.internal.reflect.DirectMethodHandleAccessor.invoke(DirectMethodHandleAccessor.java:104) ~[na:na]
	at java.base/java.lang.reflect.Method.invoke(Method.java:578) ~[na:na]
	at org.springframework.util.MethodInvoker.invoke(MethodInvoker.java:283) ~[spring-core-6.0.9.jar:6.0.9]
	at org.springframework.amqp.rabbit.listener.adapter.MessageListenerAdapter.invokeListenerMethod(MessageListenerAdapter.java:366) ~[spring-rabbit-3.0.4.jar:3.0.4]
	... 16 common frames omitted

Message received: {body={"mapType":"class java.util.HashMap","empty":false}, operation=SAVE}
2023-08-04T21:43:33.308-04:00  WARN 4865 --- [    container-1] org.elasticsearch.client.RestClient      : request [HEAD http://localhost:9200/plan-index?ignore_throttled=false&ignore_unavailable=false&expand_wildcards=open%2Cclosed&allow_no_indices=false] returned 2 warnings: [299 Elasticsearch-7.17.12-e3b0c3d3c5c130e1dc6d567d6baef1c73eeb2059 "Elasticsearch built-in security features are not enabled. Without authentication, your cluster could be accessible to anyone. See https://www.elastic.co/guide/en/elasticsearch/reference/7.17/security-minimal-setup.html to enable security."],[299 Elasticsearch-7.17.12-e3b0c3d3c5c130e1dc6d567d6baef1c73eeb2059 "[ignore_throttled] parameter is deprecated because frozen indices have been deprecated. Consider cold or frozen tiers in place of frozen indices."]
2023-08-04T21:43:33.308-04:00  WARN 4865 --- [    container-1] s.a.r.l.ConditionalRejectingErrorHandler : Execution of Rabbit message listener failed.

org.springframework.amqp.rabbit.support.ListenerExecutionFailedException: Listener method 'receiveMessage' threw exception
	at org.springframework.amqp.rabbit.listener.adapter.MessageListenerAdapter.invokeListenerMethod(MessageListenerAdapter.java:374) ~[spring-rabbit-3.0.4.jar:3.0.4]
	at org.springframework.amqp.rabbit.listener.adapter.MessageListenerAdapter.onMessage(MessageListenerAdapter.java:293) ~[spring-rabbit-3.0.4.jar:3.0.4]
	at org.springframework.amqp.rabbit.listener.AbstractMessageListenerContainer.doInvokeListener(AbstractMessageListenerContainer.java:1719) ~[spring-rabbit-3.0.4.jar:3.0.4]
	at org.springframework.amqp.rabbit.listener.AbstractMessageListenerContainer.actualInvokeListener(AbstractMessageListenerContainer.java:1638) ~[spring-rabbit-3.0.4.jar:3.0.4]
	at org.springframework.amqp.rabbit.listener.AbstractMessageListenerContainer.invokeListener(AbstractMessageListenerContainer.java:1626) ~[spring-rabbit-3.0.4.jar:3.0.4]
	at org.springframework.amqp.rabbit.listener.AbstractMessageListenerContainer.doExecuteListener(AbstractMessageListenerContainer.java:1617) ~[spring-rabbit-3.0.4.jar:3.0.4]
	at org.springframework.amqp.rabbit.listener.AbstractMessageListenerContainer.executeListenerAndHandleException(AbstractMessageListenerContainer.java:1562) ~[spring-rabbit-3.0.4.jar:3.0.4]
	at org.springframework.amqp.rabbit.listener.AbstractMessageListenerContainer.lambda$executeListener$8(AbstractMessageListenerContainer.java:1541) ~[spring-rabbit-3.0.4.jar:3.0.4]
	at io.micrometer.observation.Observation.lambda$observe$0(Observation.java:493) ~[micrometer-observation-1.11.0.jar:1.11.0]
	at io.micrometer.observation.Observation.observeWithContext(Observation.java:603) ~[micrometer-observation-1.11.0.jar:1.11.0]
	at io.micrometer.observation.Observation.observe(Observation.java:492) ~[micrometer-observation-1.11.0.jar:1.11.0]
	at org.springframework.amqp.rabbit.listener.AbstractMessageListenerContainer.executeListener(AbstractMessageListenerContainer.java:1541) ~[spring-rabbit-3.0.4.jar:3.0.4]
	at org.springframework.amqp.rabbit.listener.SimpleMessageListenerContainer.doReceiveAndExecute(SimpleMessageListenerContainer.java:1001) ~[spring-rabbit-3.0.4.jar:3.0.4]
	at org.springframework.amqp.rabbit.listener.SimpleMessageListenerContainer.receiveAndExecute(SimpleMessageListenerContainer.java:948) ~[spring-rabbit-3.0.4.jar:3.0.4]
	at org.springframework.amqp.rabbit.listener.SimpleMessageListenerContainer$AsyncMessageProcessingConsumer.mainLoop(SimpleMessageListenerContainer.java:1326) ~[spring-rabbit-3.0.4.jar:3.0.4]
	at org.springframework.amqp.rabbit.listener.SimpleMessageListenerContainer$AsyncMessageProcessingConsumer.run(SimpleMessageListenerContainer.java:1232) ~[spring-rabbit-3.0.4.jar:3.0.4]
	at java.base/java.lang.Thread.run(Thread.java:1589) ~[na:na]
Caused by: org.json.JSONException: No value for objectType
	at org.json.JSONObject.get(JSONObject.java:355) ~[android-json-0.0.20131108.vaadin1.jar:0.0.20131108.vaadin1]
	at edu.neu.info5.DemoApplication.service.IndexingListener.convertMapToDocumentIndex(IndexingListener.java:152) ~[classes/:na]
	at edu.neu.info5.DemoApplication.service.IndexingListener.postDocument(IndexingListener.java:73) ~[classes/:na]
	at edu.neu.info5.DemoApplication.service.IndexingListener.receiveMessage(IndexingListener.java:51) ~[classes/:na]
	at java.base/jdk.internal.reflect.DirectMethodHandleAccessor.invoke(DirectMethodHandleAccessor.java:104) ~[na:na]
	at java.base/java.lang.reflect.Method.invoke(Method.java:578) ~[na:na]
	at org.springframework.util.MethodInvoker.invoke(MethodInvoker.java:283) ~[spring-core-6.0.9.jar:6.0.9]
	at org.springframework.amqp.rabbit.listener.adapter.MessageListenerAdapter.invokeListenerMethod(MessageListenerAdapter.java:366) ~[spring-rabbit-3.0.4.jar:3.0.4]
	... 16 common frames omitted

Message received: {body={"mapType":"class java.util.HashMap","empty":false}, operation=SAVE}
2023-08-04T21:43:33.314-04:00  WARN 4865 --- [    container-1] org.elasticsearch.client.RestClient      : request [HEAD http://localhost:9200/plan-index?ignore_throttled=false&ignore_unavailable=false&expand_wildcards=open%2Cclosed&allow_no_indices=false] returned 2 warnings: [299 Elasticsearch-7.17.12-e3b0c3d3c5c130e1dc6d567d6baef1c73eeb2059 "Elasticsearch built-in security features are not enabled. Without authentication, your cluster could be accessible to anyone. See https://www.elastic.co/guide/en/elasticsearch/reference/7.17/security-minimal-setup.html to enable security."],[299 Elasticsearch-7.17.12-e3b0c3d3c5c130e1dc6d567d6baef1c73eeb2059 "[ignore_throttled] parameter is deprecated because frozen indices have been deprecated. Consider cold or frozen tiers in place of frozen indices."]
2023-08-04T21:43:33.314-04:00  WARN 4865 --- [    container-1] s.a.r.l.ConditionalRejectingErrorHandler : Execution of Rabbit message listener failed.

org.springframework.amqp.rabbit.support.ListenerExecutionFailedException: Listener method 'receiveMessage' threw exception
	at org.springframework.amqp.rabbit.listener.adapter.MessageListenerAdapter.invokeListenerMethod(MessageListenerAdapter.java:374) ~[spring-rabbit-3.0.4.jar:3.0.4]
	at org.springframework.amqp.rabbit.listener.adapter.MessageListenerAdapter.onMessage(MessageListenerAdapter.java:293) ~[spring-rabbit-3.0.4.jar:3.0.4]
	at org.springframework.amqp.rabbit.listener.AbstractMessageListenerContainer.doInvokeListener(AbstractMessageListenerContainer.java:1719) ~[spring-rabbit-3.0.4.jar:3.0.4]
	at org.springframework.amqp.rabbit.listener.AbstractMessageListenerContainer.actualInvokeListener(AbstractMessageListenerContainer.java:1638) ~[spring-rabbit-3.0.4.jar:3.0.4]
	at org.springframework.amqp.rabbit.listener.AbstractMessageListenerContainer.invokeListener(AbstractMessageListenerContainer.java:1626) ~[spring-rabbit-3.0.4.jar:3.0.4]
	at org.springframework.amqp.rabbit.listener.AbstractMessageListenerContainer.doExecuteListener(AbstractMessageListenerContainer.java:1617) ~[spring-rabbit-3.0.4.jar:3.0.4]
	at org.springframework.amqp.rabbit.listener.AbstractMessageListenerContainer.executeListenerAndHandleException(AbstractMessageListenerContainer.java:1562) ~[spring-rabbit-3.0.4.jar:3.0.4]
	at org.springframework.amqp.rabbit.listener.AbstractMessageListenerContainer.lambda$executeListener$8(AbstractMessageListenerContainer.java:1541) ~[spring-rabbit-3.0.4.jar:3.0.4]
	at io.micrometer.observation.Observation.lambda$observe$0(Observation.java:493) ~[micrometer-observation-1.11.0.jar:1.11.0]
	at io.micrometer.observation.Observation.observeWithContext(Observation.java:603) ~[micrometer-observation-1.11.0.jar:1.11.0]
	at io.micrometer.observation.Observation.observe(Observation.java:492) ~[micrometer-observation-1.11.0.jar:1.11.0]
	at org.springframework.amqp.rabbit.listener.AbstractMessageListenerContainer.executeListener(AbstractMessageListenerContainer.java:1541) ~[spring-rabbit-3.0.4.jar:3.0.4]
	at org.springframework.amqp.rabbit.listener.SimpleMessageListenerContainer.doReceiveAndExecute(SimpleMessageListenerContainer.java:1001) ~[spring-rabbit-3.0.4.jar:3.0.4]
	at org.springframework.amqp.rabbit.listener.SimpleMessageListenerContainer.receiveAndExecute(SimpleMessageListenerContainer.java:948) ~[spring-rabbit-3.0.4.jar:3.0.4]
	at org.springframework.amqp.rabbit.listener.SimpleMessageListenerContainer$AsyncMessageProcessingConsumer.mainLoop(SimpleMessageListenerContainer.java:1326) ~[spring-rabbit-3.0.4.jar:3.0.4]
	at org.springframework.amqp.rabbit.listener.SimpleMessageListenerContainer$AsyncMessageProcessingConsumer.run(SimpleMessageListenerContainer.java:1232) ~[spring-rabbit-3.0.4.jar:3.0.4]
	at java.base/java.lang.Thread.run(Thread.java:1589) ~[na:na]
Caused by: org.json.JSONException: No value for objectType
	at org.json.JSONObject.get(JSONObject.java:355) ~[android-json-0.0.20131108.vaadin1.jar:0.0.20131108.vaadin1]
	at edu.neu.info5.DemoApplication.service.IndexingListener.convertMapToDocumentIndex(IndexingListener.java:152) ~[classes/:na]
	at edu.neu.info5.DemoApplication.service.IndexingListener.postDocument(IndexingListener.java:73) ~[classes/:na]
	at edu.neu.info5.DemoApplication.service.IndexingListener.receiveMessage(IndexingListener.java:51) ~[classes/:na]
	at java.base/jdk.internal.reflect.DirectMethodHandleAccessor.invoke(DirectMethodHandleAccessor.java:104) ~[na:na]
	at java.base/java.lang.reflect.Method.invoke(Method.java:578) ~[na:na]
	at org.springframework.util.MethodInvoker.invoke(MethodInvoker.java:283) ~[spring-core-6.0.9.jar:6.0.9]
	at org.springframework.amqp.rabbit.listener.adapter.MessageListenerAdapter.invokeListenerMethod(MessageListenerAdapter.java:366) ~[spring-rabbit-3.0.4.jar:3.0.4]
	... 16 common frames omitted

Message received: {body={"mapType":"class java.util.HashMap","empty":false}, operation=SAVE}
2023-08-04T21:43:33.321-04:00  WARN 4865 --- [    container-1] org.elasticsearch.client.RestClient      : request [HEAD http://localhost:9200/plan-index?ignore_throttled=false&ignore_unavailable=false&expand_wildcards=open%2Cclosed&allow_no_indices=false] returned 2 warnings: [299 Elasticsearch-7.17.12-e3b0c3d3c5c130e1dc6d567d6baef1c73eeb2059 "Elasticsearch built-in security features are not enabled. Without authentication, your cluster could be accessible to anyone. See https://www.elastic.co/guide/en/elasticsearch/reference/7.17/security-minimal-setup.html to enable security."],[299 Elasticsearch-7.17.12-e3b0c3d3c5c130e1dc6d567d6baef1c73eeb2059 "[ignore_throttled] parameter is deprecated because frozen indices have been deprecated. Consider cold or frozen tiers in place of frozen indices."]
2023-08-04T21:43:33.322-04:00  WARN 4865 --- [    container-1] s.a.r.l.ConditionalRejectingErrorHandler : Execution of Rabbit message listener failed.

org.springframework.amqp.rabbit.support.ListenerExecutionFailedException: Listener method 'receiveMessage' threw exception
	at org.springframework.amqp.rabbit.listener.adapter.MessageListenerAdapter.invokeListenerMethod(MessageListenerAdapter.java:374) ~[spring-rabbit-3.0.4.jar:3.0.4]
	at org.springframework.amqp.rabbit.listener.adapter.MessageListenerAdapter.onMessage(MessageListenerAdapter.java:293) ~[spring-rabbit-3.0.4.jar:3.0.4]
	at org.springframework.amqp.rabbit.listener.AbstractMessageListenerContainer.doInvokeListener(AbstractMessageListenerContainer.java:1719) ~[spring-rabbit-3.0.4.jar:3.0.4]
	at org.springframework.amqp.rabbit.listener.AbstractMessageListenerContainer.actualInvokeListener(AbstractMessageListenerContainer.java:1638) ~[spring-rabbit-3.0.4.jar:3.0.4]
	at org.springframework.amqp.rabbit.listener.AbstractMessageListenerContainer.invokeListener(AbstractMessageListenerContainer.java:1626) ~[spring-rabbit-3.0.4.jar:3.0.4]
	at org.springframework.amqp.rabbit.listener.AbstractMessageListenerContainer.doExecuteListener(AbstractMessageListenerContainer.java:1617) ~[spring-rabbit-3.0.4.jar:3.0.4]
	at org.springframework.amqp.rabbit.listener.AbstractMessageListenerContainer.executeListenerAndHandleException(AbstractMessageListenerContainer.java:1562) ~[spring-rabbit-3.0.4.jar:3.0.4]
	at org.springframework.amqp.rabbit.listener.AbstractMessageListenerContainer.lambda$executeListener$8(AbstractMessageListenerContainer.java:1541) ~[spring-rabbit-3.0.4.jar:3.0.4]
	at io.micrometer.observation.Observation.lambda$observe$0(Observation.java:493) ~[micrometer-observation-1.11.0.jar:1.11.0]
	at io.micrometer.observation.Observation.observeWithContext(Observation.java:603) ~[micrometer-observation-1.11.0.jar:1.11.0]
	at io.micrometer.observation.Observation.observe(Observation.java:492) ~[micrometer-observation-1.11.0.jar:1.11.0]
	at org.springframework.amqp.rabbit.listener.AbstractMessageListenerContainer.executeListener(AbstractMessageListenerContainer.java:1541) ~[spring-rabbit-3.0.4.jar:3.0.4]
	at org.springframework.amqp.rabbit.listener.SimpleMessageListenerContainer.doReceiveAndExecute(SimpleMessageListenerContainer.java:1001) ~[spring-rabbit-3.0.4.jar:3.0.4]
	at org.springframework.amqp.rabbit.listener.SimpleMessageListenerContainer.receiveAndExecute(SimpleMessageListenerContainer.java:948) ~[spring-rabbit-3.0.4.jar:3.0.4]
	at org.springframework.amqp.rabbit.listener.SimpleMessageListenerContainer$AsyncMessageProcessingConsumer.mainLoop(SimpleMessageListenerContainer.java:1326) ~[spring-rabbit-3.0.4.jar:3.0.4]
	at org.springframework.amqp.rabbit.listener.SimpleMessageListenerContainer$AsyncMessageProcessingConsumer.run(SimpleMessageListenerContainer.java:1232) ~[spring-rabbit-3.0.4.jar:3.0.4]
	at java.base/java.lang.Thread.run(Thread.java:1589) ~[na:na]
Caused by: org.json.JSONException: No value for objectType
	at org.json.JSONObject.get(JSONObject.java:355) ~[android-json-0.0.20131108.vaadin1.jar:0.0.20131108.vaadin1]
	at edu.neu.info5.DemoApplication.service.IndexingListener.convertMapToDocumentIndex(IndexingListener.java:152) ~[classes/:na]
	at edu.neu.info5.DemoApplication.service.IndexingListener.postDocument(IndexingListener.java:73) ~[classes/:na]
	at edu.neu.info5.DemoApplication.service.IndexingListener.receiveMessage(IndexingListener.java:51) ~[classes/:na]
	at java.base/jdk.internal.reflect.DirectMethodHandleAccessor.invoke(DirectMethodHandleAccessor.java:104) ~[na:na]
	at java.base/java.lang.reflect.Method.invoke(Method.java:578) ~[na:na]
	at org.springframework.util.MethodInvoker.invoke(MethodInvoker.java:283) ~[spring-core-6.0.9.jar:6.0.9]
	at org.springframework.amqp.rabbit.listener.adapter.MessageListenerAdapter.invokeListenerMethod(MessageListenerAdapter.java:366) ~[spring-rabbit-3.0.4.jar:3.0.4]
	... 16 common frames omitted

Message received: {body={"mapType":"class java.util.HashMap","empty":false}, operation=SAVE}
2023-08-04T21:43:33.329-04:00  WARN 4865 --- [    container-1] org.elasticsearch.client.RestClient      : request [HEAD http://localhost:9200/plan-index?ignore_throttled=false&ignore_unavailable=false&expand_wildcards=open%2Cclosed&allow_no_indices=false] returned 2 warnings: [299 Elasticsearch-7.17.12-e3b0c3d3c5c130e1dc6d567d6baef1c73eeb2059 "Elasticsearch built-in security features are not enabled. Without authentication, your cluster could be accessible to anyone. See https://www.elastic.co/guide/en/elasticsearch/reference/7.17/security-minimal-setup.html to enable security."],[299 Elasticsearch-7.17.12-e3b0c3d3c5c130e1dc6d567d6baef1c73eeb2059 "[ignore_throttled] parameter is deprecated because frozen indices have been deprecated. Consider cold or frozen tiers in place of frozen indices."]
2023-08-04T21:43:33.329-04:00  WARN 4865 --- [    container-1] s.a.r.l.ConditionalRejectingErrorHandler : Execution of Rabbit message listener failed.

org.springframework.amqp.rabbit.support.ListenerExecutionFailedException: Listener method 'receiveMessage' threw exception
	at org.springframework.amqp.rabbit.listener.adapter.MessageListenerAdapter.invokeListenerMethod(MessageListenerAdapter.java:374) ~[spring-rabbit-3.0.4.jar:3.0.4]
	at org.springframework.amqp.rabbit.listener.adapter.MessageListenerAdapter.onMessage(MessageListenerAdapter.java:293) ~[spring-rabbit-3.0.4.jar:3.0.4]
	at org.springframework.amqp.rabbit.listener.AbstractMessageListenerContainer.doInvokeListener(AbstractMessageListenerContainer.java:1719) ~[spring-rabbit-3.0.4.jar:3.0.4]
	at org.springframework.amqp.rabbit.listener.AbstractMessageListenerContainer.actualInvokeListener(AbstractMessageListenerContainer.java:1638) ~[spring-rabbit-3.0.4.jar:3.0.4]
	at org.springframework.amqp.rabbit.listener.AbstractMessageListenerContainer.invokeListener(AbstractMessageListenerContainer.java:1626) ~[spring-rabbit-3.0.4.jar:3.0.4]
	at org.springframework.amqp.rabbit.listener.AbstractMessageListenerContainer.doExecuteListener(AbstractMessageListenerContainer.java:1617) ~[spring-rabbit-3.0.4.jar:3.0.4]
	at org.springframework.amqp.rabbit.listener.AbstractMessageListenerContainer.executeListenerAndHandleException(AbstractMessageListenerContainer.java:1562) ~[spring-rabbit-3.0.4.jar:3.0.4]
	at org.springframework.amqp.rabbit.listener.AbstractMessageListenerContainer.lambda$executeListener$8(AbstractMessageListenerContainer.java:1541) ~[spring-rabbit-3.0.4.jar:3.0.4]
	at io.micrometer.observation.Observation.lambda$observe$0(Observation.java:493) ~[micrometer-observation-1.11.0.jar:1.11.0]
	at io.micrometer.observation.Observation.observeWithContext(Observation.java:603) ~[micrometer-observation-1.11.0.jar:1.11.0]
	at io.micrometer.observation.Observation.observe(Observation.java:492) ~[micrometer-observation-1.11.0.jar:1.11.0]
	at org.springframework.amqp.rabbit.listener.AbstractMessageListenerContainer.executeListener(AbstractMessageListenerContainer.java:1541) ~[spring-rabbit-3.0.4.jar:3.0.4]
	at org.springframework.amqp.rabbit.listener.SimpleMessageListenerContainer.doReceiveAndExecute(SimpleMessageListenerContainer.java:1001) ~[spring-rabbit-3.0.4.jar:3.0.4]
	at org.springframework.amqp.rabbit.listener.SimpleMessageListenerContainer.receiveAndExecute(SimpleMessageListenerContainer.java:948) ~[spring-rabbit-3.0.4.jar:3.0.4]
	at org.springframework.amqp.rabbit.listener.SimpleMessageListenerContainer$AsyncMessageProcessingConsumer.mainLoop(SimpleMessageListenerContainer.java:1326) ~[spring-rabbit-3.0.4.jar:3.0.4]
	at org.springframework.amqp.rabbit.listener.SimpleMessageListenerContainer$AsyncMessageProcessingConsumer.run(SimpleMessageListenerContainer.java:1232) ~[spring-rabbit-3.0.4.jar:3.0.4]
	at java.base/java.lang.Thread.run(Thread.java:1589) ~[na:na]
Caused by: org.json.JSONException: No value for objectType
	at org.json.JSONObject.get(JSONObject.java:355) ~[android-json-0.0.20131108.vaadin1.jar:0.0.20131108.vaadin1]
	at edu.neu.info5.DemoApplication.service.IndexingListener.convertMapToDocumentIndex(IndexingListener.java:152) ~[classes/:na]
	at edu.neu.info5.DemoApplication.service.IndexingListener.postDocument(IndexingListener.java:73) ~[classes/:na]
	at edu.neu.info5.DemoApplication.service.IndexingListener.receiveMessage(IndexingListener.java:51) ~[classes/:na]
	at java.base/jdk.internal.reflect.DirectMethodHandleAccessor.invoke(DirectMethodHandleAccessor.java:104) ~[na:na]
	at java.base/java.lang.reflect.Method.invoke(Method.java:578) ~[na:na]
	at org.springframework.util.MethodInvoker.invoke(MethodInvoker.java:283) ~[spring-core-6.0.9.jar:6.0.9]
	at org.springframework.amqp.rabbit.listener.adapter.MessageListenerAdapter.invokeListenerMethod(MessageListenerAdapter.java:366) ~[spring-rabbit-3.0.4.jar:3.0.4]
	... 16 common frames omitted

Message received: {body={"mapType":"class java.util.HashMap","empty":false}, operation=SAVE}
2023-08-04T21:43:33.334-04:00  WARN 4865 --- [    container-1] org.elasticsearch.client.RestClient      : request [HEAD http://localhost:9200/plan-index?ignore_throttled=false&ignore_unavailable=false&expand_wildcards=open%2Cclosed&allow_no_indices=false] returned 2 warnings: [299 Elasticsearch-7.17.12-e3b0c3d3c5c130e1dc6d567d6baef1c73eeb2059 "Elasticsearch built-in security features are not enabled. Without authentication, your cluster could be accessible to anyone. See https://www.elastic.co/guide/en/elasticsearch/reference/7.17/security-minimal-setup.html to enable security."],[299 Elasticsearch-7.17.12-e3b0c3d3c5c130e1dc6d567d6baef1c73eeb2059 "[ignore_throttled] parameter is deprecated because frozen indices have been deprecated. Consider cold or frozen tiers in place of frozen indices."]
2023-08-04T21:43:33.334-04:00  WARN 4865 --- [    container-1] s.a.r.l.ConditionalRejectingErrorHandler : Execution of Rabbit message listener failed.

org.springframework.amqp.rabbit.support.ListenerExecutionFailedException: Listener method 'receiveMessage' threw exception
	at org.springframework.amqp.rabbit.listener.adapter.MessageListenerAdapter.invokeListenerMethod(MessageListenerAdapter.java:374) ~[spring-rabbit-3.0.4.jar:3.0.4]
	at org.springframework.amqp.rabbit.listener.adapter.MessageListenerAdapter.onMessage(MessageListenerAdapter.java:293) ~[spring-rabbit-3.0.4.jar:3.0.4]
	at org.springframework.amqp.rabbit.listener.AbstractMessageListenerContainer.doInvokeListener(AbstractMessageListenerContainer.java:1719) ~[spring-rabbit-3.0.4.jar:3.0.4]
	at org.springframework.amqp.rabbit.listener.AbstractMessageListenerContainer.actualInvokeListener(AbstractMessageListenerContainer.java:1638) ~[spring-rabbit-3.0.4.jar:3.0.4]
	at org.springframework.amqp.rabbit.listener.AbstractMessageListenerContainer.invokeListener(AbstractMessageListenerContainer.java:1626) ~[spring-rabbit-3.0.4.jar:3.0.4]
	at org.springframework.amqp.rabbit.listener.AbstractMessageListenerContainer.doExecuteListener(AbstractMessageListenerContainer.java:1617) ~[spring-rabbit-3.0.4.jar:3.0.4]
	at org.springframework.amqp.rabbit.listener.AbstractMessageListenerContainer.executeListenerAndHandleException(AbstractMessageListenerContainer.java:1562) ~[spring-rabbit-3.0.4.jar:3.0.4]
	at org.springframework.amqp.rabbit.listener.AbstractMessageListenerContainer.lambda$executeListener$8(AbstractMessageListenerContainer.java:1541) ~[spring-rabbit-3.0.4.jar:3.0.4]
	at io.micrometer.observation.Observation.lambda$observe$0(Observation.java:493) ~[micrometer-observation-1.11.0.jar:1.11.0]
	at io.micrometer.observation.Observation.observeWithContext(Observation.java:603) ~[micrometer-observation-1.11.0.jar:1.11.0]
	at io.micrometer.observation.Observation.observe(Observation.java:492) ~[micrometer-observation-1.11.0.jar:1.11.0]
	at org.springframework.amqp.rabbit.listener.AbstractMessageListenerContainer.executeListener(AbstractMessageListenerContainer.java:1541) ~[spring-rabbit-3.0.4.jar:3.0.4]
	at org.springframework.amqp.rabbit.listener.SimpleMessageListenerContainer.doReceiveAndExecute(SimpleMessageListenerContainer.java:1001) ~[spring-rabbit-3.0.4.jar:3.0.4]
	at org.springframework.amqp.rabbit.listener.SimpleMessageListenerContainer.receiveAndExecute(SimpleMessageListenerContainer.java:948) ~[spring-rabbit-3.0.4.jar:3.0.4]
	at org.springframework.amqp.rabbit.listener.SimpleMessageListenerContainer$AsyncMessageProcessingConsumer.mainLoop(SimpleMessageListenerContainer.java:1326) ~[spring-rabbit-3.0.4.jar:3.0.4]
	at org.springframework.amqp.rabbit.listener.SimpleMessageListenerContainer$AsyncMessageProcessingConsumer.run(SimpleMessageListenerContainer.java:1232) ~[spring-rabbit-3.0.4.jar:3.0.4]
	at java.base/java.lang.Thread.run(Thread.java:1589) ~[na:na]
Caused by: org.json.JSONException: No value for objectType
	at org.json.JSONObject.get(JSONObject.java:355) ~[android-json-0.0.20131108.vaadin1.jar:0.0.20131108.vaadin1]
	at edu.neu.info5.DemoApplication.service.IndexingListener.convertMapToDocumentIndex(IndexingListener.java:152) ~[classes/:na]
	at edu.neu.info5.DemoApplication.service.IndexingListener.postDocument(IndexingListener.java:73) ~[classes/:na]
	at edu.neu.info5.DemoApplication.service.IndexingListener.receiveMessage(IndexingListener.java:51) ~[classes/:na]
	at java.base/jdk.internal.reflect.DirectMethodHandleAccessor.invoke(DirectMethodHandleAccessor.java:104) ~[na:na]
	at java.base/java.lang.reflect.Method.invoke(Method.java:578) ~[na:na]
	at org.springframework.util.MethodInvoker.invoke(MethodInvoker.java:283) ~[spring-core-6.0.9.jar:6.0.9]
	at org.springframework.amqp.rabbit.listener.adapter.MessageListenerAdapter.invokeListenerMethod(MessageListenerAdapter.java:366) ~[spring-rabbit-3.0.4.jar:3.0.4]
	... 16 common frames omitted

Message received: {body={"mapType":"class java.util.HashMap","empty":false}, operation=SAVE}
2023-08-04T21:43:33.338-04:00  WARN 4865 --- [    container-1] org.elasticsearch.client.RestClient      : request [HEAD http://localhost:9200/plan-index?ignore_throttled=false&ignore_unavailable=false&expand_wildcards=open%2Cclosed&allow_no_indices=false] returned 2 warnings: [299 Elasticsearch-7.17.12-e3b0c3d3c5c130e1dc6d567d6baef1c73eeb2059 "Elasticsearch built-in security features are not enabled. Without authentication, your cluster could be accessible to anyone. See https://www.elastic.co/guide/en/elasticsearch/reference/7.17/security-minimal-setup.html to enable security."],[299 Elasticsearch-7.17.12-e3b0c3d3c5c130e1dc6d567d6baef1c73eeb2059 "[ignore_throttled] parameter is deprecated because frozen indices have been deprecated. Consider cold or frozen tiers in place of frozen indices."]
2023-08-04T21:43:33.338-04:00  WARN 4865 --- [    container-1] s.a.r.l.ConditionalRejectingErrorHandler : Execution of Rabbit message listener failed.

org.springframework.amqp.rabbit.support.ListenerExecutionFailedException: Listener method 'receiveMessage' threw exception
	at org.springframework.amqp.rabbit.listener.adapter.MessageListenerAdapter.invokeListenerMethod(MessageListenerAdapter.java:374) ~[spring-rabbit-3.0.4.jar:3.0.4]
	at org.springframework.amqp.rabbit.listener.adapter.MessageListenerAdapter.onMessage(MessageListenerAdapter.java:293) ~[spring-rabbit-3.0.4.jar:3.0.4]
	at org.springframework.amqp.rabbit.listener.AbstractMessageListenerContainer.doInvokeListener(AbstractMessageListenerContainer.java:1719) ~[spring-rabbit-3.0.4.jar:3.0.4]
	at org.springframework.amqp.rabbit.listener.AbstractMessageListenerContainer.actualInvokeListener(AbstractMessageListenerContainer.java:1638) ~[spring-rabbit-3.0.4.jar:3.0.4]
	at org.springframework.amqp.rabbit.listener.AbstractMessageListenerContainer.invokeListener(AbstractMessageListenerContainer.java:1626) ~[spring-rabbit-3.0.4.jar:3.0.4]
	at org.springframework.amqp.rabbit.listener.AbstractMessageListenerContainer.doExecuteListener(AbstractMessageListenerContainer.java:1617) ~[spring-rabbit-3.0.4.jar:3.0.4]
	at org.springframework.amqp.rabbit.listener.AbstractMessageListenerContainer.executeListenerAndHandleException(AbstractMessageListenerContainer.java:1562) ~[spring-rabbit-3.0.4.jar:3.0.4]
	at org.springframework.amqp.rabbit.listener.AbstractMessageListenerContainer.lambda$executeListener$8(AbstractMessageListenerContainer.java:1541) ~[spring-rabbit-3.0.4.jar:3.0.4]
	at io.micrometer.observation.Observation.lambda$observe$0(Observation.java:493) ~[micrometer-observation-1.11.0.jar:1.11.0]
	at io.micrometer.observation.Observation.observeWithContext(Observation.java:603) ~[micrometer-observation-1.11.0.jar:1.11.0]
	at io.micrometer.observation.Observation.observe(Observation.java:492) ~[micrometer-observation-1.11.0.jar:1.11.0]
	at org.springframework.amqp.rabbit.listener.AbstractMessageListenerContainer.executeListener(AbstractMessageListenerContainer.java:1541) ~[spring-rabbit-3.0.4.jar:3.0.4]
	at org.springframework.amqp.rabbit.listener.SimpleMessageListenerContainer.doReceiveAndExecute(SimpleMessageListenerContainer.java:1001) ~[spring-rabbit-3.0.4.jar:3.0.4]
	at org.springframework.amqp.rabbit.listener.SimpleMessageListenerContainer.receiveAndExecute(SimpleMessageListenerContainer.java:948) ~[spring-rabbit-3.0.4.jar:3.0.4]
	at org.springframework.amqp.rabbit.listener.SimpleMessageListenerContainer$AsyncMessageProcessingConsumer.mainLoop(SimpleMessageListenerContainer.java:1326) ~[spring-rabbit-3.0.4.jar:3.0.4]
	at org.springframework.amqp.rabbit.listener.SimpleMessageListenerContainer$AsyncMessageProcessingConsumer.run(SimpleMessageListenerContainer.java:1232) ~[spring-rabbit-3.0.4.jar:3.0.4]
	at java.base/java.lang.Thread.run(Thread.java:1589) ~[na:na]
Caused by: org.json.JSONException: No value for objectType
	at org.json.JSONObject.get(JSONObject.java:355) ~[android-json-0.0.20131108.vaadin1.jar:0.0.20131108.vaadin1]
	at edu.neu.info5.DemoApplication.service.IndexingListener.convertMapToDocumentIndex(IndexingListener.java:152) ~[classes/:na]
	at edu.neu.info5.DemoApplication.service.IndexingListener.postDocument(IndexingListener.java:73) ~[classes/:na]
	at edu.neu.info5.DemoApplication.service.IndexingListener.receiveMessage(IndexingListener.java:51) ~[classes/:na]
	at java.base/jdk.internal.reflect.DirectMethodHandleAccessor.invoke(DirectMethodHandleAccessor.java:104) ~[na:na]
	at java.base/java.lang.reflect.Method.invoke(Method.java:578) ~[na:na]
	at org.springframework.util.MethodInvoker.invoke(MethodInvoker.java:283) ~[spring-core-6.0.9.jar:6.0.9]
	at org.springframework.amqp.rabbit.listener.adapter.MessageListenerAdapter.invokeListenerMethod(MessageListenerAdapter.java:366) ~[spring-rabbit-3.0.4.jar:3.0.4]
	... 16 common frames omitted

Message received: {body={"mapType":"class java.util.HashMap","empty":false}, operation=SAVE}
2023-08-04T21:43:33.349-04:00  WARN 4865 --- [    container-1] org.elasticsearch.client.RestClient      : request [HEAD http://localhost:9200/plan-index?ignore_throttled=false&ignore_unavailable=false&expand_wildcards=open%2Cclosed&allow_no_indices=false] returned 2 warnings: [299 Elasticsearch-7.17.12-e3b0c3d3c5c130e1dc6d567d6baef1c73eeb2059 "Elasticsearch built-in security features are not enabled. Without authentication, your cluster could be accessible to anyone. See https://www.elastic.co/guide/en/elasticsearch/reference/7.17/security-minimal-setup.html to enable security."],[299 Elasticsearch-7.17.12-e3b0c3d3c5c130e1dc6d567d6baef1c73eeb2059 "[ignore_throttled] parameter is deprecated because frozen indices have been deprecated. Consider cold or frozen tiers in place of frozen indices."]
2023-08-04T21:43:33.349-04:00  WARN 4865 --- [    container-1] s.a.r.l.ConditionalRejectingErrorHandler : Execution of Rabbit message listener failed.

org.springframework.amqp.rabbit.support.ListenerExecutionFailedException: Listener method 'receiveMessage' threw exception
	at org.springframework.amqp.rabbit.listener.adapter.MessageListenerAdapter.invokeListenerMethod(MessageListenerAdapter.java:374) ~[spring-rabbit-3.0.4.jar:3.0.4]
	at org.springframework.amqp.rabbit.listener.adapter.MessageListenerAdapter.onMessage(MessageListenerAdapter.java:293) ~[spring-rabbit-3.0.4.jar:3.0.4]
	at org.springframework.amqp.rabbit.listener.AbstractMessageListenerContainer.doInvokeListener(AbstractMessageListenerContainer.java:1719) ~[spring-rabbit-3.0.4.jar:3.0.4]
	at org.springframework.amqp.rabbit.listener.AbstractMessageListenerContainer.actualInvokeListener(AbstractMessageListenerContainer.java:1638) ~[spring-rabbit-3.0.4.jar:3.0.4]
	at org.springframework.amqp.rabbit.listener.AbstractMessageListenerContainer.invokeListener(AbstractMessageListenerContainer.java:1626) ~[spring-rabbit-3.0.4.jar:3.0.4]
	at org.springframework.amqp.rabbit.listener.AbstractMessageListenerContainer.doExecuteListener(AbstractMessageListenerContainer.java:1617) ~[spring-rabbit-3.0.4.jar:3.0.4]
	at org.springframework.amqp.rabbit.listener.AbstractMessageListenerContainer.executeListenerAndHandleException(AbstractMessageListenerContainer.java:1562) ~[spring-rabbit-3.0.4.jar:3.0.4]
	at org.springframework.amqp.rabbit.listener.AbstractMessageListenerContainer.lambda$executeListener$8(AbstractMessageListenerContainer.java:1541) ~[spring-rabbit-3.0.4.jar:3.0.4]
	at io.micrometer.observation.Observation.lambda$observe$0(Observation.java:493) ~[micrometer-observation-1.11.0.jar:1.11.0]
	at io.micrometer.observation.Observation.observeWithContext(Observation.java:603) ~[micrometer-observation-1.11.0.jar:1.11.0]
	at io.micrometer.observation.Observation.observe(Observation.java:492) ~[micrometer-observation-1.11.0.jar:1.11.0]
	at org.springframework.amqp.rabbit.listener.AbstractMessageListenerContainer.executeListener(AbstractMessageListenerContainer.java:1541) ~[spring-rabbit-3.0.4.jar:3.0.4]
	at org.springframework.amqp.rabbit.listener.SimpleMessageListenerContainer.doReceiveAndExecute(SimpleMessageListenerContainer.java:1001) ~[spring-rabbit-3.0.4.jar:3.0.4]
	at org.springframework.amqp.rabbit.listener.SimpleMessageListenerContainer.receiveAndExecute(SimpleMessageListenerContainer.java:948) ~[spring-rabbit-3.0.4.jar:3.0.4]
	at org.springframework.amqp.rabbit.listener.SimpleMessageListenerContainer$AsyncMessageProcessingConsumer.mainLoop(SimpleMessageListenerContainer.java:1326) ~[spring-rabbit-3.0.4.jar:3.0.4]
	at org.springframework.amqp.rabbit.listener.SimpleMessageListenerContainer$AsyncMessageProcessingConsumer.run(SimpleMessageListenerContainer.java:1232) ~[spring-rabbit-3.0.4.jar:3.0.4]
	at java.base/java.lang.Thread.run(Thread.java:1589) ~[na:na]
Caused by: org.json.JSONException: No value for objectType
	at org.json.JSONObject.get(JSONObject.java:355) ~[android-json-0.0.20131108.vaadin1.jar:0.0.20131108.vaadin1]
	at edu.neu.info5.DemoApplication.service.IndexingListener.convertMapToDocumentIndex(IndexingListener.java:152) ~[classes/:na]
	at edu.neu.info5.DemoApplication.service.IndexingListener.postDocument(IndexingListener.java:73) ~[classes/:na]
	at edu.neu.info5.DemoApplication.service.IndexingListener.receiveMessage(IndexingListener.java:51) ~[classes/:na]
	at java.base/jdk.internal.reflect.DirectMethodHandleAccessor.invoke(DirectMethodHandleAccessor.java:104) ~[na:na]
	at java.base/java.lang.reflect.Method.invoke(Method.java:578) ~[na:na]
	at org.springframework.util.MethodInvoker.invoke(MethodInvoker.java:283) ~[spring-core-6.0.9.jar:6.0.9]
	at org.springframework.amqp.rabbit.listener.adapter.MessageListenerAdapter.invokeListenerMethod(MessageListenerAdapter.java:366) ~[spring-rabbit-3.0.4.jar:3.0.4]
	... 16 common frames omitted

Message received: {body={"mapType":"class java.util.HashMap","empty":false}, operation=SAVE}
2023-08-04T21:43:33.353-04:00  WARN 4865 --- [    container-1] org.elasticsearch.client.RestClient      : request [HEAD http://localhost:9200/plan-index?ignore_throttled=false&ignore_unavailable=false&expand_wildcards=open%2Cclosed&allow_no_indices=false] returned 2 warnings: [299 Elasticsearch-7.17.12-e3b0c3d3c5c130e1dc6d567d6baef1c73eeb2059 "Elasticsearch built-in security features are not enabled. Without authentication, your cluster could be accessible to anyone. See https://www.elastic.co/guide/en/elasticsearch/reference/7.17/security-minimal-setup.html to enable security."],[299 Elasticsearch-7.17.12-e3b0c3d3c5c130e1dc6d567d6baef1c73eeb2059 "[ignore_throttled] parameter is deprecated because frozen indices have been deprecated. Consider cold or frozen tiers in place of frozen indices."]
2023-08-04T21:43:33.353-04:00  WARN 4865 --- [    container-1] s.a.r.l.ConditionalRejectingErrorHandler : Execution of Rabbit message listener failed.

org.springframework.amqp.rabbit.support.ListenerExecutionFailedException: Listener method 'receiveMessage' threw exception
	at org.springframework.amqp.rabbit.listener.adapter.MessageListenerAdapter.invokeListenerMethod(MessageListenerAdapter.java:374) ~[spring-rabbit-3.0.4.jar:3.0.4]
	at org.springframework.amqp.rabbit.listener.adapter.MessageListenerAdapter.onMessage(MessageListenerAdapter.java:293) ~[spring-rabbit-3.0.4.jar:3.0.4]
	at org.springframework.amqp.rabbit.listener.AbstractMessageListenerContainer.doInvokeListener(AbstractMessageListenerContainer.java:1719) ~[spring-rabbit-3.0.4.jar:3.0.4]
	at org.springframework.amqp.rabbit.listener.AbstractMessageListenerContainer.actualInvokeListener(AbstractMessageListenerContainer.java:1638) ~[spring-rabbit-3.0.4.jar:3.0.4]
	at org.springframework.amqp.rabbit.listener.AbstractMessageListenerContainer.invokeListener(AbstractMessageListenerContainer.java:1626) ~[spring-rabbit-3.0.4.jar:3.0.4]
	at org.springframework.amqp.rabbit.listener.AbstractMessageListenerContainer.doExecuteListener(AbstractMessageListenerContainer.java:1617) ~[spring-rabbit-3.0.4.jar:3.0.4]
	at org.springframework.amqp.rabbit.listener.AbstractMessageListenerContainer.executeListenerAndHandleException(AbstractMessageListenerContainer.java:1562) ~[spring-rabbit-3.0.4.jar:3.0.4]
	at org.springframework.amqp.rabbit.listener.AbstractMessageListenerContainer.lambda$executeListener$8(AbstractMessageListenerContainer.java:1541) ~[spring-rabbit-3.0.4.jar:3.0.4]
	at io.micrometer.observation.Observation.lambda$observe$0(Observation.java:493) ~[micrometer-observation-1.11.0.jar:1.11.0]
	at io.micrometer.observation.Observation.observeWithContext(Observation.java:603) ~[micrometer-observation-1.11.0.jar:1.11.0]
	at io.micrometer.observation.Observation.observe(Observation.java:492) ~[micrometer-observation-1.11.0.jar:1.11.0]
	at org.springframework.amqp.rabbit.listener.AbstractMessageListenerContainer.executeListener(AbstractMessageListenerContainer.java:1541) ~[spring-rabbit-3.0.4.jar:3.0.4]
	at org.springframework.amqp.rabbit.listener.SimpleMessageListenerContainer.doReceiveAndExecute(SimpleMessageListenerContainer.java:1001) ~[spring-rabbit-3.0.4.jar:3.0.4]
	at org.springframework.amqp.rabbit.listener.SimpleMessageListenerContainer.receiveAndExecute(SimpleMessageListenerContainer.java:948) ~[spring-rabbit-3.0.4.jar:3.0.4]
	at org.springframework.amqp.rabbit.listener.SimpleMessageListenerContainer$AsyncMessageProcessingConsumer.mainLoop(SimpleMessageListenerContainer.java:1326) ~[spring-rabbit-3.0.4.jar:3.0.4]
	at org.springframework.amqp.rabbit.listener.SimpleMessageListenerContainer$AsyncMessageProcessingConsumer.run(SimpleMessageListenerContainer.java:1232) ~[spring-rabbit-3.0.4.jar:3.0.4]
	at java.base/java.lang.Thread.run(Thread.java:1589) ~[na:na]
Caused by: org.json.JSONException: No value for objectType
	at org.json.JSONObject.get(JSONObject.java:355) ~[android-json-0.0.20131108.vaadin1.jar:0.0.20131108.vaadin1]
	at edu.neu.info5.DemoApplication.service.IndexingListener.convertMapToDocumentIndex(IndexingListener.java:152) ~[classes/:na]
	at edu.neu.info5.DemoApplication.service.IndexingListener.postDocument(IndexingListener.java:73) ~[classes/:na]
	at edu.neu.info5.DemoApplication.service.IndexingListener.receiveMessage(IndexingListener.java:51) ~[classes/:na]
	at java.base/jdk.internal.reflect.DirectMethodHandleAccessor.invoke(DirectMethodHandleAccessor.java:104) ~[na:na]
	at java.base/java.lang.reflect.Method.invoke(Method.java:578) ~[na:na]
	at org.springframework.util.MethodInvoker.invoke(MethodInvoker.java:283) ~[spring-core-6.0.9.jar:6.0.9]
	at org.springframework.amqp.rabbit.listener.adapter.MessageListenerAdapter.invokeListenerMethod(MessageListenerAdapter.java:366) ~[spring-rabbit-3.0.4.jar:3.0.4]
	... 16 common frames omitted

Message received: {body={"mapType":"class java.util.HashMap","empty":false}, operation=SAVE}
2023-08-04T21:43:33.357-04:00  WARN 4865 --- [    container-1] org.elasticsearch.client.RestClient      : request [HEAD http://localhost:9200/plan-index?ignore_throttled=false&ignore_unavailable=false&expand_wildcards=open%2Cclosed&allow_no_indices=false] returned 2 warnings: [299 Elasticsearch-7.17.12-e3b0c3d3c5c130e1dc6d567d6baef1c73eeb2059 "Elasticsearch built-in security features are not enabled. Without authentication, your cluster could be accessible to anyone. See https://www.elastic.co/guide/en/elasticsearch/reference/7.17/security-minimal-setup.html to enable security."],[299 Elasticsearch-7.17.12-e3b0c3d3c5c130e1dc6d567d6baef1c73eeb2059 "[ignore_throttled] parameter is deprecated because frozen indices have been deprecated. Consider cold or frozen tiers in place of frozen indices."]
2023-08-04T21:43:33.357-04:00  WARN 4865 --- [    container-1] s.a.r.l.ConditionalRejectingErrorHandler : Execution of Rabbit message listener failed.

org.springframework.amqp.rabbit.support.ListenerExecutionFailedException: Listener method 'receiveMessage' threw exception
	at org.springframework.amqp.rabbit.listener.adapter.MessageListenerAdapter.invokeListenerMethod(MessageListenerAdapter.java:374) ~[spring-rabbit-3.0.4.jar:3.0.4]
	at org.springframework.amqp.rabbit.listener.adapter.MessageListenerAdapter.onMessage(MessageListenerAdapter.java:293) ~[spring-rabbit-3.0.4.jar:3.0.4]
	at org.springframework.amqp.rabbit.listener.AbstractMessageListenerContainer.doInvokeListener(AbstractMessageListenerContainer.java:1719) ~[spring-rabbit-3.0.4.jar:3.0.4]
	at org.springframework.amqp.rabbit.listener.AbstractMessageListenerContainer.actualInvokeListener(AbstractMessageListenerContainer.java:1638) ~[spring-rabbit-3.0.4.jar:3.0.4]
	at org.springframework.amqp.rabbit.listener.AbstractMessageListenerContainer.invokeListener(AbstractMessageListenerContainer.java:1626) ~[spring-rabbit-3.0.4.jar:3.0.4]
	at org.springframework.amqp.rabbit.listener.AbstractMessageListenerContainer.doExecuteListener(AbstractMessageListenerContainer.java:1617) ~[spring-rabbit-3.0.4.jar:3.0.4]
	at org.springframework.amqp.rabbit.listener.AbstractMessageListenerContainer.executeListenerAndHandleException(AbstractMessageListenerContainer.java:1562) ~[spring-rabbit-3.0.4.jar:3.0.4]
	at org.springframework.amqp.rabbit.listener.AbstractMessageListenerContainer.lambda$executeListener$8(AbstractMessageListenerContainer.java:1541) ~[spring-rabbit-3.0.4.jar:3.0.4]
	at io.micrometer.observation.Observation.lambda$observe$0(Observation.java:493) ~[micrometer-observation-1.11.0.jar:1.11.0]
	at io.micrometer.observation.Observation.observeWithContext(Observation.java:603) ~[micrometer-observation-1.11.0.jar:1.11.0]
	at io.micrometer.observation.Observation.observe(Observation.java:492) ~[micrometer-observation-1.11.0.jar:1.11.0]
	at org.springframework.amqp.rabbit.listener.AbstractMessageListenerContainer.executeListener(AbstractMessageListenerContainer.java:1541) ~[spring-rabbit-3.0.4.jar:3.0.4]
	at org.springframework.amqp.rabbit.listener.SimpleMessageListenerContainer.doReceiveAndExecute(SimpleMessageListenerContainer.java:1001) ~[spring-rabbit-3.0.4.jar:3.0.4]
	at org.springframework.amqp.rabbit.listener.SimpleMessageListenerContainer.receiveAndExecute(SimpleMessageListenerContainer.java:948) ~[spring-rabbit-3.0.4.jar:3.0.4]
	at org.springframework.amqp.rabbit.listener.SimpleMessageListenerContainer$AsyncMessageProcessingConsumer.mainLoop(SimpleMessageListenerContainer.java:1326) ~[spring-rabbit-3.0.4.jar:3.0.4]
	at org.springframework.amqp.rabbit.listener.SimpleMessageListenerContainer$AsyncMessageProcessingConsumer.run(SimpleMessageListenerContainer.java:1232) ~[spring-rabbit-3.0.4.jar:3.0.4]
	at java.base/java.lang.Thread.run(Thread.java:1589) ~[na:na]
Caused by: org.json.JSONException: No value for objectType
	at org.json.JSONObject.get(JSONObject.java:355) ~[android-json-0.0.20131108.vaadin1.jar:0.0.20131108.vaadin1]
	at edu.neu.info5.DemoApplication.service.IndexingListener.convertMapToDocumentIndex(IndexingListener.java:152) ~[classes/:na]
	at edu.neu.info5.DemoApplication.service.IndexingListener.postDocument(IndexingListener.java:73) ~[classes/:na]
	at edu.neu.info5.DemoApplication.service.IndexingListener.receiveMessage(IndexingListener.java:51) ~[classes/:na]
	at java.base/jdk.internal.reflect.DirectMethodHandleAccessor.invoke(DirectMethodHandleAccessor.java:104) ~[na:na]
	at java.base/java.lang.reflect.Method.invoke(Method.java:578) ~[na:na]
	at org.springframework.util.MethodInvoker.invoke(MethodInvoker.java:283) ~[spring-core-6.0.9.jar:6.0.9]
	at org.springframework.amqp.rabbit.listener.adapter.MessageListenerAdapter.invokeListenerMethod(MessageListenerAdapter.java:366) ~[spring-rabbit-3.0.4.jar:3.0.4]
	... 16 common frames omitted

Message received: {body={"mapType":"class java.util.HashMap","empty":false}, operation=SAVE}
2023-08-04T21:43:33.361-04:00  WARN 4865 --- [    container-1] org.elasticsearch.client.RestClient      : request [HEAD http://localhost:9200/plan-index?ignore_throttled=false&ignore_unavailable=false&expand_wildcards=open%2Cclosed&allow_no_indices=false] returned 2 warnings: [299 Elasticsearch-7.17.12-e3b0c3d3c5c130e1dc6d567d6baef1c73eeb2059 "Elasticsearch built-in security features are not enabled. Without authentication, your cluster could be accessible to anyone. See https://www.elastic.co/guide/en/elasticsearch/reference/7.17/security-minimal-setup.html to enable security."],[299 Elasticsearch-7.17.12-e3b0c3d3c5c130e1dc6d567d6baef1c73eeb2059 "[ignore_throttled] parameter is deprecated because frozen indices have been deprecated. Consider cold or frozen tiers in place of frozen indices."]
2023-08-04T21:43:33.361-04:00  WARN 4865 --- [    container-1] s.a.r.l.ConditionalRejectingErrorHandler : Execution of Rabbit message listener failed.

org.springframework.amqp.rabbit.support.ListenerExecutionFailedException: Listener method 'receiveMessage' threw exception
	at org.springframework.amqp.rabbit.listener.adapter.MessageListenerAdapter.invokeListenerMethod(MessageListenerAdapter.java:374) ~[spring-rabbit-3.0.4.jar:3.0.4]
	at org.springframework.amqp.rabbit.listener.adapter.MessageListenerAdapter.onMessage(MessageListenerAdapter.java:293) ~[spring-rabbit-3.0.4.jar:3.0.4]
	at org.springframework.amqp.rabbit.listener.AbstractMessageListenerContainer.doInvokeListener(AbstractMessageListenerContainer.java:1719) ~[spring-rabbit-3.0.4.jar:3.0.4]
	at org.springframework.amqp.rabbit.listener.AbstractMessageListenerContainer.actualInvokeListener(AbstractMessageListenerContainer.java:1638) ~[spring-rabbit-3.0.4.jar:3.0.4]
	at org.springframework.amqp.rabbit.listener.AbstractMessageListenerContainer.invokeListener(AbstractMessageListenerContainer.java:1626) ~[spring-rabbit-3.0.4.jar:3.0.4]
	at org.springframework.amqp.rabbit.listener.AbstractMessageListenerContainer.doExecuteListener(AbstractMessageListenerContainer.java:1617) ~[spring-rabbit-3.0.4.jar:3.0.4]
	at org.springframework.amqp.rabbit.listener.AbstractMessageListenerContainer.executeListenerAndHandleException(AbstractMessageListenerContainer.java:1562) ~[spring-rabbit-3.0.4.jar:3.0.4]
	at org.springframework.amqp.rabbit.listener.AbstractMessageListenerContainer.lambda$executeListener$8(AbstractMessageListenerContainer.java:1541) ~[spring-rabbit-3.0.4.jar:3.0.4]
	at io.micrometer.observation.Observation.lambda$observe$0(Observation.java:493) ~[micrometer-observation-1.11.0.jar:1.11.0]
	at io.micrometer.observation.Observation.observeWithContext(Observation.java:603) ~[micrometer-observation-1.11.0.jar:1.11.0]
	at io.micrometer.observation.Observation.observe(Observation.java:492) ~[micrometer-observation-1.11.0.jar:1.11.0]
	at org.springframework.amqp.rabbit.listener.AbstractMessageListenerContainer.executeListener(AbstractMessageListenerContainer.java:1541) ~[spring-rabbit-3.0.4.jar:3.0.4]
	at org.springframework.amqp.rabbit.listener.SimpleMessageListenerContainer.doReceiveAndExecute(SimpleMessageListenerContainer.java:1001) ~[spring-rabbit-3.0.4.jar:3.0.4]
	at org.springframework.amqp.rabbit.listener.SimpleMessageListenerContainer.receiveAndExecute(SimpleMessageListenerContainer.java:948) ~[spring-rabbit-3.0.4.jar:3.0.4]
	at org.springframework.amqp.rabbit.listener.SimpleMessageListenerContainer$AsyncMessageProcessingConsumer.mainLoop(SimpleMessageListenerContainer.java:1326) ~[spring-rabbit-3.0.4.jar:3.0.4]
	at org.springframework.amqp.rabbit.listener.SimpleMessageListenerContainer$AsyncMessageProcessingConsumer.run(SimpleMessageListenerContainer.java:1232) ~[spring-rabbit-3.0.4.jar:3.0.4]
	at java.base/java.lang.Thread.run(Thread.java:1589) ~[na:na]
Caused by: org.json.JSONException: No value for objectType
	at org.json.JSONObject.get(JSONObject.java:355) ~[android-json-0.0.20131108.vaadin1.jar:0.0.20131108.vaadin1]
	at edu.neu.info5.DemoApplication.service.IndexingListener.convertMapToDocumentIndex(IndexingListener.java:152) ~[classes/:na]
	at edu.neu.info5.DemoApplication.service.IndexingListener.postDocument(IndexingListener.java:73) ~[classes/:na]
	at edu.neu.info5.DemoApplication.service.IndexingListener.receiveMessage(IndexingListener.java:51) ~[classes/:na]
	at java.base/jdk.internal.reflect.DirectMethodHandleAccessor.invoke(DirectMethodHandleAccessor.java:104) ~[na:na]
	at java.base/java.lang.reflect.Method.invoke(Method.java:578) ~[na:na]
	at org.springframework.util.MethodInvoker.invoke(MethodInvoker.java:283) ~[spring-core-6.0.9.jar:6.0.9]
	at org.springframework.amqp.rabbit.listener.adapter.MessageListenerAdapter.invokeListenerMethod(MessageListenerAdapter.java:366) ~[spring-rabbit-3.0.4.jar:3.0.4]
	... 16 common frames omitted

Message received: {body={"mapType":"class java.util.HashMap","empty":false}, operation=SAVE}
2023-08-04T21:43:33.364-04:00  WARN 4865 --- [    container-1] org.elasticsearch.client.RestClient      : request [HEAD http://localhost:9200/plan-index?ignore_throttled=false&ignore_unavailable=false&expand_wildcards=open%2Cclosed&allow_no_indices=false] returned 2 warnings: [299 Elasticsearch-7.17.12-e3b0c3d3c5c130e1dc6d567d6baef1c73eeb2059 "Elasticsearch built-in security features are not enabled. Without authentication, your cluster could be accessible to anyone. See https://www.elastic.co/guide/en/elasticsearch/reference/7.17/security-minimal-setup.html to enable security."],[299 Elasticsearch-7.17.12-e3b0c3d3c5c130e1dc6d567d6baef1c73eeb2059 "[ignore_throttled] parameter is deprecated because frozen indices have been deprecated. Consider cold or frozen tiers in place of frozen indices."]
2023-08-04T21:43:33.364-04:00  WARN 4865 --- [    container-1] s.a.r.l.ConditionalRejectingErrorHandler : Execution of Rabbit message listener failed.

org.springframework.amqp.rabbit.support.ListenerExecutionFailedException: Listener method 'receiveMessage' threw exception
	at org.springframework.amqp.rabbit.listener.adapter.MessageListenerAdapter.invokeListenerMethod(MessageListenerAdapter.java:374) ~[spring-rabbit-3.0.4.jar:3.0.4]
	at org.springframework.amqp.rabbit.listener.adapter.MessageListenerAdapter.onMessage(MessageListenerAdapter.java:293) ~[spring-rabbit-3.0.4.jar:3.0.4]
	at org.springframework.amqp.rabbit.listener.AbstractMessageListenerContainer.doInvokeListener(AbstractMessageListenerContainer.java:1719) ~[spring-rabbit-3.0.4.jar:3.0.4]
	at org.springframework.amqp.rabbit.listener.AbstractMessageListenerContainer.actualInvokeListener(AbstractMessageListenerContainer.java:1638) ~[spring-rabbit-3.0.4.jar:3.0.4]
	at org.springframework.amqp.rabbit.listener.AbstractMessageListenerContainer.invokeListener(AbstractMessageListenerContainer.java:1626) ~[spring-rabbit-3.0.4.jar:3.0.4]
	at org.springframework.amqp.rabbit.listener.AbstractMessageListenerContainer.doExecuteListener(AbstractMessageListenerContainer.java:1617) ~[spring-rabbit-3.0.4.jar:3.0.4]
	at org.springframework.amqp.rabbit.listener.AbstractMessageListenerContainer.executeListenerAndHandleException(AbstractMessageListenerContainer.java:1562) ~[spring-rabbit-3.0.4.jar:3.0.4]
	at org.springframework.amqp.rabbit.listener.AbstractMessageListenerContainer.lambda$executeListener$8(AbstractMessageListenerContainer.java:1541) ~[spring-rabbit-3.0.4.jar:3.0.4]
	at io.micrometer.observation.Observation.lambda$observe$0(Observation.java:493) ~[micrometer-observation-1.11.0.jar:1.11.0]
	at io.micrometer.observation.Observation.observeWithContext(Observation.java:603) ~[micrometer-observation-1.11.0.jar:1.11.0]
	at io.micrometer.observation.Observation.observe(Observation.java:492) ~[micrometer-observation-1.11.0.jar:1.11.0]
	at org.springframework.amqp.rabbit.listener.AbstractMessageListenerContainer.executeListener(AbstractMessageListenerContainer.java:1541) ~[spring-rabbit-3.0.4.jar:3.0.4]
	at org.springframework.amqp.rabbit.listener.SimpleMessageListenerContainer.doReceiveAndExecute(SimpleMessageListenerContainer.java:1001) ~[spring-rabbit-3.0.4.jar:3.0.4]
	at org.springframework.amqp.rabbit.listener.SimpleMessageListenerContainer.receiveAndExecute(SimpleMessageListenerContainer.java:948) ~[spring-rabbit-3.0.4.jar:3.0.4]
	at org.springframework.amqp.rabbit.listener.SimpleMessageListenerContainer$AsyncMessageProcessingConsumer.mainLoop(SimpleMessageListenerContainer.java:1326) ~[spring-rabbit-3.0.4.jar:3.0.4]
	at org.springframework.amqp.rabbit.listener.SimpleMessageListenerContainer$AsyncMessageProcessingConsumer.run(SimpleMessageListenerContainer.java:1232) ~[spring-rabbit-3.0.4.jar:3.0.4]
	at java.base/java.lang.Thread.run(Thread.java:1589) ~[na:na]
Caused by: org.json.JSONException: No value for objectType
	at org.json.JSONObject.get(JSONObject.java:355) ~[android-json-0.0.20131108.vaadin1.jar:0.0.20131108.vaadin1]
	at edu.neu.info5.DemoApplication.service.IndexingListener.convertMapToDocumentIndex(IndexingListener.java:152) ~[classes/:na]
	at edu.neu.info5.DemoApplication.service.IndexingListener.postDocument(IndexingListener.java:73) ~[classes/:na]
	at edu.neu.info5.DemoApplication.service.IndexingListener.receiveMessage(IndexingListener.java:51) ~[classes/:na]
	at java.base/jdk.internal.reflect.DirectMethodHandleAccessor.invoke(DirectMethodHandleAccessor.java:104) ~[na:na]
	at java.base/java.lang.reflect.Method.invoke(Method.java:578) ~[na:na]
	at org.springframework.util.MethodInvoker.invoke(MethodInvoker.java:283) ~[spring-core-6.0.9.jar:6.0.9]
	at org.springframework.amqp.rabbit.listener.adapter.MessageListenerAdapter.invokeListenerMethod(MessageListenerAdapter.java:366) ~[spring-rabbit-3.0.4.jar:3.0.4]
	... 16 common frames omitted

Message received: {body={"mapType":"class java.util.HashMap","empty":false}, operation=SAVE}
2023-08-04T21:43:33.366-04:00  WARN 4865 --- [    container-1] org.elasticsearch.client.RestClient      : request [HEAD http://localhost:9200/plan-index?ignore_throttled=false&ignore_unavailable=false&expand_wildcards=open%2Cclosed&allow_no_indices=false] returned 2 warnings: [299 Elasticsearch-7.17.12-e3b0c3d3c5c130e1dc6d567d6baef1c73eeb2059 "Elasticsearch built-in security features are not enabled. Without authentication, your cluster could be accessible to anyone. See https://www.elastic.co/guide/en/elasticsearch/reference/7.17/security-minimal-setup.html to enable security."],[299 Elasticsearch-7.17.12-e3b0c3d3c5c130e1dc6d567d6baef1c73eeb2059 "[ignore_throttled] parameter is deprecated because frozen indices have been deprecated. Consider cold or frozen tiers in place of frozen indices."]
2023-08-04T21:43:33.367-04:00  WARN 4865 --- [    container-1] s.a.r.l.ConditionalRejectingErrorHandler : Execution of Rabbit message listener failed.

org.springframework.amqp.rabbit.support.ListenerExecutionFailedException: Listener method 'receiveMessage' threw exception
	at org.springframework.amqp.rabbit.listener.adapter.MessageListenerAdapter.invokeListenerMethod(MessageListenerAdapter.java:374) ~[spring-rabbit-3.0.4.jar:3.0.4]
	at org.springframework.amqp.rabbit.listener.adapter.MessageListenerAdapter.onMessage(MessageListenerAdapter.java:293) ~[spring-rabbit-3.0.4.jar:3.0.4]
	at org.springframework.amqp.rabbit.listener.AbstractMessageListenerContainer.doInvokeListener(AbstractMessageListenerContainer.java:1719) ~[spring-rabbit-3.0.4.jar:3.0.4]
	at org.springframework.amqp.rabbit.listener.AbstractMessageListenerContainer.actualInvokeListener(AbstractMessageListenerContainer.java:1638) ~[spring-rabbit-3.0.4.jar:3.0.4]
	at org.springframework.amqp.rabbit.listener.AbstractMessageListenerContainer.invokeListener(AbstractMessageListenerContainer.java:1626) ~[spring-rabbit-3.0.4.jar:3.0.4]
	at org.springframework.amqp.rabbit.listener.AbstractMessageListenerContainer.doExecuteListener(AbstractMessageListenerContainer.java:1617) ~[spring-rabbit-3.0.4.jar:3.0.4]
	at org.springframework.amqp.rabbit.listener.AbstractMessageListenerContainer.executeListenerAndHandleException(AbstractMessageListenerContainer.java:1562) ~[spring-rabbit-3.0.4.jar:3.0.4]
	at org.springframework.amqp.rabbit.listener.AbstractMessageListenerContainer.lambda$executeListener$8(AbstractMessageListenerContainer.java:1541) ~[spring-rabbit-3.0.4.jar:3.0.4]
	at io.micrometer.observation.Observation.lambda$observe$0(Observation.java:493) ~[micrometer-observation-1.11.0.jar:1.11.0]
	at io.micrometer.observation.Observation.observeWithContext(Observation.java:603) ~[micrometer-observation-1.11.0.jar:1.11.0]
	at io.micrometer.observation.Observation.observe(Observation.java:492) ~[micrometer-observation-1.11.0.jar:1.11.0]
	at org.springframework.amqp.rabbit.listener.AbstractMessageListenerContainer.executeListener(AbstractMessageListenerContainer.java:1541) ~[spring-rabbit-3.0.4.jar:3.0.4]
	at org.springframework.amqp.rabbit.listener.SimpleMessageListenerContainer.doReceiveAndExecute(SimpleMessageListenerContainer.java:1001) ~[spring-rabbit-3.0.4.jar:3.0.4]
	at org.springframework.amqp.rabbit.listener.SimpleMessageListenerContainer.receiveAndExecute(SimpleMessageListenerContainer.java:948) ~[spring-rabbit-3.0.4.jar:3.0.4]
	at org.springframework.amqp.rabbit.listener.SimpleMessageListenerContainer$AsyncMessageProcessingConsumer.mainLoop(SimpleMessageListenerContainer.java:1326) ~[spring-rabbit-3.0.4.jar:3.0.4]
	at org.springframework.amqp.rabbit.listener.SimpleMessageListenerContainer$AsyncMessageProcessingConsumer.run(SimpleMessageListenerContainer.java:1232) ~[spring-rabbit-3.0.4.jar:3.0.4]
	at java.base/java.lang.Thread.run(Thread.java:1589) ~[na:na]
Caused by: org.json.JSONException: No value for objectType
	at org.json.JSONObject.get(JSONObject.java:355) ~[android-json-0.0.20131108.vaadin1.jar:0.0.20131108.vaadin1]
	at edu.neu.info5.DemoApplication.service.IndexingListener.convertMapToDocumentIndex(IndexingListener.java:152) ~[classes/:na]
	at edu.neu.info5.DemoApplication.service.IndexingListener.postDocument(IndexingListener.java:73) ~[classes/:na]
	at edu.neu.info5.DemoApplication.service.IndexingListener.receiveMessage(IndexingListener.java:51) ~[classes/:na]
	at java.base/jdk.internal.reflect.DirectMethodHandleAccessor.invoke(DirectMethodHandleAccessor.java:104) ~[na:na]
	at java.base/java.lang.reflect.Method.invoke(Method.java:578) ~[na:na]
	at org.springframework.util.MethodInvoker.invoke(MethodInvoker.java:283) ~[spring-core-6.0.9.jar:6.0.9]
	at org.springframework.amqp.rabbit.listener.adapter.MessageListenerAdapter.invokeListenerMethod(MessageListenerAdapter.java:366) ~[spring-rabbit-3.0.4.jar:3.0.4]
	... 16 common frames omitted

Message received: {body={"mapType":"class java.util.HashMap","empty":false}, operation=SAVE}
2023-08-04T21:43:33.369-04:00  WARN 4865 --- [    container-1] org.elasticsearch.client.RestClient      : request [HEAD http://localhost:9200/plan-index?ignore_throttled=false&ignore_unavailable=false&expand_wildcards=open%2Cclosed&allow_no_indices=false] returned 2 warnings: [299 Elasticsearch-7.17.12-e3b0c3d3c5c130e1dc6d567d6baef1c73eeb2059 "Elasticsearch built-in security features are not enabled. Without authentication, your cluster could be accessible to anyone. See https://www.elastic.co/guide/en/elasticsearch/reference/7.17/security-minimal-setup.html to enable security."],[299 Elasticsearch-7.17.12-e3b0c3d3c5c130e1dc6d567d6baef1c73eeb2059 "[ignore_throttled] parameter is deprecated because frozen indices have been deprecated. Consider cold or frozen tiers in place of frozen indices."]
2023-08-04T21:43:33.369-04:00  WARN 4865 --- [    container-1] s.a.r.l.ConditionalRejectingErrorHandler : Execution of Rabbit message listener failed.

org.springframework.amqp.rabbit.support.ListenerExecutionFailedException: Listener method 'receiveMessage' threw exception
	at org.springframework.amqp.rabbit.listener.adapter.MessageListenerAdapter.invokeListenerMethod(MessageListenerAdapter.java:374) ~[spring-rabbit-3.0.4.jar:3.0.4]
	at org.springframework.amqp.rabbit.listener.adapter.MessageListenerAdapter.onMessage(MessageListenerAdapter.java:293) ~[spring-rabbit-3.0.4.jar:3.0.4]
	at org.springframework.amqp.rabbit.listener.AbstractMessageListenerContainer.doInvokeListener(AbstractMessageListenerContainer.java:1719) ~[spring-rabbit-3.0.4.jar:3.0.4]
	at org.springframework.amqp.rabbit.listener.AbstractMessageListenerContainer.actualInvokeListener(AbstractMessageListenerContainer.java:1638) ~[spring-rabbit-3.0.4.jar:3.0.4]
	at org.springframework.amqp.rabbit.listener.AbstractMessageListenerContainer.invokeListener(AbstractMessageListenerContainer.java:1626) ~[spring-rabbit-3.0.4.jar:3.0.4]
	at org.springframework.amqp.rabbit.listener.AbstractMessageListenerContainer.doExecuteListener(AbstractMessageListenerContainer.java:1617) ~[spring-rabbit-3.0.4.jar:3.0.4]
	at org.springframework.amqp.rabbit.listener.AbstractMessageListenerContainer.executeListenerAndHandleException(AbstractMessageListenerContainer.java:1562) ~[spring-rabbit-3.0.4.jar:3.0.4]
	at org.springframework.amqp.rabbit.listener.AbstractMessageListenerContainer.lambda$executeListener$8(AbstractMessageListenerContainer.java:1541) ~[spring-rabbit-3.0.4.jar:3.0.4]
	at io.micrometer.observation.Observation.lambda$observe$0(Observation.java:493) ~[micrometer-observation-1.11.0.jar:1.11.0]
	at io.micrometer.observation.Observation.observeWithContext(Observation.java:603) ~[micrometer-observation-1.11.0.jar:1.11.0]
	at io.micrometer.observation.Observation.observe(Observation.java:492) ~[micrometer-observation-1.11.0.jar:1.11.0]
	at org.springframework.amqp.rabbit.listener.AbstractMessageListenerContainer.executeListener(AbstractMessageListenerContainer.java:1541) ~[spring-rabbit-3.0.4.jar:3.0.4]
	at org.springframework.amqp.rabbit.listener.SimpleMessageListenerContainer.doReceiveAndExecute(SimpleMessageListenerContainer.java:1001) ~[spring-rabbit-3.0.4.jar:3.0.4]
	at org.springframework.amqp.rabbit.listener.SimpleMessageListenerContainer.receiveAndExecute(SimpleMessageListenerContainer.java:948) ~[spring-rabbit-3.0.4.jar:3.0.4]
	at org.springframework.amqp.rabbit.listener.SimpleMessageListenerContainer$AsyncMessageProcessingConsumer.mainLoop(SimpleMessageListenerContainer.java:1326) ~[spring-rabbit-3.0.4.jar:3.0.4]
	at org.springframework.amqp.rabbit.listener.SimpleMessageListenerContainer$AsyncMessageProcessingConsumer.run(SimpleMessageListenerContainer.java:1232) ~[spring-rabbit-3.0.4.jar:3.0.4]
	at java.base/java.lang.Thread.run(Thread.java:1589) ~[na:na]
Caused by: org.json.JSONException: No value for objectType
	at org.json.JSONObject.get(JSONObject.java:355) ~[android-json-0.0.20131108.vaadin1.jar:0.0.20131108.vaadin1]
	at edu.neu.info5.DemoApplication.service.IndexingListener.convertMapToDocumentIndex(IndexingListener.java:152) ~[classes/:na]
	at edu.neu.info5.DemoApplication.service.IndexingListener.postDocument(IndexingListener.java:73) ~[classes/:na]
	at edu.neu.info5.DemoApplication.service.IndexingListener.receiveMessage(IndexingListener.java:51) ~[classes/:na]
	at java.base/jdk.internal.reflect.DirectMethodHandleAccessor.invoke(DirectMethodHandleAccessor.java:104) ~[na:na]
	at java.base/java.lang.reflect.Method.invoke(Method.java:578) ~[na:na]
	at org.springframework.util.MethodInvoker.invoke(MethodInvoker.java:283) ~[spring-core-6.0.9.jar:6.0.9]
	at org.springframework.amqp.rabbit.listener.adapter.MessageListenerAdapter.invokeListenerMethod(MessageListenerAdapter.java:366) ~[spring-rabbit-3.0.4.jar:3.0.4]
	... 16 common frames omitted

Message received: {body={"mapType":"class java.util.HashMap","empty":false}, operation=SAVE}
2023-08-04T21:43:33.374-04:00  WARN 4865 --- [    container-1] org.elasticsearch.client.RestClient      : request [HEAD http://localhost:9200/plan-index?ignore_throttled=false&ignore_unavailable=false&expand_wildcards=open%2Cclosed&allow_no_indices=false] returned 2 warnings: [299 Elasticsearch-7.17.12-e3b0c3d3c5c130e1dc6d567d6baef1c73eeb2059 "Elasticsearch built-in security features are not enabled. Without authentication, your cluster could be accessible to anyone. See https://www.elastic.co/guide/en/elasticsearch/reference/7.17/security-minimal-setup.html to enable security."],[299 Elasticsearch-7.17.12-e3b0c3d3c5c130e1dc6d567d6baef1c73eeb2059 "[ignore_throttled] parameter is deprecated because frozen indices have been deprecated. Consider cold or frozen tiers in place of frozen indices."]
2023-08-04T21:43:33.374-04:00  WARN 4865 --- [    container-1] s.a.r.l.ConditionalRejectingErrorHandler : Execution of Rabbit message listener failed.

org.springframework.amqp.rabbit.support.ListenerExecutionFailedException: Listener method 'receiveMessage' threw exception
	at org.springframework.amqp.rabbit.listener.adapter.MessageListenerAdapter.invokeListenerMethod(MessageListenerAdapter.java:374) ~[spring-rabbit-3.0.4.jar:3.0.4]
	at org.springframework.amqp.rabbit.listener.adapter.MessageListenerAdapter.onMessage(MessageListenerAdapter.java:293) ~[spring-rabbit-3.0.4.jar:3.0.4]
	at org.springframework.amqp.rabbit.listener.AbstractMessageListenerContainer.doInvokeListener(AbstractMessageListenerContainer.java:1719) ~[spring-rabbit-3.0.4.jar:3.0.4]
	at org.springframework.amqp.rabbit.listener.AbstractMessageListenerContainer.actualInvokeListener(AbstractMessageListenerContainer.java:1638) ~[spring-rabbit-3.0.4.jar:3.0.4]
	at org.springframework.amqp.rabbit.listener.AbstractMessageListenerContainer.invokeListener(AbstractMessageListenerContainer.java:1626) ~[spring-rabbit-3.0.4.jar:3.0.4]
	at org.springframework.amqp.rabbit.listener.AbstractMessageListenerContainer.doExecuteListener(AbstractMessageListenerContainer.java:1617) ~[spring-rabbit-3.0.4.jar:3.0.4]
	at org.springframework.amqp.rabbit.listener.AbstractMessageListenerContainer.executeListenerAndHandleException(AbstractMessageListenerContainer.java:1562) ~[spring-rabbit-3.0.4.jar:3.0.4]
	at org.springframework.amqp.rabbit.listener.AbstractMessageListenerContainer.lambda$executeListener$8(AbstractMessageListenerContainer.java:1541) ~[spring-rabbit-3.0.4.jar:3.0.4]
	at io.micrometer.observation.Observation.lambda$observe$0(Observation.java:493) ~[micrometer-observation-1.11.0.jar:1.11.0]
	at io.micrometer.observation.Observation.observeWithContext(Observation.java:603) ~[micrometer-observation-1.11.0.jar:1.11.0]
	at io.micrometer.observation.Observation.observe(Observation.java:492) ~[micrometer-observation-1.11.0.jar:1.11.0]
	at org.springframework.amqp.rabbit.listener.AbstractMessageListenerContainer.executeListener(AbstractMessageListenerContainer.java:1541) ~[spring-rabbit-3.0.4.jar:3.0.4]
	at org.springframework.amqp.rabbit.listener.SimpleMessageListenerContainer.doReceiveAndExecute(SimpleMessageListenerContainer.java:1001) ~[spring-rabbit-3.0.4.jar:3.0.4]
	at org.springframework.amqp.rabbit.listener.SimpleMessageListenerContainer.receiveAndExecute(SimpleMessageListenerContainer.java:948) ~[spring-rabbit-3.0.4.jar:3.0.4]
	at org.springframework.amqp.rabbit.listener.SimpleMessageListenerContainer$AsyncMessageProcessingConsumer.mainLoop(SimpleMessageListenerContainer.java:1326) ~[spring-rabbit-3.0.4.jar:3.0.4]
	at org.springframework.amqp.rabbit.listener.SimpleMessageListenerContainer$AsyncMessageProcessingConsumer.run(SimpleMessageListenerContainer.java:1232) ~[spring-rabbit-3.0.4.jar:3.0.4]
	at java.base/java.lang.Thread.run(Thread.java:1589) ~[na:na]
Caused by: org.json.JSONException: No value for objectType
	at org.json.JSONObject.get(JSONObject.java:355) ~[android-json-0.0.20131108.vaadin1.jar:0.0.20131108.vaadin1]
	at edu.neu.info5.DemoApplication.service.IndexingListener.convertMapToDocumentIndex(IndexingListener.java:152) ~[classes/:na]
	at edu.neu.info5.DemoApplication.service.IndexingListener.postDocument(IndexingListener.java:73) ~[classes/:na]
	at edu.neu.info5.DemoApplication.service.IndexingListener.receiveMessage(IndexingListener.java:51) ~[classes/:na]
	at java.base/jdk.internal.reflect.DirectMethodHandleAccessor.invoke(DirectMethodHandleAccessor.java:104) ~[na:na]
	at java.base/java.lang.reflect.Method.invoke(Method.java:578) ~[na:na]
	at org.springframework.util.MethodInvoker.invoke(MethodInvoker.java:283) ~[spring-core-6.0.9.jar:6.0.9]
	at org.springframework.amqp.rabbit.listener.adapter.MessageListenerAdapter.invokeListenerMethod(MessageListenerAdapter.java:366) ~[spring-rabbit-3.0.4.jar:3.0.4]
	... 16 common frames omitted

Message received: {body={"mapType":"class java.util.HashMap","empty":false}, operation=SAVE}
2023-08-04T21:43:33.376-04:00  WARN 4865 --- [    container-1] org.elasticsearch.client.RestClient      : request [HEAD http://localhost:9200/plan-index?ignore_throttled=false&ignore_unavailable=false&expand_wildcards=open%2Cclosed&allow_no_indices=false] returned 2 warnings: [299 Elasticsearch-7.17.12-e3b0c3d3c5c130e1dc6d567d6baef1c73eeb2059 "Elasticsearch built-in security features are not enabled. Without authentication, your cluster could be accessible to anyone. See https://www.elastic.co/guide/en/elasticsearch/reference/7.17/security-minimal-setup.html to enable security."],[299 Elasticsearch-7.17.12-e3b0c3d3c5c130e1dc6d567d6baef1c73eeb2059 "[ignore_throttled] parameter is deprecated because frozen indices have been deprecated. Consider cold or frozen tiers in place of frozen indices."]
2023-08-04T21:43:33.376-04:00  WARN 4865 --- [    container-1] s.a.r.l.ConditionalRejectingErrorHandler : Execution of Rabbit message listener failed.

org.springframework.amqp.rabbit.support.ListenerExecutionFailedException: Listener method 'receiveMessage' threw exception
	at org.springframework.amqp.rabbit.listener.adapter.MessageListenerAdapter.invokeListenerMethod(MessageListenerAdapter.java:374) ~[spring-rabbit-3.0.4.jar:3.0.4]
	at org.springframework.amqp.rabbit.listener.adapter.MessageListenerAdapter.onMessage(MessageListenerAdapter.java:293) ~[spring-rabbit-3.0.4.jar:3.0.4]
	at org.springframework.amqp.rabbit.listener.AbstractMessageListenerContainer.doInvokeListener(AbstractMessageListenerContainer.java:1719) ~[spring-rabbit-3.0.4.jar:3.0.4]
	at org.springframework.amqp.rabbit.listener.AbstractMessageListenerContainer.actualInvokeListener(AbstractMessageListenerContainer.java:1638) ~[spring-rabbit-3.0.4.jar:3.0.4]
	at org.springframework.amqp.rabbit.listener.AbstractMessageListenerContainer.invokeListener(AbstractMessageListenerContainer.java:1626) ~[spring-rabbit-3.0.4.jar:3.0.4]
	at org.springframework.amqp.rabbit.listener.AbstractMessageListenerContainer.doExecuteListener(AbstractMessageListenerContainer.java:1617) ~[spring-rabbit-3.0.4.jar:3.0.4]
	at org.springframework.amqp.rabbit.listener.AbstractMessageListenerContainer.executeListenerAndHandleException(AbstractMessageListenerContainer.java:1562) ~[spring-rabbit-3.0.4.jar:3.0.4]
	at org.springframework.amqp.rabbit.listener.AbstractMessageListenerContainer.lambda$executeListener$8(AbstractMessageListenerContainer.java:1541) ~[spring-rabbit-3.0.4.jar:3.0.4]
	at io.micrometer.observation.Observation.lambda$observe$0(Observation.java:493) ~[micrometer-observation-1.11.0.jar:1.11.0]
	at io.micrometer.observation.Observation.observeWithContext(Observation.java:603) ~[micrometer-observation-1.11.0.jar:1.11.0]
	at io.micrometer.observation.Observation.observe(Observation.java:492) ~[micrometer-observation-1.11.0.jar:1.11.0]
	at org.springframework.amqp.rabbit.listener.AbstractMessageListenerContainer.executeListener(AbstractMessageListenerContainer.java:1541) ~[spring-rabbit-3.0.4.jar:3.0.4]
	at org.springframework.amqp.rabbit.listener.SimpleMessageListenerContainer.doReceiveAndExecute(SimpleMessageListenerContainer.java:1001) ~[spring-rabbit-3.0.4.jar:3.0.4]
	at org.springframework.amqp.rabbit.listener.SimpleMessageListenerContainer.receiveAndExecute(SimpleMessageListenerContainer.java:948) ~[spring-rabbit-3.0.4.jar:3.0.4]
	at org.springframework.amqp.rabbit.listener.SimpleMessageListenerContainer$AsyncMessageProcessingConsumer.mainLoop(SimpleMessageListenerContainer.java:1326) ~[spring-rabbit-3.0.4.jar:3.0.4]
	at org.springframework.amqp.rabbit.listener.SimpleMessageListenerContainer$AsyncMessageProcessingConsumer.run(SimpleMessageListenerContainer.java:1232) ~[spring-rabbit-3.0.4.jar:3.0.4]
	at java.base/java.lang.Thread.run(Thread.java:1589) ~[na:na]
Caused by: org.json.JSONException: No value for objectType
	at org.json.JSONObject.get(JSONObject.java:355) ~[android-json-0.0.20131108.vaadin1.jar:0.0.20131108.vaadin1]
	at edu.neu.info5.DemoApplication.service.IndexingListener.convertMapToDocumentIndex(IndexingListener.java:152) ~[classes/:na]
	at edu.neu.info5.DemoApplication.service.IndexingListener.postDocument(IndexingListener.java:73) ~[classes/:na]
	at edu.neu.info5.DemoApplication.service.IndexingListener.receiveMessage(IndexingListener.java:51) ~[classes/:na]
	at java.base/jdk.internal.reflect.DirectMethodHandleAccessor.invoke(DirectMethodHandleAccessor.java:104) ~[na:na]
	at java.base/java.lang.reflect.Method.invoke(Method.java:578) ~[na:na]
	at org.springframework.util.MethodInvoker.invoke(MethodInvoker.java:283) ~[spring-core-6.0.9.jar:6.0.9]
	at org.springframework.amqp.rabbit.listener.adapter.MessageListenerAdapter.invokeListenerMethod(MessageListenerAdapter.java:366) ~[spring-rabbit-3.0.4.jar:3.0.4]
	... 16 common frames omitted

Message received: {body={"mapType":"class java.util.HashMap","empty":false}, operation=SAVE}
2023-08-04T21:43:33.379-04:00  WARN 4865 --- [    container-1] org.elasticsearch.client.RestClient      : request [HEAD http://localhost:9200/plan-index?ignore_throttled=false&ignore_unavailable=false&expand_wildcards=open%2Cclosed&allow_no_indices=false] returned 2 warnings: [299 Elasticsearch-7.17.12-e3b0c3d3c5c130e1dc6d567d6baef1c73eeb2059 "Elasticsearch built-in security features are not enabled. Without authentication, your cluster could be accessible to anyone. See https://www.elastic.co/guide/en/elasticsearch/reference/7.17/security-minimal-setup.html to enable security."],[299 Elasticsearch-7.17.12-e3b0c3d3c5c130e1dc6d567d6baef1c73eeb2059 "[ignore_throttled] parameter is deprecated because frozen indices have been deprecated. Consider cold or frozen tiers in place of frozen indices."]
2023-08-04T21:43:33.380-04:00  WARN 4865 --- [    container-1] s.a.r.l.ConditionalRejectingErrorHandler : Execution of Rabbit message listener failed.

org.springframework.amqp.rabbit.support.ListenerExecutionFailedException: Listener method 'receiveMessage' threw exception
	at org.springframework.amqp.rabbit.listener.adapter.MessageListenerAdapter.invokeListenerMethod(MessageListenerAdapter.java:374) ~[spring-rabbit-3.0.4.jar:3.0.4]
	at org.springframework.amqp.rabbit.listener.adapter.MessageListenerAdapter.onMessage(MessageListenerAdapter.java:293) ~[spring-rabbit-3.0.4.jar:3.0.4]
	at org.springframework.amqp.rabbit.listener.AbstractMessageListenerContainer.doInvokeListener(AbstractMessageListenerContainer.java:1719) ~[spring-rabbit-3.0.4.jar:3.0.4]
	at org.springframework.amqp.rabbit.listener.AbstractMessageListenerContainer.actualInvokeListener(AbstractMessageListenerContainer.java:1638) ~[spring-rabbit-3.0.4.jar:3.0.4]
	at org.springframework.amqp.rabbit.listener.AbstractMessageListenerContainer.invokeListener(AbstractMessageListenerContainer.java:1626) ~[spring-rabbit-3.0.4.jar:3.0.4]
	at org.springframework.amqp.rabbit.listener.AbstractMessageListenerContainer.doExecuteListener(AbstractMessageListenerContainer.java:1617) ~[spring-rabbit-3.0.4.jar:3.0.4]
	at org.springframework.amqp.rabbit.listener.AbstractMessageListenerContainer.executeListenerAndHandleException(AbstractMessageListenerContainer.java:1562) ~[spring-rabbit-3.0.4.jar:3.0.4]
	at org.springframework.amqp.rabbit.listener.AbstractMessageListenerContainer.lambda$executeListener$8(AbstractMessageListenerContainer.java:1541) ~[spring-rabbit-3.0.4.jar:3.0.4]
	at io.micrometer.observation.Observation.lambda$observe$0(Observation.java:493) ~[micrometer-observation-1.11.0.jar:1.11.0]
	at io.micrometer.observation.Observation.observeWithContext(Observation.java:603) ~[micrometer-observation-1.11.0.jar:1.11.0]
	at io.micrometer.observation.Observation.observe(Observation.java:492) ~[micrometer-observation-1.11.0.jar:1.11.0]
	at org.springframework.amqp.rabbit.listener.AbstractMessageListenerContainer.executeListener(AbstractMessageListenerContainer.java:1541) ~[spring-rabbit-3.0.4.jar:3.0.4]
	at org.springframework.amqp.rabbit.listener.SimpleMessageListenerContainer.doReceiveAndExecute(SimpleMessageListenerContainer.java:1001) ~[spring-rabbit-3.0.4.jar:3.0.4]
	at org.springframework.amqp.rabbit.listener.SimpleMessageListenerContainer.receiveAndExecute(SimpleMessageListenerContainer.java:948) ~[spring-rabbit-3.0.4.jar:3.0.4]
	at org.springframework.amqp.rabbit.listener.SimpleMessageListenerContainer$AsyncMessageProcessingConsumer.mainLoop(SimpleMessageListenerContainer.java:1326) ~[spring-rabbit-3.0.4.jar:3.0.4]
	at org.springframework.amqp.rabbit.listener.SimpleMessageListenerContainer$AsyncMessageProcessingConsumer.run(SimpleMessageListenerContainer.java:1232) ~[spring-rabbit-3.0.4.jar:3.0.4]
	at java.base/java.lang.Thread.run(Thread.java:1589) ~[na:na]
Caused by: org.json.JSONException: No value for objectType
	at org.json.JSONObject.get(JSONObject.java:355) ~[android-json-0.0.20131108.vaadin1.jar:0.0.20131108.vaadin1]
	at edu.neu.info5.DemoApplication.service.IndexingListener.convertMapToDocumentIndex(IndexingListener.java:152) ~[classes/:na]
	at edu.neu.info5.DemoApplication.service.IndexingListener.postDocument(IndexingListener.java:73) ~[classes/:na]
	at edu.neu.info5.DemoApplication.service.IndexingListener.receiveMessage(IndexingListener.java:51) ~[classes/:na]
	at java.base/jdk.internal.reflect.DirectMethodHandleAccessor.invoke(DirectMethodHandleAccessor.java:104) ~[na:na]
	at java.base/java.lang.reflect.Method.invoke(Method.java:578) ~[na:na]
	at org.springframework.util.MethodInvoker.invoke(MethodInvoker.java:283) ~[spring-core-6.0.9.jar:6.0.9]
	at org.springframework.amqp.rabbit.listener.adapter.MessageListenerAdapter.invokeListenerMethod(MessageListenerAdapter.java:366) ~[spring-rabbit-3.0.4.jar:3.0.4]
	... 16 common frames omitted

Message received: {body={"mapType":"class java.util.HashMap","empty":false}, operation=SAVE}
2023-08-04T21:43:33.383-04:00  WARN 4865 --- [    container-1] org.elasticsearch.client.RestClient      : request [HEAD http://localhost:9200/plan-index?ignore_throttled=false&ignore_unavailable=false&expand_wildcards=open%2Cclosed&allow_no_indices=false] returned 2 warnings: [299 Elasticsearch-7.17.12-e3b0c3d3c5c130e1dc6d567d6baef1c73eeb2059 "Elasticsearch built-in security features are not enabled. Without authentication, your cluster could be accessible to anyone. See https://www.elastic.co/guide/en/elasticsearch/reference/7.17/security-minimal-setup.html to enable security."],[299 Elasticsearch-7.17.12-e3b0c3d3c5c130e1dc6d567d6baef1c73eeb2059 "[ignore_throttled] parameter is deprecated because frozen indices have been deprecated. Consider cold or frozen tiers in place of frozen indices."]
2023-08-04T21:43:33.383-04:00  WARN 4865 --- [    container-1] s.a.r.l.ConditionalRejectingErrorHandler : Execution of Rabbit message listener failed.

org.springframework.amqp.rabbit.support.ListenerExecutionFailedException: Listener method 'receiveMessage' threw exception
	at org.springframework.amqp.rabbit.listener.adapter.MessageListenerAdapter.invokeListenerMethod(MessageListenerAdapter.java:374) ~[spring-rabbit-3.0.4.jar:3.0.4]
	at org.springframework.amqp.rabbit.listener.adapter.MessageListenerAdapter.onMessage(MessageListenerAdapter.java:293) ~[spring-rabbit-3.0.4.jar:3.0.4]
	at org.springframework.amqp.rabbit.listener.AbstractMessageListenerContainer.doInvokeListener(AbstractMessageListenerContainer.java:1719) ~[spring-rabbit-3.0.4.jar:3.0.4]
	at org.springframework.amqp.rabbit.listener.AbstractMessageListenerContainer.actualInvokeListener(AbstractMessageListenerContainer.java:1638) ~[spring-rabbit-3.0.4.jar:3.0.4]
	at org.springframework.amqp.rabbit.listener.AbstractMessageListenerContainer.invokeListener(AbstractMessageListenerContainer.java:1626) ~[spring-rabbit-3.0.4.jar:3.0.4]
	at org.springframework.amqp.rabbit.listener.AbstractMessageListenerContainer.doExecuteListener(AbstractMessageListenerContainer.java:1617) ~[spring-rabbit-3.0.4.jar:3.0.4]
	at org.springframework.amqp.rabbit.listener.AbstractMessageListenerContainer.executeListenerAndHandleException(AbstractMessageListenerContainer.java:1562) ~[spring-rabbit-3.0.4.jar:3.0.4]
	at org.springframework.amqp.rabbit.listener.AbstractMessageListenerContainer.lambda$executeListener$8(AbstractMessageListenerContainer.java:1541) ~[spring-rabbit-3.0.4.jar:3.0.4]
	at io.micrometer.observation.Observation.lambda$observe$0(Observation.java:493) ~[micrometer-observation-1.11.0.jar:1.11.0]
	at io.micrometer.observation.Observation.observeWithContext(Observation.java:603) ~[micrometer-observation-1.11.0.jar:1.11.0]
	at io.micrometer.observation.Observation.observe(Observation.java:492) ~[micrometer-observation-1.11.0.jar:1.11.0]
	at org.springframework.amqp.rabbit.listener.AbstractMessageListenerContainer.executeListener(AbstractMessageListenerContainer.java:1541) ~[spring-rabbit-3.0.4.jar:3.0.4]
	at org.springframework.amqp.rabbit.listener.SimpleMessageListenerContainer.doReceiveAndExecute(SimpleMessageListenerContainer.java:1001) ~[spring-rabbit-3.0.4.jar:3.0.4]
	at org.springframework.amqp.rabbit.listener.SimpleMessageListenerContainer.receiveAndExecute(SimpleMessageListenerContainer.java:948) ~[spring-rabbit-3.0.4.jar:3.0.4]
	at org.springframework.amqp.rabbit.listener.SimpleMessageListenerContainer$AsyncMessageProcessingConsumer.mainLoop(SimpleMessageListenerContainer.java:1326) ~[spring-rabbit-3.0.4.jar:3.0.4]
	at org.springframework.amqp.rabbit.listener.SimpleMessageListenerContainer$AsyncMessageProcessingConsumer.run(SimpleMessageListenerContainer.java:1232) ~[spring-rabbit-3.0.4.jar:3.0.4]
	at java.base/java.lang.Thread.run(Thread.java:1589) ~[na:na]
Caused by: org.json.JSONException: No value for objectType
	at org.json.JSONObject.get(JSONObject.java:355) ~[android-json-0.0.20131108.vaadin1.jar:0.0.20131108.vaadin1]
	at edu.neu.info5.DemoApplication.service.IndexingListener.convertMapToDocumentIndex(IndexingListener.java:152) ~[classes/:na]
	at edu.neu.info5.DemoApplication.service.IndexingListener.postDocument(IndexingListener.java:73) ~[classes/:na]
	at edu.neu.info5.DemoApplication.service.IndexingListener.receiveMessage(IndexingListener.java:51) ~[classes/:na]
	at java.base/jdk.internal.reflect.DirectMethodHandleAccessor.invoke(DirectMethodHandleAccessor.java:104) ~[na:na]
	at java.base/java.lang.reflect.Method.invoke(Method.java:578) ~[na:na]
	at org.springframework.util.MethodInvoker.invoke(MethodInvoker.java:283) ~[spring-core-6.0.9.jar:6.0.9]
	at org.springframework.amqp.rabbit.listener.adapter.MessageListenerAdapter.invokeListenerMethod(MessageListenerAdapter.java:366) ~[spring-rabbit-3.0.4.jar:3.0.4]
	... 16 common frames omitted

Message received: {body={"mapType":"class java.util.HashMap","empty":false}, operation=SAVE}
2023-08-04T21:43:33.387-04:00  WARN 4865 --- [    container-1] org.elasticsearch.client.RestClient      : request [HEAD http://localhost:9200/plan-index?ignore_throttled=false&ignore_unavailable=false&expand_wildcards=open%2Cclosed&allow_no_indices=false] returned 2 warnings: [299 Elasticsearch-7.17.12-e3b0c3d3c5c130e1dc6d567d6baef1c73eeb2059 "Elasticsearch built-in security features are not enabled. Without authentication, your cluster could be accessible to anyone. See https://www.elastic.co/guide/en/elasticsearch/reference/7.17/security-minimal-setup.html to enable security."],[299 Elasticsearch-7.17.12-e3b0c3d3c5c130e1dc6d567d6baef1c73eeb2059 "[ignore_throttled] parameter is deprecated because frozen indices have been deprecated. Consider cold or frozen tiers in place of frozen indices."]
2023-08-04T21:43:33.388-04:00  WARN 4865 --- [    container-1] s.a.r.l.ConditionalRejectingErrorHandler : Execution of Rabbit message listener failed.

org.springframework.amqp.rabbit.support.ListenerExecutionFailedException: Listener method 'receiveMessage' threw exception
	at org.springframework.amqp.rabbit.listener.adapter.MessageListenerAdapter.invokeListenerMethod(MessageListenerAdapter.java:374) ~[spring-rabbit-3.0.4.jar:3.0.4]
	at org.springframework.amqp.rabbit.listener.adapter.MessageListenerAdapter.onMessage(MessageListenerAdapter.java:293) ~[spring-rabbit-3.0.4.jar:3.0.4]
	at org.springframework.amqp.rabbit.listener.AbstractMessageListenerContainer.doInvokeListener(AbstractMessageListenerContainer.java:1719) ~[spring-rabbit-3.0.4.jar:3.0.4]
	at org.springframework.amqp.rabbit.listener.AbstractMessageListenerContainer.actualInvokeListener(AbstractMessageListenerContainer.java:1638) ~[spring-rabbit-3.0.4.jar:3.0.4]
	at org.springframework.amqp.rabbit.listener.AbstractMessageListenerContainer.invokeListener(AbstractMessageListenerContainer.java:1626) ~[spring-rabbit-3.0.4.jar:3.0.4]
	at org.springframework.amqp.rabbit.listener.AbstractMessageListenerContainer.doExecuteListener(AbstractMessageListenerContainer.java:1617) ~[spring-rabbit-3.0.4.jar:3.0.4]
	at org.springframework.amqp.rabbit.listener.AbstractMessageListenerContainer.executeListenerAndHandleException(AbstractMessageListenerContainer.java:1562) ~[spring-rabbit-3.0.4.jar:3.0.4]
	at org.springframework.amqp.rabbit.listener.AbstractMessageListenerContainer.lambda$executeListener$8(AbstractMessageListenerContainer.java:1541) ~[spring-rabbit-3.0.4.jar:3.0.4]
	at io.micrometer.observation.Observation.lambda$observe$0(Observation.java:493) ~[micrometer-observation-1.11.0.jar:1.11.0]
	at io.micrometer.observation.Observation.observeWithContext(Observation.java:603) ~[micrometer-observation-1.11.0.jar:1.11.0]
	at io.micrometer.observation.Observation.observe(Observation.java:492) ~[micrometer-observation-1.11.0.jar:1.11.0]
	at org.springframework.amqp.rabbit.listener.AbstractMessageListenerContainer.executeListener(AbstractMessageListenerContainer.java:1541) ~[spring-rabbit-3.0.4.jar:3.0.4]
	at org.springframework.amqp.rabbit.listener.SimpleMessageListenerContainer.doReceiveAndExecute(SimpleMessageListenerContainer.java:1001) ~[spring-rabbit-3.0.4.jar:3.0.4]
	at org.springframework.amqp.rabbit.listener.SimpleMessageListenerContainer.receiveAndExecute(SimpleMessageListenerContainer.java:948) ~[spring-rabbit-3.0.4.jar:3.0.4]
	at org.springframework.amqp.rabbit.listener.SimpleMessageListenerContainer$AsyncMessageProcessingConsumer.mainLoop(SimpleMessageListenerContainer.java:1326) ~[spring-rabbit-3.0.4.jar:3.0.4]
	at org.springframework.amqp.rabbit.listener.SimpleMessageListenerContainer$AsyncMessageProcessingConsumer.run(SimpleMessageListenerContainer.java:1232) ~[spring-rabbit-3.0.4.jar:3.0.4]
	at java.base/java.lang.Thread.run(Thread.java:1589) ~[na:na]
Caused by: org.json.JSONException: No value for objectType
	at org.json.JSONObject.get(JSONObject.java:355) ~[android-json-0.0.20131108.vaadin1.jar:0.0.20131108.vaadin1]
	at edu.neu.info5.DemoApplication.service.IndexingListener.convertMapToDocumentIndex(IndexingListener.java:152) ~[classes/:na]
	at edu.neu.info5.DemoApplication.service.IndexingListener.postDocument(IndexingListener.java:73) ~[classes/:na]
	at edu.neu.info5.DemoApplication.service.IndexingListener.receiveMessage(IndexingListener.java:51) ~[classes/:na]
	at java.base/jdk.internal.reflect.DirectMethodHandleAccessor.invoke(DirectMethodHandleAccessor.java:104) ~[na:na]
	at java.base/java.lang.reflect.Method.invoke(Method.java:578) ~[na:na]
	at org.springframework.util.MethodInvoker.invoke(MethodInvoker.java:283) ~[spring-core-6.0.9.jar:6.0.9]
	at org.springframework.amqp.rabbit.listener.adapter.MessageListenerAdapter.invokeListenerMethod(MessageListenerAdapter.java:366) ~[spring-rabbit-3.0.4.jar:3.0.4]
	... 16 common frames omitted

Message received: {body={"mapType":"class java.util.HashMap","empty":false}, operation=SAVE}
2023-08-04T21:43:33.391-04:00  WARN 4865 --- [    container-1] org.elasticsearch.client.RestClient      : request [HEAD http://localhost:9200/plan-index?ignore_throttled=false&ignore_unavailable=false&expand_wildcards=open%2Cclosed&allow_no_indices=false] returned 2 warnings: [299 Elasticsearch-7.17.12-e3b0c3d3c5c130e1dc6d567d6baef1c73eeb2059 "Elasticsearch built-in security features are not enabled. Without authentication, your cluster could be accessible to anyone. See https://www.elastic.co/guide/en/elasticsearch/reference/7.17/security-minimal-setup.html to enable security."],[299 Elasticsearch-7.17.12-e3b0c3d3c5c130e1dc6d567d6baef1c73eeb2059 "[ignore_throttled] parameter is deprecated because frozen indices have been deprecated. Consider cold or frozen tiers in place of frozen indices."]
2023-08-04T21:43:33.392-04:00  WARN 4865 --- [    container-1] s.a.r.l.ConditionalRejectingErrorHandler : Execution of Rabbit message listener failed.

org.springframework.amqp.rabbit.support.ListenerExecutionFailedException: Listener method 'receiveMessage' threw exception
	at org.springframework.amqp.rabbit.listener.adapter.MessageListenerAdapter.invokeListenerMethod(MessageListenerAdapter.java:374) ~[spring-rabbit-3.0.4.jar:3.0.4]
	at org.springframework.amqp.rabbit.listener.adapter.MessageListenerAdapter.onMessage(MessageListenerAdapter.java:293) ~[spring-rabbit-3.0.4.jar:3.0.4]
	at org.springframework.amqp.rabbit.listener.AbstractMessageListenerContainer.doInvokeListener(AbstractMessageListenerContainer.java:1719) ~[spring-rabbit-3.0.4.jar:3.0.4]
	at org.springframework.amqp.rabbit.listener.AbstractMessageListenerContainer.actualInvokeListener(AbstractMessageListenerContainer.java:1638) ~[spring-rabbit-3.0.4.jar:3.0.4]
	at org.springframework.amqp.rabbit.listener.AbstractMessageListenerContainer.invokeListener(AbstractMessageListenerContainer.java:1626) ~[spring-rabbit-3.0.4.jar:3.0.4]
	at org.springframework.amqp.rabbit.listener.AbstractMessageListenerContainer.doExecuteListener(AbstractMessageListenerContainer.java:1617) ~[spring-rabbit-3.0.4.jar:3.0.4]
	at org.springframework.amqp.rabbit.listener.AbstractMessageListenerContainer.executeListenerAndHandleException(AbstractMessageListenerContainer.java:1562) ~[spring-rabbit-3.0.4.jar:3.0.4]
	at org.springframework.amqp.rabbit.listener.AbstractMessageListenerContainer.lambda$executeListener$8(AbstractMessageListenerContainer.java:1541) ~[spring-rabbit-3.0.4.jar:3.0.4]
	at io.micrometer.observation.Observation.lambda$observe$0(Observation.java:493) ~[micrometer-observation-1.11.0.jar:1.11.0]
	at io.micrometer.observation.Observation.observeWithContext(Observation.java:603) ~[micrometer-observation-1.11.0.jar:1.11.0]
	at io.micrometer.observation.Observation.observe(Observation.java:492) ~[micrometer-observation-1.11.0.jar:1.11.0]
	at org.springframework.amqp.rabbit.listener.AbstractMessageListenerContainer.executeListener(AbstractMessageListenerContainer.java:1541) ~[spring-rabbit-3.0.4.jar:3.0.4]
	at org.springframework.amqp.rabbit.listener.SimpleMessageListenerContainer.doReceiveAndExecute(SimpleMessageListenerContainer.java:1001) ~[spring-rabbit-3.0.4.jar:3.0.4]
	at org.springframework.amqp.rabbit.listener.SimpleMessageListenerContainer.receiveAndExecute(SimpleMessageListenerContainer.java:948) ~[spring-rabbit-3.0.4.jar:3.0.4]
	at org.springframework.amqp.rabbit.listener.SimpleMessageListenerContainer$AsyncMessageProcessingConsumer.mainLoop(SimpleMessageListenerContainer.java:1326) ~[spring-rabbit-3.0.4.jar:3.0.4]
	at org.springframework.amqp.rabbit.listener.SimpleMessageListenerContainer$AsyncMessageProcessingConsumer.run(SimpleMessageListenerContainer.java:1232) ~[spring-rabbit-3.0.4.jar:3.0.4]
	at java.base/java.lang.Thread.run(Thread.java:1589) ~[na:na]
Caused by: org.json.JSONException: No value for objectType
	at org.json.JSONObject.get(JSONObject.java:355) ~[android-json-0.0.20131108.vaadin1.jar:0.0.20131108.vaadin1]
	at edu.neu.info5.DemoApplication.service.IndexingListener.convertMapToDocumentIndex(IndexingListener.java:152) ~[classes/:na]
	at edu.neu.info5.DemoApplication.service.IndexingListener.postDocument(IndexingListener.java:73) ~[classes/:na]
	at edu.neu.info5.DemoApplication.service.IndexingListener.receiveMessage(IndexingListener.java:51) ~[classes/:na]
	at java.base/jdk.internal.reflect.DirectMethodHandleAccessor.invoke(DirectMethodHandleAccessor.java:104) ~[na:na]
	at java.base/java.lang.reflect.Method.invoke(Method.java:578) ~[na:na]
	at org.springframework.util.MethodInvoker.invoke(MethodInvoker.java:283) ~[spring-core-6.0.9.jar:6.0.9]
	at org.springframework.amqp.rabbit.listener.adapter.MessageListenerAdapter.invokeListenerMethod(MessageListenerAdapter.java:366) ~[spring-rabbit-3.0.4.jar:3.0.4]
	... 16 common frames omitted

Message received: {body={"mapType":"class java.util.HashMap","empty":false}, operation=SAVE}
2023-08-04T21:43:33.395-04:00  WARN 4865 --- [    container-1] org.elasticsearch.client.RestClient      : request [HEAD http://localhost:9200/plan-index?ignore_throttled=false&ignore_unavailable=false&expand_wildcards=open%2Cclosed&allow_no_indices=false] returned 2 warnings: [299 Elasticsearch-7.17.12-e3b0c3d3c5c130e1dc6d567d6baef1c73eeb2059 "Elasticsearch built-in security features are not enabled. Without authentication, your cluster could be accessible to anyone. See https://www.elastic.co/guide/en/elasticsearch/reference/7.17/security-minimal-setup.html to enable security."],[299 Elasticsearch-7.17.12-e3b0c3d3c5c130e1dc6d567d6baef1c73eeb2059 "[ignore_throttled] parameter is deprecated because frozen indices have been deprecated. Consider cold or frozen tiers in place of frozen indices."]
2023-08-04T21:43:33.395-04:00  WARN 4865 --- [    container-1] s.a.r.l.ConditionalRejectingErrorHandler : Execution of Rabbit message listener failed.

org.springframework.amqp.rabbit.support.ListenerExecutionFailedException: Listener method 'receiveMessage' threw exception
	at org.springframework.amqp.rabbit.listener.adapter.MessageListenerAdapter.invokeListenerMethod(MessageListenerAdapter.java:374) ~[spring-rabbit-3.0.4.jar:3.0.4]
	at org.springframework.amqp.rabbit.listener.adapter.MessageListenerAdapter.onMessage(MessageListenerAdapter.java:293) ~[spring-rabbit-3.0.4.jar:3.0.4]
	at org.springframework.amqp.rabbit.listener.AbstractMessageListenerContainer.doInvokeListener(AbstractMessageListenerContainer.java:1719) ~[spring-rabbit-3.0.4.jar:3.0.4]
	at org.springframework.amqp.rabbit.listener.AbstractMessageListenerContainer.actualInvokeListener(AbstractMessageListenerContainer.java:1638) ~[spring-rabbit-3.0.4.jar:3.0.4]
	at org.springframework.amqp.rabbit.listener.AbstractMessageListenerContainer.invokeListener(AbstractMessageListenerContainer.java:1626) ~[spring-rabbit-3.0.4.jar:3.0.4]
	at org.springframework.amqp.rabbit.listener.AbstractMessageListenerContainer.doExecuteListener(AbstractMessageListenerContainer.java:1617) ~[spring-rabbit-3.0.4.jar:3.0.4]
	at org.springframework.amqp.rabbit.listener.AbstractMessageListenerContainer.executeListenerAndHandleException(AbstractMessageListenerContainer.java:1562) ~[spring-rabbit-3.0.4.jar:3.0.4]
	at org.springframework.amqp.rabbit.listener.AbstractMessageListenerContainer.lambda$executeListener$8(AbstractMessageListenerContainer.java:1541) ~[spring-rabbit-3.0.4.jar:3.0.4]
	at io.micrometer.observation.Observation.lambda$observe$0(Observation.java:493) ~[micrometer-observation-1.11.0.jar:1.11.0]
	at io.micrometer.observation.Observation.observeWithContext(Observation.java:603) ~[micrometer-observation-1.11.0.jar:1.11.0]
	at io.micrometer.observation.Observation.observe(Observation.java:492) ~[micrometer-observation-1.11.0.jar:1.11.0]
	at org.springframework.amqp.rabbit.listener.AbstractMessageListenerContainer.executeListener(AbstractMessageListenerContainer.java:1541) ~[spring-rabbit-3.0.4.jar:3.0.4]
	at org.springframework.amqp.rabbit.listener.SimpleMessageListenerContainer.doReceiveAndExecute(SimpleMessageListenerContainer.java:1001) ~[spring-rabbit-3.0.4.jar:3.0.4]
	at org.springframework.amqp.rabbit.listener.SimpleMessageListenerContainer.receiveAndExecute(SimpleMessageListenerContainer.java:948) ~[spring-rabbit-3.0.4.jar:3.0.4]
	at org.springframework.amqp.rabbit.listener.SimpleMessageListenerContainer$AsyncMessageProcessingConsumer.mainLoop(SimpleMessageListenerContainer.java:1326) ~[spring-rabbit-3.0.4.jar:3.0.4]
	at org.springframework.amqp.rabbit.listener.SimpleMessageListenerContainer$AsyncMessageProcessingConsumer.run(SimpleMessageListenerContainer.java:1232) ~[spring-rabbit-3.0.4.jar:3.0.4]
	at java.base/java.lang.Thread.run(Thread.java:1589) ~[na:na]
Caused by: org.json.JSONException: No value for objectType
	at org.json.JSONObject.get(JSONObject.java:355) ~[android-json-0.0.20131108.vaadin1.jar:0.0.20131108.vaadin1]
	at edu.neu.info5.DemoApplication.service.IndexingListener.convertMapToDocumentIndex(IndexingListener.java:152) ~[classes/:na]
	at edu.neu.info5.DemoApplication.service.IndexingListener.postDocument(IndexingListener.java:73) ~[classes/:na]
	at edu.neu.info5.DemoApplication.service.IndexingListener.receiveMessage(IndexingListener.java:51) ~[classes/:na]
	at java.base/jdk.internal.reflect.DirectMethodHandleAccessor.invoke(DirectMethodHandleAccessor.java:104) ~[na:na]
	at java.base/java.lang.reflect.Method.invoke(Method.java:578) ~[na:na]
	at org.springframework.util.MethodInvoker.invoke(MethodInvoker.java:283) ~[spring-core-6.0.9.jar:6.0.9]
	at org.springframework.amqp.rabbit.listener.adapter.MessageListenerAdapter.invokeListenerMethod(MessageListenerAdapter.java:366) ~[spring-rabbit-3.0.4.jar:3.0.4]
	... 16 common frames omitted

Message received: {body={"mapType":"class java.util.HashMap","empty":false}, operation=SAVE}
2023-08-04T21:43:33.400-04:00  WARN 4865 --- [    container-1] org.elasticsearch.client.RestClient      : request [HEAD http://localhost:9200/plan-index?ignore_throttled=false&ignore_unavailable=false&expand_wildcards=open%2Cclosed&allow_no_indices=false] returned 2 warnings: [299 Elasticsearch-7.17.12-e3b0c3d3c5c130e1dc6d567d6baef1c73eeb2059 "Elasticsearch built-in security features are not enabled. Without authentication, your cluster could be accessible to anyone. See https://www.elastic.co/guide/en/elasticsearch/reference/7.17/security-minimal-setup.html to enable security."],[299 Elasticsearch-7.17.12-e3b0c3d3c5c130e1dc6d567d6baef1c73eeb2059 "[ignore_throttled] parameter is deprecated because frozen indices have been deprecated. Consider cold or frozen tiers in place of frozen indices."]
2023-08-04T21:43:33.400-04:00  WARN 4865 --- [    container-1] s.a.r.l.ConditionalRejectingErrorHandler : Execution of Rabbit message listener failed.

org.springframework.amqp.rabbit.support.ListenerExecutionFailedException: Listener method 'receiveMessage' threw exception
	at org.springframework.amqp.rabbit.listener.adapter.MessageListenerAdapter.invokeListenerMethod(MessageListenerAdapter.java:374) ~[spring-rabbit-3.0.4.jar:3.0.4]
	at org.springframework.amqp.rabbit.listener.adapter.MessageListenerAdapter.onMessage(MessageListenerAdapter.java:293) ~[spring-rabbit-3.0.4.jar:3.0.4]
	at org.springframework.amqp.rabbit.listener.AbstractMessageListenerContainer.doInvokeListener(AbstractMessageListenerContainer.java:1719) ~[spring-rabbit-3.0.4.jar:3.0.4]
	at org.springframework.amqp.rabbit.listener.AbstractMessageListenerContainer.actualInvokeListener(AbstractMessageListenerContainer.java:1638) ~[spring-rabbit-3.0.4.jar:3.0.4]
	at org.springframework.amqp.rabbit.listener.AbstractMessageListenerContainer.invokeListener(AbstractMessageListenerContainer.java:1626) ~[spring-rabbit-3.0.4.jar:3.0.4]
	at org.springframework.amqp.rabbit.listener.AbstractMessageListenerContainer.doExecuteListener(AbstractMessageListenerContainer.java:1617) ~[spring-rabbit-3.0.4.jar:3.0.4]
	at org.springframework.amqp.rabbit.listener.AbstractMessageListenerContainer.executeListenerAndHandleException(AbstractMessageListenerContainer.java:1562) ~[spring-rabbit-3.0.4.jar:3.0.4]
	at org.springframework.amqp.rabbit.listener.AbstractMessageListenerContainer.lambda$executeListener$8(AbstractMessageListenerContainer.java:1541) ~[spring-rabbit-3.0.4.jar:3.0.4]
	at io.micrometer.observation.Observation.lambda$observe$0(Observation.java:493) ~[micrometer-observation-1.11.0.jar:1.11.0]
	at io.micrometer.observation.Observation.observeWithContext(Observation.java:603) ~[micrometer-observation-1.11.0.jar:1.11.0]
	at io.micrometer.observation.Observation.observe(Observation.java:492) ~[micrometer-observation-1.11.0.jar:1.11.0]
	at org.springframework.amqp.rabbit.listener.AbstractMessageListenerContainer.executeListener(AbstractMessageListenerContainer.java:1541) ~[spring-rabbit-3.0.4.jar:3.0.4]
	at org.springframework.amqp.rabbit.listener.SimpleMessageListenerContainer.doReceiveAndExecute(SimpleMessageListenerContainer.java:1001) ~[spring-rabbit-3.0.4.jar:3.0.4]
	at org.springframework.amqp.rabbit.listener.SimpleMessageListenerContainer.receiveAndExecute(SimpleMessageListenerContainer.java:948) ~[spring-rabbit-3.0.4.jar:3.0.4]
	at org.springframework.amqp.rabbit.listener.SimpleMessageListenerContainer$AsyncMessageProcessingConsumer.mainLoop(SimpleMessageListenerContainer.java:1326) ~[spring-rabbit-3.0.4.jar:3.0.4]
	at org.springframework.amqp.rabbit.listener.SimpleMessageListenerContainer$AsyncMessageProcessingConsumer.run(SimpleMessageListenerContainer.java:1232) ~[spring-rabbit-3.0.4.jar:3.0.4]
	at java.base/java.lang.Thread.run(Thread.java:1589) ~[na:na]
Caused by: org.json.JSONException: No value for objectType
	at org.json.JSONObject.get(JSONObject.java:355) ~[android-json-0.0.20131108.vaadin1.jar:0.0.20131108.vaadin1]
	at edu.neu.info5.DemoApplication.service.IndexingListener.convertMapToDocumentIndex(IndexingListener.java:152) ~[classes/:na]
	at edu.neu.info5.DemoApplication.service.IndexingListener.postDocument(IndexingListener.java:73) ~[classes/:na]
	at edu.neu.info5.DemoApplication.service.IndexingListener.receiveMessage(IndexingListener.java:51) ~[classes/:na]
	at java.base/jdk.internal.reflect.DirectMethodHandleAccessor.invoke(DirectMethodHandleAccessor.java:104) ~[na:na]
	at java.base/java.lang.reflect.Method.invoke(Method.java:578) ~[na:na]
	at org.springframework.util.MethodInvoker.invoke(MethodInvoker.java:283) ~[spring-core-6.0.9.jar:6.0.9]
	at org.springframework.amqp.rabbit.listener.adapter.MessageListenerAdapter.invokeListenerMethod(MessageListenerAdapter.java:366) ~[spring-rabbit-3.0.4.jar:3.0.4]
	... 16 common frames omitted

Message received: {body={"mapType":"class java.util.HashMap","empty":false}, operation=SAVE}
2023-08-04T21:43:33.405-04:00  WARN 4865 --- [    container-1] org.elasticsearch.client.RestClient      : request [HEAD http://localhost:9200/plan-index?ignore_throttled=false&ignore_unavailable=false&expand_wildcards=open%2Cclosed&allow_no_indices=false] returned 2 warnings: [299 Elasticsearch-7.17.12-e3b0c3d3c5c130e1dc6d567d6baef1c73eeb2059 "Elasticsearch built-in security features are not enabled. Without authentication, your cluster could be accessible to anyone. See https://www.elastic.co/guide/en/elasticsearch/reference/7.17/security-minimal-setup.html to enable security."],[299 Elasticsearch-7.17.12-e3b0c3d3c5c130e1dc6d567d6baef1c73eeb2059 "[ignore_throttled] parameter is deprecated because frozen indices have been deprecated. Consider cold or frozen tiers in place of frozen indices."]
2023-08-04T21:43:33.405-04:00  WARN 4865 --- [    container-1] s.a.r.l.ConditionalRejectingErrorHandler : Execution of Rabbit message listener failed.

org.springframework.amqp.rabbit.support.ListenerExecutionFailedException: Listener method 'receiveMessage' threw exception
	at org.springframework.amqp.rabbit.listener.adapter.MessageListenerAdapter.invokeListenerMethod(MessageListenerAdapter.java:374) ~[spring-rabbit-3.0.4.jar:3.0.4]
	at org.springframework.amqp.rabbit.listener.adapter.MessageListenerAdapter.onMessage(MessageListenerAdapter.java:293) ~[spring-rabbit-3.0.4.jar:3.0.4]
	at org.springframework.amqp.rabbit.listener.AbstractMessageListenerContainer.doInvokeListener(AbstractMessageListenerContainer.java:1719) ~[spring-rabbit-3.0.4.jar:3.0.4]
	at org.springframework.amqp.rabbit.listener.AbstractMessageListenerContainer.actualInvokeListener(AbstractMessageListenerContainer.java:1638) ~[spring-rabbit-3.0.4.jar:3.0.4]
	at org.springframework.amqp.rabbit.listener.AbstractMessageListenerContainer.invokeListener(AbstractMessageListenerContainer.java:1626) ~[spring-rabbit-3.0.4.jar:3.0.4]
	at org.springframework.amqp.rabbit.listener.AbstractMessageListenerContainer.doExecuteListener(AbstractMessageListenerContainer.java:1617) ~[spring-rabbit-3.0.4.jar:3.0.4]
	at org.springframework.amqp.rabbit.listener.AbstractMessageListenerContainer.executeListenerAndHandleException(AbstractMessageListenerContainer.java:1562) ~[spring-rabbit-3.0.4.jar:3.0.4]
	at org.springframework.amqp.rabbit.listener.AbstractMessageListenerContainer.lambda$executeListener$8(AbstractMessageListenerContainer.java:1541) ~[spring-rabbit-3.0.4.jar:3.0.4]
	at io.micrometer.observation.Observation.lambda$observe$0(Observation.java:493) ~[micrometer-observation-1.11.0.jar:1.11.0]
	at io.micrometer.observation.Observation.observeWithContext(Observation.java:603) ~[micrometer-observation-1.11.0.jar:1.11.0]
	at io.micrometer.observation.Observation.observe(Observation.java:492) ~[micrometer-observation-1.11.0.jar:1.11.0]
	at org.springframework.amqp.rabbit.listener.AbstractMessageListenerContainer.executeListener(AbstractMessageListenerContainer.java:1541) ~[spring-rabbit-3.0.4.jar:3.0.4]
	at org.springframework.amqp.rabbit.listener.SimpleMessageListenerContainer.doReceiveAndExecute(SimpleMessageListenerContainer.java:1001) ~[spring-rabbit-3.0.4.jar:3.0.4]
	at org.springframework.amqp.rabbit.listener.SimpleMessageListenerContainer.receiveAndExecute(SimpleMessageListenerContainer.java:948) ~[spring-rabbit-3.0.4.jar:3.0.4]
	at org.springframework.amqp.rabbit.listener.SimpleMessageListenerContainer$AsyncMessageProcessingConsumer.mainLoop(SimpleMessageListenerContainer.java:1326) ~[spring-rabbit-3.0.4.jar:3.0.4]
	at org.springframework.amqp.rabbit.listener.SimpleMessageListenerContainer$AsyncMessageProcessingConsumer.run(SimpleMessageListenerContainer.java:1232) ~[spring-rabbit-3.0.4.jar:3.0.4]
	at java.base/java.lang.Thread.run(Thread.java:1589) ~[na:na]
Caused by: org.json.JSONException: No value for objectType
	at org.json.JSONObject.get(JSONObject.java:355) ~[android-json-0.0.20131108.vaadin1.jar:0.0.20131108.vaadin1]
	at edu.neu.info5.DemoApplication.service.IndexingListener.convertMapToDocumentIndex(IndexingListener.java:152) ~[classes/:na]
	at edu.neu.info5.DemoApplication.service.IndexingListener.postDocument(IndexingListener.java:73) ~[classes/:na]
	at edu.neu.info5.DemoApplication.service.IndexingListener.receiveMessage(IndexingListener.java:51) ~[classes/:na]
	at java.base/jdk.internal.reflect.DirectMethodHandleAccessor.invoke(DirectMethodHandleAccessor.java:104) ~[na:na]
	at java.base/java.lang.reflect.Method.invoke(Method.java:578) ~[na:na]
	at org.springframework.util.MethodInvoker.invoke(MethodInvoker.java:283) ~[spring-core-6.0.9.jar:6.0.9]
	at org.springframework.amqp.rabbit.listener.adapter.MessageListenerAdapter.invokeListenerMethod(MessageListenerAdapter.java:366) ~[spring-rabbit-3.0.4.jar:3.0.4]
	... 16 common frames omitted

Message received: {body={"mapType":"class java.util.HashMap","empty":false}, operation=SAVE}
2023-08-04T21:43:33.410-04:00  WARN 4865 --- [    container-1] org.elasticsearch.client.RestClient      : request [HEAD http://localhost:9200/plan-index?ignore_throttled=false&ignore_unavailable=false&expand_wildcards=open%2Cclosed&allow_no_indices=false] returned 2 warnings: [299 Elasticsearch-7.17.12-e3b0c3d3c5c130e1dc6d567d6baef1c73eeb2059 "Elasticsearch built-in security features are not enabled. Without authentication, your cluster could be accessible to anyone. See https://www.elastic.co/guide/en/elasticsearch/reference/7.17/security-minimal-setup.html to enable security."],[299 Elasticsearch-7.17.12-e3b0c3d3c5c130e1dc6d567d6baef1c73eeb2059 "[ignore_throttled] parameter is deprecated because frozen indices have been deprecated. Consider cold or frozen tiers in place of frozen indices."]
2023-08-04T21:43:33.410-04:00  WARN 4865 --- [    container-1] s.a.r.l.ConditionalRejectingErrorHandler : Execution of Rabbit message listener failed.

org.springframework.amqp.rabbit.support.ListenerExecutionFailedException: Listener method 'receiveMessage' threw exception
	at org.springframework.amqp.rabbit.listener.adapter.MessageListenerAdapter.invokeListenerMethod(MessageListenerAdapter.java:374) ~[spring-rabbit-3.0.4.jar:3.0.4]
	at org.springframework.amqp.rabbit.listener.adapter.MessageListenerAdapter.onMessage(MessageListenerAdapter.java:293) ~[spring-rabbit-3.0.4.jar:3.0.4]
	at org.springframework.amqp.rabbit.listener.AbstractMessageListenerContainer.doInvokeListener(AbstractMessageListenerContainer.java:1719) ~[spring-rabbit-3.0.4.jar:3.0.4]
	at org.springframework.amqp.rabbit.listener.AbstractMessageListenerContainer.actualInvokeListener(AbstractMessageListenerContainer.java:1638) ~[spring-rabbit-3.0.4.jar:3.0.4]
	at org.springframework.amqp.rabbit.listener.AbstractMessageListenerContainer.invokeListener(AbstractMessageListenerContainer.java:1626) ~[spring-rabbit-3.0.4.jar:3.0.4]
	at org.springframework.amqp.rabbit.listener.AbstractMessageListenerContainer.doExecuteListener(AbstractMessageListenerContainer.java:1617) ~[spring-rabbit-3.0.4.jar:3.0.4]
	at org.springframework.amqp.rabbit.listener.AbstractMessageListenerContainer.executeListenerAndHandleException(AbstractMessageListenerContainer.java:1562) ~[spring-rabbit-3.0.4.jar:3.0.4]
	at org.springframework.amqp.rabbit.listener.AbstractMessageListenerContainer.lambda$executeListener$8(AbstractMessageListenerContainer.java:1541) ~[spring-rabbit-3.0.4.jar:3.0.4]
	at io.micrometer.observation.Observation.lambda$observe$0(Observation.java:493) ~[micrometer-observation-1.11.0.jar:1.11.0]
	at io.micrometer.observation.Observation.observeWithContext(Observation.java:603) ~[micrometer-observation-1.11.0.jar:1.11.0]
	at io.micrometer.observation.Observation.observe(Observation.java:492) ~[micrometer-observation-1.11.0.jar:1.11.0]
	at org.springframework.amqp.rabbit.listener.AbstractMessageListenerContainer.executeListener(AbstractMessageListenerContainer.java:1541) ~[spring-rabbit-3.0.4.jar:3.0.4]
	at org.springframework.amqp.rabbit.listener.SimpleMessageListenerContainer.doReceiveAndExecute(SimpleMessageListenerContainer.java:1001) ~[spring-rabbit-3.0.4.jar:3.0.4]
	at org.springframework.amqp.rabbit.listener.SimpleMessageListenerContainer.receiveAndExecute(SimpleMessageListenerContainer.java:948) ~[spring-rabbit-3.0.4.jar:3.0.4]
	at org.springframework.amqp.rabbit.listener.SimpleMessageListenerContainer$AsyncMessageProcessingConsumer.mainLoop(SimpleMessageListenerContainer.java:1326) ~[spring-rabbit-3.0.4.jar:3.0.4]
	at org.springframework.amqp.rabbit.listener.SimpleMessageListenerContainer$AsyncMessageProcessingConsumer.run(SimpleMessageListenerContainer.java:1232) ~[spring-rabbit-3.0.4.jar:3.0.4]
	at java.base/java.lang.Thread.run(Thread.java:1589) ~[na:na]
Caused by: org.json.JSONException: No value for objectType
	at org.json.JSONObject.get(JSONObject.java:355) ~[android-json-0.0.20131108.vaadin1.jar:0.0.20131108.vaadin1]
	at edu.neu.info5.DemoApplication.service.IndexingListener.convertMapToDocumentIndex(IndexingListener.java:152) ~[classes/:na]
	at edu.neu.info5.DemoApplication.service.IndexingListener.postDocument(IndexingListener.java:73) ~[classes/:na]
	at edu.neu.info5.DemoApplication.service.IndexingListener.receiveMessage(IndexingListener.java:51) ~[classes/:na]
	at java.base/jdk.internal.reflect.DirectMethodHandleAccessor.invoke(DirectMethodHandleAccessor.java:104) ~[na:na]
	at java.base/java.lang.reflect.Method.invoke(Method.java:578) ~[na:na]
	at org.springframework.util.MethodInvoker.invoke(MethodInvoker.java:283) ~[spring-core-6.0.9.jar:6.0.9]
	at org.springframework.amqp.rabbit.listener.adapter.MessageListenerAdapter.invokeListenerMethod(MessageListenerAdapter.java:366) ~[spring-rabbit-3.0.4.jar:3.0.4]
	... 16 common frames omitted

Message received: {body={"mapType":"class java.util.HashMap","empty":false}, operation=SAVE}
2023-08-04T21:43:33.417-04:00  WARN 4865 --- [    container-1] org.elasticsearch.client.RestClient      : request [HEAD http://localhost:9200/plan-index?ignore_throttled=false&ignore_unavailable=false&expand_wildcards=open%2Cclosed&allow_no_indices=false] returned 2 warnings: [299 Elasticsearch-7.17.12-e3b0c3d3c5c130e1dc6d567d6baef1c73eeb2059 "Elasticsearch built-in security features are not enabled. Without authentication, your cluster could be accessible to anyone. See https://www.elastic.co/guide/en/elasticsearch/reference/7.17/security-minimal-setup.html to enable security."],[299 Elasticsearch-7.17.12-e3b0c3d3c5c130e1dc6d567d6baef1c73eeb2059 "[ignore_throttled] parameter is deprecated because frozen indices have been deprecated. Consider cold or frozen tiers in place of frozen indices."]
2023-08-04T21:43:33.417-04:00  WARN 4865 --- [    container-1] s.a.r.l.ConditionalRejectingErrorHandler : Execution of Rabbit message listener failed.

org.springframework.amqp.rabbit.support.ListenerExecutionFailedException: Listener method 'receiveMessage' threw exception
	at org.springframework.amqp.rabbit.listener.adapter.MessageListenerAdapter.invokeListenerMethod(MessageListenerAdapter.java:374) ~[spring-rabbit-3.0.4.jar:3.0.4]
	at org.springframework.amqp.rabbit.listener.adapter.MessageListenerAdapter.onMessage(MessageListenerAdapter.java:293) ~[spring-rabbit-3.0.4.jar:3.0.4]
	at org.springframework.amqp.rabbit.listener.AbstractMessageListenerContainer.doInvokeListener(AbstractMessageListenerContainer.java:1719) ~[spring-rabbit-3.0.4.jar:3.0.4]
	at org.springframework.amqp.rabbit.listener.AbstractMessageListenerContainer.actualInvokeListener(AbstractMessageListenerContainer.java:1638) ~[spring-rabbit-3.0.4.jar:3.0.4]
	at org.springframework.amqp.rabbit.listener.AbstractMessageListenerContainer.invokeListener(AbstractMessageListenerContainer.java:1626) ~[spring-rabbit-3.0.4.jar:3.0.4]
	at org.springframework.amqp.rabbit.listener.AbstractMessageListenerContainer.doExecuteListener(AbstractMessageListenerContainer.java:1617) ~[spring-rabbit-3.0.4.jar:3.0.4]
	at org.springframework.amqp.rabbit.listener.AbstractMessageListenerContainer.executeListenerAndHandleException(AbstractMessageListenerContainer.java:1562) ~[spring-rabbit-3.0.4.jar:3.0.4]
	at org.springframework.amqp.rabbit.listener.AbstractMessageListenerContainer.lambda$executeListener$8(AbstractMessageListenerContainer.java:1541) ~[spring-rabbit-3.0.4.jar:3.0.4]
	at io.micrometer.observation.Observation.lambda$observe$0(Observation.java:493) ~[micrometer-observation-1.11.0.jar:1.11.0]
	at io.micrometer.observation.Observation.observeWithContext(Observation.java:603) ~[micrometer-observation-1.11.0.jar:1.11.0]
	at io.micrometer.observation.Observation.observe(Observation.java:492) ~[micrometer-observation-1.11.0.jar:1.11.0]
	at org.springframework.amqp.rabbit.listener.AbstractMessageListenerContainer.executeListener(AbstractMessageListenerContainer.java:1541) ~[spring-rabbit-3.0.4.jar:3.0.4]
	at org.springframework.amqp.rabbit.listener.SimpleMessageListenerContainer.doReceiveAndExecute(SimpleMessageListenerContainer.java:1001) ~[spring-rabbit-3.0.4.jar:3.0.4]
	at org.springframework.amqp.rabbit.listener.SimpleMessageListenerContainer.receiveAndExecute(SimpleMessageListenerContainer.java:948) ~[spring-rabbit-3.0.4.jar:3.0.4]
	at org.springframework.amqp.rabbit.listener.SimpleMessageListenerContainer$AsyncMessageProcessingConsumer.mainLoop(SimpleMessageListenerContainer.java:1326) ~[spring-rabbit-3.0.4.jar:3.0.4]
	at org.springframework.amqp.rabbit.listener.SimpleMessageListenerContainer$AsyncMessageProcessingConsumer.run(SimpleMessageListenerContainer.java:1232) ~[spring-rabbit-3.0.4.jar:3.0.4]
	at java.base/java.lang.Thread.run(Thread.java:1589) ~[na:na]
Caused by: org.json.JSONException: No value for objectType
	at org.json.JSONObject.get(JSONObject.java:355) ~[android-json-0.0.20131108.vaadin1.jar:0.0.20131108.vaadin1]
	at edu.neu.info5.DemoApplication.service.IndexingListener.convertMapToDocumentIndex(IndexingListener.java:152) ~[classes/:na]
	at edu.neu.info5.DemoApplication.service.IndexingListener.postDocument(IndexingListener.java:73) ~[classes/:na]
	at edu.neu.info5.DemoApplication.service.IndexingListener.receiveMessage(IndexingListener.java:51) ~[classes/:na]
	at java.base/jdk.internal.reflect.DirectMethodHandleAccessor.invoke(DirectMethodHandleAccessor.java:104) ~[na:na]
	at java.base/java.lang.reflect.Method.invoke(Method.java:578) ~[na:na]
	at org.springframework.util.MethodInvoker.invoke(MethodInvoker.java:283) ~[spring-core-6.0.9.jar:6.0.9]
	at org.springframework.amqp.rabbit.listener.adapter.MessageListenerAdapter.invokeListenerMethod(MessageListenerAdapter.java:366) ~[spring-rabbit-3.0.4.jar:3.0.4]
	... 16 common frames omitted

Message received: {body={"mapType":"class java.util.HashMap","empty":false}, operation=SAVE}
2023-08-04T21:43:33.422-04:00  WARN 4865 --- [    container-1] org.elasticsearch.client.RestClient      : request [HEAD http://localhost:9200/plan-index?ignore_throttled=false&ignore_unavailable=false&expand_wildcards=open%2Cclosed&allow_no_indices=false] returned 2 warnings: [299 Elasticsearch-7.17.12-e3b0c3d3c5c130e1dc6d567d6baef1c73eeb2059 "Elasticsearch built-in security features are not enabled. Without authentication, your cluster could be accessible to anyone. See https://www.elastic.co/guide/en/elasticsearch/reference/7.17/security-minimal-setup.html to enable security."],[299 Elasticsearch-7.17.12-e3b0c3d3c5c130e1dc6d567d6baef1c73eeb2059 "[ignore_throttled] parameter is deprecated because frozen indices have been deprecated. Consider cold or frozen tiers in place of frozen indices."]
2023-08-04T21:43:33.422-04:00  WARN 4865 --- [    container-1] s.a.r.l.ConditionalRejectingErrorHandler : Execution of Rabbit message listener failed.

org.springframework.amqp.rabbit.support.ListenerExecutionFailedException: Listener method 'receiveMessage' threw exception
	at org.springframework.amqp.rabbit.listener.adapter.MessageListenerAdapter.invokeListenerMethod(MessageListenerAdapter.java:374) ~[spring-rabbit-3.0.4.jar:3.0.4]
	at org.springframework.amqp.rabbit.listener.adapter.MessageListenerAdapter.onMessage(MessageListenerAdapter.java:293) ~[spring-rabbit-3.0.4.jar:3.0.4]
	at org.springframework.amqp.rabbit.listener.AbstractMessageListenerContainer.doInvokeListener(AbstractMessageListenerContainer.java:1719) ~[spring-rabbit-3.0.4.jar:3.0.4]
	at org.springframework.amqp.rabbit.listener.AbstractMessageListenerContainer.actualInvokeListener(AbstractMessageListenerContainer.java:1638) ~[spring-rabbit-3.0.4.jar:3.0.4]
	at org.springframework.amqp.rabbit.listener.AbstractMessageListenerContainer.invokeListener(AbstractMessageListenerContainer.java:1626) ~[spring-rabbit-3.0.4.jar:3.0.4]
	at org.springframework.amqp.rabbit.listener.AbstractMessageListenerContainer.doExecuteListener(AbstractMessageListenerContainer.java:1617) ~[spring-rabbit-3.0.4.jar:3.0.4]
	at org.springframework.amqp.rabbit.listener.AbstractMessageListenerContainer.executeListenerAndHandleException(AbstractMessageListenerContainer.java:1562) ~[spring-rabbit-3.0.4.jar:3.0.4]
	at org.springframework.amqp.rabbit.listener.AbstractMessageListenerContainer.lambda$executeListener$8(AbstractMessageListenerContainer.java:1541) ~[spring-rabbit-3.0.4.jar:3.0.4]
	at io.micrometer.observation.Observation.lambda$observe$0(Observation.java:493) ~[micrometer-observation-1.11.0.jar:1.11.0]
	at io.micrometer.observation.Observation.observeWithContext(Observation.java:603) ~[micrometer-observation-1.11.0.jar:1.11.0]
	at io.micrometer.observation.Observation.observe(Observation.java:492) ~[micrometer-observation-1.11.0.jar:1.11.0]
	at org.springframework.amqp.rabbit.listener.AbstractMessageListenerContainer.executeListener(AbstractMessageListenerContainer.java:1541) ~[spring-rabbit-3.0.4.jar:3.0.4]
	at org.springframework.amqp.rabbit.listener.SimpleMessageListenerContainer.doReceiveAndExecute(SimpleMessageListenerContainer.java:1001) ~[spring-rabbit-3.0.4.jar:3.0.4]
	at org.springframework.amqp.rabbit.listener.SimpleMessageListenerContainer.receiveAndExecute(SimpleMessageListenerContainer.java:948) ~[spring-rabbit-3.0.4.jar:3.0.4]
	at org.springframework.amqp.rabbit.listener.SimpleMessageListenerContainer$AsyncMessageProcessingConsumer.mainLoop(SimpleMessageListenerContainer.java:1326) ~[spring-rabbit-3.0.4.jar:3.0.4]
	at org.springframework.amqp.rabbit.listener.SimpleMessageListenerContainer$AsyncMessageProcessingConsumer.run(SimpleMessageListenerContainer.java:1232) ~[spring-rabbit-3.0.4.jar:3.0.4]
	at java.base/java.lang.Thread.run(Thread.java:1589) ~[na:na]
Caused by: org.json.JSONException: No value for objectType
	at org.json.JSONObject.get(JSONObject.java:355) ~[android-json-0.0.20131108.vaadin1.jar:0.0.20131108.vaadin1]
	at edu.neu.info5.DemoApplication.service.IndexingListener.convertMapToDocumentIndex(IndexingListener.java:152) ~[classes/:na]
	at edu.neu.info5.DemoApplication.service.IndexingListener.postDocument(IndexingListener.java:73) ~[classes/:na]
	at edu.neu.info5.DemoApplication.service.IndexingListener.receiveMessage(IndexingListener.java:51) ~[classes/:na]
	at java.base/jdk.internal.reflect.DirectMethodHandleAccessor.invoke(DirectMethodHandleAccessor.java:104) ~[na:na]
	at java.base/java.lang.reflect.Method.invoke(Method.java:578) ~[na:na]
	at org.springframework.util.MethodInvoker.invoke(MethodInvoker.java:283) ~[spring-core-6.0.9.jar:6.0.9]
	at org.springframework.amqp.rabbit.listener.adapter.MessageListenerAdapter.invokeListenerMethod(MessageListenerAdapter.java:366) ~[spring-rabbit-3.0.4.jar:3.0.4]
	... 16 common frames omitted

Message received: {body={"mapType":"class java.util.HashMap","empty":false}, operation=SAVE}
2023-08-04T21:43:33.431-04:00  WARN 4865 --- [    container-1] org.elasticsearch.client.RestClient      : request [HEAD http://localhost:9200/plan-index?ignore_throttled=false&ignore_unavailable=false&expand_wildcards=open%2Cclosed&allow_no_indices=false] returned 2 warnings: [299 Elasticsearch-7.17.12-e3b0c3d3c5c130e1dc6d567d6baef1c73eeb2059 "Elasticsearch built-in security features are not enabled. Without authentication, your cluster could be accessible to anyone. See https://www.elastic.co/guide/en/elasticsearch/reference/7.17/security-minimal-setup.html to enable security."],[299 Elasticsearch-7.17.12-e3b0c3d3c5c130e1dc6d567d6baef1c73eeb2059 "[ignore_throttled] parameter is deprecated because frozen indices have been deprecated. Consider cold or frozen tiers in place of frozen indices."]
2023-08-04T21:43:33.431-04:00  WARN 4865 --- [    container-1] s.a.r.l.ConditionalRejectingErrorHandler : Execution of Rabbit message listener failed.

org.springframework.amqp.rabbit.support.ListenerExecutionFailedException: Listener method 'receiveMessage' threw exception
	at org.springframework.amqp.rabbit.listener.adapter.MessageListenerAdapter.invokeListenerMethod(MessageListenerAdapter.java:374) ~[spring-rabbit-3.0.4.jar:3.0.4]
	at org.springframework.amqp.rabbit.listener.adapter.MessageListenerAdapter.onMessage(MessageListenerAdapter.java:293) ~[spring-rabbit-3.0.4.jar:3.0.4]
	at org.springframework.amqp.rabbit.listener.AbstractMessageListenerContainer.doInvokeListener(AbstractMessageListenerContainer.java:1719) ~[spring-rabbit-3.0.4.jar:3.0.4]
	at org.springframework.amqp.rabbit.listener.AbstractMessageListenerContainer.actualInvokeListener(AbstractMessageListenerContainer.java:1638) ~[spring-rabbit-3.0.4.jar:3.0.4]
	at org.springframework.amqp.rabbit.listener.AbstractMessageListenerContainer.invokeListener(AbstractMessageListenerContainer.java:1626) ~[spring-rabbit-3.0.4.jar:3.0.4]
	at org.springframework.amqp.rabbit.listener.AbstractMessageListenerContainer.doExecuteListener(AbstractMessageListenerContainer.java:1617) ~[spring-rabbit-3.0.4.jar:3.0.4]
	at org.springframework.amqp.rabbit.listener.AbstractMessageListenerContainer.executeListenerAndHandleException(AbstractMessageListenerContainer.java:1562) ~[spring-rabbit-3.0.4.jar:3.0.4]
	at org.springframework.amqp.rabbit.listener.AbstractMessageListenerContainer.lambda$executeListener$8(AbstractMessageListenerContainer.java:1541) ~[spring-rabbit-3.0.4.jar:3.0.4]
	at io.micrometer.observation.Observation.lambda$observe$0(Observation.java:493) ~[micrometer-observation-1.11.0.jar:1.11.0]
	at io.micrometer.observation.Observation.observeWithContext(Observation.java:603) ~[micrometer-observation-1.11.0.jar:1.11.0]
	at io.micrometer.observation.Observation.observe(Observation.java:492) ~[micrometer-observation-1.11.0.jar:1.11.0]
	at org.springframework.amqp.rabbit.listener.AbstractMessageListenerContainer.executeListener(AbstractMessageListenerContainer.java:1541) ~[spring-rabbit-3.0.4.jar:3.0.4]
	at org.springframework.amqp.rabbit.listener.SimpleMessageListenerContainer.doReceiveAndExecute(SimpleMessageListenerContainer.java:1001) ~[spring-rabbit-3.0.4.jar:3.0.4]
	at org.springframework.amqp.rabbit.listener.SimpleMessageListenerContainer.receiveAndExecute(SimpleMessageListenerContainer.java:948) ~[spring-rabbit-3.0.4.jar:3.0.4]
	at org.springframework.amqp.rabbit.listener.SimpleMessageListenerContainer$AsyncMessageProcessingConsumer.mainLoop(SimpleMessageListenerContainer.java:1326) ~[spring-rabbit-3.0.4.jar:3.0.4]
	at org.springframework.amqp.rabbit.listener.SimpleMessageListenerContainer$AsyncMessageProcessingConsumer.run(SimpleMessageListenerContainer.java:1232) ~[spring-rabbit-3.0.4.jar:3.0.4]
	at java.base/java.lang.Thread.run(Thread.java:1589) ~[na:na]
Caused by: org.json.JSONException: No value for objectType
	at org.json.JSONObject.get(JSONObject.java:355) ~[android-json-0.0.20131108.vaadin1.jar:0.0.20131108.vaadin1]
	at edu.neu.info5.DemoApplication.service.IndexingListener.convertMapToDocumentIndex(IndexingListener.java:152) ~[classes/:na]
	at edu.neu.info5.DemoApplication.service.IndexingListener.postDocument(IndexingListener.java:73) ~[classes/:na]
	at edu.neu.info5.DemoApplication.service.IndexingListener.receiveMessage(IndexingListener.java:51) ~[classes/:na]
	at java.base/jdk.internal.reflect.DirectMethodHandleAccessor.invoke(DirectMethodHandleAccessor.java:104) ~[na:na]
	at java.base/java.lang.reflect.Method.invoke(Method.java:578) ~[na:na]
	at org.springframework.util.MethodInvoker.invoke(MethodInvoker.java:283) ~[spring-core-6.0.9.jar:6.0.9]
	at org.springframework.amqp.rabbit.listener.adapter.MessageListenerAdapter.invokeListenerMethod(MessageListenerAdapter.java:366) ~[spring-rabbit-3.0.4.jar:3.0.4]
	... 16 common frames omitted

Message received: {body={"mapType":"class java.util.HashMap","empty":false}, operation=SAVE}
2023-08-04T21:43:33.435-04:00  WARN 4865 --- [    container-1] org.elasticsearch.client.RestClient      : request [HEAD http://localhost:9200/plan-index?ignore_throttled=false&ignore_unavailable=false&expand_wildcards=open%2Cclosed&allow_no_indices=false] returned 2 warnings: [299 Elasticsearch-7.17.12-e3b0c3d3c5c130e1dc6d567d6baef1c73eeb2059 "Elasticsearch built-in security features are not enabled. Without authentication, your cluster could be accessible to anyone. See https://www.elastic.co/guide/en/elasticsearch/reference/7.17/security-minimal-setup.html to enable security."],[299 Elasticsearch-7.17.12-e3b0c3d3c5c130e1dc6d567d6baef1c73eeb2059 "[ignore_throttled] parameter is deprecated because frozen indices have been deprecated. Consider cold or frozen tiers in place of frozen indices."]
2023-08-04T21:43:33.436-04:00  WARN 4865 --- [    container-1] s.a.r.l.ConditionalRejectingErrorHandler : Execution of Rabbit message listener failed.

org.springframework.amqp.rabbit.support.ListenerExecutionFailedException: Listener method 'receiveMessage' threw exception
	at org.springframework.amqp.rabbit.listener.adapter.MessageListenerAdapter.invokeListenerMethod(MessageListenerAdapter.java:374) ~[spring-rabbit-3.0.4.jar:3.0.4]
	at org.springframework.amqp.rabbit.listener.adapter.MessageListenerAdapter.onMessage(MessageListenerAdapter.java:293) ~[spring-rabbit-3.0.4.jar:3.0.4]
	at org.springframework.amqp.rabbit.listener.AbstractMessageListenerContainer.doInvokeListener(AbstractMessageListenerContainer.java:1719) ~[spring-rabbit-3.0.4.jar:3.0.4]
	at org.springframework.amqp.rabbit.listener.AbstractMessageListenerContainer.actualInvokeListener(AbstractMessageListenerContainer.java:1638) ~[spring-rabbit-3.0.4.jar:3.0.4]
	at org.springframework.amqp.rabbit.listener.AbstractMessageListenerContainer.invokeListener(AbstractMessageListenerContainer.java:1626) ~[spring-rabbit-3.0.4.jar:3.0.4]
	at org.springframework.amqp.rabbit.listener.AbstractMessageListenerContainer.doExecuteListener(AbstractMessageListenerContainer.java:1617) ~[spring-rabbit-3.0.4.jar:3.0.4]
	at org.springframework.amqp.rabbit.listener.AbstractMessageListenerContainer.executeListenerAndHandleException(AbstractMessageListenerContainer.java:1562) ~[spring-rabbit-3.0.4.jar:3.0.4]
	at org.springframework.amqp.rabbit.listener.AbstractMessageListenerContainer.lambda$executeListener$8(AbstractMessageListenerContainer.java:1541) ~[spring-rabbit-3.0.4.jar:3.0.4]
	at io.micrometer.observation.Observation.lambda$observe$0(Observation.java:493) ~[micrometer-observation-1.11.0.jar:1.11.0]
	at io.micrometer.observation.Observation.observeWithContext(Observation.java:603) ~[micrometer-observation-1.11.0.jar:1.11.0]
	at io.micrometer.observation.Observation.observe(Observation.java:492) ~[micrometer-observation-1.11.0.jar:1.11.0]
	at org.springframework.amqp.rabbit.listener.AbstractMessageListenerContainer.executeListener(AbstractMessageListenerContainer.java:1541) ~[spring-rabbit-3.0.4.jar:3.0.4]
	at org.springframework.amqp.rabbit.listener.SimpleMessageListenerContainer.doReceiveAndExecute(SimpleMessageListenerContainer.java:1001) ~[spring-rabbit-3.0.4.jar:3.0.4]
	at org.springframework.amqp.rabbit.listener.SimpleMessageListenerContainer.receiveAndExecute(SimpleMessageListenerContainer.java:948) ~[spring-rabbit-3.0.4.jar:3.0.4]
	at org.springframework.amqp.rabbit.listener.SimpleMessageListenerContainer$AsyncMessageProcessingConsumer.mainLoop(SimpleMessageListenerContainer.java:1326) ~[spring-rabbit-3.0.4.jar:3.0.4]
	at org.springframework.amqp.rabbit.listener.SimpleMessageListenerContainer$AsyncMessageProcessingConsumer.run(SimpleMessageListenerContainer.java:1232) ~[spring-rabbit-3.0.4.jar:3.0.4]
	at java.base/java.lang.Thread.run(Thread.java:1589) ~[na:na]
Caused by: org.json.JSONException: No value for objectType
	at org.json.JSONObject.get(JSONObject.java:355) ~[android-json-0.0.20131108.vaadin1.jar:0.0.20131108.vaadin1]
	at edu.neu.info5.DemoApplication.service.IndexingListener.convertMapToDocumentIndex(IndexingListener.java:152) ~[classes/:na]
	at edu.neu.info5.DemoApplication.service.IndexingListener.postDocument(IndexingListener.java:73) ~[classes/:na]
	at edu.neu.info5.DemoApplication.service.IndexingListener.receiveMessage(IndexingListener.java:51) ~[classes/:na]
	at java.base/jdk.internal.reflect.DirectMethodHandleAccessor.invoke(DirectMethodHandleAccessor.java:104) ~[na:na]
	at java.base/java.lang.reflect.Method.invoke(Method.java:578) ~[na:na]
	at org.springframework.util.MethodInvoker.invoke(MethodInvoker.java:283) ~[spring-core-6.0.9.jar:6.0.9]
	at org.springframework.amqp.rabbit.listener.adapter.MessageListenerAdapter.invokeListenerMethod(MessageListenerAdapter.java:366) ~[spring-rabbit-3.0.4.jar:3.0.4]
	... 16 common frames omitted

Message received: {body={"mapType":"class java.util.HashMap","empty":false}, operation=SAVE}
2023-08-04T21:43:33.440-04:00  WARN 4865 --- [    container-1] org.elasticsearch.client.RestClient      : request [HEAD http://localhost:9200/plan-index?ignore_throttled=false&ignore_unavailable=false&expand_wildcards=open%2Cclosed&allow_no_indices=false] returned 2 warnings: [299 Elasticsearch-7.17.12-e3b0c3d3c5c130e1dc6d567d6baef1c73eeb2059 "Elasticsearch built-in security features are not enabled. Without authentication, your cluster could be accessible to anyone. See https://www.elastic.co/guide/en/elasticsearch/reference/7.17/security-minimal-setup.html to enable security."],[299 Elasticsearch-7.17.12-e3b0c3d3c5c130e1dc6d567d6baef1c73eeb2059 "[ignore_throttled] parameter is deprecated because frozen indices have been deprecated. Consider cold or frozen tiers in place of frozen indices."]
2023-08-04T21:43:33.440-04:00  WARN 4865 --- [    container-1] s.a.r.l.ConditionalRejectingErrorHandler : Execution of Rabbit message listener failed.

org.springframework.amqp.rabbit.support.ListenerExecutionFailedException: Listener method 'receiveMessage' threw exception
	at org.springframework.amqp.rabbit.listener.adapter.MessageListenerAdapter.invokeListenerMethod(MessageListenerAdapter.java:374) ~[spring-rabbit-3.0.4.jar:3.0.4]
	at org.springframework.amqp.rabbit.listener.adapter.MessageListenerAdapter.onMessage(MessageListenerAdapter.java:293) ~[spring-rabbit-3.0.4.jar:3.0.4]
	at org.springframework.amqp.rabbit.listener.AbstractMessageListenerContainer.doInvokeListener(AbstractMessageListenerContainer.java:1719) ~[spring-rabbit-3.0.4.jar:3.0.4]
	at org.springframework.amqp.rabbit.listener.AbstractMessageListenerContainer.actualInvokeListener(AbstractMessageListenerContainer.java:1638) ~[spring-rabbit-3.0.4.jar:3.0.4]
	at org.springframework.amqp.rabbit.listener.AbstractMessageListenerContainer.invokeListener(AbstractMessageListenerContainer.java:1626) ~[spring-rabbit-3.0.4.jar:3.0.4]
	at org.springframework.amqp.rabbit.listener.AbstractMessageListenerContainer.doExecuteListener(AbstractMessageListenerContainer.java:1617) ~[spring-rabbit-3.0.4.jar:3.0.4]
	at org.springframework.amqp.rabbit.listener.AbstractMessageListenerContainer.executeListenerAndHandleException(AbstractMessageListenerContainer.java:1562) ~[spring-rabbit-3.0.4.jar:3.0.4]
	at org.springframework.amqp.rabbit.listener.AbstractMessageListenerContainer.lambda$executeListener$8(AbstractMessageListenerContainer.java:1541) ~[spring-rabbit-3.0.4.jar:3.0.4]
	at io.micrometer.observation.Observation.lambda$observe$0(Observation.java:493) ~[micrometer-observation-1.11.0.jar:1.11.0]
	at io.micrometer.observation.Observation.observeWithContext(Observation.java:603) ~[micrometer-observation-1.11.0.jar:1.11.0]
	at io.micrometer.observation.Observation.observe(Observation.java:492) ~[micrometer-observation-1.11.0.jar:1.11.0]
	at org.springframework.amqp.rabbit.listener.AbstractMessageListenerContainer.executeListener(AbstractMessageListenerContainer.java:1541) ~[spring-rabbit-3.0.4.jar:3.0.4]
	at org.springframework.amqp.rabbit.listener.SimpleMessageListenerContainer.doReceiveAndExecute(SimpleMessageListenerContainer.java:1001) ~[spring-rabbit-3.0.4.jar:3.0.4]
	at org.springframework.amqp.rabbit.listener.SimpleMessageListenerContainer.receiveAndExecute(SimpleMessageListenerContainer.java:948) ~[spring-rabbit-3.0.4.jar:3.0.4]
	at org.springframework.amqp.rabbit.listener.SimpleMessageListenerContainer$AsyncMessageProcessingConsumer.mainLoop(SimpleMessageListenerContainer.java:1326) ~[spring-rabbit-3.0.4.jar:3.0.4]
	at org.springframework.amqp.rabbit.listener.SimpleMessageListenerContainer$AsyncMessageProcessingConsumer.run(SimpleMessageListenerContainer.java:1232) ~[spring-rabbit-3.0.4.jar:3.0.4]
	at java.base/java.lang.Thread.run(Thread.java:1589) ~[na:na]
Caused by: org.json.JSONException: No value for objectType
	at org.json.JSONObject.get(JSONObject.java:355) ~[android-json-0.0.20131108.vaadin1.jar:0.0.20131108.vaadin1]
	at edu.neu.info5.DemoApplication.service.IndexingListener.convertMapToDocumentIndex(IndexingListener.java:152) ~[classes/:na]
	at edu.neu.info5.DemoApplication.service.IndexingListener.postDocument(IndexingListener.java:73) ~[classes/:na]
	at edu.neu.info5.DemoApplication.service.IndexingListener.receiveMessage(IndexingListener.java:51) ~[classes/:na]
	at java.base/jdk.internal.reflect.DirectMethodHandleAccessor.invoke(DirectMethodHandleAccessor.java:104) ~[na:na]
	at java.base/java.lang.reflect.Method.invoke(Method.java:578) ~[na:na]
	at org.springframework.util.MethodInvoker.invoke(MethodInvoker.java:283) ~[spring-core-6.0.9.jar:6.0.9]
	at org.springframework.amqp.rabbit.listener.adapter.MessageListenerAdapter.invokeListenerMethod(MessageListenerAdapter.java:366) ~[spring-rabbit-3.0.4.jar:3.0.4]
	... 16 common frames omitted

Message received: {body={"mapType":"class java.util.HashMap","empty":false}, operation=SAVE}
2023-08-04T21:43:33.445-04:00  WARN 4865 --- [    container-1] org.elasticsearch.client.RestClient      : request [HEAD http://localhost:9200/plan-index?ignore_throttled=false&ignore_unavailable=false&expand_wildcards=open%2Cclosed&allow_no_indices=false] returned 2 warnings: [299 Elasticsearch-7.17.12-e3b0c3d3c5c130e1dc6d567d6baef1c73eeb2059 "Elasticsearch built-in security features are not enabled. Without authentication, your cluster could be accessible to anyone. See https://www.elastic.co/guide/en/elasticsearch/reference/7.17/security-minimal-setup.html to enable security."],[299 Elasticsearch-7.17.12-e3b0c3d3c5c130e1dc6d567d6baef1c73eeb2059 "[ignore_throttled] parameter is deprecated because frozen indices have been deprecated. Consider cold or frozen tiers in place of frozen indices."]
2023-08-04T21:43:33.445-04:00  WARN 4865 --- [    container-1] s.a.r.l.ConditionalRejectingErrorHandler : Execution of Rabbit message listener failed.

org.springframework.amqp.rabbit.support.ListenerExecutionFailedException: Listener method 'receiveMessage' threw exception
	at org.springframework.amqp.rabbit.listener.adapter.MessageListenerAdapter.invokeListenerMethod(MessageListenerAdapter.java:374) ~[spring-rabbit-3.0.4.jar:3.0.4]
	at org.springframework.amqp.rabbit.listener.adapter.MessageListenerAdapter.onMessage(MessageListenerAdapter.java:293) ~[spring-rabbit-3.0.4.jar:3.0.4]
	at org.springframework.amqp.rabbit.listener.AbstractMessageListenerContainer.doInvokeListener(AbstractMessageListenerContainer.java:1719) ~[spring-rabbit-3.0.4.jar:3.0.4]
	at org.springframework.amqp.rabbit.listener.AbstractMessageListenerContainer.actualInvokeListener(AbstractMessageListenerContainer.java:1638) ~[spring-rabbit-3.0.4.jar:3.0.4]
	at org.springframework.amqp.rabbit.listener.AbstractMessageListenerContainer.invokeListener(AbstractMessageListenerContainer.java:1626) ~[spring-rabbit-3.0.4.jar:3.0.4]
	at org.springframework.amqp.rabbit.listener.AbstractMessageListenerContainer.doExecuteListener(AbstractMessageListenerContainer.java:1617) ~[spring-rabbit-3.0.4.jar:3.0.4]
	at org.springframework.amqp.rabbit.listener.AbstractMessageListenerContainer.executeListenerAndHandleException(AbstractMessageListenerContainer.java:1562) ~[spring-rabbit-3.0.4.jar:3.0.4]
	at org.springframework.amqp.rabbit.listener.AbstractMessageListenerContainer.lambda$executeListener$8(AbstractMessageListenerContainer.java:1541) ~[spring-rabbit-3.0.4.jar:3.0.4]
	at io.micrometer.observation.Observation.lambda$observe$0(Observation.java:493) ~[micrometer-observation-1.11.0.jar:1.11.0]
	at io.micrometer.observation.Observation.observeWithContext(Observation.java:603) ~[micrometer-observation-1.11.0.jar:1.11.0]
	at io.micrometer.observation.Observation.observe(Observation.java:492) ~[micrometer-observation-1.11.0.jar:1.11.0]
	at org.springframework.amqp.rabbit.listener.AbstractMessageListenerContainer.executeListener(AbstractMessageListenerContainer.java:1541) ~[spring-rabbit-3.0.4.jar:3.0.4]
	at org.springframework.amqp.rabbit.listener.SimpleMessageListenerContainer.doReceiveAndExecute(SimpleMessageListenerContainer.java:1001) ~[spring-rabbit-3.0.4.jar:3.0.4]
	at org.springframework.amqp.rabbit.listener.SimpleMessageListenerContainer.receiveAndExecute(SimpleMessageListenerContainer.java:948) ~[spring-rabbit-3.0.4.jar:3.0.4]
	at org.springframework.amqp.rabbit.listener.SimpleMessageListenerContainer$AsyncMessageProcessingConsumer.mainLoop(SimpleMessageListenerContainer.java:1326) ~[spring-rabbit-3.0.4.jar:3.0.4]
	at org.springframework.amqp.rabbit.listener.SimpleMessageListenerContainer$AsyncMessageProcessingConsumer.run(SimpleMessageListenerContainer.java:1232) ~[spring-rabbit-3.0.4.jar:3.0.4]
	at java.base/java.lang.Thread.run(Thread.java:1589) ~[na:na]
Caused by: org.json.JSONException: No value for objectType
	at org.json.JSONObject.get(JSONObject.java:355) ~[android-json-0.0.20131108.vaadin1.jar:0.0.20131108.vaadin1]
	at edu.neu.info5.DemoApplication.service.IndexingListener.convertMapToDocumentIndex(IndexingListener.java:152) ~[classes/:na]
	at edu.neu.info5.DemoApplication.service.IndexingListener.postDocument(IndexingListener.java:73) ~[classes/:na]
	at edu.neu.info5.DemoApplication.service.IndexingListener.receiveMessage(IndexingListener.java:51) ~[classes/:na]
	at java.base/jdk.internal.reflect.DirectMethodHandleAccessor.invoke(DirectMethodHandleAccessor.java:104) ~[na:na]
	at java.base/java.lang.reflect.Method.invoke(Method.java:578) ~[na:na]
	at org.springframework.util.MethodInvoker.invoke(MethodInvoker.java:283) ~[spring-core-6.0.9.jar:6.0.9]
	at org.springframework.amqp.rabbit.listener.adapter.MessageListenerAdapter.invokeListenerMethod(MessageListenerAdapter.java:366) ~[spring-rabbit-3.0.4.jar:3.0.4]
	... 16 common frames omitted

Message received: {body={"mapType":"class java.util.HashMap","empty":false}, operation=SAVE}
2023-08-04T21:43:33.449-04:00  WARN 4865 --- [    container-1] org.elasticsearch.client.RestClient      : request [HEAD http://localhost:9200/plan-index?ignore_throttled=false&ignore_unavailable=false&expand_wildcards=open%2Cclosed&allow_no_indices=false] returned 2 warnings: [299 Elasticsearch-7.17.12-e3b0c3d3c5c130e1dc6d567d6baef1c73eeb2059 "Elasticsearch built-in security features are not enabled. Without authentication, your cluster could be accessible to anyone. See https://www.elastic.co/guide/en/elasticsearch/reference/7.17/security-minimal-setup.html to enable security."],[299 Elasticsearch-7.17.12-e3b0c3d3c5c130e1dc6d567d6baef1c73eeb2059 "[ignore_throttled] parameter is deprecated because frozen indices have been deprecated. Consider cold or frozen tiers in place of frozen indices."]
2023-08-04T21:43:33.449-04:00  WARN 4865 --- [    container-1] s.a.r.l.ConditionalRejectingErrorHandler : Execution of Rabbit message listener failed.

org.springframework.amqp.rabbit.support.ListenerExecutionFailedException: Listener method 'receiveMessage' threw exception
	at org.springframework.amqp.rabbit.listener.adapter.MessageListenerAdapter.invokeListenerMethod(MessageListenerAdapter.java:374) ~[spring-rabbit-3.0.4.jar:3.0.4]
	at org.springframework.amqp.rabbit.listener.adapter.MessageListenerAdapter.onMessage(MessageListenerAdapter.java:293) ~[spring-rabbit-3.0.4.jar:3.0.4]
	at org.springframework.amqp.rabbit.listener.AbstractMessageListenerContainer.doInvokeListener(AbstractMessageListenerContainer.java:1719) ~[spring-rabbit-3.0.4.jar:3.0.4]
	at org.springframework.amqp.rabbit.listener.AbstractMessageListenerContainer.actualInvokeListener(AbstractMessageListenerContainer.java:1638) ~[spring-rabbit-3.0.4.jar:3.0.4]
	at org.springframework.amqp.rabbit.listener.AbstractMessageListenerContainer.invokeListener(AbstractMessageListenerContainer.java:1626) ~[spring-rabbit-3.0.4.jar:3.0.4]
	at org.springframework.amqp.rabbit.listener.AbstractMessageListenerContainer.doExecuteListener(AbstractMessageListenerContainer.java:1617) ~[spring-rabbit-3.0.4.jar:3.0.4]
	at org.springframework.amqp.rabbit.listener.AbstractMessageListenerContainer.executeListenerAndHandleException(AbstractMessageListenerContainer.java:1562) ~[spring-rabbit-3.0.4.jar:3.0.4]
	at org.springframework.amqp.rabbit.listener.AbstractMessageListenerContainer.lambda$executeListener$8(AbstractMessageListenerContainer.java:1541) ~[spring-rabbit-3.0.4.jar:3.0.4]
	at io.micrometer.observation.Observation.lambda$observe$0(Observation.java:493) ~[micrometer-observation-1.11.0.jar:1.11.0]
	at io.micrometer.observation.Observation.observeWithContext(Observation.java:603) ~[micrometer-observation-1.11.0.jar:1.11.0]
	at io.micrometer.observation.Observation.observe(Observation.java:492) ~[micrometer-observation-1.11.0.jar:1.11.0]
	at org.springframework.amqp.rabbit.listener.AbstractMessageListenerContainer.executeListener(AbstractMessageListenerContainer.java:1541) ~[spring-rabbit-3.0.4.jar:3.0.4]
	at org.springframework.amqp.rabbit.listener.SimpleMessageListenerContainer.doReceiveAndExecute(SimpleMessageListenerContainer.java:1001) ~[spring-rabbit-3.0.4.jar:3.0.4]
	at org.springframework.amqp.rabbit.listener.SimpleMessageListenerContainer.receiveAndExecute(SimpleMessageListenerContainer.java:948) ~[spring-rabbit-3.0.4.jar:3.0.4]
	at org.springframework.amqp.rabbit.listener.SimpleMessageListenerContainer$AsyncMessageProcessingConsumer.mainLoop(SimpleMessageListenerContainer.java:1326) ~[spring-rabbit-3.0.4.jar:3.0.4]
	at org.springframework.amqp.rabbit.listener.SimpleMessageListenerContainer$AsyncMessageProcessingConsumer.run(SimpleMessageListenerContainer.java:1232) ~[spring-rabbit-3.0.4.jar:3.0.4]
	at java.base/java.lang.Thread.run(Thread.java:1589) ~[na:na]
Caused by: org.json.JSONException: No value for objectType
	at org.json.JSONObject.get(JSONObject.java:355) ~[android-json-0.0.20131108.vaadin1.jar:0.0.20131108.vaadin1]
	at edu.neu.info5.DemoApplication.service.IndexingListener.convertMapToDocumentIndex(IndexingListener.java:152) ~[classes/:na]
	at edu.neu.info5.DemoApplication.service.IndexingListener.postDocument(IndexingListener.java:73) ~[classes/:na]
	at edu.neu.info5.DemoApplication.service.IndexingListener.receiveMessage(IndexingListener.java:51) ~[classes/:na]
	at java.base/jdk.internal.reflect.DirectMethodHandleAccessor.invoke(DirectMethodHandleAccessor.java:104) ~[na:na]
	at java.base/java.lang.reflect.Method.invoke(Method.java:578) ~[na:na]
	at org.springframework.util.MethodInvoker.invoke(MethodInvoker.java:283) ~[spring-core-6.0.9.jar:6.0.9]
	at org.springframework.amqp.rabbit.listener.adapter.MessageListenerAdapter.invokeListenerMethod(MessageListenerAdapter.java:366) ~[spring-rabbit-3.0.4.jar:3.0.4]
	... 16 common frames omitted

Message received: {body={"mapType":"class java.util.HashMap","empty":false}, operation=SAVE}
2023-08-04T21:43:33.452-04:00  WARN 4865 --- [    container-1] org.elasticsearch.client.RestClient      : request [HEAD http://localhost:9200/plan-index?ignore_throttled=false&ignore_unavailable=false&expand_wildcards=open%2Cclosed&allow_no_indices=false] returned 2 warnings: [299 Elasticsearch-7.17.12-e3b0c3d3c5c130e1dc6d567d6baef1c73eeb2059 "Elasticsearch built-in security features are not enabled. Without authentication, your cluster could be accessible to anyone. See https://www.elastic.co/guide/en/elasticsearch/reference/7.17/security-minimal-setup.html to enable security."],[299 Elasticsearch-7.17.12-e3b0c3d3c5c130e1dc6d567d6baef1c73eeb2059 "[ignore_throttled] parameter is deprecated because frozen indices have been deprecated. Consider cold or frozen tiers in place of frozen indices."]
2023-08-04T21:43:33.452-04:00  WARN 4865 --- [    container-1] s.a.r.l.ConditionalRejectingErrorHandler : Execution of Rabbit message listener failed.

org.springframework.amqp.rabbit.support.ListenerExecutionFailedException: Listener method 'receiveMessage' threw exception
	at org.springframework.amqp.rabbit.listener.adapter.MessageListenerAdapter.invokeListenerMethod(MessageListenerAdapter.java:374) ~[spring-rabbit-3.0.4.jar:3.0.4]
	at org.springframework.amqp.rabbit.listener.adapter.MessageListenerAdapter.onMessage(MessageListenerAdapter.java:293) ~[spring-rabbit-3.0.4.jar:3.0.4]
	at org.springframework.amqp.rabbit.listener.AbstractMessageListenerContainer.doInvokeListener(AbstractMessageListenerContainer.java:1719) ~[spring-rabbit-3.0.4.jar:3.0.4]
	at org.springframework.amqp.rabbit.listener.AbstractMessageListenerContainer.actualInvokeListener(AbstractMessageListenerContainer.java:1638) ~[spring-rabbit-3.0.4.jar:3.0.4]
	at org.springframework.amqp.rabbit.listener.AbstractMessageListenerContainer.invokeListener(AbstractMessageListenerContainer.java:1626) ~[spring-rabbit-3.0.4.jar:3.0.4]
	at org.springframework.amqp.rabbit.listener.AbstractMessageListenerContainer.doExecuteListener(AbstractMessageListenerContainer.java:1617) ~[spring-rabbit-3.0.4.jar:3.0.4]
	at org.springframework.amqp.rabbit.listener.AbstractMessageListenerContainer.executeListenerAndHandleException(AbstractMessageListenerContainer.java:1562) ~[spring-rabbit-3.0.4.jar:3.0.4]
	at org.springframework.amqp.rabbit.listener.AbstractMessageListenerContainer.lambda$executeListener$8(AbstractMessageListenerContainer.java:1541) ~[spring-rabbit-3.0.4.jar:3.0.4]
	at io.micrometer.observation.Observation.lambda$observe$0(Observation.java:493) ~[micrometer-observation-1.11.0.jar:1.11.0]
	at io.micrometer.observation.Observation.observeWithContext(Observation.java:603) ~[micrometer-observation-1.11.0.jar:1.11.0]
	at io.micrometer.observation.Observation.observe(Observation.java:492) ~[micrometer-observation-1.11.0.jar:1.11.0]
	at org.springframework.amqp.rabbit.listener.AbstractMessageListenerContainer.executeListener(AbstractMessageListenerContainer.java:1541) ~[spring-rabbit-3.0.4.jar:3.0.4]
	at org.springframework.amqp.rabbit.listener.SimpleMessageListenerContainer.doReceiveAndExecute(SimpleMessageListenerContainer.java:1001) ~[spring-rabbit-3.0.4.jar:3.0.4]
	at org.springframework.amqp.rabbit.listener.SimpleMessageListenerContainer.receiveAndExecute(SimpleMessageListenerContainer.java:948) ~[spring-rabbit-3.0.4.jar:3.0.4]
	at org.springframework.amqp.rabbit.listener.SimpleMessageListenerContainer$AsyncMessageProcessingConsumer.mainLoop(SimpleMessageListenerContainer.java:1326) ~[spring-rabbit-3.0.4.jar:3.0.4]
	at org.springframework.amqp.rabbit.listener.SimpleMessageListenerContainer$AsyncMessageProcessingConsumer.run(SimpleMessageListenerContainer.java:1232) ~[spring-rabbit-3.0.4.jar:3.0.4]
	at java.base/java.lang.Thread.run(Thread.java:1589) ~[na:na]
Caused by: org.json.JSONException: No value for objectType
	at org.json.JSONObject.get(JSONObject.java:355) ~[android-json-0.0.20131108.vaadin1.jar:0.0.20131108.vaadin1]
	at edu.neu.info5.DemoApplication.service.IndexingListener.convertMapToDocumentIndex(IndexingListener.java:152) ~[classes/:na]
	at edu.neu.info5.DemoApplication.service.IndexingListener.postDocument(IndexingListener.java:73) ~[classes/:na]
	at edu.neu.info5.DemoApplication.service.IndexingListener.receiveMessage(IndexingListener.java:51) ~[classes/:na]
	at java.base/jdk.internal.reflect.DirectMethodHandleAccessor.invoke(DirectMethodHandleAccessor.java:104) ~[na:na]
	at java.base/java.lang.reflect.Method.invoke(Method.java:578) ~[na:na]
	at org.springframework.util.MethodInvoker.invoke(MethodInvoker.java:283) ~[spring-core-6.0.9.jar:6.0.9]
	at org.springframework.amqp.rabbit.listener.adapter.MessageListenerAdapter.invokeListenerMethod(MessageListenerAdapter.java:366) ~[spring-rabbit-3.0.4.jar:3.0.4]
	... 16 common frames omitted

Message received: {body={"mapType":"class java.util.HashMap","empty":false}, operation=SAVE}
2023-08-04T21:43:33.455-04:00  WARN 4865 --- [    container-1] org.elasticsearch.client.RestClient      : request [HEAD http://localhost:9200/plan-index?ignore_throttled=false&ignore_unavailable=false&expand_wildcards=open%2Cclosed&allow_no_indices=false] returned 2 warnings: [299 Elasticsearch-7.17.12-e3b0c3d3c5c130e1dc6d567d6baef1c73eeb2059 "Elasticsearch built-in security features are not enabled. Without authentication, your cluster could be accessible to anyone. See https://www.elastic.co/guide/en/elasticsearch/reference/7.17/security-minimal-setup.html to enable security."],[299 Elasticsearch-7.17.12-e3b0c3d3c5c130e1dc6d567d6baef1c73eeb2059 "[ignore_throttled] parameter is deprecated because frozen indices have been deprecated. Consider cold or frozen tiers in place of frozen indices."]
2023-08-04T21:43:33.456-04:00  WARN 4865 --- [    container-1] s.a.r.l.ConditionalRejectingErrorHandler : Execution of Rabbit message listener failed.

org.springframework.amqp.rabbit.support.ListenerExecutionFailedException: Listener method 'receiveMessage' threw exception
	at org.springframework.amqp.rabbit.listener.adapter.MessageListenerAdapter.invokeListenerMethod(MessageListenerAdapter.java:374) ~[spring-rabbit-3.0.4.jar:3.0.4]
	at org.springframework.amqp.rabbit.listener.adapter.MessageListenerAdapter.onMessage(MessageListenerAdapter.java:293) ~[spring-rabbit-3.0.4.jar:3.0.4]
	at org.springframework.amqp.rabbit.listener.AbstractMessageListenerContainer.doInvokeListener(AbstractMessageListenerContainer.java:1719) ~[spring-rabbit-3.0.4.jar:3.0.4]
	at org.springframework.amqp.rabbit.listener.AbstractMessageListenerContainer.actualInvokeListener(AbstractMessageListenerContainer.java:1638) ~[spring-rabbit-3.0.4.jar:3.0.4]
	at org.springframework.amqp.rabbit.listener.AbstractMessageListenerContainer.invokeListener(AbstractMessageListenerContainer.java:1626) ~[spring-rabbit-3.0.4.jar:3.0.4]
	at org.springframework.amqp.rabbit.listener.AbstractMessageListenerContainer.doExecuteListener(AbstractMessageListenerContainer.java:1617) ~[spring-rabbit-3.0.4.jar:3.0.4]
	at org.springframework.amqp.rabbit.listener.AbstractMessageListenerContainer.executeListenerAndHandleException(AbstractMessageListenerContainer.java:1562) ~[spring-rabbit-3.0.4.jar:3.0.4]
	at org.springframework.amqp.rabbit.listener.AbstractMessageListenerContainer.lambda$executeListener$8(AbstractMessageListenerContainer.java:1541) ~[spring-rabbit-3.0.4.jar:3.0.4]
	at io.micrometer.observation.Observation.lambda$observe$0(Observation.java:493) ~[micrometer-observation-1.11.0.jar:1.11.0]
	at io.micrometer.observation.Observation.observeWithContext(Observation.java:603) ~[micrometer-observation-1.11.0.jar:1.11.0]
	at io.micrometer.observation.Observation.observe(Observation.java:492) ~[micrometer-observation-1.11.0.jar:1.11.0]
	at org.springframework.amqp.rabbit.listener.AbstractMessageListenerContainer.executeListener(AbstractMessageListenerContainer.java:1541) ~[spring-rabbit-3.0.4.jar:3.0.4]
	at org.springframework.amqp.rabbit.listener.SimpleMessageListenerContainer.doReceiveAndExecute(SimpleMessageListenerContainer.java:1001) ~[spring-rabbit-3.0.4.jar:3.0.4]
	at org.springframework.amqp.rabbit.listener.SimpleMessageListenerContainer.receiveAndExecute(SimpleMessageListenerContainer.java:948) ~[spring-rabbit-3.0.4.jar:3.0.4]
	at org.springframework.amqp.rabbit.listener.SimpleMessageListenerContainer$AsyncMessageProcessingConsumer.mainLoop(SimpleMessageListenerContainer.java:1326) ~[spring-rabbit-3.0.4.jar:3.0.4]
	at org.springframework.amqp.rabbit.listener.SimpleMessageListenerContainer$AsyncMessageProcessingConsumer.run(SimpleMessageListenerContainer.java:1232) ~[spring-rabbit-3.0.4.jar:3.0.4]
	at java.base/java.lang.Thread.run(Thread.java:1589) ~[na:na]
Caused by: org.json.JSONException: No value for objectType
	at org.json.JSONObject.get(JSONObject.java:355) ~[android-json-0.0.20131108.vaadin1.jar:0.0.20131108.vaadin1]
	at edu.neu.info5.DemoApplication.service.IndexingListener.convertMapToDocumentIndex(IndexingListener.java:152) ~[classes/:na]
	at edu.neu.info5.DemoApplication.service.IndexingListener.postDocument(IndexingListener.java:73) ~[classes/:na]
	at edu.neu.info5.DemoApplication.service.IndexingListener.receiveMessage(IndexingListener.java:51) ~[classes/:na]
	at java.base/jdk.internal.reflect.DirectMethodHandleAccessor.invoke(DirectMethodHandleAccessor.java:104) ~[na:na]
	at java.base/java.lang.reflect.Method.invoke(Method.java:578) ~[na:na]
	at org.springframework.util.MethodInvoker.invoke(MethodInvoker.java:283) ~[spring-core-6.0.9.jar:6.0.9]
	at org.springframework.amqp.rabbit.listener.adapter.MessageListenerAdapter.invokeListenerMethod(MessageListenerAdapter.java:366) ~[spring-rabbit-3.0.4.jar:3.0.4]
	... 16 common frames omitted

Message received: {body={"mapType":"class java.util.HashMap","empty":false}, operation=SAVE}
2023-08-04T21:43:33.458-04:00  WARN 4865 --- [    container-1] org.elasticsearch.client.RestClient      : request [HEAD http://localhost:9200/plan-index?ignore_throttled=false&ignore_unavailable=false&expand_wildcards=open%2Cclosed&allow_no_indices=false] returned 2 warnings: [299 Elasticsearch-7.17.12-e3b0c3d3c5c130e1dc6d567d6baef1c73eeb2059 "Elasticsearch built-in security features are not enabled. Without authentication, your cluster could be accessible to anyone. See https://www.elastic.co/guide/en/elasticsearch/reference/7.17/security-minimal-setup.html to enable security."],[299 Elasticsearch-7.17.12-e3b0c3d3c5c130e1dc6d567d6baef1c73eeb2059 "[ignore_throttled] parameter is deprecated because frozen indices have been deprecated. Consider cold or frozen tiers in place of frozen indices."]
2023-08-04T21:43:33.458-04:00  WARN 4865 --- [    container-1] s.a.r.l.ConditionalRejectingErrorHandler : Execution of Rabbit message listener failed.

org.springframework.amqp.rabbit.support.ListenerExecutionFailedException: Listener method 'receiveMessage' threw exception
	at org.springframework.amqp.rabbit.listener.adapter.MessageListenerAdapter.invokeListenerMethod(MessageListenerAdapter.java:374) ~[spring-rabbit-3.0.4.jar:3.0.4]
	at org.springframework.amqp.rabbit.listener.adapter.MessageListenerAdapter.onMessage(MessageListenerAdapter.java:293) ~[spring-rabbit-3.0.4.jar:3.0.4]
	at org.springframework.amqp.rabbit.listener.AbstractMessageListenerContainer.doInvokeListener(AbstractMessageListenerContainer.java:1719) ~[spring-rabbit-3.0.4.jar:3.0.4]
	at org.springframework.amqp.rabbit.listener.AbstractMessageListenerContainer.actualInvokeListener(AbstractMessageListenerContainer.java:1638) ~[spring-rabbit-3.0.4.jar:3.0.4]
	at org.springframework.amqp.rabbit.listener.AbstractMessageListenerContainer.invokeListener(AbstractMessageListenerContainer.java:1626) ~[spring-rabbit-3.0.4.jar:3.0.4]
	at org.springframework.amqp.rabbit.listener.AbstractMessageListenerContainer.doExecuteListener(AbstractMessageListenerContainer.java:1617) ~[spring-rabbit-3.0.4.jar:3.0.4]
	at org.springframework.amqp.rabbit.listener.AbstractMessageListenerContainer.executeListenerAndHandleException(AbstractMessageListenerContainer.java:1562) ~[spring-rabbit-3.0.4.jar:3.0.4]
	at org.springframework.amqp.rabbit.listener.AbstractMessageListenerContainer.lambda$executeListener$8(AbstractMessageListenerContainer.java:1541) ~[spring-rabbit-3.0.4.jar:3.0.4]
	at io.micrometer.observation.Observation.lambda$observe$0(Observation.java:493) ~[micrometer-observation-1.11.0.jar:1.11.0]
	at io.micrometer.observation.Observation.observeWithContext(Observation.java:603) ~[micrometer-observation-1.11.0.jar:1.11.0]
	at io.micrometer.observation.Observation.observe(Observation.java:492) ~[micrometer-observation-1.11.0.jar:1.11.0]
	at org.springframework.amqp.rabbit.listener.AbstractMessageListenerContainer.executeListener(AbstractMessageListenerContainer.java:1541) ~[spring-rabbit-3.0.4.jar:3.0.4]
	at org.springframework.amqp.rabbit.listener.SimpleMessageListenerContainer.doReceiveAndExecute(SimpleMessageListenerContainer.java:1001) ~[spring-rabbit-3.0.4.jar:3.0.4]
	at org.springframework.amqp.rabbit.listener.SimpleMessageListenerContainer.receiveAndExecute(SimpleMessageListenerContainer.java:948) ~[spring-rabbit-3.0.4.jar:3.0.4]
	at org.springframework.amqp.rabbit.listener.SimpleMessageListenerContainer$AsyncMessageProcessingConsumer.mainLoop(SimpleMessageListenerContainer.java:1326) ~[spring-rabbit-3.0.4.jar:3.0.4]
	at org.springframework.amqp.rabbit.listener.SimpleMessageListenerContainer$AsyncMessageProcessingConsumer.run(SimpleMessageListenerContainer.java:1232) ~[spring-rabbit-3.0.4.jar:3.0.4]
	at java.base/java.lang.Thread.run(Thread.java:1589) ~[na:na]
Caused by: org.json.JSONException: No value for objectType
	at org.json.JSONObject.get(JSONObject.java:355) ~[android-json-0.0.20131108.vaadin1.jar:0.0.20131108.vaadin1]
	at edu.neu.info5.DemoApplication.service.IndexingListener.convertMapToDocumentIndex(IndexingListener.java:152) ~[classes/:na]
	at edu.neu.info5.DemoApplication.service.IndexingListener.postDocument(IndexingListener.java:73) ~[classes/:na]
	at edu.neu.info5.DemoApplication.service.IndexingListener.receiveMessage(IndexingListener.java:51) ~[classes/:na]
	at java.base/jdk.internal.reflect.DirectMethodHandleAccessor.invoke(DirectMethodHandleAccessor.java:104) ~[na:na]
	at java.base/java.lang.reflect.Method.invoke(Method.java:578) ~[na:na]
	at org.springframework.util.MethodInvoker.invoke(MethodInvoker.java:283) ~[spring-core-6.0.9.jar:6.0.9]
	at org.springframework.amqp.rabbit.listener.adapter.MessageListenerAdapter.invokeListenerMethod(MessageListenerAdapter.java:366) ~[spring-rabbit-3.0.4.jar:3.0.4]
	... 16 common frames omitted

Message received: {body={"mapType":"class java.util.HashMap","empty":false}, operation=SAVE}
2023-08-04T21:43:33.463-04:00  WARN 4865 --- [    container-1] org.elasticsearch.client.RestClient      : request [HEAD http://localhost:9200/plan-index?ignore_throttled=false&ignore_unavailable=false&expand_wildcards=open%2Cclosed&allow_no_indices=false] returned 2 warnings: [299 Elasticsearch-7.17.12-e3b0c3d3c5c130e1dc6d567d6baef1c73eeb2059 "Elasticsearch built-in security features are not enabled. Without authentication, your cluster could be accessible to anyone. See https://www.elastic.co/guide/en/elasticsearch/reference/7.17/security-minimal-setup.html to enable security."],[299 Elasticsearch-7.17.12-e3b0c3d3c5c130e1dc6d567d6baef1c73eeb2059 "[ignore_throttled] parameter is deprecated because frozen indices have been deprecated. Consider cold or frozen tiers in place of frozen indices."]
2023-08-04T21:43:33.463-04:00  WARN 4865 --- [    container-1] s.a.r.l.ConditionalRejectingErrorHandler : Execution of Rabbit message listener failed.

org.springframework.amqp.rabbit.support.ListenerExecutionFailedException: Listener method 'receiveMessage' threw exception
	at org.springframework.amqp.rabbit.listener.adapter.MessageListenerAdapter.invokeListenerMethod(MessageListenerAdapter.java:374) ~[spring-rabbit-3.0.4.jar:3.0.4]
	at org.springframework.amqp.rabbit.listener.adapter.MessageListenerAdapter.onMessage(MessageListenerAdapter.java:293) ~[spring-rabbit-3.0.4.jar:3.0.4]
	at org.springframework.amqp.rabbit.listener.AbstractMessageListenerContainer.doInvokeListener(AbstractMessageListenerContainer.java:1719) ~[spring-rabbit-3.0.4.jar:3.0.4]
	at org.springframework.amqp.rabbit.listener.AbstractMessageListenerContainer.actualInvokeListener(AbstractMessageListenerContainer.java:1638) ~[spring-rabbit-3.0.4.jar:3.0.4]
	at org.springframework.amqp.rabbit.listener.AbstractMessageListenerContainer.invokeListener(AbstractMessageListenerContainer.java:1626) ~[spring-rabbit-3.0.4.jar:3.0.4]
	at org.springframework.amqp.rabbit.listener.AbstractMessageListenerContainer.doExecuteListener(AbstractMessageListenerContainer.java:1617) ~[spring-rabbit-3.0.4.jar:3.0.4]
	at org.springframework.amqp.rabbit.listener.AbstractMessageListenerContainer.executeListenerAndHandleException(AbstractMessageListenerContainer.java:1562) ~[spring-rabbit-3.0.4.jar:3.0.4]
	at org.springframework.amqp.rabbit.listener.AbstractMessageListenerContainer.lambda$executeListener$8(AbstractMessageListenerContainer.java:1541) ~[spring-rabbit-3.0.4.jar:3.0.4]
	at io.micrometer.observation.Observation.lambda$observe$0(Observation.java:493) ~[micrometer-observation-1.11.0.jar:1.11.0]
	at io.micrometer.observation.Observation.observeWithContext(Observation.java:603) ~[micrometer-observation-1.11.0.jar:1.11.0]
	at io.micrometer.observation.Observation.observe(Observation.java:492) ~[micrometer-observation-1.11.0.jar:1.11.0]
	at org.springframework.amqp.rabbit.listener.AbstractMessageListenerContainer.executeListener(AbstractMessageListenerContainer.java:1541) ~[spring-rabbit-3.0.4.jar:3.0.4]
	at org.springframework.amqp.rabbit.listener.SimpleMessageListenerContainer.doReceiveAndExecute(SimpleMessageListenerContainer.java:1001) ~[spring-rabbit-3.0.4.jar:3.0.4]
	at org.springframework.amqp.rabbit.listener.SimpleMessageListenerContainer.receiveAndExecute(SimpleMessageListenerContainer.java:948) ~[spring-rabbit-3.0.4.jar:3.0.4]
	at org.springframework.amqp.rabbit.listener.SimpleMessageListenerContainer$AsyncMessageProcessingConsumer.mainLoop(SimpleMessageListenerContainer.java:1326) ~[spring-rabbit-3.0.4.jar:3.0.4]
	at org.springframework.amqp.rabbit.listener.SimpleMessageListenerContainer$AsyncMessageProcessingConsumer.run(SimpleMessageListenerContainer.java:1232) ~[spring-rabbit-3.0.4.jar:3.0.4]
	at java.base/java.lang.Thread.run(Thread.java:1589) ~[na:na]
Caused by: org.json.JSONException: No value for objectType
	at org.json.JSONObject.get(JSONObject.java:355) ~[android-json-0.0.20131108.vaadin1.jar:0.0.20131108.vaadin1]
	at edu.neu.info5.DemoApplication.service.IndexingListener.convertMapToDocumentIndex(IndexingListener.java:152) ~[classes/:na]
	at edu.neu.info5.DemoApplication.service.IndexingListener.postDocument(IndexingListener.java:73) ~[classes/:na]
	at edu.neu.info5.DemoApplication.service.IndexingListener.receiveMessage(IndexingListener.java:51) ~[classes/:na]
	at java.base/jdk.internal.reflect.DirectMethodHandleAccessor.invoke(DirectMethodHandleAccessor.java:104) ~[na:na]
	at java.base/java.lang.reflect.Method.invoke(Method.java:578) ~[na:na]
	at org.springframework.util.MethodInvoker.invoke(MethodInvoker.java:283) ~[spring-core-6.0.9.jar:6.0.9]
	at org.springframework.amqp.rabbit.listener.adapter.MessageListenerAdapter.invokeListenerMethod(MessageListenerAdapter.java:366) ~[spring-rabbit-3.0.4.jar:3.0.4]
	... 16 common frames omitted

Message received: {body={"mapType":"class java.util.HashMap","empty":false}, operation=SAVE}
2023-08-04T21:43:33.466-04:00  WARN 4865 --- [    container-1] org.elasticsearch.client.RestClient      : request [HEAD http://localhost:9200/plan-index?ignore_throttled=false&ignore_unavailable=false&expand_wildcards=open%2Cclosed&allow_no_indices=false] returned 2 warnings: [299 Elasticsearch-7.17.12-e3b0c3d3c5c130e1dc6d567d6baef1c73eeb2059 "Elasticsearch built-in security features are not enabled. Without authentication, your cluster could be accessible to anyone. See https://www.elastic.co/guide/en/elasticsearch/reference/7.17/security-minimal-setup.html to enable security."],[299 Elasticsearch-7.17.12-e3b0c3d3c5c130e1dc6d567d6baef1c73eeb2059 "[ignore_throttled] parameter is deprecated because frozen indices have been deprecated. Consider cold or frozen tiers in place of frozen indices."]
2023-08-04T21:43:33.466-04:00  WARN 4865 --- [    container-1] s.a.r.l.ConditionalRejectingErrorHandler : Execution of Rabbit message listener failed.

org.springframework.amqp.rabbit.support.ListenerExecutionFailedException: Listener method 'receiveMessage' threw exception
	at org.springframework.amqp.rabbit.listener.adapter.MessageListenerAdapter.invokeListenerMethod(MessageListenerAdapter.java:374) ~[spring-rabbit-3.0.4.jar:3.0.4]
	at org.springframework.amqp.rabbit.listener.adapter.MessageListenerAdapter.onMessage(MessageListenerAdapter.java:293) ~[spring-rabbit-3.0.4.jar:3.0.4]
	at org.springframework.amqp.rabbit.listener.AbstractMessageListenerContainer.doInvokeListener(AbstractMessageListenerContainer.java:1719) ~[spring-rabbit-3.0.4.jar:3.0.4]
	at org.springframework.amqp.rabbit.listener.AbstractMessageListenerContainer.actualInvokeListener(AbstractMessageListenerContainer.java:1638) ~[spring-rabbit-3.0.4.jar:3.0.4]
	at org.springframework.amqp.rabbit.listener.AbstractMessageListenerContainer.invokeListener(AbstractMessageListenerContainer.java:1626) ~[spring-rabbit-3.0.4.jar:3.0.4]
	at org.springframework.amqp.rabbit.listener.AbstractMessageListenerContainer.doExecuteListener(AbstractMessageListenerContainer.java:1617) ~[spring-rabbit-3.0.4.jar:3.0.4]
	at org.springframework.amqp.rabbit.listener.AbstractMessageListenerContainer.executeListenerAndHandleException(AbstractMessageListenerContainer.java:1562) ~[spring-rabbit-3.0.4.jar:3.0.4]
	at org.springframework.amqp.rabbit.listener.AbstractMessageListenerContainer.lambda$executeListener$8(AbstractMessageListenerContainer.java:1541) ~[spring-rabbit-3.0.4.jar:3.0.4]
	at io.micrometer.observation.Observation.lambda$observe$0(Observation.java:493) ~[micrometer-observation-1.11.0.jar:1.11.0]
	at io.micrometer.observation.Observation.observeWithContext(Observation.java:603) ~[micrometer-observation-1.11.0.jar:1.11.0]
	at io.micrometer.observation.Observation.observe(Observation.java:492) ~[micrometer-observation-1.11.0.jar:1.11.0]
	at org.springframework.amqp.rabbit.listener.AbstractMessageListenerContainer.executeListener(AbstractMessageListenerContainer.java:1541) ~[spring-rabbit-3.0.4.jar:3.0.4]
	at org.springframework.amqp.rabbit.listener.SimpleMessageListenerContainer.doReceiveAndExecute(SimpleMessageListenerContainer.java:1001) ~[spring-rabbit-3.0.4.jar:3.0.4]
	at org.springframework.amqp.rabbit.listener.SimpleMessageListenerContainer.receiveAndExecute(SimpleMessageListenerContainer.java:948) ~[spring-rabbit-3.0.4.jar:3.0.4]
	at org.springframework.amqp.rabbit.listener.SimpleMessageListenerContainer$AsyncMessageProcessingConsumer.mainLoop(SimpleMessageListenerContainer.java:1326) ~[spring-rabbit-3.0.4.jar:3.0.4]
	at org.springframework.amqp.rabbit.listener.SimpleMessageListenerContainer$AsyncMessageProcessingConsumer.run(SimpleMessageListenerContainer.java:1232) ~[spring-rabbit-3.0.4.jar:3.0.4]
	at java.base/java.lang.Thread.run(Thread.java:1589) ~[na:na]
Caused by: org.json.JSONException: No value for objectType
	at org.json.JSONObject.get(JSONObject.java:355) ~[android-json-0.0.20131108.vaadin1.jar:0.0.20131108.vaadin1]
	at edu.neu.info5.DemoApplication.service.IndexingListener.convertMapToDocumentIndex(IndexingListener.java:152) ~[classes/:na]
	at edu.neu.info5.DemoApplication.service.IndexingListener.postDocument(IndexingListener.java:73) ~[classes/:na]
	at edu.neu.info5.DemoApplication.service.IndexingListener.receiveMessage(IndexingListener.java:51) ~[classes/:na]
	at java.base/jdk.internal.reflect.DirectMethodHandleAccessor.invoke(DirectMethodHandleAccessor.java:104) ~[na:na]
	at java.base/java.lang.reflect.Method.invoke(Method.java:578) ~[na:na]
	at org.springframework.util.MethodInvoker.invoke(MethodInvoker.java:283) ~[spring-core-6.0.9.jar:6.0.9]
	at org.springframework.amqp.rabbit.listener.adapter.MessageListenerAdapter.invokeListenerMethod(MessageListenerAdapter.java:366) ~[spring-rabbit-3.0.4.jar:3.0.4]
	... 16 common frames omitted

Message received: {body={"mapType":"class java.util.HashMap","empty":false}, operation=SAVE}
2023-08-04T21:43:33.469-04:00  WARN 4865 --- [    container-1] org.elasticsearch.client.RestClient      : request [HEAD http://localhost:9200/plan-index?ignore_throttled=false&ignore_unavailable=false&expand_wildcards=open%2Cclosed&allow_no_indices=false] returned 2 warnings: [299 Elasticsearch-7.17.12-e3b0c3d3c5c130e1dc6d567d6baef1c73eeb2059 "Elasticsearch built-in security features are not enabled. Without authentication, your cluster could be accessible to anyone. See https://www.elastic.co/guide/en/elasticsearch/reference/7.17/security-minimal-setup.html to enable security."],[299 Elasticsearch-7.17.12-e3b0c3d3c5c130e1dc6d567d6baef1c73eeb2059 "[ignore_throttled] parameter is deprecated because frozen indices have been deprecated. Consider cold or frozen tiers in place of frozen indices."]
2023-08-04T21:43:33.470-04:00  WARN 4865 --- [    container-1] s.a.r.l.ConditionalRejectingErrorHandler : Execution of Rabbit message listener failed.

org.springframework.amqp.rabbit.support.ListenerExecutionFailedException: Listener method 'receiveMessage' threw exception
	at org.springframework.amqp.rabbit.listener.adapter.MessageListenerAdapter.invokeListenerMethod(MessageListenerAdapter.java:374) ~[spring-rabbit-3.0.4.jar:3.0.4]
	at org.springframework.amqp.rabbit.listener.adapter.MessageListenerAdapter.onMessage(MessageListenerAdapter.java:293) ~[spring-rabbit-3.0.4.jar:3.0.4]
	at org.springframework.amqp.rabbit.listener.AbstractMessageListenerContainer.doInvokeListener(AbstractMessageListenerContainer.java:1719) ~[spring-rabbit-3.0.4.jar:3.0.4]
	at org.springframework.amqp.rabbit.listener.AbstractMessageListenerContainer.actualInvokeListener(AbstractMessageListenerContainer.java:1638) ~[spring-rabbit-3.0.4.jar:3.0.4]
	at org.springframework.amqp.rabbit.listener.AbstractMessageListenerContainer.invokeListener(AbstractMessageListenerContainer.java:1626) ~[spring-rabbit-3.0.4.jar:3.0.4]
	at org.springframework.amqp.rabbit.listener.AbstractMessageListenerContainer.doExecuteListener(AbstractMessageListenerContainer.java:1617) ~[spring-rabbit-3.0.4.jar:3.0.4]
	at org.springframework.amqp.rabbit.listener.AbstractMessageListenerContainer.executeListenerAndHandleException(AbstractMessageListenerContainer.java:1562) ~[spring-rabbit-3.0.4.jar:3.0.4]
	at org.springframework.amqp.rabbit.listener.AbstractMessageListenerContainer.lambda$executeListener$8(AbstractMessageListenerContainer.java:1541) ~[spring-rabbit-3.0.4.jar:3.0.4]
	at io.micrometer.observation.Observation.lambda$observe$0(Observation.java:493) ~[micrometer-observation-1.11.0.jar:1.11.0]
	at io.micrometer.observation.Observation.observeWithContext(Observation.java:603) ~[micrometer-observation-1.11.0.jar:1.11.0]
	at io.micrometer.observation.Observation.observe(Observation.java:492) ~[micrometer-observation-1.11.0.jar:1.11.0]
	at org.springframework.amqp.rabbit.listener.AbstractMessageListenerContainer.executeListener(AbstractMessageListenerContainer.java:1541) ~[spring-rabbit-3.0.4.jar:3.0.4]
	at org.springframework.amqp.rabbit.listener.SimpleMessageListenerContainer.doReceiveAndExecute(SimpleMessageListenerContainer.java:1001) ~[spring-rabbit-3.0.4.jar:3.0.4]
	at org.springframework.amqp.rabbit.listener.SimpleMessageListenerContainer.receiveAndExecute(SimpleMessageListenerContainer.java:948) ~[spring-rabbit-3.0.4.jar:3.0.4]
	at org.springframework.amqp.rabbit.listener.SimpleMessageListenerContainer$AsyncMessageProcessingConsumer.mainLoop(SimpleMessageListenerContainer.java:1326) ~[spring-rabbit-3.0.4.jar:3.0.4]
	at org.springframework.amqp.rabbit.listener.SimpleMessageListenerContainer$AsyncMessageProcessingConsumer.run(SimpleMessageListenerContainer.java:1232) ~[spring-rabbit-3.0.4.jar:3.0.4]
	at java.base/java.lang.Thread.run(Thread.java:1589) ~[na:na]
Caused by: org.json.JSONException: No value for objectType
	at org.json.JSONObject.get(JSONObject.java:355) ~[android-json-0.0.20131108.vaadin1.jar:0.0.20131108.vaadin1]
	at edu.neu.info5.DemoApplication.service.IndexingListener.convertMapToDocumentIndex(IndexingListener.java:152) ~[classes/:na]
	at edu.neu.info5.DemoApplication.service.IndexingListener.postDocument(IndexingListener.java:73) ~[classes/:na]
	at edu.neu.info5.DemoApplication.service.IndexingListener.receiveMessage(IndexingListener.java:51) ~[classes/:na]
	at java.base/jdk.internal.reflect.DirectMethodHandleAccessor.invoke(DirectMethodHandleAccessor.java:104) ~[na:na]
	at java.base/java.lang.reflect.Method.invoke(Method.java:578) ~[na:na]
	at org.springframework.util.MethodInvoker.invoke(MethodInvoker.java:283) ~[spring-core-6.0.9.jar:6.0.9]
	at org.springframework.amqp.rabbit.listener.adapter.MessageListenerAdapter.invokeListenerMethod(MessageListenerAdapter.java:366) ~[spring-rabbit-3.0.4.jar:3.0.4]
	... 16 common frames omitted

Message received: {body={"mapType":"class java.util.HashMap","empty":false}, operation=SAVE}
2023-08-04T21:43:33.473-04:00  WARN 4865 --- [    container-1] org.elasticsearch.client.RestClient      : request [HEAD http://localhost:9200/plan-index?ignore_throttled=false&ignore_unavailable=false&expand_wildcards=open%2Cclosed&allow_no_indices=false] returned 2 warnings: [299 Elasticsearch-7.17.12-e3b0c3d3c5c130e1dc6d567d6baef1c73eeb2059 "Elasticsearch built-in security features are not enabled. Without authentication, your cluster could be accessible to anyone. See https://www.elastic.co/guide/en/elasticsearch/reference/7.17/security-minimal-setup.html to enable security."],[299 Elasticsearch-7.17.12-e3b0c3d3c5c130e1dc6d567d6baef1c73eeb2059 "[ignore_throttled] parameter is deprecated because frozen indices have been deprecated. Consider cold or frozen tiers in place of frozen indices."]
2023-08-04T21:43:33.474-04:00  WARN 4865 --- [    container-1] s.a.r.l.ConditionalRejectingErrorHandler : Execution of Rabbit message listener failed.

org.springframework.amqp.rabbit.support.ListenerExecutionFailedException: Listener method 'receiveMessage' threw exception
	at org.springframework.amqp.rabbit.listener.adapter.MessageListenerAdapter.invokeListenerMethod(MessageListenerAdapter.java:374) ~[spring-rabbit-3.0.4.jar:3.0.4]
	at org.springframework.amqp.rabbit.listener.adapter.MessageListenerAdapter.onMessage(MessageListenerAdapter.java:293) ~[spring-rabbit-3.0.4.jar:3.0.4]
	at org.springframework.amqp.rabbit.listener.AbstractMessageListenerContainer.doInvokeListener(AbstractMessageListenerContainer.java:1719) ~[spring-rabbit-3.0.4.jar:3.0.4]
	at org.springframework.amqp.rabbit.listener.AbstractMessageListenerContainer.actualInvokeListener(AbstractMessageListenerContainer.java:1638) ~[spring-rabbit-3.0.4.jar:3.0.4]
	at org.springframework.amqp.rabbit.listener.AbstractMessageListenerContainer.invokeListener(AbstractMessageListenerContainer.java:1626) ~[spring-rabbit-3.0.4.jar:3.0.4]
	at org.springframework.amqp.rabbit.listener.AbstractMessageListenerContainer.doExecuteListener(AbstractMessageListenerContainer.java:1617) ~[spring-rabbit-3.0.4.jar:3.0.4]
	at org.springframework.amqp.rabbit.listener.AbstractMessageListenerContainer.executeListenerAndHandleException(AbstractMessageListenerContainer.java:1562) ~[spring-rabbit-3.0.4.jar:3.0.4]
	at org.springframework.amqp.rabbit.listener.AbstractMessageListenerContainer.lambda$executeListener$8(AbstractMessageListenerContainer.java:1541) ~[spring-rabbit-3.0.4.jar:3.0.4]
	at io.micrometer.observation.Observation.lambda$observe$0(Observation.java:493) ~[micrometer-observation-1.11.0.jar:1.11.0]
	at io.micrometer.observation.Observation.observeWithContext(Observation.java:603) ~[micrometer-observation-1.11.0.jar:1.11.0]
	at io.micrometer.observation.Observation.observe(Observation.java:492) ~[micrometer-observation-1.11.0.jar:1.11.0]
	at org.springframework.amqp.rabbit.listener.AbstractMessageListenerContainer.executeListener(AbstractMessageListenerContainer.java:1541) ~[spring-rabbit-3.0.4.jar:3.0.4]
	at org.springframework.amqp.rabbit.listener.SimpleMessageListenerContainer.doReceiveAndExecute(SimpleMessageListenerContainer.java:1001) ~[spring-rabbit-3.0.4.jar:3.0.4]
	at org.springframework.amqp.rabbit.listener.SimpleMessageListenerContainer.receiveAndExecute(SimpleMessageListenerContainer.java:948) ~[spring-rabbit-3.0.4.jar:3.0.4]
	at org.springframework.amqp.rabbit.listener.SimpleMessageListenerContainer$AsyncMessageProcessingConsumer.mainLoop(SimpleMessageListenerContainer.java:1326) ~[spring-rabbit-3.0.4.jar:3.0.4]
	at org.springframework.amqp.rabbit.listener.SimpleMessageListenerContainer$AsyncMessageProcessingConsumer.run(SimpleMessageListenerContainer.java:1232) ~[spring-rabbit-3.0.4.jar:3.0.4]
	at java.base/java.lang.Thread.run(Thread.java:1589) ~[na:na]
Caused by: org.json.JSONException: No value for objectType
	at org.json.JSONObject.get(JSONObject.java:355) ~[android-json-0.0.20131108.vaadin1.jar:0.0.20131108.vaadin1]
	at edu.neu.info5.DemoApplication.service.IndexingListener.convertMapToDocumentIndex(IndexingListener.java:152) ~[classes/:na]
	at edu.neu.info5.DemoApplication.service.IndexingListener.postDocument(IndexingListener.java:73) ~[classes/:na]
	at edu.neu.info5.DemoApplication.service.IndexingListener.receiveMessage(IndexingListener.java:51) ~[classes/:na]
	at java.base/jdk.internal.reflect.DirectMethodHandleAccessor.invoke(DirectMethodHandleAccessor.java:104) ~[na:na]
	at java.base/java.lang.reflect.Method.invoke(Method.java:578) ~[na:na]
	at org.springframework.util.MethodInvoker.invoke(MethodInvoker.java:283) ~[spring-core-6.0.9.jar:6.0.9]
	at org.springframework.amqp.rabbit.listener.adapter.MessageListenerAdapter.invokeListenerMethod(MessageListenerAdapter.java:366) ~[spring-rabbit-3.0.4.jar:3.0.4]
	... 16 common frames omitted

Message received: {body={"mapType":"class java.util.HashMap","empty":false}, operation=SAVE}
2023-08-04T21:43:33.478-04:00  WARN 4865 --- [    container-1] org.elasticsearch.client.RestClient      : request [HEAD http://localhost:9200/plan-index?ignore_throttled=false&ignore_unavailable=false&expand_wildcards=open%2Cclosed&allow_no_indices=false] returned 2 warnings: [299 Elasticsearch-7.17.12-e3b0c3d3c5c130e1dc6d567d6baef1c73eeb2059 "Elasticsearch built-in security features are not enabled. Without authentication, your cluster could be accessible to anyone. See https://www.elastic.co/guide/en/elasticsearch/reference/7.17/security-minimal-setup.html to enable security."],[299 Elasticsearch-7.17.12-e3b0c3d3c5c130e1dc6d567d6baef1c73eeb2059 "[ignore_throttled] parameter is deprecated because frozen indices have been deprecated. Consider cold or frozen tiers in place of frozen indices."]
2023-08-04T21:43:33.478-04:00  WARN 4865 --- [    container-1] s.a.r.l.ConditionalRejectingErrorHandler : Execution of Rabbit message listener failed.

org.springframework.amqp.rabbit.support.ListenerExecutionFailedException: Listener method 'receiveMessage' threw exception
	at org.springframework.amqp.rabbit.listener.adapter.MessageListenerAdapter.invokeListenerMethod(MessageListenerAdapter.java:374) ~[spring-rabbit-3.0.4.jar:3.0.4]
	at org.springframework.amqp.rabbit.listener.adapter.MessageListenerAdapter.onMessage(MessageListenerAdapter.java:293) ~[spring-rabbit-3.0.4.jar:3.0.4]
	at org.springframework.amqp.rabbit.listener.AbstractMessageListenerContainer.doInvokeListener(AbstractMessageListenerContainer.java:1719) ~[spring-rabbit-3.0.4.jar:3.0.4]
	at org.springframework.amqp.rabbit.listener.AbstractMessageListenerContainer.actualInvokeListener(AbstractMessageListenerContainer.java:1638) ~[spring-rabbit-3.0.4.jar:3.0.4]
	at org.springframework.amqp.rabbit.listener.AbstractMessageListenerContainer.invokeListener(AbstractMessageListenerContainer.java:1626) ~[spring-rabbit-3.0.4.jar:3.0.4]
	at org.springframework.amqp.rabbit.listener.AbstractMessageListenerContainer.doExecuteListener(AbstractMessageListenerContainer.java:1617) ~[spring-rabbit-3.0.4.jar:3.0.4]
	at org.springframework.amqp.rabbit.listener.AbstractMessageListenerContainer.executeListenerAndHandleException(AbstractMessageListenerContainer.java:1562) ~[spring-rabbit-3.0.4.jar:3.0.4]
	at org.springframework.amqp.rabbit.listener.AbstractMessageListenerContainer.lambda$executeListener$8(AbstractMessageListenerContainer.java:1541) ~[spring-rabbit-3.0.4.jar:3.0.4]
	at io.micrometer.observation.Observation.lambda$observe$0(Observation.java:493) ~[micrometer-observation-1.11.0.jar:1.11.0]
	at io.micrometer.observation.Observation.observeWithContext(Observation.java:603) ~[micrometer-observation-1.11.0.jar:1.11.0]
	at io.micrometer.observation.Observation.observe(Observation.java:492) ~[micrometer-observation-1.11.0.jar:1.11.0]
	at org.springframework.amqp.rabbit.listener.AbstractMessageListenerContainer.executeListener(AbstractMessageListenerContainer.java:1541) ~[spring-rabbit-3.0.4.jar:3.0.4]
	at org.springframework.amqp.rabbit.listener.SimpleMessageListenerContainer.doReceiveAndExecute(SimpleMessageListenerContainer.java:1001) ~[spring-rabbit-3.0.4.jar:3.0.4]
	at org.springframework.amqp.rabbit.listener.SimpleMessageListenerContainer.receiveAndExecute(SimpleMessageListenerContainer.java:948) ~[spring-rabbit-3.0.4.jar:3.0.4]
	at org.springframework.amqp.rabbit.listener.SimpleMessageListenerContainer$AsyncMessageProcessingConsumer.mainLoop(SimpleMessageListenerContainer.java:1326) ~[spring-rabbit-3.0.4.jar:3.0.4]
	at org.springframework.amqp.rabbit.listener.SimpleMessageListenerContainer$AsyncMessageProcessingConsumer.run(SimpleMessageListenerContainer.java:1232) ~[spring-rabbit-3.0.4.jar:3.0.4]
	at java.base/java.lang.Thread.run(Thread.java:1589) ~[na:na]
Caused by: org.json.JSONException: No value for objectType
	at org.json.JSONObject.get(JSONObject.java:355) ~[android-json-0.0.20131108.vaadin1.jar:0.0.20131108.vaadin1]
	at edu.neu.info5.DemoApplication.service.IndexingListener.convertMapToDocumentIndex(IndexingListener.java:152) ~[classes/:na]
	at edu.neu.info5.DemoApplication.service.IndexingListener.postDocument(IndexingListener.java:73) ~[classes/:na]
	at edu.neu.info5.DemoApplication.service.IndexingListener.receiveMessage(IndexingListener.java:51) ~[classes/:na]
	at java.base/jdk.internal.reflect.DirectMethodHandleAccessor.invoke(DirectMethodHandleAccessor.java:104) ~[na:na]
	at java.base/java.lang.reflect.Method.invoke(Method.java:578) ~[na:na]
	at org.springframework.util.MethodInvoker.invoke(MethodInvoker.java:283) ~[spring-core-6.0.9.jar:6.0.9]
	at org.springframework.amqp.rabbit.listener.adapter.MessageListenerAdapter.invokeListenerMethod(MessageListenerAdapter.java:366) ~[spring-rabbit-3.0.4.jar:3.0.4]
	... 16 common frames omitted

Message received: {body={"mapType":"class java.util.HashMap","empty":false}, operation=SAVE}
2023-08-04T21:43:33.485-04:00  WARN 4865 --- [    container-1] org.elasticsearch.client.RestClient      : request [HEAD http://localhost:9200/plan-index?ignore_throttled=false&ignore_unavailable=false&expand_wildcards=open%2Cclosed&allow_no_indices=false] returned 2 warnings: [299 Elasticsearch-7.17.12-e3b0c3d3c5c130e1dc6d567d6baef1c73eeb2059 "Elasticsearch built-in security features are not enabled. Without authentication, your cluster could be accessible to anyone. See https://www.elastic.co/guide/en/elasticsearch/reference/7.17/security-minimal-setup.html to enable security."],[299 Elasticsearch-7.17.12-e3b0c3d3c5c130e1dc6d567d6baef1c73eeb2059 "[ignore_throttled] parameter is deprecated because frozen indices have been deprecated. Consider cold or frozen tiers in place of frozen indices."]
2023-08-04T21:43:33.486-04:00  WARN 4865 --- [    container-1] s.a.r.l.ConditionalRejectingErrorHandler : Execution of Rabbit message listener failed.

org.springframework.amqp.rabbit.support.ListenerExecutionFailedException: Listener method 'receiveMessage' threw exception
	at org.springframework.amqp.rabbit.listener.adapter.MessageListenerAdapter.invokeListenerMethod(MessageListenerAdapter.java:374) ~[spring-rabbit-3.0.4.jar:3.0.4]
	at org.springframework.amqp.rabbit.listener.adapter.MessageListenerAdapter.onMessage(MessageListenerAdapter.java:293) ~[spring-rabbit-3.0.4.jar:3.0.4]
	at org.springframework.amqp.rabbit.listener.AbstractMessageListenerContainer.doInvokeListener(AbstractMessageListenerContainer.java:1719) ~[spring-rabbit-3.0.4.jar:3.0.4]
	at org.springframework.amqp.rabbit.listener.AbstractMessageListenerContainer.actualInvokeListener(AbstractMessageListenerContainer.java:1638) ~[spring-rabbit-3.0.4.jar:3.0.4]
	at org.springframework.amqp.rabbit.listener.AbstractMessageListenerContainer.invokeListener(AbstractMessageListenerContainer.java:1626) ~[spring-rabbit-3.0.4.jar:3.0.4]
	at org.springframework.amqp.rabbit.listener.AbstractMessageListenerContainer.doExecuteListener(AbstractMessageListenerContainer.java:1617) ~[spring-rabbit-3.0.4.jar:3.0.4]
	at org.springframework.amqp.rabbit.listener.AbstractMessageListenerContainer.executeListenerAndHandleException(AbstractMessageListenerContainer.java:1562) ~[spring-rabbit-3.0.4.jar:3.0.4]
	at org.springframework.amqp.rabbit.listener.AbstractMessageListenerContainer.lambda$executeListener$8(AbstractMessageListenerContainer.java:1541) ~[spring-rabbit-3.0.4.jar:3.0.4]
	at io.micrometer.observation.Observation.lambda$observe$0(Observation.java:493) ~[micrometer-observation-1.11.0.jar:1.11.0]
	at io.micrometer.observation.Observation.observeWithContext(Observation.java:603) ~[micrometer-observation-1.11.0.jar:1.11.0]
	at io.micrometer.observation.Observation.observe(Observation.java:492) ~[micrometer-observation-1.11.0.jar:1.11.0]
	at org.springframework.amqp.rabbit.listener.AbstractMessageListenerContainer.executeListener(AbstractMessageListenerContainer.java:1541) ~[spring-rabbit-3.0.4.jar:3.0.4]
	at org.springframework.amqp.rabbit.listener.SimpleMessageListenerContainer.doReceiveAndExecute(SimpleMessageListenerContainer.java:1001) ~[spring-rabbit-3.0.4.jar:3.0.4]
	at org.springframework.amqp.rabbit.listener.SimpleMessageListenerContainer.receiveAndExecute(SimpleMessageListenerContainer.java:948) ~[spring-rabbit-3.0.4.jar:3.0.4]
	at org.springframework.amqp.rabbit.listener.SimpleMessageListenerContainer$AsyncMessageProcessingConsumer.mainLoop(SimpleMessageListenerContainer.java:1326) ~[spring-rabbit-3.0.4.jar:3.0.4]
	at org.springframework.amqp.rabbit.listener.SimpleMessageListenerContainer$AsyncMessageProcessingConsumer.run(SimpleMessageListenerContainer.java:1232) ~[spring-rabbit-3.0.4.jar:3.0.4]
	at java.base/java.lang.Thread.run(Thread.java:1589) ~[na:na]
Caused by: org.json.JSONException: No value for objectType
	at org.json.JSONObject.get(JSONObject.java:355) ~[android-json-0.0.20131108.vaadin1.jar:0.0.20131108.vaadin1]
	at edu.neu.info5.DemoApplication.service.IndexingListener.convertMapToDocumentIndex(IndexingListener.java:152) ~[classes/:na]
	at edu.neu.info5.DemoApplication.service.IndexingListener.postDocument(IndexingListener.java:73) ~[classes/:na]
	at edu.neu.info5.DemoApplication.service.IndexingListener.receiveMessage(IndexingListener.java:51) ~[classes/:na]
	at java.base/jdk.internal.reflect.DirectMethodHandleAccessor.invoke(DirectMethodHandleAccessor.java:104) ~[na:na]
	at java.base/java.lang.reflect.Method.invoke(Method.java:578) ~[na:na]
	at org.springframework.util.MethodInvoker.invoke(MethodInvoker.java:283) ~[spring-core-6.0.9.jar:6.0.9]
	at org.springframework.amqp.rabbit.listener.adapter.MessageListenerAdapter.invokeListenerMethod(MessageListenerAdapter.java:366) ~[spring-rabbit-3.0.4.jar:3.0.4]
	... 16 common frames omitted

Message received: {body={"mapType":"class java.util.HashMap","empty":false}, operation=SAVE}
2023-08-04T21:43:33.489-04:00  WARN 4865 --- [    container-1] org.elasticsearch.client.RestClient      : request [HEAD http://localhost:9200/plan-index?ignore_throttled=false&ignore_unavailable=false&expand_wildcards=open%2Cclosed&allow_no_indices=false] returned 2 warnings: [299 Elasticsearch-7.17.12-e3b0c3d3c5c130e1dc6d567d6baef1c73eeb2059 "Elasticsearch built-in security features are not enabled. Without authentication, your cluster could be accessible to anyone. See https://www.elastic.co/guide/en/elasticsearch/reference/7.17/security-minimal-setup.html to enable security."],[299 Elasticsearch-7.17.12-e3b0c3d3c5c130e1dc6d567d6baef1c73eeb2059 "[ignore_throttled] parameter is deprecated because frozen indices have been deprecated. Consider cold or frozen tiers in place of frozen indices."]
2023-08-04T21:43:33.490-04:00  WARN 4865 --- [    container-1] s.a.r.l.ConditionalRejectingErrorHandler : Execution of Rabbit message listener failed.

org.springframework.amqp.rabbit.support.ListenerExecutionFailedException: Listener method 'receiveMessage' threw exception
	at org.springframework.amqp.rabbit.listener.adapter.MessageListenerAdapter.invokeListenerMethod(MessageListenerAdapter.java:374) ~[spring-rabbit-3.0.4.jar:3.0.4]
	at org.springframework.amqp.rabbit.listener.adapter.MessageListenerAdapter.onMessage(MessageListenerAdapter.java:293) ~[spring-rabbit-3.0.4.jar:3.0.4]
	at org.springframework.amqp.rabbit.listener.AbstractMessageListenerContainer.doInvokeListener(AbstractMessageListenerContainer.java:1719) ~[spring-rabbit-3.0.4.jar:3.0.4]
	at org.springframework.amqp.rabbit.listener.AbstractMessageListenerContainer.actualInvokeListener(AbstractMessageListenerContainer.java:1638) ~[spring-rabbit-3.0.4.jar:3.0.4]
	at org.springframework.amqp.rabbit.listener.AbstractMessageListenerContainer.invokeListener(AbstractMessageListenerContainer.java:1626) ~[spring-rabbit-3.0.4.jar:3.0.4]
	at org.springframework.amqp.rabbit.listener.AbstractMessageListenerContainer.doExecuteListener(AbstractMessageListenerContainer.java:1617) ~[spring-rabbit-3.0.4.jar:3.0.4]
	at org.springframework.amqp.rabbit.listener.AbstractMessageListenerContainer.executeListenerAndHandleException(AbstractMessageListenerContainer.java:1562) ~[spring-rabbit-3.0.4.jar:3.0.4]
	at org.springframework.amqp.rabbit.listener.AbstractMessageListenerContainer.lambda$executeListener$8(AbstractMessageListenerContainer.java:1541) ~[spring-rabbit-3.0.4.jar:3.0.4]
	at io.micrometer.observation.Observation.lambda$observe$0(Observation.java:493) ~[micrometer-observation-1.11.0.jar:1.11.0]
	at io.micrometer.observation.Observation.observeWithContext(Observation.java:603) ~[micrometer-observation-1.11.0.jar:1.11.0]
	at io.micrometer.observation.Observation.observe(Observation.java:492) ~[micrometer-observation-1.11.0.jar:1.11.0]
	at org.springframework.amqp.rabbit.listener.AbstractMessageListenerContainer.executeListener(AbstractMessageListenerContainer.java:1541) ~[spring-rabbit-3.0.4.jar:3.0.4]
	at org.springframework.amqp.rabbit.listener.SimpleMessageListenerContainer.doReceiveAndExecute(SimpleMessageListenerContainer.java:1001) ~[spring-rabbit-3.0.4.jar:3.0.4]
	at org.springframework.amqp.rabbit.listener.SimpleMessageListenerContainer.receiveAndExecute(SimpleMessageListenerContainer.java:948) ~[spring-rabbit-3.0.4.jar:3.0.4]
	at org.springframework.amqp.rabbit.listener.SimpleMessageListenerContainer$AsyncMessageProcessingConsumer.mainLoop(SimpleMessageListenerContainer.java:1326) ~[spring-rabbit-3.0.4.jar:3.0.4]
	at org.springframework.amqp.rabbit.listener.SimpleMessageListenerContainer$AsyncMessageProcessingConsumer.run(SimpleMessageListenerContainer.java:1232) ~[spring-rabbit-3.0.4.jar:3.0.4]
	at java.base/java.lang.Thread.run(Thread.java:1589) ~[na:na]
Caused by: org.json.JSONException: No value for objectType
	at org.json.JSONObject.get(JSONObject.java:355) ~[android-json-0.0.20131108.vaadin1.jar:0.0.20131108.vaadin1]
	at edu.neu.info5.DemoApplication.service.IndexingListener.convertMapToDocumentIndex(IndexingListener.java:152) ~[classes/:na]
	at edu.neu.info5.DemoApplication.service.IndexingListener.postDocument(IndexingListener.java:73) ~[classes/:na]
	at edu.neu.info5.DemoApplication.service.IndexingListener.receiveMessage(IndexingListener.java:51) ~[classes/:na]
	at java.base/jdk.internal.reflect.DirectMethodHandleAccessor.invoke(DirectMethodHandleAccessor.java:104) ~[na:na]
	at java.base/java.lang.reflect.Method.invoke(Method.java:578) ~[na:na]
	at org.springframework.util.MethodInvoker.invoke(MethodInvoker.java:283) ~[spring-core-6.0.9.jar:6.0.9]
	at org.springframework.amqp.rabbit.listener.adapter.MessageListenerAdapter.invokeListenerMethod(MessageListenerAdapter.java:366) ~[spring-rabbit-3.0.4.jar:3.0.4]
	... 16 common frames omitted

Message received: {body={"mapType":"class java.util.HashMap","empty":false}, operation=SAVE}
2023-08-04T21:43:33.493-04:00  WARN 4865 --- [    container-1] org.elasticsearch.client.RestClient      : request [HEAD http://localhost:9200/plan-index?ignore_throttled=false&ignore_unavailable=false&expand_wildcards=open%2Cclosed&allow_no_indices=false] returned 2 warnings: [299 Elasticsearch-7.17.12-e3b0c3d3c5c130e1dc6d567d6baef1c73eeb2059 "Elasticsearch built-in security features are not enabled. Without authentication, your cluster could be accessible to anyone. See https://www.elastic.co/guide/en/elasticsearch/reference/7.17/security-minimal-setup.html to enable security."],[299 Elasticsearch-7.17.12-e3b0c3d3c5c130e1dc6d567d6baef1c73eeb2059 "[ignore_throttled] parameter is deprecated because frozen indices have been deprecated. Consider cold or frozen tiers in place of frozen indices."]
2023-08-04T21:43:33.494-04:00  WARN 4865 --- [    container-1] s.a.r.l.ConditionalRejectingErrorHandler : Execution of Rabbit message listener failed.

org.springframework.amqp.rabbit.support.ListenerExecutionFailedException: Listener method 'receiveMessage' threw exception
	at org.springframework.amqp.rabbit.listener.adapter.MessageListenerAdapter.invokeListenerMethod(MessageListenerAdapter.java:374) ~[spring-rabbit-3.0.4.jar:3.0.4]
	at org.springframework.amqp.rabbit.listener.adapter.MessageListenerAdapter.onMessage(MessageListenerAdapter.java:293) ~[spring-rabbit-3.0.4.jar:3.0.4]
	at org.springframework.amqp.rabbit.listener.AbstractMessageListenerContainer.doInvokeListener(AbstractMessageListenerContainer.java:1719) ~[spring-rabbit-3.0.4.jar:3.0.4]
	at org.springframework.amqp.rabbit.listener.AbstractMessageListenerContainer.actualInvokeListener(AbstractMessageListenerContainer.java:1638) ~[spring-rabbit-3.0.4.jar:3.0.4]
	at org.springframework.amqp.rabbit.listener.AbstractMessageListenerContainer.invokeListener(AbstractMessageListenerContainer.java:1626) ~[spring-rabbit-3.0.4.jar:3.0.4]
	at org.springframework.amqp.rabbit.listener.AbstractMessageListenerContainer.doExecuteListener(AbstractMessageListenerContainer.java:1617) ~[spring-rabbit-3.0.4.jar:3.0.4]
	at org.springframework.amqp.rabbit.listener.AbstractMessageListenerContainer.executeListenerAndHandleException(AbstractMessageListenerContainer.java:1562) ~[spring-rabbit-3.0.4.jar:3.0.4]
	at org.springframework.amqp.rabbit.listener.AbstractMessageListenerContainer.lambda$executeListener$8(AbstractMessageListenerContainer.java:1541) ~[spring-rabbit-3.0.4.jar:3.0.4]
	at io.micrometer.observation.Observation.lambda$observe$0(Observation.java:493) ~[micrometer-observation-1.11.0.jar:1.11.0]
	at io.micrometer.observation.Observation.observeWithContext(Observation.java:603) ~[micrometer-observation-1.11.0.jar:1.11.0]
	at io.micrometer.observation.Observation.observe(Observation.java:492) ~[micrometer-observation-1.11.0.jar:1.11.0]
	at org.springframework.amqp.rabbit.listener.AbstractMessageListenerContainer.executeListener(AbstractMessageListenerContainer.java:1541) ~[spring-rabbit-3.0.4.jar:3.0.4]
	at org.springframework.amqp.rabbit.listener.SimpleMessageListenerContainer.doReceiveAndExecute(SimpleMessageListenerContainer.java:1001) ~[spring-rabbit-3.0.4.jar:3.0.4]
	at org.springframework.amqp.rabbit.listener.SimpleMessageListenerContainer.receiveAndExecute(SimpleMessageListenerContainer.java:948) ~[spring-rabbit-3.0.4.jar:3.0.4]
	at org.springframework.amqp.rabbit.listener.SimpleMessageListenerContainer$AsyncMessageProcessingConsumer.mainLoop(SimpleMessageListenerContainer.java:1326) ~[spring-rabbit-3.0.4.jar:3.0.4]
	at org.springframework.amqp.rabbit.listener.SimpleMessageListenerContainer$AsyncMessageProcessingConsumer.run(SimpleMessageListenerContainer.java:1232) ~[spring-rabbit-3.0.4.jar:3.0.4]
	at java.base/java.lang.Thread.run(Thread.java:1589) ~[na:na]
Caused by: org.json.JSONException: No value for objectType
	at org.json.JSONObject.get(JSONObject.java:355) ~[android-json-0.0.20131108.vaadin1.jar:0.0.20131108.vaadin1]
	at edu.neu.info5.DemoApplication.service.IndexingListener.convertMapToDocumentIndex(IndexingListener.java:152) ~[classes/:na]
	at edu.neu.info5.DemoApplication.service.IndexingListener.postDocument(IndexingListener.java:73) ~[classes/:na]
	at edu.neu.info5.DemoApplication.service.IndexingListener.receiveMessage(IndexingListener.java:51) ~[classes/:na]
	at java.base/jdk.internal.reflect.DirectMethodHandleAccessor.invoke(DirectMethodHandleAccessor.java:104) ~[na:na]
	at java.base/java.lang.reflect.Method.invoke(Method.java:578) ~[na:na]
	at org.springframework.util.MethodInvoker.invoke(MethodInvoker.java:283) ~[spring-core-6.0.9.jar:6.0.9]
	at org.springframework.amqp.rabbit.listener.adapter.MessageListenerAdapter.invokeListenerMethod(MessageListenerAdapter.java:366) ~[spring-rabbit-3.0.4.jar:3.0.4]
	... 16 common frames omitted

Message received: {body={"mapType":"class java.util.HashMap","empty":false}, operation=SAVE}
2023-08-04T21:43:33.497-04:00  WARN 4865 --- [    container-1] org.elasticsearch.client.RestClient      : request [HEAD http://localhost:9200/plan-index?ignore_throttled=false&ignore_unavailable=false&expand_wildcards=open%2Cclosed&allow_no_indices=false] returned 2 warnings: [299 Elasticsearch-7.17.12-e3b0c3d3c5c130e1dc6d567d6baef1c73eeb2059 "Elasticsearch built-in security features are not enabled. Without authentication, your cluster could be accessible to anyone. See https://www.elastic.co/guide/en/elasticsearch/reference/7.17/security-minimal-setup.html to enable security."],[299 Elasticsearch-7.17.12-e3b0c3d3c5c130e1dc6d567d6baef1c73eeb2059 "[ignore_throttled] parameter is deprecated because frozen indices have been deprecated. Consider cold or frozen tiers in place of frozen indices."]
2023-08-04T21:43:33.497-04:00  WARN 4865 --- [    container-1] s.a.r.l.ConditionalRejectingErrorHandler : Execution of Rabbit message listener failed.

org.springframework.amqp.rabbit.support.ListenerExecutionFailedException: Listener method 'receiveMessage' threw exception
	at org.springframework.amqp.rabbit.listener.adapter.MessageListenerAdapter.invokeListenerMethod(MessageListenerAdapter.java:374) ~[spring-rabbit-3.0.4.jar:3.0.4]
	at org.springframework.amqp.rabbit.listener.adapter.MessageListenerAdapter.onMessage(MessageListenerAdapter.java:293) ~[spring-rabbit-3.0.4.jar:3.0.4]
	at org.springframework.amqp.rabbit.listener.AbstractMessageListenerContainer.doInvokeListener(AbstractMessageListenerContainer.java:1719) ~[spring-rabbit-3.0.4.jar:3.0.4]
	at org.springframework.amqp.rabbit.listener.AbstractMessageListenerContainer.actualInvokeListener(AbstractMessageListenerContainer.java:1638) ~[spring-rabbit-3.0.4.jar:3.0.4]
	at org.springframework.amqp.rabbit.listener.AbstractMessageListenerContainer.invokeListener(AbstractMessageListenerContainer.java:1626) ~[spring-rabbit-3.0.4.jar:3.0.4]
	at org.springframework.amqp.rabbit.listener.AbstractMessageListenerContainer.doExecuteListener(AbstractMessageListenerContainer.java:1617) ~[spring-rabbit-3.0.4.jar:3.0.4]
	at org.springframework.amqp.rabbit.listener.AbstractMessageListenerContainer.executeListenerAndHandleException(AbstractMessageListenerContainer.java:1562) ~[spring-rabbit-3.0.4.jar:3.0.4]
	at org.springframework.amqp.rabbit.listener.AbstractMessageListenerContainer.lambda$executeListener$8(AbstractMessageListenerContainer.java:1541) ~[spring-rabbit-3.0.4.jar:3.0.4]
	at io.micrometer.observation.Observation.lambda$observe$0(Observation.java:493) ~[micrometer-observation-1.11.0.jar:1.11.0]
	at io.micrometer.observation.Observation.observeWithContext(Observation.java:603) ~[micrometer-observation-1.11.0.jar:1.11.0]
	at io.micrometer.observation.Observation.observe(Observation.java:492) ~[micrometer-observation-1.11.0.jar:1.11.0]
	at org.springframework.amqp.rabbit.listener.AbstractMessageListenerContainer.executeListener(AbstractMessageListenerContainer.java:1541) ~[spring-rabbit-3.0.4.jar:3.0.4]
	at org.springframework.amqp.rabbit.listener.SimpleMessageListenerContainer.doReceiveAndExecute(SimpleMessageListenerContainer.java:1001) ~[spring-rabbit-3.0.4.jar:3.0.4]
	at org.springframework.amqp.rabbit.listener.SimpleMessageListenerContainer.receiveAndExecute(SimpleMessageListenerContainer.java:948) ~[spring-rabbit-3.0.4.jar:3.0.4]
	at org.springframework.amqp.rabbit.listener.SimpleMessageListenerContainer$AsyncMessageProcessingConsumer.mainLoop(SimpleMessageListenerContainer.java:1326) ~[spring-rabbit-3.0.4.jar:3.0.4]
	at org.springframework.amqp.rabbit.listener.SimpleMessageListenerContainer$AsyncMessageProcessingConsumer.run(SimpleMessageListenerContainer.java:1232) ~[spring-rabbit-3.0.4.jar:3.0.4]
	at java.base/java.lang.Thread.run(Thread.java:1589) ~[na:na]
Caused by: org.json.JSONException: No value for objectType
	at org.json.JSONObject.get(JSONObject.java:355) ~[android-json-0.0.20131108.vaadin1.jar:0.0.20131108.vaadin1]
	at edu.neu.info5.DemoApplication.service.IndexingListener.convertMapToDocumentIndex(IndexingListener.java:152) ~[classes/:na]
	at edu.neu.info5.DemoApplication.service.IndexingListener.postDocument(IndexingListener.java:73) ~[classes/:na]
	at edu.neu.info5.DemoApplication.service.IndexingListener.receiveMessage(IndexingListener.java:51) ~[classes/:na]
	at java.base/jdk.internal.reflect.DirectMethodHandleAccessor.invoke(DirectMethodHandleAccessor.java:104) ~[na:na]
	at java.base/java.lang.reflect.Method.invoke(Method.java:578) ~[na:na]
	at org.springframework.util.MethodInvoker.invoke(MethodInvoker.java:283) ~[spring-core-6.0.9.jar:6.0.9]
	at org.springframework.amqp.rabbit.listener.adapter.MessageListenerAdapter.invokeListenerMethod(MessageListenerAdapter.java:366) ~[spring-rabbit-3.0.4.jar:3.0.4]
	... 16 common frames omitted

Message received: {body={"mapType":"class java.util.HashMap","empty":false}, operation=SAVE}
2023-08-04T21:43:33.500-04:00  WARN 4865 --- [    container-1] org.elasticsearch.client.RestClient      : request [HEAD http://localhost:9200/plan-index?ignore_throttled=false&ignore_unavailable=false&expand_wildcards=open%2Cclosed&allow_no_indices=false] returned 2 warnings: [299 Elasticsearch-7.17.12-e3b0c3d3c5c130e1dc6d567d6baef1c73eeb2059 "Elasticsearch built-in security features are not enabled. Without authentication, your cluster could be accessible to anyone. See https://www.elastic.co/guide/en/elasticsearch/reference/7.17/security-minimal-setup.html to enable security."],[299 Elasticsearch-7.17.12-e3b0c3d3c5c130e1dc6d567d6baef1c73eeb2059 "[ignore_throttled] parameter is deprecated because frozen indices have been deprecated. Consider cold or frozen tiers in place of frozen indices."]
2023-08-04T21:43:33.501-04:00  WARN 4865 --- [    container-1] s.a.r.l.ConditionalRejectingErrorHandler : Execution of Rabbit message listener failed.

org.springframework.amqp.rabbit.support.ListenerExecutionFailedException: Listener method 'receiveMessage' threw exception
	at org.springframework.amqp.rabbit.listener.adapter.MessageListenerAdapter.invokeListenerMethod(MessageListenerAdapter.java:374) ~[spring-rabbit-3.0.4.jar:3.0.4]
	at org.springframework.amqp.rabbit.listener.adapter.MessageListenerAdapter.onMessage(MessageListenerAdapter.java:293) ~[spring-rabbit-3.0.4.jar:3.0.4]
	at org.springframework.amqp.rabbit.listener.AbstractMessageListenerContainer.doInvokeListener(AbstractMessageListenerContainer.java:1719) ~[spring-rabbit-3.0.4.jar:3.0.4]
	at org.springframework.amqp.rabbit.listener.AbstractMessageListenerContainer.actualInvokeListener(AbstractMessageListenerContainer.java:1638) ~[spring-rabbit-3.0.4.jar:3.0.4]
	at org.springframework.amqp.rabbit.listener.AbstractMessageListenerContainer.invokeListener(AbstractMessageListenerContainer.java:1626) ~[spring-rabbit-3.0.4.jar:3.0.4]
	at org.springframework.amqp.rabbit.listener.AbstractMessageListenerContainer.doExecuteListener(AbstractMessageListenerContainer.java:1617) ~[spring-rabbit-3.0.4.jar:3.0.4]
	at org.springframework.amqp.rabbit.listener.AbstractMessageListenerContainer.executeListenerAndHandleException(AbstractMessageListenerContainer.java:1562) ~[spring-rabbit-3.0.4.jar:3.0.4]
	at org.springframework.amqp.rabbit.listener.AbstractMessageListenerContainer.lambda$executeListener$8(AbstractMessageListenerContainer.java:1541) ~[spring-rabbit-3.0.4.jar:3.0.4]
	at io.micrometer.observation.Observation.lambda$observe$0(Observation.java:493) ~[micrometer-observation-1.11.0.jar:1.11.0]
	at io.micrometer.observation.Observation.observeWithContext(Observation.java:603) ~[micrometer-observation-1.11.0.jar:1.11.0]
	at io.micrometer.observation.Observation.observe(Observation.java:492) ~[micrometer-observation-1.11.0.jar:1.11.0]
	at org.springframework.amqp.rabbit.listener.AbstractMessageListenerContainer.executeListener(AbstractMessageListenerContainer.java:1541) ~[spring-rabbit-3.0.4.jar:3.0.4]
	at org.springframework.amqp.rabbit.listener.SimpleMessageListenerContainer.doReceiveAndExecute(SimpleMessageListenerContainer.java:1001) ~[spring-rabbit-3.0.4.jar:3.0.4]
	at org.springframework.amqp.rabbit.listener.SimpleMessageListenerContainer.receiveAndExecute(SimpleMessageListenerContainer.java:948) ~[spring-rabbit-3.0.4.jar:3.0.4]
	at org.springframework.amqp.rabbit.listener.SimpleMessageListenerContainer$AsyncMessageProcessingConsumer.mainLoop(SimpleMessageListenerContainer.java:1326) ~[spring-rabbit-3.0.4.jar:3.0.4]
	at org.springframework.amqp.rabbit.listener.SimpleMessageListenerContainer$AsyncMessageProcessingConsumer.run(SimpleMessageListenerContainer.java:1232) ~[spring-rabbit-3.0.4.jar:3.0.4]
	at java.base/java.lang.Thread.run(Thread.java:1589) ~[na:na]
Caused by: org.json.JSONException: No value for objectType
	at org.json.JSONObject.get(JSONObject.java:355) ~[android-json-0.0.20131108.vaadin1.jar:0.0.20131108.vaadin1]
	at edu.neu.info5.DemoApplication.service.IndexingListener.convertMapToDocumentIndex(IndexingListener.java:152) ~[classes/:na]
	at edu.neu.info5.DemoApplication.service.IndexingListener.postDocument(IndexingListener.java:73) ~[classes/:na]
	at edu.neu.info5.DemoApplication.service.IndexingListener.receiveMessage(IndexingListener.java:51) ~[classes/:na]
	at java.base/jdk.internal.reflect.DirectMethodHandleAccessor.invoke(DirectMethodHandleAccessor.java:104) ~[na:na]
	at java.base/java.lang.reflect.Method.invoke(Method.java:578) ~[na:na]
	at org.springframework.util.MethodInvoker.invoke(MethodInvoker.java:283) ~[spring-core-6.0.9.jar:6.0.9]
	at org.springframework.amqp.rabbit.listener.adapter.MessageListenerAdapter.invokeListenerMethod(MessageListenerAdapter.java:366) ~[spring-rabbit-3.0.4.jar:3.0.4]
	... 16 common frames omitted

Message received: {body={"mapType":"class java.util.HashMap","empty":false}, operation=SAVE}
2023-08-04T21:43:33.504-04:00  WARN 4865 --- [    container-1] org.elasticsearch.client.RestClient      : request [HEAD http://localhost:9200/plan-index?ignore_throttled=false&ignore_unavailable=false&expand_wildcards=open%2Cclosed&allow_no_indices=false] returned 2 warnings: [299 Elasticsearch-7.17.12-e3b0c3d3c5c130e1dc6d567d6baef1c73eeb2059 "Elasticsearch built-in security features are not enabled. Without authentication, your cluster could be accessible to anyone. See https://www.elastic.co/guide/en/elasticsearch/reference/7.17/security-minimal-setup.html to enable security."],[299 Elasticsearch-7.17.12-e3b0c3d3c5c130e1dc6d567d6baef1c73eeb2059 "[ignore_throttled] parameter is deprecated because frozen indices have been deprecated. Consider cold or frozen tiers in place of frozen indices."]
2023-08-04T21:43:33.504-04:00  WARN 4865 --- [    container-1] s.a.r.l.ConditionalRejectingErrorHandler : Execution of Rabbit message listener failed.

org.springframework.amqp.rabbit.support.ListenerExecutionFailedException: Listener method 'receiveMessage' threw exception
	at org.springframework.amqp.rabbit.listener.adapter.MessageListenerAdapter.invokeListenerMethod(MessageListenerAdapter.java:374) ~[spring-rabbit-3.0.4.jar:3.0.4]
	at org.springframework.amqp.rabbit.listener.adapter.MessageListenerAdapter.onMessage(MessageListenerAdapter.java:293) ~[spring-rabbit-3.0.4.jar:3.0.4]
	at org.springframework.amqp.rabbit.listener.AbstractMessageListenerContainer.doInvokeListener(AbstractMessageListenerContainer.java:1719) ~[spring-rabbit-3.0.4.jar:3.0.4]
	at org.springframework.amqp.rabbit.listener.AbstractMessageListenerContainer.actualInvokeListener(AbstractMessageListenerContainer.java:1638) ~[spring-rabbit-3.0.4.jar:3.0.4]
	at org.springframework.amqp.rabbit.listener.AbstractMessageListenerContainer.invokeListener(AbstractMessageListenerContainer.java:1626) ~[spring-rabbit-3.0.4.jar:3.0.4]
	at org.springframework.amqp.rabbit.listener.AbstractMessageListenerContainer.doExecuteListener(AbstractMessageListenerContainer.java:1617) ~[spring-rabbit-3.0.4.jar:3.0.4]
	at org.springframework.amqp.rabbit.listener.AbstractMessageListenerContainer.executeListenerAndHandleException(AbstractMessageListenerContainer.java:1562) ~[spring-rabbit-3.0.4.jar:3.0.4]
	at org.springframework.amqp.rabbit.listener.AbstractMessageListenerContainer.lambda$executeListener$8(AbstractMessageListenerContainer.java:1541) ~[spring-rabbit-3.0.4.jar:3.0.4]
	at io.micrometer.observation.Observation.lambda$observe$0(Observation.java:493) ~[micrometer-observation-1.11.0.jar:1.11.0]
	at io.micrometer.observation.Observation.observeWithContext(Observation.java:603) ~[micrometer-observation-1.11.0.jar:1.11.0]
	at io.micrometer.observation.Observation.observe(Observation.java:492) ~[micrometer-observation-1.11.0.jar:1.11.0]
	at org.springframework.amqp.rabbit.listener.AbstractMessageListenerContainer.executeListener(AbstractMessageListenerContainer.java:1541) ~[spring-rabbit-3.0.4.jar:3.0.4]
	at org.springframework.amqp.rabbit.listener.SimpleMessageListenerContainer.doReceiveAndExecute(SimpleMessageListenerContainer.java:1001) ~[spring-rabbit-3.0.4.jar:3.0.4]
	at org.springframework.amqp.rabbit.listener.SimpleMessageListenerContainer.receiveAndExecute(SimpleMessageListenerContainer.java:948) ~[spring-rabbit-3.0.4.jar:3.0.4]
	at org.springframework.amqp.rabbit.listener.SimpleMessageListenerContainer$AsyncMessageProcessingConsumer.mainLoop(SimpleMessageListenerContainer.java:1326) ~[spring-rabbit-3.0.4.jar:3.0.4]
	at org.springframework.amqp.rabbit.listener.SimpleMessageListenerContainer$AsyncMessageProcessingConsumer.run(SimpleMessageListenerContainer.java:1232) ~[spring-rabbit-3.0.4.jar:3.0.4]
	at java.base/java.lang.Thread.run(Thread.java:1589) ~[na:na]
Caused by: org.json.JSONException: No value for objectType
	at org.json.JSONObject.get(JSONObject.java:355) ~[android-json-0.0.20131108.vaadin1.jar:0.0.20131108.vaadin1]
	at edu.neu.info5.DemoApplication.service.IndexingListener.convertMapToDocumentIndex(IndexingListener.java:152) ~[classes/:na]
	at edu.neu.info5.DemoApplication.service.IndexingListener.postDocument(IndexingListener.java:73) ~[classes/:na]
	at edu.neu.info5.DemoApplication.service.IndexingListener.receiveMessage(IndexingListener.java:51) ~[classes/:na]
	at java.base/jdk.internal.reflect.DirectMethodHandleAccessor.invoke(DirectMethodHandleAccessor.java:104) ~[na:na]
	at java.base/java.lang.reflect.Method.invoke(Method.java:578) ~[na:na]
	at org.springframework.util.MethodInvoker.invoke(MethodInvoker.java:283) ~[spring-core-6.0.9.jar:6.0.9]
	at org.springframework.amqp.rabbit.listener.adapter.MessageListenerAdapter.invokeListenerMethod(MessageListenerAdapter.java:366) ~[spring-rabbit-3.0.4.jar:3.0.4]
	... 16 common frames omitted

Message received: {body={"mapType":"class java.util.HashMap","empty":false}, operation=SAVE}
2023-08-04T21:43:33.507-04:00  WARN 4865 --- [    container-1] org.elasticsearch.client.RestClient      : request [HEAD http://localhost:9200/plan-index?ignore_throttled=false&ignore_unavailable=false&expand_wildcards=open%2Cclosed&allow_no_indices=false] returned 2 warnings: [299 Elasticsearch-7.17.12-e3b0c3d3c5c130e1dc6d567d6baef1c73eeb2059 "Elasticsearch built-in security features are not enabled. Without authentication, your cluster could be accessible to anyone. See https://www.elastic.co/guide/en/elasticsearch/reference/7.17/security-minimal-setup.html to enable security."],[299 Elasticsearch-7.17.12-e3b0c3d3c5c130e1dc6d567d6baef1c73eeb2059 "[ignore_throttled] parameter is deprecated because frozen indices have been deprecated. Consider cold or frozen tiers in place of frozen indices."]
2023-08-04T21:43:33.507-04:00  WARN 4865 --- [    container-1] s.a.r.l.ConditionalRejectingErrorHandler : Execution of Rabbit message listener failed.

org.springframework.amqp.rabbit.support.ListenerExecutionFailedException: Listener method 'receiveMessage' threw exception
	at org.springframework.amqp.rabbit.listener.adapter.MessageListenerAdapter.invokeListenerMethod(MessageListenerAdapter.java:374) ~[spring-rabbit-3.0.4.jar:3.0.4]
	at org.springframework.amqp.rabbit.listener.adapter.MessageListenerAdapter.onMessage(MessageListenerAdapter.java:293) ~[spring-rabbit-3.0.4.jar:3.0.4]
	at org.springframework.amqp.rabbit.listener.AbstractMessageListenerContainer.doInvokeListener(AbstractMessageListenerContainer.java:1719) ~[spring-rabbit-3.0.4.jar:3.0.4]
	at org.springframework.amqp.rabbit.listener.AbstractMessageListenerContainer.actualInvokeListener(AbstractMessageListenerContainer.java:1638) ~[spring-rabbit-3.0.4.jar:3.0.4]
	at org.springframework.amqp.rabbit.listener.AbstractMessageListenerContainer.invokeListener(AbstractMessageListenerContainer.java:1626) ~[spring-rabbit-3.0.4.jar:3.0.4]
	at org.springframework.amqp.rabbit.listener.AbstractMessageListenerContainer.doExecuteListener(AbstractMessageListenerContainer.java:1617) ~[spring-rabbit-3.0.4.jar:3.0.4]
	at org.springframework.amqp.rabbit.listener.AbstractMessageListenerContainer.executeListenerAndHandleException(AbstractMessageListenerContainer.java:1562) ~[spring-rabbit-3.0.4.jar:3.0.4]
	at org.springframework.amqp.rabbit.listener.AbstractMessageListenerContainer.lambda$executeListener$8(AbstractMessageListenerContainer.java:1541) ~[spring-rabbit-3.0.4.jar:3.0.4]
	at io.micrometer.observation.Observation.lambda$observe$0(Observation.java:493) ~[micrometer-observation-1.11.0.jar:1.11.0]
	at io.micrometer.observation.Observation.observeWithContext(Observation.java:603) ~[micrometer-observation-1.11.0.jar:1.11.0]
	at io.micrometer.observation.Observation.observe(Observation.java:492) ~[micrometer-observation-1.11.0.jar:1.11.0]
	at org.springframework.amqp.rabbit.listener.AbstractMessageListenerContainer.executeListener(AbstractMessageListenerContainer.java:1541) ~[spring-rabbit-3.0.4.jar:3.0.4]
	at org.springframework.amqp.rabbit.listener.SimpleMessageListenerContainer.doReceiveAndExecute(SimpleMessageListenerContainer.java:1001) ~[spring-rabbit-3.0.4.jar:3.0.4]
	at org.springframework.amqp.rabbit.listener.SimpleMessageListenerContainer.receiveAndExecute(SimpleMessageListenerContainer.java:948) ~[spring-rabbit-3.0.4.jar:3.0.4]
	at org.springframework.amqp.rabbit.listener.SimpleMessageListenerContainer$AsyncMessageProcessingConsumer.mainLoop(SimpleMessageListenerContainer.java:1326) ~[spring-rabbit-3.0.4.jar:3.0.4]
	at org.springframework.amqp.rabbit.listener.SimpleMessageListenerContainer$AsyncMessageProcessingConsumer.run(SimpleMessageListenerContainer.java:1232) ~[spring-rabbit-3.0.4.jar:3.0.4]
	at java.base/java.lang.Thread.run(Thread.java:1589) ~[na:na]
Caused by: org.json.JSONException: No value for objectType
	at org.json.JSONObject.get(JSONObject.java:355) ~[android-json-0.0.20131108.vaadin1.jar:0.0.20131108.vaadin1]
	at edu.neu.info5.DemoApplication.service.IndexingListener.convertMapToDocumentIndex(IndexingListener.java:152) ~[classes/:na]
	at edu.neu.info5.DemoApplication.service.IndexingListener.postDocument(IndexingListener.java:73) ~[classes/:na]
	at edu.neu.info5.DemoApplication.service.IndexingListener.receiveMessage(IndexingListener.java:51) ~[classes/:na]
	at java.base/jdk.internal.reflect.DirectMethodHandleAccessor.invoke(DirectMethodHandleAccessor.java:104) ~[na:na]
	at java.base/java.lang.reflect.Method.invoke(Method.java:578) ~[na:na]
	at org.springframework.util.MethodInvoker.invoke(MethodInvoker.java:283) ~[spring-core-6.0.9.jar:6.0.9]
	at org.springframework.amqp.rabbit.listener.adapter.MessageListenerAdapter.invokeListenerMethod(MessageListenerAdapter.java:366) ~[spring-rabbit-3.0.4.jar:3.0.4]
	... 16 common frames omitted

Message received: {body={"mapType":"class java.util.HashMap","empty":false}, operation=SAVE}
2023-08-04T21:43:33.510-04:00  WARN 4865 --- [    container-1] org.elasticsearch.client.RestClient      : request [HEAD http://localhost:9200/plan-index?ignore_throttled=false&ignore_unavailable=false&expand_wildcards=open%2Cclosed&allow_no_indices=false] returned 2 warnings: [299 Elasticsearch-7.17.12-e3b0c3d3c5c130e1dc6d567d6baef1c73eeb2059 "Elasticsearch built-in security features are not enabled. Without authentication, your cluster could be accessible to anyone. See https://www.elastic.co/guide/en/elasticsearch/reference/7.17/security-minimal-setup.html to enable security."],[299 Elasticsearch-7.17.12-e3b0c3d3c5c130e1dc6d567d6baef1c73eeb2059 "[ignore_throttled] parameter is deprecated because frozen indices have been deprecated. Consider cold or frozen tiers in place of frozen indices."]
2023-08-04T21:43:33.510-04:00  WARN 4865 --- [    container-1] s.a.r.l.ConditionalRejectingErrorHandler : Execution of Rabbit message listener failed.

org.springframework.amqp.rabbit.support.ListenerExecutionFailedException: Listener method 'receiveMessage' threw exception
	at org.springframework.amqp.rabbit.listener.adapter.MessageListenerAdapter.invokeListenerMethod(MessageListenerAdapter.java:374) ~[spring-rabbit-3.0.4.jar:3.0.4]
	at org.springframework.amqp.rabbit.listener.adapter.MessageListenerAdapter.onMessage(MessageListenerAdapter.java:293) ~[spring-rabbit-3.0.4.jar:3.0.4]
	at org.springframework.amqp.rabbit.listener.AbstractMessageListenerContainer.doInvokeListener(AbstractMessageListenerContainer.java:1719) ~[spring-rabbit-3.0.4.jar:3.0.4]
	at org.springframework.amqp.rabbit.listener.AbstractMessageListenerContainer.actualInvokeListener(AbstractMessageListenerContainer.java:1638) ~[spring-rabbit-3.0.4.jar:3.0.4]
	at org.springframework.amqp.rabbit.listener.AbstractMessageListenerContainer.invokeListener(AbstractMessageListenerContainer.java:1626) ~[spring-rabbit-3.0.4.jar:3.0.4]
	at org.springframework.amqp.rabbit.listener.AbstractMessageListenerContainer.doExecuteListener(AbstractMessageListenerContainer.java:1617) ~[spring-rabbit-3.0.4.jar:3.0.4]
	at org.springframework.amqp.rabbit.listener.AbstractMessageListenerContainer.executeListenerAndHandleException(AbstractMessageListenerContainer.java:1562) ~[spring-rabbit-3.0.4.jar:3.0.4]
	at org.springframework.amqp.rabbit.listener.AbstractMessageListenerContainer.lambda$executeListener$8(AbstractMessageListenerContainer.java:1541) ~[spring-rabbit-3.0.4.jar:3.0.4]
	at io.micrometer.observation.Observation.lambda$observe$0(Observation.java:493) ~[micrometer-observation-1.11.0.jar:1.11.0]
	at io.micrometer.observation.Observation.observeWithContext(Observation.java:603) ~[micrometer-observation-1.11.0.jar:1.11.0]
	at io.micrometer.observation.Observation.observe(Observation.java:492) ~[micrometer-observation-1.11.0.jar:1.11.0]
	at org.springframework.amqp.rabbit.listener.AbstractMessageListenerContainer.executeListener(AbstractMessageListenerContainer.java:1541) ~[spring-rabbit-3.0.4.jar:3.0.4]
	at org.springframework.amqp.rabbit.listener.SimpleMessageListenerContainer.doReceiveAndExecute(SimpleMessageListenerContainer.java:1001) ~[spring-rabbit-3.0.4.jar:3.0.4]
	at org.springframework.amqp.rabbit.listener.SimpleMessageListenerContainer.receiveAndExecute(SimpleMessageListenerContainer.java:948) ~[spring-rabbit-3.0.4.jar:3.0.4]
	at org.springframework.amqp.rabbit.listener.SimpleMessageListenerContainer$AsyncMessageProcessingConsumer.mainLoop(SimpleMessageListenerContainer.java:1326) ~[spring-rabbit-3.0.4.jar:3.0.4]
	at org.springframework.amqp.rabbit.listener.SimpleMessageListenerContainer$AsyncMessageProcessingConsumer.run(SimpleMessageListenerContainer.java:1232) ~[spring-rabbit-3.0.4.jar:3.0.4]
	at java.base/java.lang.Thread.run(Thread.java:1589) ~[na:na]
Caused by: org.json.JSONException: No value for objectType
	at org.json.JSONObject.get(JSONObject.java:355) ~[android-json-0.0.20131108.vaadin1.jar:0.0.20131108.vaadin1]
	at edu.neu.info5.DemoApplication.service.IndexingListener.convertMapToDocumentIndex(IndexingListener.java:152) ~[classes/:na]
	at edu.neu.info5.DemoApplication.service.IndexingListener.postDocument(IndexingListener.java:73) ~[classes/:na]
	at edu.neu.info5.DemoApplication.service.IndexingListener.receiveMessage(IndexingListener.java:51) ~[classes/:na]
	at java.base/jdk.internal.reflect.DirectMethodHandleAccessor.invoke(DirectMethodHandleAccessor.java:104) ~[na:na]
	at java.base/java.lang.reflect.Method.invoke(Method.java:578) ~[na:na]
	at org.springframework.util.MethodInvoker.invoke(MethodInvoker.java:283) ~[spring-core-6.0.9.jar:6.0.9]
	at org.springframework.amqp.rabbit.listener.adapter.MessageListenerAdapter.invokeListenerMethod(MessageListenerAdapter.java:366) ~[spring-rabbit-3.0.4.jar:3.0.4]
	... 16 common frames omitted

Message received: {body={"mapType":"class java.util.HashMap","empty":false}, operation=SAVE}
2023-08-04T21:43:33.514-04:00  WARN 4865 --- [    container-1] org.elasticsearch.client.RestClient      : request [HEAD http://localhost:9200/plan-index?ignore_throttled=false&ignore_unavailable=false&expand_wildcards=open%2Cclosed&allow_no_indices=false] returned 2 warnings: [299 Elasticsearch-7.17.12-e3b0c3d3c5c130e1dc6d567d6baef1c73eeb2059 "Elasticsearch built-in security features are not enabled. Without authentication, your cluster could be accessible to anyone. See https://www.elastic.co/guide/en/elasticsearch/reference/7.17/security-minimal-setup.html to enable security."],[299 Elasticsearch-7.17.12-e3b0c3d3c5c130e1dc6d567d6baef1c73eeb2059 "[ignore_throttled] parameter is deprecated because frozen indices have been deprecated. Consider cold or frozen tiers in place of frozen indices."]
2023-08-04T21:43:33.514-04:00  WARN 4865 --- [    container-1] s.a.r.l.ConditionalRejectingErrorHandler : Execution of Rabbit message listener failed.

org.springframework.amqp.rabbit.support.ListenerExecutionFailedException: Listener method 'receiveMessage' threw exception
	at org.springframework.amqp.rabbit.listener.adapter.MessageListenerAdapter.invokeListenerMethod(MessageListenerAdapter.java:374) ~[spring-rabbit-3.0.4.jar:3.0.4]
	at org.springframework.amqp.rabbit.listener.adapter.MessageListenerAdapter.onMessage(MessageListenerAdapter.java:293) ~[spring-rabbit-3.0.4.jar:3.0.4]
	at org.springframework.amqp.rabbit.listener.AbstractMessageListenerContainer.doInvokeListener(AbstractMessageListenerContainer.java:1719) ~[spring-rabbit-3.0.4.jar:3.0.4]
	at org.springframework.amqp.rabbit.listener.AbstractMessageListenerContainer.actualInvokeListener(AbstractMessageListenerContainer.java:1638) ~[spring-rabbit-3.0.4.jar:3.0.4]
	at org.springframework.amqp.rabbit.listener.AbstractMessageListenerContainer.invokeListener(AbstractMessageListenerContainer.java:1626) ~[spring-rabbit-3.0.4.jar:3.0.4]
	at org.springframework.amqp.rabbit.listener.AbstractMessageListenerContainer.doExecuteListener(AbstractMessageListenerContainer.java:1617) ~[spring-rabbit-3.0.4.jar:3.0.4]
	at org.springframework.amqp.rabbit.listener.AbstractMessageListenerContainer.executeListenerAndHandleException(AbstractMessageListenerContainer.java:1562) ~[spring-rabbit-3.0.4.jar:3.0.4]
	at org.springframework.amqp.rabbit.listener.AbstractMessageListenerContainer.lambda$executeListener$8(AbstractMessageListenerContainer.java:1541) ~[spring-rabbit-3.0.4.jar:3.0.4]
	at io.micrometer.observation.Observation.lambda$observe$0(Observation.java:493) ~[micrometer-observation-1.11.0.jar:1.11.0]
	at io.micrometer.observation.Observation.observeWithContext(Observation.java:603) ~[micrometer-observation-1.11.0.jar:1.11.0]
	at io.micrometer.observation.Observation.observe(Observation.java:492) ~[micrometer-observation-1.11.0.jar:1.11.0]
	at org.springframework.amqp.rabbit.listener.AbstractMessageListenerContainer.executeListener(AbstractMessageListenerContainer.java:1541) ~[spring-rabbit-3.0.4.jar:3.0.4]
	at org.springframework.amqp.rabbit.listener.SimpleMessageListenerContainer.doReceiveAndExecute(SimpleMessageListenerContainer.java:1001) ~[spring-rabbit-3.0.4.jar:3.0.4]
	at org.springframework.amqp.rabbit.listener.SimpleMessageListenerContainer.receiveAndExecute(SimpleMessageListenerContainer.java:948) ~[spring-rabbit-3.0.4.jar:3.0.4]
	at org.springframework.amqp.rabbit.listener.SimpleMessageListenerContainer$AsyncMessageProcessingConsumer.mainLoop(SimpleMessageListenerContainer.java:1326) ~[spring-rabbit-3.0.4.jar:3.0.4]
	at org.springframework.amqp.rabbit.listener.SimpleMessageListenerContainer$AsyncMessageProcessingConsumer.run(SimpleMessageListenerContainer.java:1232) ~[spring-rabbit-3.0.4.jar:3.0.4]
	at java.base/java.lang.Thread.run(Thread.java:1589) ~[na:na]
Caused by: org.json.JSONException: No value for objectType
	at org.json.JSONObject.get(JSONObject.java:355) ~[android-json-0.0.20131108.vaadin1.jar:0.0.20131108.vaadin1]
	at edu.neu.info5.DemoApplication.service.IndexingListener.convertMapToDocumentIndex(IndexingListener.java:152) ~[classes/:na]
	at edu.neu.info5.DemoApplication.service.IndexingListener.postDocument(IndexingListener.java:73) ~[classes/:na]
	at edu.neu.info5.DemoApplication.service.IndexingListener.receiveMessage(IndexingListener.java:51) ~[classes/:na]
	at java.base/jdk.internal.reflect.DirectMethodHandleAccessor.invoke(DirectMethodHandleAccessor.java:104) ~[na:na]
	at java.base/java.lang.reflect.Method.invoke(Method.java:578) ~[na:na]
	at org.springframework.util.MethodInvoker.invoke(MethodInvoker.java:283) ~[spring-core-6.0.9.jar:6.0.9]
	at org.springframework.amqp.rabbit.listener.adapter.MessageListenerAdapter.invokeListenerMethod(MessageListenerAdapter.java:366) ~[spring-rabbit-3.0.4.jar:3.0.4]
	... 16 common frames omitted

Message received: {body={"mapType":"class java.util.HashMap","empty":false}, operation=SAVE}
2023-08-04T21:43:33.516-04:00  WARN 4865 --- [    container-1] org.elasticsearch.client.RestClient      : request [HEAD http://localhost:9200/plan-index?ignore_throttled=false&ignore_unavailable=false&expand_wildcards=open%2Cclosed&allow_no_indices=false] returned 2 warnings: [299 Elasticsearch-7.17.12-e3b0c3d3c5c130e1dc6d567d6baef1c73eeb2059 "Elasticsearch built-in security features are not enabled. Without authentication, your cluster could be accessible to anyone. See https://www.elastic.co/guide/en/elasticsearch/reference/7.17/security-minimal-setup.html to enable security."],[299 Elasticsearch-7.17.12-e3b0c3d3c5c130e1dc6d567d6baef1c73eeb2059 "[ignore_throttled] parameter is deprecated because frozen indices have been deprecated. Consider cold or frozen tiers in place of frozen indices."]
2023-08-04T21:43:33.516-04:00  WARN 4865 --- [    container-1] s.a.r.l.ConditionalRejectingErrorHandler : Execution of Rabbit message listener failed.

org.springframework.amqp.rabbit.support.ListenerExecutionFailedException: Listener method 'receiveMessage' threw exception
	at org.springframework.amqp.rabbit.listener.adapter.MessageListenerAdapter.invokeListenerMethod(MessageListenerAdapter.java:374) ~[spring-rabbit-3.0.4.jar:3.0.4]
	at org.springframework.amqp.rabbit.listener.adapter.MessageListenerAdapter.onMessage(MessageListenerAdapter.java:293) ~[spring-rabbit-3.0.4.jar:3.0.4]
	at org.springframework.amqp.rabbit.listener.AbstractMessageListenerContainer.doInvokeListener(AbstractMessageListenerContainer.java:1719) ~[spring-rabbit-3.0.4.jar:3.0.4]
	at org.springframework.amqp.rabbit.listener.AbstractMessageListenerContainer.actualInvokeListener(AbstractMessageListenerContainer.java:1638) ~[spring-rabbit-3.0.4.jar:3.0.4]
	at org.springframework.amqp.rabbit.listener.AbstractMessageListenerContainer.invokeListener(AbstractMessageListenerContainer.java:1626) ~[spring-rabbit-3.0.4.jar:3.0.4]
	at org.springframework.amqp.rabbit.listener.AbstractMessageListenerContainer.doExecuteListener(AbstractMessageListenerContainer.java:1617) ~[spring-rabbit-3.0.4.jar:3.0.4]
	at org.springframework.amqp.rabbit.listener.AbstractMessageListenerContainer.executeListenerAndHandleException(AbstractMessageListenerContainer.java:1562) ~[spring-rabbit-3.0.4.jar:3.0.4]
	at org.springframework.amqp.rabbit.listener.AbstractMessageListenerContainer.lambda$executeListener$8(AbstractMessageListenerContainer.java:1541) ~[spring-rabbit-3.0.4.jar:3.0.4]
	at io.micrometer.observation.Observation.lambda$observe$0(Observation.java:493) ~[micrometer-observation-1.11.0.jar:1.11.0]
	at io.micrometer.observation.Observation.observeWithContext(Observation.java:603) ~[micrometer-observation-1.11.0.jar:1.11.0]
	at io.micrometer.observation.Observation.observe(Observation.java:492) ~[micrometer-observation-1.11.0.jar:1.11.0]
	at org.springframework.amqp.rabbit.listener.AbstractMessageListenerContainer.executeListener(AbstractMessageListenerContainer.java:1541) ~[spring-rabbit-3.0.4.jar:3.0.4]
	at org.springframework.amqp.rabbit.listener.SimpleMessageListenerContainer.doReceiveAndExecute(SimpleMessageListenerContainer.java:1001) ~[spring-rabbit-3.0.4.jar:3.0.4]
	at org.springframework.amqp.rabbit.listener.SimpleMessageListenerContainer.receiveAndExecute(SimpleMessageListenerContainer.java:948) ~[spring-rabbit-3.0.4.jar:3.0.4]
	at org.springframework.amqp.rabbit.listener.SimpleMessageListenerContainer$AsyncMessageProcessingConsumer.mainLoop(SimpleMessageListenerContainer.java:1326) ~[spring-rabbit-3.0.4.jar:3.0.4]
	at org.springframework.amqp.rabbit.listener.SimpleMessageListenerContainer$AsyncMessageProcessingConsumer.run(SimpleMessageListenerContainer.java:1232) ~[spring-rabbit-3.0.4.jar:3.0.4]
	at java.base/java.lang.Thread.run(Thread.java:1589) ~[na:na]
Caused by: org.json.JSONException: No value for objectType
	at org.json.JSONObject.get(JSONObject.java:355) ~[android-json-0.0.20131108.vaadin1.jar:0.0.20131108.vaadin1]
	at edu.neu.info5.DemoApplication.service.IndexingListener.convertMapToDocumentIndex(IndexingListener.java:152) ~[classes/:na]
	at edu.neu.info5.DemoApplication.service.IndexingListener.postDocument(IndexingListener.java:73) ~[classes/:na]
	at edu.neu.info5.DemoApplication.service.IndexingListener.receiveMessage(IndexingListener.java:51) ~[classes/:na]
	at java.base/jdk.internal.reflect.DirectMethodHandleAccessor.invoke(DirectMethodHandleAccessor.java:104) ~[na:na]
	at java.base/java.lang.reflect.Method.invoke(Method.java:578) ~[na:na]
	at org.springframework.util.MethodInvoker.invoke(MethodInvoker.java:283) ~[spring-core-6.0.9.jar:6.0.9]
	at org.springframework.amqp.rabbit.listener.adapter.MessageListenerAdapter.invokeListenerMethod(MessageListenerAdapter.java:366) ~[spring-rabbit-3.0.4.jar:3.0.4]
	... 16 common frames omitted

Message received: {body={"mapType":"class java.util.HashMap","empty":false}, operation=SAVE}
2023-08-04T21:43:33.519-04:00  WARN 4865 --- [    container-1] org.elasticsearch.client.RestClient      : request [HEAD http://localhost:9200/plan-index?ignore_throttled=false&ignore_unavailable=false&expand_wildcards=open%2Cclosed&allow_no_indices=false] returned 2 warnings: [299 Elasticsearch-7.17.12-e3b0c3d3c5c130e1dc6d567d6baef1c73eeb2059 "Elasticsearch built-in security features are not enabled. Without authentication, your cluster could be accessible to anyone. See https://www.elastic.co/guide/en/elasticsearch/reference/7.17/security-minimal-setup.html to enable security."],[299 Elasticsearch-7.17.12-e3b0c3d3c5c130e1dc6d567d6baef1c73eeb2059 "[ignore_throttled] parameter is deprecated because frozen indices have been deprecated. Consider cold or frozen tiers in place of frozen indices."]
2023-08-04T21:43:33.519-04:00  WARN 4865 --- [    container-1] s.a.r.l.ConditionalRejectingErrorHandler : Execution of Rabbit message listener failed.

org.springframework.amqp.rabbit.support.ListenerExecutionFailedException: Listener method 'receiveMessage' threw exception
	at org.springframework.amqp.rabbit.listener.adapter.MessageListenerAdapter.invokeListenerMethod(MessageListenerAdapter.java:374) ~[spring-rabbit-3.0.4.jar:3.0.4]
	at org.springframework.amqp.rabbit.listener.adapter.MessageListenerAdapter.onMessage(MessageListenerAdapter.java:293) ~[spring-rabbit-3.0.4.jar:3.0.4]
	at org.springframework.amqp.rabbit.listener.AbstractMessageListenerContainer.doInvokeListener(AbstractMessageListenerContainer.java:1719) ~[spring-rabbit-3.0.4.jar:3.0.4]
	at org.springframework.amqp.rabbit.listener.AbstractMessageListenerContainer.actualInvokeListener(AbstractMessageListenerContainer.java:1638) ~[spring-rabbit-3.0.4.jar:3.0.4]
	at org.springframework.amqp.rabbit.listener.AbstractMessageListenerContainer.invokeListener(AbstractMessageListenerContainer.java:1626) ~[spring-rabbit-3.0.4.jar:3.0.4]
	at org.springframework.amqp.rabbit.listener.AbstractMessageListenerContainer.doExecuteListener(AbstractMessageListenerContainer.java:1617) ~[spring-rabbit-3.0.4.jar:3.0.4]
	at org.springframework.amqp.rabbit.listener.AbstractMessageListenerContainer.executeListenerAndHandleException(AbstractMessageListenerContainer.java:1562) ~[spring-rabbit-3.0.4.jar:3.0.4]
	at org.springframework.amqp.rabbit.listener.AbstractMessageListenerContainer.lambda$executeListener$8(AbstractMessageListenerContainer.java:1541) ~[spring-rabbit-3.0.4.jar:3.0.4]
	at io.micrometer.observation.Observation.lambda$observe$0(Observation.java:493) ~[micrometer-observation-1.11.0.jar:1.11.0]
	at io.micrometer.observation.Observation.observeWithContext(Observation.java:603) ~[micrometer-observation-1.11.0.jar:1.11.0]
	at io.micrometer.observation.Observation.observe(Observation.java:492) ~[micrometer-observation-1.11.0.jar:1.11.0]
	at org.springframework.amqp.rabbit.listener.AbstractMessageListenerContainer.executeListener(AbstractMessageListenerContainer.java:1541) ~[spring-rabbit-3.0.4.jar:3.0.4]
	at org.springframework.amqp.rabbit.listener.SimpleMessageListenerContainer.doReceiveAndExecute(SimpleMessageListenerContainer.java:1001) ~[spring-rabbit-3.0.4.jar:3.0.4]
	at org.springframework.amqp.rabbit.listener.SimpleMessageListenerContainer.receiveAndExecute(SimpleMessageListenerContainer.java:948) ~[spring-rabbit-3.0.4.jar:3.0.4]
	at org.springframework.amqp.rabbit.listener.SimpleMessageListenerContainer$AsyncMessageProcessingConsumer.mainLoop(SimpleMessageListenerContainer.java:1326) ~[spring-rabbit-3.0.4.jar:3.0.4]
	at org.springframework.amqp.rabbit.listener.SimpleMessageListenerContainer$AsyncMessageProcessingConsumer.run(SimpleMessageListenerContainer.java:1232) ~[spring-rabbit-3.0.4.jar:3.0.4]
	at java.base/java.lang.Thread.run(Thread.java:1589) ~[na:na]
Caused by: org.json.JSONException: No value for objectType
	at org.json.JSONObject.get(JSONObject.java:355) ~[android-json-0.0.20131108.vaadin1.jar:0.0.20131108.vaadin1]
	at edu.neu.info5.DemoApplication.service.IndexingListener.convertMapToDocumentIndex(IndexingListener.java:152) ~[classes/:na]
	at edu.neu.info5.DemoApplication.service.IndexingListener.postDocument(IndexingListener.java:73) ~[classes/:na]
	at edu.neu.info5.DemoApplication.service.IndexingListener.receiveMessage(IndexingListener.java:51) ~[classes/:na]
	at java.base/jdk.internal.reflect.DirectMethodHandleAccessor.invoke(DirectMethodHandleAccessor.java:104) ~[na:na]
	at java.base/java.lang.reflect.Method.invoke(Method.java:578) ~[na:na]
	at org.springframework.util.MethodInvoker.invoke(MethodInvoker.java:283) ~[spring-core-6.0.9.jar:6.0.9]
	at org.springframework.amqp.rabbit.listener.adapter.MessageListenerAdapter.invokeListenerMethod(MessageListenerAdapter.java:366) ~[spring-rabbit-3.0.4.jar:3.0.4]
	... 16 common frames omitted

Message received: {body={"mapType":"class java.util.HashMap","empty":false}, operation=SAVE}
2023-08-04T21:43:33.522-04:00  WARN 4865 --- [    container-1] org.elasticsearch.client.RestClient      : request [HEAD http://localhost:9200/plan-index?ignore_throttled=false&ignore_unavailable=false&expand_wildcards=open%2Cclosed&allow_no_indices=false] returned 2 warnings: [299 Elasticsearch-7.17.12-e3b0c3d3c5c130e1dc6d567d6baef1c73eeb2059 "Elasticsearch built-in security features are not enabled. Without authentication, your cluster could be accessible to anyone. See https://www.elastic.co/guide/en/elasticsearch/reference/7.17/security-minimal-setup.html to enable security."],[299 Elasticsearch-7.17.12-e3b0c3d3c5c130e1dc6d567d6baef1c73eeb2059 "[ignore_throttled] parameter is deprecated because frozen indices have been deprecated. Consider cold or frozen tiers in place of frozen indices."]
2023-08-04T21:43:33.522-04:00  WARN 4865 --- [    container-1] s.a.r.l.ConditionalRejectingErrorHandler : Execution of Rabbit message listener failed.

org.springframework.amqp.rabbit.support.ListenerExecutionFailedException: Listener method 'receiveMessage' threw exception
	at org.springframework.amqp.rabbit.listener.adapter.MessageListenerAdapter.invokeListenerMethod(MessageListenerAdapter.java:374) ~[spring-rabbit-3.0.4.jar:3.0.4]
	at org.springframework.amqp.rabbit.listener.adapter.MessageListenerAdapter.onMessage(MessageListenerAdapter.java:293) ~[spring-rabbit-3.0.4.jar:3.0.4]
	at org.springframework.amqp.rabbit.listener.AbstractMessageListenerContainer.doInvokeListener(AbstractMessageListenerContainer.java:1719) ~[spring-rabbit-3.0.4.jar:3.0.4]
	at org.springframework.amqp.rabbit.listener.AbstractMessageListenerContainer.actualInvokeListener(AbstractMessageListenerContainer.java:1638) ~[spring-rabbit-3.0.4.jar:3.0.4]
	at org.springframework.amqp.rabbit.listener.AbstractMessageListenerContainer.invokeListener(AbstractMessageListenerContainer.java:1626) ~[spring-rabbit-3.0.4.jar:3.0.4]
	at org.springframework.amqp.rabbit.listener.AbstractMessageListenerContainer.doExecuteListener(AbstractMessageListenerContainer.java:1617) ~[spring-rabbit-3.0.4.jar:3.0.4]
	at org.springframework.amqp.rabbit.listener.AbstractMessageListenerContainer.executeListenerAndHandleException(AbstractMessageListenerContainer.java:1562) ~[spring-rabbit-3.0.4.jar:3.0.4]
	at org.springframework.amqp.rabbit.listener.AbstractMessageListenerContainer.lambda$executeListener$8(AbstractMessageListenerContainer.java:1541) ~[spring-rabbit-3.0.4.jar:3.0.4]
	at io.micrometer.observation.Observation.lambda$observe$0(Observation.java:493) ~[micrometer-observation-1.11.0.jar:1.11.0]
	at io.micrometer.observation.Observation.observeWithContext(Observation.java:603) ~[micrometer-observation-1.11.0.jar:1.11.0]
	at io.micrometer.observation.Observation.observe(Observation.java:492) ~[micrometer-observation-1.11.0.jar:1.11.0]
	at org.springframework.amqp.rabbit.listener.AbstractMessageListenerContainer.executeListener(AbstractMessageListenerContainer.java:1541) ~[spring-rabbit-3.0.4.jar:3.0.4]
	at org.springframework.amqp.rabbit.listener.SimpleMessageListenerContainer.doReceiveAndExecute(SimpleMessageListenerContainer.java:1001) ~[spring-rabbit-3.0.4.jar:3.0.4]
	at org.springframework.amqp.rabbit.listener.SimpleMessageListenerContainer.receiveAndExecute(SimpleMessageListenerContainer.java:948) ~[spring-rabbit-3.0.4.jar:3.0.4]
	at org.springframework.amqp.rabbit.listener.SimpleMessageListenerContainer$AsyncMessageProcessingConsumer.mainLoop(SimpleMessageListenerContainer.java:1326) ~[spring-rabbit-3.0.4.jar:3.0.4]
	at org.springframework.amqp.rabbit.listener.SimpleMessageListenerContainer$AsyncMessageProcessingConsumer.run(SimpleMessageListenerContainer.java:1232) ~[spring-rabbit-3.0.4.jar:3.0.4]
	at java.base/java.lang.Thread.run(Thread.java:1589) ~[na:na]
Caused by: org.json.JSONException: No value for objectType
	at org.json.JSONObject.get(JSONObject.java:355) ~[android-json-0.0.20131108.vaadin1.jar:0.0.20131108.vaadin1]
	at edu.neu.info5.DemoApplication.service.IndexingListener.convertMapToDocumentIndex(IndexingListener.java:152) ~[classes/:na]
	at edu.neu.info5.DemoApplication.service.IndexingListener.postDocument(IndexingListener.java:73) ~[classes/:na]
	at edu.neu.info5.DemoApplication.service.IndexingListener.receiveMessage(IndexingListener.java:51) ~[classes/:na]
	at java.base/jdk.internal.reflect.DirectMethodHandleAccessor.invoke(DirectMethodHandleAccessor.java:104) ~[na:na]
	at java.base/java.lang.reflect.Method.invoke(Method.java:578) ~[na:na]
	at org.springframework.util.MethodInvoker.invoke(MethodInvoker.java:283) ~[spring-core-6.0.9.jar:6.0.9]
	at org.springframework.amqp.rabbit.listener.adapter.MessageListenerAdapter.invokeListenerMethod(MessageListenerAdapter.java:366) ~[spring-rabbit-3.0.4.jar:3.0.4]
	... 16 common frames omitted

Message received: {body={"mapType":"class java.util.HashMap","empty":false}, operation=SAVE}
2023-08-04T21:43:33.527-04:00  WARN 4865 --- [    container-1] org.elasticsearch.client.RestClient      : request [HEAD http://localhost:9200/plan-index?ignore_throttled=false&ignore_unavailable=false&expand_wildcards=open%2Cclosed&allow_no_indices=false] returned 2 warnings: [299 Elasticsearch-7.17.12-e3b0c3d3c5c130e1dc6d567d6baef1c73eeb2059 "Elasticsearch built-in security features are not enabled. Without authentication, your cluster could be accessible to anyone. See https://www.elastic.co/guide/en/elasticsearch/reference/7.17/security-minimal-setup.html to enable security."],[299 Elasticsearch-7.17.12-e3b0c3d3c5c130e1dc6d567d6baef1c73eeb2059 "[ignore_throttled] parameter is deprecated because frozen indices have been deprecated. Consider cold or frozen tiers in place of frozen indices."]
2023-08-04T21:43:33.528-04:00  WARN 4865 --- [    container-1] s.a.r.l.ConditionalRejectingErrorHandler : Execution of Rabbit message listener failed.

org.springframework.amqp.rabbit.support.ListenerExecutionFailedException: Listener method 'receiveMessage' threw exception
	at org.springframework.amqp.rabbit.listener.adapter.MessageListenerAdapter.invokeListenerMethod(MessageListenerAdapter.java:374) ~[spring-rabbit-3.0.4.jar:3.0.4]
	at org.springframework.amqp.rabbit.listener.adapter.MessageListenerAdapter.onMessage(MessageListenerAdapter.java:293) ~[spring-rabbit-3.0.4.jar:3.0.4]
	at org.springframework.amqp.rabbit.listener.AbstractMessageListenerContainer.doInvokeListener(AbstractMessageListenerContainer.java:1719) ~[spring-rabbit-3.0.4.jar:3.0.4]
	at org.springframework.amqp.rabbit.listener.AbstractMessageListenerContainer.actualInvokeListener(AbstractMessageListenerContainer.java:1638) ~[spring-rabbit-3.0.4.jar:3.0.4]
	at org.springframework.amqp.rabbit.listener.AbstractMessageListenerContainer.invokeListener(AbstractMessageListenerContainer.java:1626) ~[spring-rabbit-3.0.4.jar:3.0.4]
	at org.springframework.amqp.rabbit.listener.AbstractMessageListenerContainer.doExecuteListener(AbstractMessageListenerContainer.java:1617) ~[spring-rabbit-3.0.4.jar:3.0.4]
	at org.springframework.amqp.rabbit.listener.AbstractMessageListenerContainer.executeListenerAndHandleException(AbstractMessageListenerContainer.java:1562) ~[spring-rabbit-3.0.4.jar:3.0.4]
	at org.springframework.amqp.rabbit.listener.AbstractMessageListenerContainer.lambda$executeListener$8(AbstractMessageListenerContainer.java:1541) ~[spring-rabbit-3.0.4.jar:3.0.4]
	at io.micrometer.observation.Observation.lambda$observe$0(Observation.java:493) ~[micrometer-observation-1.11.0.jar:1.11.0]
	at io.micrometer.observation.Observation.observeWithContext(Observation.java:603) ~[micrometer-observation-1.11.0.jar:1.11.0]
	at io.micrometer.observation.Observation.observe(Observation.java:492) ~[micrometer-observation-1.11.0.jar:1.11.0]
	at org.springframework.amqp.rabbit.listener.AbstractMessageListenerContainer.executeListener(AbstractMessageListenerContainer.java:1541) ~[spring-rabbit-3.0.4.jar:3.0.4]
	at org.springframework.amqp.rabbit.listener.SimpleMessageListenerContainer.doReceiveAndExecute(SimpleMessageListenerContainer.java:1001) ~[spring-rabbit-3.0.4.jar:3.0.4]
	at org.springframework.amqp.rabbit.listener.SimpleMessageListenerContainer.receiveAndExecute(SimpleMessageListenerContainer.java:948) ~[spring-rabbit-3.0.4.jar:3.0.4]
	at org.springframework.amqp.rabbit.listener.SimpleMessageListenerContainer$AsyncMessageProcessingConsumer.mainLoop(SimpleMessageListenerContainer.java:1326) ~[spring-rabbit-3.0.4.jar:3.0.4]
	at org.springframework.amqp.rabbit.listener.SimpleMessageListenerContainer$AsyncMessageProcessingConsumer.run(SimpleMessageListenerContainer.java:1232) ~[spring-rabbit-3.0.4.jar:3.0.4]
	at java.base/java.lang.Thread.run(Thread.java:1589) ~[na:na]
Caused by: org.json.JSONException: No value for objectType
	at org.json.JSONObject.get(JSONObject.java:355) ~[android-json-0.0.20131108.vaadin1.jar:0.0.20131108.vaadin1]
	at edu.neu.info5.DemoApplication.service.IndexingListener.convertMapToDocumentIndex(IndexingListener.java:152) ~[classes/:na]
	at edu.neu.info5.DemoApplication.service.IndexingListener.postDocument(IndexingListener.java:73) ~[classes/:na]
	at edu.neu.info5.DemoApplication.service.IndexingListener.receiveMessage(IndexingListener.java:51) ~[classes/:na]
	at java.base/jdk.internal.reflect.DirectMethodHandleAccessor.invoke(DirectMethodHandleAccessor.java:104) ~[na:na]
	at java.base/java.lang.reflect.Method.invoke(Method.java:578) ~[na:na]
	at org.springframework.util.MethodInvoker.invoke(MethodInvoker.java:283) ~[spring-core-6.0.9.jar:6.0.9]
	at org.springframework.amqp.rabbit.listener.adapter.MessageListenerAdapter.invokeListenerMethod(MessageListenerAdapter.java:366) ~[spring-rabbit-3.0.4.jar:3.0.4]
	... 16 common frames omitted

Message received: {body={"mapType":"class java.util.HashMap","empty":false}, operation=SAVE}
2023-08-04T21:43:33.531-04:00  WARN 4865 --- [    container-1] org.elasticsearch.client.RestClient      : request [HEAD http://localhost:9200/plan-index?ignore_throttled=false&ignore_unavailable=false&expand_wildcards=open%2Cclosed&allow_no_indices=false] returned 2 warnings: [299 Elasticsearch-7.17.12-e3b0c3d3c5c130e1dc6d567d6baef1c73eeb2059 "Elasticsearch built-in security features are not enabled. Without authentication, your cluster could be accessible to anyone. See https://www.elastic.co/guide/en/elasticsearch/reference/7.17/security-minimal-setup.html to enable security."],[299 Elasticsearch-7.17.12-e3b0c3d3c5c130e1dc6d567d6baef1c73eeb2059 "[ignore_throttled] parameter is deprecated because frozen indices have been deprecated. Consider cold or frozen tiers in place of frozen indices."]
2023-08-04T21:43:33.531-04:00  WARN 4865 --- [    container-1] s.a.r.l.ConditionalRejectingErrorHandler : Execution of Rabbit message listener failed.

org.springframework.amqp.rabbit.support.ListenerExecutionFailedException: Listener method 'receiveMessage' threw exception
	at org.springframework.amqp.rabbit.listener.adapter.MessageListenerAdapter.invokeListenerMethod(MessageListenerAdapter.java:374) ~[spring-rabbit-3.0.4.jar:3.0.4]
	at org.springframework.amqp.rabbit.listener.adapter.MessageListenerAdapter.onMessage(MessageListenerAdapter.java:293) ~[spring-rabbit-3.0.4.jar:3.0.4]
	at org.springframework.amqp.rabbit.listener.AbstractMessageListenerContainer.doInvokeListener(AbstractMessageListenerContainer.java:1719) ~[spring-rabbit-3.0.4.jar:3.0.4]
	at org.springframework.amqp.rabbit.listener.AbstractMessageListenerContainer.actualInvokeListener(AbstractMessageListenerContainer.java:1638) ~[spring-rabbit-3.0.4.jar:3.0.4]
	at org.springframework.amqp.rabbit.listener.AbstractMessageListenerContainer.invokeListener(AbstractMessageListenerContainer.java:1626) ~[spring-rabbit-3.0.4.jar:3.0.4]
	at org.springframework.amqp.rabbit.listener.AbstractMessageListenerContainer.doExecuteListener(AbstractMessageListenerContainer.java:1617) ~[spring-rabbit-3.0.4.jar:3.0.4]
	at org.springframework.amqp.rabbit.listener.AbstractMessageListenerContainer.executeListenerAndHandleException(AbstractMessageListenerContainer.java:1562) ~[spring-rabbit-3.0.4.jar:3.0.4]
	at org.springframework.amqp.rabbit.listener.AbstractMessageListenerContainer.lambda$executeListener$8(AbstractMessageListenerContainer.java:1541) ~[spring-rabbit-3.0.4.jar:3.0.4]
	at io.micrometer.observation.Observation.lambda$observe$0(Observation.java:493) ~[micrometer-observation-1.11.0.jar:1.11.0]
	at io.micrometer.observation.Observation.observeWithContext(Observation.java:603) ~[micrometer-observation-1.11.0.jar:1.11.0]
	at io.micrometer.observation.Observation.observe(Observation.java:492) ~[micrometer-observation-1.11.0.jar:1.11.0]
	at org.springframework.amqp.rabbit.listener.AbstractMessageListenerContainer.executeListener(AbstractMessageListenerContainer.java:1541) ~[spring-rabbit-3.0.4.jar:3.0.4]
	at org.springframework.amqp.rabbit.listener.SimpleMessageListenerContainer.doReceiveAndExecute(SimpleMessageListenerContainer.java:1001) ~[spring-rabbit-3.0.4.jar:3.0.4]
	at org.springframework.amqp.rabbit.listener.SimpleMessageListenerContainer.receiveAndExecute(SimpleMessageListenerContainer.java:948) ~[spring-rabbit-3.0.4.jar:3.0.4]
	at org.springframework.amqp.rabbit.listener.SimpleMessageListenerContainer$AsyncMessageProcessingConsumer.mainLoop(SimpleMessageListenerContainer.java:1326) ~[spring-rabbit-3.0.4.jar:3.0.4]
	at org.springframework.amqp.rabbit.listener.SimpleMessageListenerContainer$AsyncMessageProcessingConsumer.run(SimpleMessageListenerContainer.java:1232) ~[spring-rabbit-3.0.4.jar:3.0.4]
	at java.base/java.lang.Thread.run(Thread.java:1589) ~[na:na]
Caused by: org.json.JSONException: No value for objectType
	at org.json.JSONObject.get(JSONObject.java:355) ~[android-json-0.0.20131108.vaadin1.jar:0.0.20131108.vaadin1]
	at edu.neu.info5.DemoApplication.service.IndexingListener.convertMapToDocumentIndex(IndexingListener.java:152) ~[classes/:na]
	at edu.neu.info5.DemoApplication.service.IndexingListener.postDocument(IndexingListener.java:73) ~[classes/:na]
	at edu.neu.info5.DemoApplication.service.IndexingListener.receiveMessage(IndexingListener.java:51) ~[classes/:na]
	at java.base/jdk.internal.reflect.DirectMethodHandleAccessor.invoke(DirectMethodHandleAccessor.java:104) ~[na:na]
	at java.base/java.lang.reflect.Method.invoke(Method.java:578) ~[na:na]
	at org.springframework.util.MethodInvoker.invoke(MethodInvoker.java:283) ~[spring-core-6.0.9.jar:6.0.9]
	at org.springframework.amqp.rabbit.listener.adapter.MessageListenerAdapter.invokeListenerMethod(MessageListenerAdapter.java:366) ~[spring-rabbit-3.0.4.jar:3.0.4]
	... 16 common frames omitted

Message received: {body={"mapType":"class java.util.HashMap","empty":false}, operation=SAVE}
]]></system-out>
  </testcase>
</testsuite>